2022-07-19 17:25:03,501 - INFO - Beginning execution of dms2_logoplot in directory /fh/fast/bloom_j/computational_notebooks/ckikawa/2022/ZIKV_DMS_NS5_EvansLab

2022-07-19 17:25:03,501 - INFO - Progress is being logged to results/tile_1/logoplots/Huh-7.5IFNPilot.log
2022-07-19 17:25:03,537 - INFO - Version information:
	Time and date: Tue Jul 19 17:25:03 2022
	Platform: Linux-4.15.0-118-generic-x86_64-with-glibc2.10
	Python version: 3.8.13 | packaged by conda-forge | (default, Mar 25 2022, 06:04:10)  [GCC 10.3.0]
	dms_tools2 version: 2.6.10
	Bio version: 1.79
	pandas version: 0.25.3
	numpy version: 1.19.5
	IPython version: 8.3.0
	jupyter version: 1.0.0
	matplotlib version: 3.2.2
	plotnine version: 0.6.0
	natsort version: 8.1.0
	pystan version: 2.19.1.1
	scipy version: 1.5.2
	seaborn version: 0.10.1
	phydmslib version: 2.4.1
	statsmodels version: 0.11.1
	rpy2 cannot be imported
	regex version: 2.5.114
	umi_tools version: 1.1.2

2022-07-19 17:25:03,537 - INFO - Parsed the following arguments:
	outdir = results/tile_1/logoplots
	ncpus = -1
	use_existing = yes
	prefs = None
	diffsel = None
	fracsurvive = None
	diffprefs = None
	muteffects = results/tile_1/muteffects/Huh-7.5IFNPilot_muteffects.csv
	name = Huh-7.5IFNPilot
	nperline = 56
	numberevery = 10
	excludestop = no
	stringency = 1
	restrictdiffsel = all
	diffselrange = None
	muteffectrange = None
	fracsurvivemax = None
	sortsites = yes
	mapmetric = functionalgroup
	colormap = jet
	overlay1 = ['results/tile_1/logoplots/wt_overlay.csv', 'wildtype', 'wildtype']
	overlay2 = None
	overlay3 = None
	underlay = no
	scalebar = ['6.64', '100-fold change (log scale)']
	overlaycolormap = jet
	letterheight = 1
	ignore_extracols = no
	sepline = yes

2022-07-19 17:25:03,539 - INFO - Reading muteffects from file results/tile_1/muteffects/Huh-7.5IFNPilot_muteffects.csv...
2022-07-19 17:25:03,546 - INFO - Read data for 111 sites.

2022-07-19 17:25:03,564 - INFO - Reading overlay for wildtype from results/tile_1/logoplots/wt_overlay.csv...
2022-07-19 17:25:03,568 - INFO - Read overlay for 111 sites.

2022-07-19 17:25:03,568 - INFO - Making logo plot results/tile_1/logoplots/Huh-7.5IFNPilot_muteffects.pdf...
2022-07-19 17:25:05,363 - INFO - Successfully created logo plot.

2022-07-19 17:25:05,363 - INFO - Successful completion of dms2_logoplot
