2024-11-14 13:58:49,472 - INFO - Beginning execution of dms2_bcsubamp in directory /fh/fast/bloom_j/computational_notebooks/ckikawa/2022/ZIKV_DMS_NS5_EvansLab

2024-11-14 13:58:49,473 - INFO - Progress is being logged to results/tile_2/codoncounts/lib1-Huh-7.5-210528.log
2024-11-14 13:58:49,509 - INFO - Version information:
	Time and date: Thu Nov 14 13:58:49 2024
	Platform: Linux-4.15.0-213-generic-x86_64-with-glibc2.10
	Python version: 3.8.18 | packaged by conda-forge | (default, Dec 23 2023, 17:21:28)  [GCC 12.3.0]
	dms_tools2 version: 2.6.10
	Bio version: 1.79
	pandas version: 0.25.3
	numpy version: 1.19.5
	IPython version: 8.3.0
	jupyter version unknown
	matplotlib version: 3.2.2
	plotnine version: 0.6.0
	natsort version: 8.2.0
	pystan version: 2.19.1.1
	scipy version: 1.10.1
	seaborn version: 0.12.2
	phydmslib version: 2.4.1
	statsmodels version: 0.13.2
	rpy2 cannot be imported
	regex version: 2.5.114
	umi_tools version: 1.1.2

2024-11-14 13:58:49,509 - INFO - Parsed the following arguments:
	outdir = results/tile_2/codoncounts
	ncpus = -1
	use_existing = no
	refseq = data/tile_2_amplicon.fasta
	alignspecs = ['1,342,30,30']
	bclen = 8
	fastqdir = None
	R2 = None
	R1trim = [210]
	R2trim = [210]
	bclen2 = None
	chartype = codon
	maxmuts = 4
	minq = 15
	minreads = 2
	minfraccall = 0.95
	minconcur = 0.75
	sitemask = None
	purgeread = 0.0
	purgebc = 0.0
	bcinfo = True
	bcinfo_csv = True
	name = lib1-Huh-7.5-210528
	R1 = ['/shared/ngs/illumina/bloom_lab/210528_M03100_0686_000000000-JNHMH/Data/Intensities/BaseCalls/tile-2-lib-1_S5_L001_R1_001.fastq.gz']

2024-11-14 13:58:49,520 - INFO - Read refseq of 342 codons from data/tile_2_amplicon.fasta
2024-11-14 13:58:49,526 - INFO - Reads are in these FASTQ pairs:
	/shared/ngs/illumina/bloom_lab/210528_M03100_0686_000000000-JNHMH/Data/Intensities/BaseCalls/tile-2-lib-1_S5_L001_R1_001.fastq.gz and /shared/ngs/illumina/bloom_lab/210528_M03100_0686_000000000-JNHMH/Data/Intensities/BaseCalls/tile-2-lib-1_S5_L001_R2_001.fastq.gz

2024-11-14 13:58:49,526 - INFO - Now parsing read pairs...
2024-11-14 13:58:55,995 - INFO - Reads parsed so far: 500000
2024-11-14 13:59:00,920 - INFO - Parsed 933458 reads, found 386666 unique barcodes.
2024-11-14 13:59:00,923 - INFO - Summary stats on reads:
  total  fail filter  low Q barcode
 933458            0            169
2024-11-14 13:59:00,923 - INFO - Writing these stats to results/tile_2/codoncounts/lib1-Huh-7.5-210528_readstats.csv

2024-11-14 13:59:01,049 - INFO - Number of reads per barcode:
                 number of barcodes
number of reads                    
1                            156863
2                             77897
3                             64647
4                             42817
5                             24242
6                             11948
7                              5208
8                              2000
9                               697
10                              223
11                               81
12                               23
13                               13
14                                4
26                                1
59                                1
89                                1
2024-11-14 13:59:01,049 - INFO - Writing these stats to results/tile_2/codoncounts/lib1-Huh-7.5-210528_readsperbc.csv

2024-11-14 13:59:01,053 - INFO - Examining the 386666 barcodes to build and align subamplicons...
2024-11-14 13:59:12,366 - INFO - Barcodes examined so far: 200000
2024-11-14 13:59:18,793 - INFO - Examined all barcodes. Summary stats:
  total  too few reads  not alignable  aligned
 386666         156863          15750   214053
2024-11-14 13:59:18,794 - INFO - Writing these stats to results/tile_2/codoncounts/lib1-Huh-7.5-210528_bcstats.csv

2024-11-14 13:59:18,804 - INFO - Writing the counts of each codon identity at each site to results/tile_2/codoncounts/lib1-Huh-7.5-210528_codoncounts.csv

2024-11-14 13:59:18,815 - INFO - Successful completion of dms2_bcsubamp
