2024-03-11 16:25:44,985 - INFO - Beginning execution of dms2_bcsubamp in directory /fh/fast/bloom_j/computational_notebooks/ckikawa/2022/ZIKV_DMS_NS5_EvansLab

2024-03-11 16:25:44,985 - INFO - Progress is being logged to results/tile_2/codoncounts/lib1-plasmid-210528.log
2024-03-11 16:25:45,026 - INFO - Version information:
	Time and date: Mon Mar 11 16:25:44 2024
	Platform: Linux-4.15.0-213-generic-x86_64-with-glibc2.10
	Python version: 3.8.18 | packaged by conda-forge | (default, Dec 23 2023, 17:21:28)  [GCC 12.3.0]
	dms_tools2 version: 2.6.10
	Bio version: 1.79
	pandas version: 0.25.3
	numpy version: 1.19.5
	IPython version: 8.3.0
	jupyter version unknown
	matplotlib version: 3.2.2
	plotnine version: 0.6.0
	natsort version: 8.2.0
	pystan version: 2.19.1.1
	scipy version: 1.10.1
	seaborn version: 0.12.2
	phydmslib version: 2.4.1
	statsmodels version: 0.13.2
	rpy2 cannot be imported
	regex version: 2.5.114
	umi_tools version: 1.1.2

2024-03-11 16:25:45,026 - INFO - Parsed the following arguments:
	outdir = results/tile_2/codoncounts
	ncpus = -1
	use_existing = no
	refseq = data/tile_2_amplicon.fasta
	alignspecs = ['1,342,30,30']
	bclen = 8
	fastqdir = None
	R2 = None
	R1trim = [210]
	R2trim = [210]
	bclen2 = None
	chartype = codon
	maxmuts = 4
	minq = 15
	minreads = 2
	minfraccall = 0.95
	minconcur = 0.75
	sitemask = None
	purgeread = 0.0
	purgebc = 0.0
	bcinfo = True
	bcinfo_csv = True
	name = lib1-plasmid-210528
	R1 = ['/shared/ngs/illumina/bloom_lab/210528_M03100_0686_000000000-JNHMH/Data/Intensities/BaseCalls/lib-1-plasmid_S1_L001_R1_001.fastq.gz']

2024-03-11 16:25:45,047 - INFO - Read refseq of 342 codons from data/tile_2_amplicon.fasta
2024-03-11 16:25:45,087 - INFO - Reads are in these FASTQ pairs:
	/shared/ngs/illumina/bloom_lab/210528_M03100_0686_000000000-JNHMH/Data/Intensities/BaseCalls/lib-1-plasmid_S1_L001_R1_001.fastq.gz and /shared/ngs/illumina/bloom_lab/210528_M03100_0686_000000000-JNHMH/Data/Intensities/BaseCalls/lib-1-plasmid_S1_L001_R2_001.fastq.gz

2024-03-11 16:25:45,088 - INFO - Now parsing read pairs...
2024-03-11 16:25:51,825 - INFO - Reads parsed so far: 500000
2024-03-11 16:25:57,430 - INFO - Reads parsed so far: 1000000
2024-03-11 16:25:57,781 - INFO - Parsed 1034103 reads, found 462867 unique barcodes.
2024-03-11 16:25:57,783 - INFO - Summary stats on reads:
   total  fail filter  low Q barcode
 1034103            0            149
2024-03-11 16:25:57,784 - INFO - Writing these stats to results/tile_2/codoncounts/lib1-plasmid-210528_readstats.csv

2024-03-11 16:25:57,901 - INFO - Number of reads per barcode:
                 number of barcodes
number of reads                    
1                            199791
2                            103042
3                             76126
4                             45248
5                             22586
6                             10037
7                              3862
8                              1435
9                               485
10                              177
11                               49
12                               17
13                                6
14                                4
15                                1
16                                1
2024-03-11 16:25:57,901 - INFO - Writing these stats to results/tile_2/codoncounts/lib1-plasmid-210528_readsperbc.csv

2024-03-11 16:25:57,904 - INFO - Examining the 462867 barcodes to build and align subamplicons...
2024-03-11 16:26:09,296 - INFO - Barcodes examined so far: 200000
2024-03-11 16:26:17,730 - INFO - Barcodes examined so far: 400000
2024-03-11 16:26:18,875 - INFO - Examined all barcodes. Summary stats:
  total  too few reads  not alignable  aligned
 462867         199791          20194   242882
2024-03-11 16:26:18,876 - INFO - Writing these stats to results/tile_2/codoncounts/lib1-plasmid-210528_bcstats.csv

2024-03-11 16:26:18,889 - INFO - Writing the counts of each codon identity at each site to results/tile_2/codoncounts/lib1-plasmid-210528_codoncounts.csv

2024-03-11 16:26:18,900 - INFO - Successful completion of dms2_bcsubamp
