2024-03-11 16:25:45,007 - INFO - Beginning execution of dms2_bcsubamp in directory /fh/fast/bloom_j/computational_notebooks/ckikawa/2022/ZIKV_DMS_NS5_EvansLab

2024-03-11 16:25:45,007 - INFO - Progress is being logged to results/tile_2/codoncounts/lib2-plasmid-210528.log
2024-03-11 16:25:45,044 - INFO - Version information:
	Time and date: Mon Mar 11 16:25:45 2024
	Platform: Linux-4.15.0-213-generic-x86_64-with-glibc2.10
	Python version: 3.8.18 | packaged by conda-forge | (default, Dec 23 2023, 17:21:28)  [GCC 12.3.0]
	dms_tools2 version: 2.6.10
	Bio version: 1.79
	pandas version: 0.25.3
	numpy version: 1.19.5
	IPython version: 8.3.0
	jupyter version unknown
	matplotlib version: 3.2.2
	plotnine version: 0.6.0
	natsort version: 8.2.0
	pystan version: 2.19.1.1
	scipy version: 1.10.1
	seaborn version: 0.12.2
	phydmslib version: 2.4.1
	statsmodels version: 0.13.2
	rpy2 cannot be imported
	regex version: 2.5.114
	umi_tools version: 1.1.2

2024-03-11 16:25:45,044 - INFO - Parsed the following arguments:
	outdir = results/tile_2/codoncounts
	ncpus = -1
	use_existing = no
	refseq = data/tile_2_amplicon.fasta
	alignspecs = ['1,342,30,30']
	bclen = 8
	fastqdir = None
	R2 = None
	R1trim = [210]
	R2trim = [210]
	bclen2 = None
	chartype = codon
	maxmuts = 4
	minq = 15
	minreads = 2
	minfraccall = 0.95
	minconcur = 0.75
	sitemask = None
	purgeread = 0.0
	purgebc = 0.0
	bcinfo = True
	bcinfo_csv = True
	name = lib2-plasmid-210528
	R1 = ['/shared/ngs/illumina/bloom_lab/210528_M03100_0686_000000000-JNHMH/Data/Intensities/BaseCalls/lib-2-plasmid_S2_L001_R1_001.fastq.gz']

2024-03-11 16:25:45,056 - INFO - Read refseq of 342 codons from data/tile_2_amplicon.fasta
2024-03-11 16:25:45,288 - INFO - Reads are in these FASTQ pairs:
	/shared/ngs/illumina/bloom_lab/210528_M03100_0686_000000000-JNHMH/Data/Intensities/BaseCalls/lib-2-plasmid_S2_L001_R1_001.fastq.gz and /shared/ngs/illumina/bloom_lab/210528_M03100_0686_000000000-JNHMH/Data/Intensities/BaseCalls/lib-2-plasmid_S2_L001_R2_001.fastq.gz

2024-03-11 16:25:45,288 - INFO - Now parsing read pairs...
2024-03-11 16:25:52,073 - INFO - Reads parsed so far: 500000
2024-03-11 16:25:57,185 - INFO - Parsed 949810 reads, found 424705 unique barcodes.
2024-03-11 16:25:57,188 - INFO - Summary stats on reads:
  total  fail filter  low Q barcode
 949810            0            163
2024-03-11 16:25:57,188 - INFO - Writing these stats to results/tile_2/codoncounts/lib2-plasmid-210528_readstats.csv

2024-03-11 16:25:57,291 - INFO - Number of reads per barcode:
                 number of barcodes
number of reads                    
1                            183846
2                             93538
3                             69510
4                             42110
5                             21017
6                              9133
7                              3673
8                              1254
9                               429
10                              130
11                               34
12                               17
13                                6
14                                2
15                                1
17                                1
20                                1
42                                1
65                                1
125                               1
2024-03-11 16:25:57,292 - INFO - Writing these stats to results/tile_2/codoncounts/lib2-plasmid-210528_readsperbc.csv

2024-03-11 16:25:57,295 - INFO - Examining the 424705 barcodes to build and align subamplicons...
2024-03-11 16:26:08,449 - INFO - Barcodes examined so far: 200000
2024-03-11 16:26:15,937 - INFO - Barcodes examined so far: 400000
2024-03-11 16:26:16,296 - INFO - Examined all barcodes. Summary stats:
  total  too few reads  not alignable  aligned
 424705         183846          20714   220145
2024-03-11 16:26:16,296 - INFO - Writing these stats to results/tile_2/codoncounts/lib2-plasmid-210528_bcstats.csv

2024-03-11 16:26:16,308 - INFO - Writing the counts of each codon identity at each site to results/tile_2/codoncounts/lib2-plasmid-210528_codoncounts.csv

2024-03-11 16:26:16,318 - INFO - Successful completion of dms2_bcsubamp
