2022-05-06 09:42:14,031 - INFO - Beginning execution of dms2_bcsubamp in directory /fh/fast/bloom_j/computational_notebooks/ckikawa/2022/ZIKV_DMS_NS5_EvansLab

2022-05-06 09:42:14,031 - INFO - Progress is being logged to results/tile_2/codoncounts/lib3-C6-36-220225.log
2022-05-06 09:42:14,066 - INFO - Version information:
	Time and date: Fri May  6 09:42:14 2022
	Platform: Linux-4.15.0-118-generic-x86_64-with-glibc2.10
	Python version: 3.8.13 | packaged by conda-forge | (default, Mar 25 2022, 06:04:10)  [GCC 10.3.0]
	dms_tools2 version: 2.6.10
	Bio version: 1.79
	pandas version: 0.25.3
	numpy version: 1.19.5
	IPython version: 8.3.0
	jupyter version: 1.0.0
	matplotlib version: 3.2.2
	plotnine version: 0.6.0
	natsort version: 8.1.0
	pystan version: 2.19.1.1
	scipy version: 1.5.2
	seaborn version: 0.10.1
	phydmslib version: 2.4.1
	statsmodels version: 0.11.1
	rpy2 cannot be imported
	regex version: 2.5.114
	umi_tools version: 1.1.2

2022-05-06 09:42:14,066 - INFO - Parsed the following arguments:
	outdir = results/tile_2/codoncounts
	ncpus = -1
	use_existing = yes
	refseq = data/tile_2_amplicon.fasta
	alignspecs = ['1,342,30,30']
	bclen = 8
	fastqdir = None
	R2 = None
	R1trim = [210]
	R2trim = [210]
	bclen2 = None
	chartype = codon
	maxmuts = 4
	minq = 15
	minreads = 2
	minfraccall = 0.95
	minconcur = 0.75
	sitemask = None
	purgeread = 0.0
	purgebc = 0.0
	bcinfo = True
	bcinfo_csv = True
	name = lib3-C6-36-220225
	R1 = ['/shared/ngs/illumina/bloom_lab/220225_M04866_0515_000000000-K5JDB/Unaligned/Project_bloom_lab/Lib3_S3_R1_001.fastq.gz']

2022-05-06 09:42:14,078 - INFO - Read refseq of 342 codons from data/tile_2_amplicon.fasta
2022-05-06 09:42:14,079 - INFO - Reads are in these FASTQ pairs:
	/shared/ngs/illumina/bloom_lab/220225_M04866_0515_000000000-K5JDB/Unaligned/Project_bloom_lab/Lib3_S3_R1_001.fastq.gz and /shared/ngs/illumina/bloom_lab/220225_M04866_0515_000000000-K5JDB/Unaligned/Project_bloom_lab/Lib3_S3_R2_001.fastq.gz

2022-05-06 09:42:14,079 - INFO - Now parsing read pairs...
2022-05-06 09:42:20,304 - INFO - Reads parsed so far: 500000
2022-05-06 09:42:26,485 - INFO - Reads parsed so far: 1000000
2022-05-06 09:42:32,128 - INFO - Reads parsed so far: 1500000
2022-05-06 09:42:37,932 - INFO - Reads parsed so far: 2000000
2022-05-06 09:42:44,056 - INFO - Reads parsed so far: 2500000
2022-05-06 09:42:50,372 - INFO - Reads parsed so far: 3000000
2022-05-06 09:42:55,574 - INFO - Reads parsed so far: 3500000
2022-05-06 09:43:00,784 - INFO - Reads parsed so far: 4000000
2022-05-06 09:43:07,443 - INFO - Reads parsed so far: 4500000
2022-05-06 09:43:12,665 - INFO - Reads parsed so far: 5000000
2022-05-06 09:43:17,869 - INFO - Reads parsed so far: 5500000
2022-05-06 09:43:19,837 - INFO - Parsed 5686079 reads, found 2564682 unique barcodes.
2022-05-06 09:43:19,840 - INFO - Summary stats on reads:
   total  fail filter  low Q barcode
 5686079       622137         567708
2022-05-06 09:43:19,840 - INFO - Writing these stats to results/tile_2/codoncounts/lib3-C6-36-220225_readstats.csv

2022-05-06 09:43:20,395 - INFO - Number of reads per barcode:
                 number of barcodes
number of reads                    
1                           1390064
2                            682109
3                            313082
4                            120592
5                             40869
6                             12618
7                              3719
8                              1077
9                               334
10                              113
11                               40
12                               18
13                               14
14                                5
15                                7
16                                7
17                                1
18                                1
19                                4
20                                1
21                                2
22                                1
27                                1
35                                1
39                                1
79                                1
2022-05-06 09:43:20,395 - INFO - Writing these stats to results/tile_2/codoncounts/lib3-C6-36-220225_readsperbc.csv

2022-05-06 09:43:20,398 - INFO - Examining the 2564682 barcodes to build and align subamplicons...
2022-05-06 09:43:25,053 - INFO - Barcodes examined so far: 200000
2022-05-06 09:43:29,593 - INFO - Barcodes examined so far: 400000
2022-05-06 09:43:34,025 - INFO - Barcodes examined so far: 600000
2022-05-06 09:43:38,367 - INFO - Barcodes examined so far: 800000
2022-05-06 09:43:42,581 - INFO - Barcodes examined so far: 1000000
2022-05-06 09:43:46,648 - INFO - Barcodes examined so far: 1200000
2022-05-06 09:43:50,555 - INFO - Barcodes examined so far: 1400000
2022-05-06 09:43:54,271 - INFO - Barcodes examined so far: 1600000
2022-05-06 09:43:57,741 - INFO - Barcodes examined so far: 1800000
2022-05-06 09:44:00,902 - INFO - Barcodes examined so far: 2000000
2022-05-06 09:44:03,743 - INFO - Barcodes examined so far: 2200000
2022-05-06 09:44:06,160 - INFO - Barcodes examined so far: 2400000
2022-05-06 09:44:07,779 - INFO - Examined all barcodes. Summary stats:
   total  too few reads  not alignable  aligned
 2564682        1390064        1069933   104685
2022-05-06 09:44:07,779 - INFO - Writing these stats to results/tile_2/codoncounts/lib3-C6-36-220225_bcstats.csv

2022-05-06 09:44:07,793 - INFO - Writing the counts of each codon identity at each site to results/tile_2/codoncounts/lib3-C6-36-220225_codoncounts.csv

2022-05-06 09:44:07,803 - INFO - Successful completion of dms2_bcsubamp
