2022-06-29 12:07:46,376 - INFO - Beginning execution of dms2_batch_bcsubamp in directory /fh/fast/bloom_j/computational_notebooks/ckikawa/2022/ZIKV_DMS_NS5_EvansLab

2022-06-29 12:07:46,376 - INFO - Progress is being logged to results/tile_2/codoncounts/summary.log
2022-06-29 12:07:46,409 - INFO - Version information:
	Time and date: Wed Jun 29 12:07:46 2022
	Platform: Linux-4.15.0-118-generic-x86_64-with-glibc2.10
	Python version: 3.8.13 | packaged by conda-forge | (default, Mar 25 2022, 06:04:10)  [GCC 10.3.0]
	dms_tools2 version: 2.6.10
	Bio version: 1.79
	pandas version: 0.25.3
	numpy version: 1.19.5
	IPython version: 8.3.0
	jupyter version: 1.0.0
	matplotlib version: 3.2.2
	plotnine version: 0.6.0
	natsort version: 8.1.0
	pystan version: 2.19.1.1
	scipy version: 1.5.2
	seaborn version: 0.10.1
	phydmslib version: 2.4.1
	statsmodels version: 0.11.1
	rpy2 cannot be imported
	regex version: 2.5.114
	umi_tools version: 1.1.2

2022-06-29 12:07:46,409 - INFO - Parsed the following arguments:
	outdir = results/tile_2/codoncounts
	ncpus = 72
	use_existing = yes
	refseq = data/tile_2_amplicon.fasta
	alignspecs = ['1,342,30,30']
	bclen = 8
	fastqdir = None
	R2 = None
	R1trim = [210]
	R2trim = [210]
	bclen2 = None
	chartype = codon
	maxmuts = 4
	minq = 15
	minreads = 2
	minfraccall = 0.95
	minconcur = 0.75
	sitemask = None
	purgeread = 0
	purgebc = 0
	bcinfo = False
	bcinfo_csv = False
	batchfile = results/tile_2/codoncounts/batch.csv
	summaryprefix = summary

2022-06-29 12:07:46,409 - INFO - Parsing sample info from results/tile_2/codoncounts/batch.csv
2022-06-29 12:07:46,420 - INFO - Read the following sample information:
name,R1
lib3-plasmid-210528,/shared/ngs/illumina/bloom_lab/210528_M03100_0686_000000000-JNHMH/Data/Intensities/BaseCalls/lib-3-plasmid_S3_L001_R1_001.fastq.gz
lib1-Huh-7.5-210528,/shared/ngs/illumina/bloom_lab/210528_M03100_0686_000000000-JNHMH/Data/Intensities/BaseCalls/tile-2-lib-1_S5_L001_R1_001.fastq.gz
lib3-Huh-7.5-210528,/shared/ngs/illumina/bloom_lab/210528_M03100_0686_000000000-JNHMH/Data/Intensities/BaseCalls/tile-2-lib-3_S7_L001_R1_001.fastq.gz
wt-Huh-7.5-210528,/shared/ngs/illumina/bloom_lab/210528_M03100_0686_000000000-JNHMH/Data/Intensities/BaseCalls/tile-2-wt_S8_L001_R1_001.fastq.gz
wt-plasmid-210528,/shared/ngs/illumina/bloom_lab/210528_M03100_0686_000000000-JNHMH/Data/Intensities/BaseCalls/WT-plasmid_S4_L001_R1_001.fastq.gz
lib2-plasmid-210528,/shared/ngs/illumina/bloom_lab/210528_M03100_0686_000000000-JNHMH/Data/Intensities/BaseCalls/lib-2-plasmid_S2_L001_R1_001.fastq.gz
lib1-plasmid-210528,/shared/ngs/illumina/bloom_lab/210528_M03100_0686_000000000-JNHMH/Data/Intensities/BaseCalls/lib-1-plasmid_S1_L001_R1_001.fastq.gz
lib2-Huh-7.5-210528,/shared/ngs/illumina/bloom_lab/210528_M03100_0686_000000000-JNHMH/Data/Intensities/BaseCalls/tile-2-lib-2_S6_L001_R1_001.fastq.gz
lib1-C6-36-multi,/fh/fast/bloom_j/computational_notebooks/dbacsik/2022/ZIKV_DMS_NS5_EvansLab/data/concat_fastqs/concat_fastq_out/lib1_C636_R1.fastq.gz
lib2-C6-36-multi,/fh/fast/bloom_j/computational_notebooks/dbacsik/2022/ZIKV_DMS_NS5_EvansLab/data/concat_fastqs/concat_fastq_out/lib2_C636_R1.fastq.gz
lib3-C6-36-multi,/fh/fast/bloom_j/computational_notebooks/dbacsik/2022/ZIKV_DMS_NS5_EvansLab/data/concat_fastqs/concat_fastq_out/lib3_C636_R1.fastq.gz
wt-C6-36-multi,/fh/fast/bloom_j/computational_notebooks/dbacsik/2022/ZIKV_DMS_NS5_EvansLab/data/concat_fastqs/concat_fastq_out/wt_C636_R1.fastq.gz


2022-06-29 12:07:46,431 - INFO - Running dms2_bcsubamp on all samples using 36 CPUs...
2022-06-29 12:11:53,916 - INFO - Completed runs of dms2_bcsubamp.

2022-06-29 12:11:53,932 - INFO - Plotting read stats to results/tile_2/codoncounts/summary_readstats.pdf
2022-06-29 12:11:54,351 - INFO - Plotting barcode stats to results/tile_2/codoncounts/summary_bcstats.pdf
2022-06-29 12:11:54,800 - INFO - Plotting reads per barcode to results/tile_2/codoncounts/summary_readsperbc.pdf
2022-06-29 12:11:56,035 - INFO - Plotting count depth to results/tile_2/codoncounts/summary_depth.pdf
2022-06-29 12:11:57,081 - INFO - Plotting mutation frequencies to results/tile_2/codoncounts/summary_mutfreq.pdf
2022-06-29 12:11:59,008 - INFO - Plotting average frequencies of codon mutation types to results/tile_2/codoncounts/summary_codonmuttypes.pdf, writing the data to results/tile_2/codoncounts/summary_codonmuttypes.csv
2022-06-29 12:12:00,295 - INFO - Plotting average frequencies of nucleotide changes per codon mutation to results/tile_2/codoncounts/summary_codonntchanges.pdf
2022-06-29 12:12:01,698 - INFO - Plotting frequencies of nucleotide changes in 1-nucleotide mutations to results/tile_2/codoncounts/summary_singlentchanges.pdf
2022-06-29 12:12:03,045 - INFO - Plotting fraction of mutations seen less than some number of times to results/tile_2/codoncounts/summary_cumulmutcounts.pdf
2022-06-29 12:12:05,288 - INFO - Successful completion of dms2_batch_bcsubamp
