2022-05-06 09:42:14,043 - INFO - Beginning execution of dms2_bcsubamp in directory /fh/fast/bloom_j/computational_notebooks/ckikawa/2022/ZIKV_DMS_NS5_EvansLab

2022-05-06 09:42:14,043 - INFO - Progress is being logged to results/tile_2/codoncounts/wt-C6-36-220415.log
2022-05-06 09:42:14,076 - INFO - Version information:
	Time and date: Fri May  6 09:42:14 2022
	Platform: Linux-4.15.0-118-generic-x86_64-with-glibc2.10
	Python version: 3.8.13 | packaged by conda-forge | (default, Mar 25 2022, 06:04:10)  [GCC 10.3.0]
	dms_tools2 version: 2.6.10
	Bio version: 1.79
	pandas version: 0.25.3
	numpy version: 1.19.5
	IPython version: 8.3.0
	jupyter version: 1.0.0
	matplotlib version: 3.2.2
	plotnine version: 0.6.0
	natsort version: 8.1.0
	pystan version: 2.19.1.1
	scipy version: 1.5.2
	seaborn version: 0.10.1
	phydmslib version: 2.4.1
	statsmodels version: 0.11.1
	rpy2 cannot be imported
	regex version: 2.5.114
	umi_tools version: 1.1.2

2022-05-06 09:42:14,076 - INFO - Parsed the following arguments:
	outdir = results/tile_2/codoncounts
	ncpus = -1
	use_existing = yes
	refseq = data/tile_2_amplicon.fasta
	alignspecs = ['1,342,30,30']
	bclen = 8
	fastqdir = None
	R2 = None
	R1trim = [210]
	R2trim = [210]
	bclen2 = None
	chartype = codon
	maxmuts = 4
	minq = 15
	minreads = 2
	minfraccall = 0.95
	minconcur = 0.75
	sitemask = None
	purgeread = 0.0
	purgebc = 0.0
	bcinfo = True
	bcinfo_csv = True
	name = wt-C6-36-220415
	R1 = ['/shared/ngs/illumina/bloom_lab/220415_M00492_0013_000000000-KC5RK/Unaligned/Project_bloom_lab/WT_S4_R1_001.fastq.gz']

2022-05-06 09:42:14,088 - INFO - Read refseq of 342 codons from data/tile_2_amplicon.fasta
2022-05-06 09:42:14,179 - INFO - Reads are in these FASTQ pairs:
	/shared/ngs/illumina/bloom_lab/220415_M00492_0013_000000000-KC5RK/Unaligned/Project_bloom_lab/WT_S4_R1_001.fastq.gz and /shared/ngs/illumina/bloom_lab/220415_M00492_0013_000000000-KC5RK/Unaligned/Project_bloom_lab/WT_S4_R2_001.fastq.gz

2022-05-06 09:42:14,179 - INFO - Now parsing read pairs...
2022-05-06 09:42:20,522 - INFO - Reads parsed so far: 500000
2022-05-06 09:42:26,735 - INFO - Reads parsed so far: 1000000
2022-05-06 09:42:32,366 - INFO - Reads parsed so far: 1500000
2022-05-06 09:42:38,156 - INFO - Reads parsed so far: 2000000
2022-05-06 09:42:44,248 - INFO - Reads parsed so far: 2500000
2022-05-06 09:42:50,516 - INFO - Reads parsed so far: 3000000
2022-05-06 09:42:55,690 - INFO - Reads parsed so far: 3500000
2022-05-06 09:43:00,911 - INFO - Reads parsed so far: 4000000
2022-05-06 09:43:07,477 - INFO - Reads parsed so far: 4500000
2022-05-06 09:43:12,716 - INFO - Reads parsed so far: 5000000
2022-05-06 09:43:17,959 - INFO - Reads parsed so far: 5500000
2022-05-06 09:43:23,230 - INFO - Reads parsed so far: 6000000
2022-05-06 09:43:30,192 - INFO - Parsed 6485047 reads, found 2697206 unique barcodes.
2022-05-06 09:43:30,195 - INFO - Summary stats on reads:
   total  fail filter  low Q barcode
 6485047       766920         837141
2022-05-06 09:43:30,195 - INFO - Writing these stats to results/tile_2/codoncounts/wt-C6-36-220415_readstats.csv

2022-05-06 09:43:30,823 - INFO - Number of reads per barcode:
                 number of barcodes
number of reads                    
1                           1412060
2                            711252
3                            354659
4                            145410
5                             51399
6                             16019
7                              4609
8                              1227
9                               379
10                              112
11                               38
12                               13
13                                9
14                                2
15                                3
16                                6
18                                1
19                                1
22                                1
23                                2
25                                1
27                                1
34                                1
35                                1
2022-05-06 09:43:30,823 - INFO - Writing these stats to results/tile_2/codoncounts/wt-C6-36-220415_readsperbc.csv

2022-05-06 09:43:30,827 - INFO - Examining the 2697206 barcodes to build and align subamplicons...
2022-05-06 09:43:35,731 - INFO - Barcodes examined so far: 200000
2022-05-06 09:43:40,563 - INFO - Barcodes examined so far: 400000
2022-05-06 09:43:45,301 - INFO - Barcodes examined so far: 600000
2022-05-06 09:43:49,922 - INFO - Barcodes examined so far: 800000
2022-05-06 09:43:54,413 - INFO - Barcodes examined so far: 1000000
2022-05-06 09:43:58,748 - INFO - Barcodes examined so far: 1200000
2022-05-06 09:44:02,918 - INFO - Barcodes examined so far: 1400000
2022-05-06 09:44:06,911 - INFO - Barcodes examined so far: 1600000
2022-05-06 09:44:10,673 - INFO - Barcodes examined so far: 1800000
2022-05-06 09:44:14,103 - INFO - Barcodes examined so far: 2000000
2022-05-06 09:44:17,168 - INFO - Barcodes examined so far: 2200000
2022-05-06 09:44:19,897 - INFO - Barcodes examined so far: 2400000
2022-05-06 09:44:22,155 - INFO - Barcodes examined so far: 2600000
2022-05-06 09:44:23,071 - INFO - Examined all barcodes. Summary stats:
   total  too few reads  not alignable  aligned
 2697206        1412060        1145552   139594
2022-05-06 09:44:23,072 - INFO - Writing these stats to results/tile_2/codoncounts/wt-C6-36-220415_bcstats.csv

2022-05-06 09:44:23,084 - INFO - Writing the counts of each codon identity at each site to results/tile_2/codoncounts/wt-C6-36-220415_codoncounts.csv

2022-05-06 09:44:23,095 - INFO - Successful completion of dms2_bcsubamp
