2022-07-19 17:39:31,017 - INFO - Beginning execution of dms2_bcsubamp in directory /fh/fast/bloom_j/computational_notebooks/ckikawa/2022/ZIKV_DMS_NS5_EvansLab

2022-07-19 17:39:31,017 - INFO - Progress is being logged to results/tile_2/codoncounts/wt-C6-36-multi.log
2022-07-19 17:39:31,051 - INFO - Version information:
	Time and date: Tue Jul 19 17:39:31 2022
	Platform: Linux-4.15.0-118-generic-x86_64-with-glibc2.10
	Python version: 3.8.13 | packaged by conda-forge | (default, Mar 25 2022, 06:04:10)  [GCC 10.3.0]
	dms_tools2 version: 2.6.10
	Bio version: 1.79
	pandas version: 0.25.3
	numpy version: 1.19.5
	IPython version: 8.3.0
	jupyter version: 1.0.0
	matplotlib version: 3.2.2
	plotnine version: 0.6.0
	natsort version: 8.1.0
	pystan version: 2.19.1.1
	scipy version: 1.5.2
	seaborn version: 0.10.1
	phydmslib version: 2.4.1
	statsmodels version: 0.11.1
	rpy2 cannot be imported
	regex version: 2.5.114
	umi_tools version: 1.1.2

2022-07-19 17:39:31,051 - INFO - Parsed the following arguments:
	outdir = results/tile_2/codoncounts
	ncpus = -1
	use_existing = yes
	refseq = data/tile_2_amplicon.fasta
	alignspecs = ['1,342,30,30']
	bclen = 8
	fastqdir = None
	R2 = None
	R1trim = [210]
	R2trim = [210]
	bclen2 = None
	chartype = codon
	maxmuts = 4
	minq = 15
	minreads = 2
	minfraccall = 0.95
	minconcur = 0.75
	sitemask = None
	purgeread = 0.0
	purgebc = 0.0
	bcinfo = True
	bcinfo_csv = True
	name = wt-C6-36-multi
	R1 = ['/fh/fast/bloom_j/computational_notebooks/dbacsik/2022/ZIKV_DMS_NS5_EvansLab/data/concat_fastqs/concat_fastq_out/wt_C636_R1.fastq.gz']

2022-07-19 17:39:31,067 - INFO - Read refseq of 342 codons from data/tile_2_amplicon.fasta
2022-07-19 17:39:31,067 - INFO - Reads are in these FASTQ pairs:
	/fh/fast/bloom_j/computational_notebooks/dbacsik/2022/ZIKV_DMS_NS5_EvansLab/data/concat_fastqs/concat_fastq_out/wt_C636_R1.fastq.gz and /fh/fast/bloom_j/computational_notebooks/dbacsik/2022/ZIKV_DMS_NS5_EvansLab/data/concat_fastqs/concat_fastq_out/wt_C636_R2.fastq.gz

2022-07-19 17:39:31,067 - INFO - Now parsing read pairs...
2022-07-19 17:39:37,272 - INFO - Reads parsed so far: 500000
2022-07-19 17:39:43,441 - INFO - Reads parsed so far: 1000000
2022-07-19 17:39:49,016 - INFO - Reads parsed so far: 1500000
2022-07-19 17:39:54,783 - INFO - Reads parsed so far: 2000000
2022-07-19 17:40:00,873 - INFO - Reads parsed so far: 2500000
2022-07-19 17:40:07,232 - INFO - Reads parsed so far: 3000000
2022-07-19 17:40:12,237 - INFO - Reads parsed so far: 3500000
2022-07-19 17:40:17,149 - INFO - Reads parsed so far: 4000000
2022-07-19 17:40:23,740 - INFO - Reads parsed so far: 4500000
2022-07-19 17:40:28,599 - INFO - Reads parsed so far: 5000000
2022-07-19 17:40:33,493 - INFO - Reads parsed so far: 5500000
2022-07-19 17:40:38,385 - INFO - Reads parsed so far: 6000000
2022-07-19 17:40:45,557 - INFO - Reads parsed so far: 6500000
2022-07-19 17:40:50,627 - INFO - Reads parsed so far: 7000000
2022-07-19 17:40:55,485 - INFO - Reads parsed so far: 7500000
2022-07-19 17:41:00,332 - INFO - Reads parsed so far: 8000000
2022-07-19 17:41:05,204 - INFO - Reads parsed so far: 8500000
2022-07-19 17:41:10,127 - INFO - Reads parsed so far: 9000000
2022-07-19 17:41:14,985 - INFO - Reads parsed so far: 9500000
2022-07-19 17:41:19,911 - INFO - Reads parsed so far: 10000000
2022-07-19 17:41:28,022 - INFO - Reads parsed so far: 10500000
2022-07-19 17:41:32,949 - INFO - Reads parsed so far: 11000000
2022-07-19 17:41:37,882 - INFO - Reads parsed so far: 11500000
2022-07-19 17:41:39,724 - INFO - Parsed 11687181 reads, found 3489168 unique barcodes.
2022-07-19 17:41:39,727 - INFO - Summary stats on reads:
    total  fail filter  low Q barcode
 11687181      1353614        1405875
2022-07-19 17:41:39,727 - INFO - Writing these stats to results/tile_2/codoncounts/wt-C6-36-multi_readstats.csv

2022-07-19 17:41:40,504 - INFO - Number of reads per barcode:
                 number of barcodes
number of reads                    
1                           1276180
2                            743156
3                            594312
4                            405570
5                            239574
6                            126116
7                             59984
8                             26193
9                             10841
10                             4257
11                             1733
12                              662
13                              289
14                              124
15                               65
16                               36
17                               20
18                                8
19                                7
20                                6
21                                5
22                                2
23                                6
24                                2
25                                3
27                                3
28                                2
33                                1
34                                1
35                                3
36                                1
39                                1
40                                1
46                                1
54                                1
55                                1
70                                1
2022-07-19 17:41:40,504 - INFO - Writing these stats to results/tile_2/codoncounts/wt-C6-36-multi_readsperbc.csv

2022-07-19 17:41:40,508 - INFO - Examining the 3489168 barcodes to build and align subamplicons...
2022-07-19 17:41:46,408 - INFO - Barcodes examined so far: 200000
2022-07-19 17:41:52,193 - INFO - Barcodes examined so far: 400000
2022-07-19 17:41:58,001 - INFO - Barcodes examined so far: 600000
2022-07-19 17:42:03,657 - INFO - Barcodes examined so far: 800000
2022-07-19 17:42:09,226 - INFO - Barcodes examined so far: 1000000
2022-07-19 17:42:14,832 - INFO - Barcodes examined so far: 1200000
2022-07-19 17:42:20,308 - INFO - Barcodes examined so far: 1400000
2022-07-19 17:42:25,631 - INFO - Barcodes examined so far: 1600000
2022-07-19 17:42:30,758 - INFO - Barcodes examined so far: 1800000
2022-07-19 17:42:35,756 - INFO - Barcodes examined so far: 2000000
2022-07-19 17:42:40,581 - INFO - Barcodes examined so far: 2200000
2022-07-19 17:42:45,174 - INFO - Barcodes examined so far: 2400000
2022-07-19 17:42:49,404 - INFO - Barcodes examined so far: 2600000
2022-07-19 17:42:53,327 - INFO - Barcodes examined so far: 2800000
2022-07-19 17:42:56,817 - INFO - Barcodes examined so far: 3000000
2022-07-19 17:42:59,785 - INFO - Barcodes examined so far: 3200000
2022-07-19 17:43:02,126 - INFO - Barcodes examined so far: 3400000
2022-07-19 17:43:02,981 - INFO - Examined all barcodes. Summary stats:
   total  too few reads  not alignable  aligned
 3489168        1276180        1969249   243739
2022-07-19 17:43:02,983 - INFO - Writing these stats to results/tile_2/codoncounts/wt-C6-36-multi_bcstats.csv

2022-07-19 17:43:03,021 - INFO - Writing the counts of each codon identity at each site to results/tile_2/codoncounts/wt-C6-36-multi_codoncounts.csv

2022-07-19 17:43:03,031 - INFO - Successful completion of dms2_bcsubamp
