2022-06-29 12:07:50,778 - INFO - Beginning execution of dms2_bcsubamp in directory /fh/fast/bloom_j/computational_notebooks/ckikawa/2022/ZIKV_DMS_NS5_EvansLab

2022-06-29 12:07:50,778 - INFO - Progress is being logged to results/tile_2/codoncounts/wt-Huh-7.5-210528.log
2022-06-29 12:07:50,810 - INFO - Version information:
	Time and date: Wed Jun 29 12:07:50 2022
	Platform: Linux-4.15.0-118-generic-x86_64-with-glibc2.10
	Python version: 3.8.13 | packaged by conda-forge | (default, Mar 25 2022, 06:04:10)  [GCC 10.3.0]
	dms_tools2 version: 2.6.10
	Bio version: 1.79
	pandas version: 0.25.3
	numpy version: 1.19.5
	IPython version: 8.3.0
	jupyter version: 1.0.0
	matplotlib version: 3.2.2
	plotnine version: 0.6.0
	natsort version: 8.1.0
	pystan version: 2.19.1.1
	scipy version: 1.5.2
	seaborn version: 0.10.1
	phydmslib version: 2.4.1
	statsmodels version: 0.11.1
	rpy2 cannot be imported
	regex version: 2.5.114
	umi_tools version: 1.1.2

2022-06-29 12:07:50,811 - INFO - Parsed the following arguments:
	outdir = results/tile_2/codoncounts
	ncpus = -1
	use_existing = yes
	refseq = data/tile_2_amplicon.fasta
	alignspecs = ['1,342,30,30']
	bclen = 8
	fastqdir = None
	R2 = None
	R1trim = [210]
	R2trim = [210]
	bclen2 = None
	chartype = codon
	maxmuts = 4
	minq = 15
	minreads = 2
	minfraccall = 0.95
	minconcur = 0.75
	sitemask = None
	purgeread = 0.0
	purgebc = 0.0
	bcinfo = True
	bcinfo_csv = True
	name = wt-Huh-7.5-210528
	R1 = ['/shared/ngs/illumina/bloom_lab/210528_M03100_0686_000000000-JNHMH/Data/Intensities/BaseCalls/tile-2-wt_S8_L001_R1_001.fastq.gz']

2022-06-29 12:07:50,823 - INFO - Read refseq of 342 codons from data/tile_2_amplicon.fasta
2022-06-29 12:07:50,848 - INFO - Reads are in these FASTQ pairs:
	/shared/ngs/illumina/bloom_lab/210528_M03100_0686_000000000-JNHMH/Data/Intensities/BaseCalls/tile-2-wt_S8_L001_R1_001.fastq.gz and /shared/ngs/illumina/bloom_lab/210528_M03100_0686_000000000-JNHMH/Data/Intensities/BaseCalls/tile-2-wt_S8_L001_R2_001.fastq.gz

2022-06-29 12:07:50,848 - INFO - Now parsing read pairs...
2022-06-29 12:07:57,932 - INFO - Reads parsed so far: 500000
2022-06-29 12:08:03,562 - INFO - Reads parsed so far: 1000000
2022-06-29 12:08:05,426 - INFO - Parsed 1189366 reads, found 471043 unique barcodes.
2022-06-29 12:08:05,429 - INFO - Summary stats on reads:
   total  fail filter  low Q barcode
 1189366            0            216
2022-06-29 12:08:05,429 - INFO - Writing these stats to results/tile_2/codoncounts/wt-Huh-7.5-210528_readstats.csv

2022-06-29 12:08:05,544 - INFO - Number of reads per barcode:
                 number of barcodes
number of reads                    
1                            183287
2                             90934
3                             78597
4                             55631
5                             32599
6                             16932
7                              7727
8                              3311
9                              1278
10                              465
11                              170
12                               54
13                               13
14                               12
15                                5
16                                6
21                                1
22                                1
24                                1
29                                1
32                                1
36                                1
39                                1
46                                1
49                                1
57                                1
60                                1
62                                1
63                                1
67                                1
71                                1
74                                1
78                                1
79                                1
86                                1
90                                1
97                                1
156                               1
2022-06-29 12:08:05,544 - INFO - Writing these stats to results/tile_2/codoncounts/wt-Huh-7.5-210528_readsperbc.csv

2022-06-29 12:08:05,549 - INFO - Examining the 471043 barcodes to build and align subamplicons...
2022-06-29 12:08:16,458 - INFO - Barcodes examined so far: 200000
2022-06-29 12:08:24,983 - INFO - Barcodes examined so far: 400000
2022-06-29 12:08:26,393 - INFO - Examined all barcodes. Summary stats:
  total  too few reads  not alignable  aligned
 471043         183287          19536   268220
2022-06-29 12:08:26,393 - INFO - Writing these stats to results/tile_2/codoncounts/wt-Huh-7.5-210528_bcstats.csv

2022-06-29 12:08:26,407 - INFO - Writing the counts of each codon identity at each site to results/tile_2/codoncounts/wt-Huh-7.5-210528_codoncounts.csv

2022-06-29 12:08:26,418 - INFO - Successful completion of dms2_bcsubamp
