2022-07-19 17:39:30,971 - INFO - Beginning execution of dms2_bcsubamp in directory /fh/fast/bloom_j/computational_notebooks/ckikawa/2022/ZIKV_DMS_NS5_EvansLab

2022-07-19 17:39:30,971 - INFO - Progress is being logged to results/tile_2/codoncounts/wt-plasmid-210528.log
2022-07-19 17:39:31,006 - INFO - Version information:
	Time and date: Tue Jul 19 17:39:30 2022
	Platform: Linux-4.15.0-118-generic-x86_64-with-glibc2.10
	Python version: 3.8.13 | packaged by conda-forge | (default, Mar 25 2022, 06:04:10)  [GCC 10.3.0]
	dms_tools2 version: 2.6.10
	Bio version: 1.79
	pandas version: 0.25.3
	numpy version: 1.19.5
	IPython version: 8.3.0
	jupyter version: 1.0.0
	matplotlib version: 3.2.2
	plotnine version: 0.6.0
	natsort version: 8.1.0
	pystan version: 2.19.1.1
	scipy version: 1.5.2
	seaborn version: 0.10.1
	phydmslib version: 2.4.1
	statsmodels version: 0.11.1
	rpy2 cannot be imported
	regex version: 2.5.114
	umi_tools version: 1.1.2

2022-07-19 17:39:31,007 - INFO - Parsed the following arguments:
	outdir = results/tile_2/codoncounts
	ncpus = -1
	use_existing = yes
	refseq = data/tile_2_amplicon.fasta
	alignspecs = ['1,342,30,30']
	bclen = 8
	fastqdir = None
	R2 = None
	R1trim = [210]
	R2trim = [210]
	bclen2 = None
	chartype = codon
	maxmuts = 4
	minq = 15
	minreads = 2
	minfraccall = 0.95
	minconcur = 0.75
	sitemask = None
	purgeread = 0.0
	purgebc = 0.0
	bcinfo = True
	bcinfo_csv = True
	name = wt-plasmid-210528
	R1 = ['/shared/ngs/illumina/bloom_lab/210528_M03100_0686_000000000-JNHMH/Data/Intensities/BaseCalls/WT-plasmid_S4_L001_R1_001.fastq.gz']

2022-07-19 17:39:31,019 - INFO - Read refseq of 342 codons from data/tile_2_amplicon.fasta
2022-07-19 17:39:31,024 - INFO - Reads are in these FASTQ pairs:
	/shared/ngs/illumina/bloom_lab/210528_M03100_0686_000000000-JNHMH/Data/Intensities/BaseCalls/WT-plasmid_S4_L001_R1_001.fastq.gz and /shared/ngs/illumina/bloom_lab/210528_M03100_0686_000000000-JNHMH/Data/Intensities/BaseCalls/WT-plasmid_S4_L001_R2_001.fastq.gz

2022-07-19 17:39:31,024 - INFO - Now parsing read pairs...
2022-07-19 17:39:37,067 - INFO - Reads parsed so far: 500000
2022-07-19 17:39:41,916 - INFO - Parsed 941859 reads, found 384468 unique barcodes.
2022-07-19 17:39:41,918 - INFO - Summary stats on reads:
  total  fail filter  low Q barcode
 941859            0            184
2022-07-19 17:39:41,918 - INFO - Writing these stats to results/tile_2/codoncounts/wt-plasmid-210528_readstats.csv

2022-07-19 17:39:42,007 - INFO - Number of reads per barcode:
                 number of barcodes
number of reads                    
1                            154552
2                             75528
3                             64402
4                             43348
5                             25101
6                             12467
7                              5515
8                              2227
9                               848
10                              318
11                              103
12                               37
13                               12
14                                4
15                                1
16                                1
17                                1
21                                2
50                                1
2022-07-19 17:39:42,007 - INFO - Writing these stats to results/tile_2/codoncounts/wt-plasmid-210528_readsperbc.csv

2022-07-19 17:39:42,009 - INFO - Examining the 384468 barcodes to build and align subamplicons...
2022-07-19 17:39:52,622 - INFO - Barcodes examined so far: 200000
2022-07-19 17:39:58,642 - INFO - Examined all barcodes. Summary stats:
  total  too few reads  not alignable  aligned
 384468         154552          15769   214147
2022-07-19 17:39:58,643 - INFO - Writing these stats to results/tile_2/codoncounts/wt-plasmid-210528_bcstats.csv

2022-07-19 17:39:58,654 - INFO - Writing the counts of each codon identity at each site to results/tile_2/codoncounts/wt-plasmid-210528_codoncounts.csv

2022-07-19 17:39:58,663 - INFO - Successful completion of dms2_bcsubamp
