2022-05-06 09:38:01,632 - INFO - Beginning execution of dms2_bcsubamp in directory /fh/fast/bloom_j/computational_notebooks/ckikawa/2022/ZIKV_DMS_NS5_EvansLab

2022-05-06 09:38:01,632 - INFO - Progress is being logged to results/tile_7/codoncounts/lib1-Huh-7.5-210702.log
2022-05-06 09:38:01,666 - INFO - Version information:
	Time and date: Fri May  6 09:38:01 2022
	Platform: Linux-4.15.0-118-generic-x86_64-with-glibc2.10
	Python version: 3.8.13 | packaged by conda-forge | (default, Mar 25 2022, 06:04:10)  [GCC 10.3.0]
	dms_tools2 version: 2.6.10
	Bio version: 1.79
	pandas version: 0.25.3
	numpy version: 1.19.5
	IPython version: 8.3.0
	jupyter version: 1.0.0
	matplotlib version: 3.2.2
	plotnine version: 0.6.0
	natsort version: 8.1.0
	pystan version: 2.19.1.1
	scipy version: 1.5.2
	seaborn version: 0.10.1
	phydmslib version: 2.4.1
	statsmodels version: 0.11.1
	rpy2 cannot be imported
	regex version: 2.5.114
	umi_tools version: 1.1.2

2022-05-06 09:38:01,666 - INFO - Parsed the following arguments:
	outdir = results/tile_7/codoncounts
	ncpus = -1
	use_existing = yes
	refseq = data/tile_7_amplicon.fasta
	alignspecs = ['1,339,30,30']
	bclen = 8
	fastqdir = None
	R2 = None
	R1trim = [210]
	R2trim = [210]
	bclen2 = None
	chartype = codon
	maxmuts = 4
	minq = 15
	minreads = 2
	minfraccall = 0.95
	minconcur = 0.75
	sitemask = None
	purgeread = 0.0
	purgebc = 0.0
	bcinfo = True
	bcinfo_csv = True
	name = lib1-Huh-7.5-210702
	R1 = ['/shared/ngs/illumina/bloom_lab/210702_M03100_0691_000000000-JP3WB/Data/Intensities/BaseCalls/Tile-7-Lib-1-Sample_S1_L001_R1_001.fastq.gz']

2022-05-06 09:38:01,680 - INFO - Read refseq of 339 codons from data/tile_7_amplicon.fasta
2022-05-06 09:38:01,683 - INFO - Reads are in these FASTQ pairs:
	/shared/ngs/illumina/bloom_lab/210702_M03100_0691_000000000-JP3WB/Data/Intensities/BaseCalls/Tile-7-Lib-1-Sample_S1_L001_R1_001.fastq.gz and /shared/ngs/illumina/bloom_lab/210702_M03100_0691_000000000-JP3WB/Data/Intensities/BaseCalls/Tile-7-Lib-1-Sample_S1_L001_R2_001.fastq.gz

2022-05-06 09:38:01,683 - INFO - Now parsing read pairs...
2022-05-06 09:38:07,969 - INFO - Reads parsed so far: 500000
2022-05-06 09:38:13,516 - INFO - Reads parsed so far: 1000000
2022-05-06 09:38:19,157 - INFO - Reads parsed so far: 1500000
2022-05-06 09:38:19,310 - INFO - Parsed 1515167 reads, found 446778 unique barcodes.
2022-05-06 09:38:19,314 - INFO - Summary stats on reads:
   total  fail filter  low Q barcode
 1515167            0         123245
2022-05-06 09:38:19,314 - INFO - Writing these stats to results/tile_7/codoncounts/lib1-Huh-7.5-210702_readstats.csv

2022-05-06 09:38:19,418 - INFO - Number of reads per barcode:
                 number of barcodes
number of reads                    
1                            146294
2                             64742
3                             66979
4                             59168
5                             45124
6                             29715
7                             17474
8                              9298
9                              4511
10                             2001
11                              881
12                              351
13                              139
14                               61
15                               24
16                                7
17                                3
18                                2
19                                1
20                                1
33                                1
119                               1
2022-05-06 09:38:19,419 - INFO - Writing these stats to results/tile_7/codoncounts/lib1-Huh-7.5-210702_readsperbc.csv

2022-05-06 09:38:19,422 - INFO - Examining the 446778 barcodes to build and align subamplicons...
2022-05-06 09:38:31,101 - INFO - Barcodes examined so far: 200000
2022-05-06 09:38:39,972 - INFO - Barcodes examined so far: 400000
2022-05-06 09:38:40,800 - INFO - Examined all barcodes. Summary stats:
  total  too few reads  not alignable  aligned
 446778         146294          27953   272531
2022-05-06 09:38:40,801 - INFO - Writing these stats to results/tile_7/codoncounts/lib1-Huh-7.5-210702_bcstats.csv

2022-05-06 09:38:40,812 - INFO - Writing the counts of each codon identity at each site to results/tile_7/codoncounts/lib1-Huh-7.5-210702_codoncounts.csv

2022-05-06 09:38:40,822 - INFO - Successful completion of dms2_bcsubamp
