2022-05-06 09:38:01,811 - INFO - Beginning execution of dms2_bcsubamp in directory /fh/fast/bloom_j/computational_notebooks/ckikawa/2022/ZIKV_DMS_NS5_EvansLab

2022-05-06 09:38:01,811 - INFO - Progress is being logged to results/tile_7/codoncounts/lib1-C6-36-220225.log
2022-05-06 09:38:01,845 - INFO - Version information:
	Time and date: Fri May  6 09:38:01 2022
	Platform: Linux-4.15.0-118-generic-x86_64-with-glibc2.10
	Python version: 3.8.13 | packaged by conda-forge | (default, Mar 25 2022, 06:04:10)  [GCC 10.3.0]
	dms_tools2 version: 2.6.10
	Bio version: 1.79
	pandas version: 0.25.3
	numpy version: 1.19.5
	IPython version: 8.3.0
	jupyter version: 1.0.0
	matplotlib version: 3.2.2
	plotnine version: 0.6.0
	natsort version: 8.1.0
	pystan version: 2.19.1.1
	scipy version: 1.5.2
	seaborn version: 0.10.1
	phydmslib version: 2.4.1
	statsmodels version: 0.11.1
	rpy2 cannot be imported
	regex version: 2.5.114
	umi_tools version: 1.1.2

2022-05-06 09:38:01,846 - INFO - Parsed the following arguments:
	outdir = results/tile_7/codoncounts
	ncpus = -1
	use_existing = yes
	refseq = data/tile_7_amplicon.fasta
	alignspecs = ['1,339,30,30']
	bclen = 8
	fastqdir = None
	R2 = None
	R1trim = [210]
	R2trim = [210]
	bclen2 = None
	chartype = codon
	maxmuts = 4
	minq = 15
	minreads = 2
	minfraccall = 0.95
	minconcur = 0.75
	sitemask = None
	purgeread = 0.0
	purgebc = 0.0
	bcinfo = True
	bcinfo_csv = True
	name = lib1-C6-36-220225
	R1 = ['/shared/ngs/illumina/bloom_lab/220225_M04866_0515_000000000-K5JDB/Unaligned/Project_bloom_lab/Lib1_S1_R1_001.fastq.gz']

2022-05-06 09:38:01,863 - INFO - Read refseq of 339 codons from data/tile_7_amplicon.fasta
2022-05-06 09:38:02,004 - INFO - Reads are in these FASTQ pairs:
	/shared/ngs/illumina/bloom_lab/220225_M04866_0515_000000000-K5JDB/Unaligned/Project_bloom_lab/Lib1_S1_R1_001.fastq.gz and /shared/ngs/illumina/bloom_lab/220225_M04866_0515_000000000-K5JDB/Unaligned/Project_bloom_lab/Lib1_S1_R2_001.fastq.gz

2022-05-06 09:38:02,004 - INFO - Now parsing read pairs...
2022-05-06 09:38:08,360 - INFO - Reads parsed so far: 500000
2022-05-06 09:38:14,632 - INFO - Reads parsed so far: 1000000
2022-05-06 09:38:20,401 - INFO - Reads parsed so far: 1500000
2022-05-06 09:38:26,278 - INFO - Reads parsed so far: 2000000
2022-05-06 09:38:32,462 - INFO - Reads parsed so far: 2500000
2022-05-06 09:38:38,843 - INFO - Reads parsed so far: 3000000
2022-05-06 09:38:44,109 - INFO - Reads parsed so far: 3500000
2022-05-06 09:38:49,379 - INFO - Reads parsed so far: 4000000
2022-05-06 09:38:56,193 - INFO - Reads parsed so far: 4500000
2022-05-06 09:39:01,457 - INFO - Reads parsed so far: 5000000
2022-05-06 09:39:06,735 - INFO - Reads parsed so far: 5500000
2022-05-06 09:39:13,988 - INFO - Reads parsed so far: 6000000
2022-05-06 09:39:15,538 - INFO - Parsed 6145562 reads, found 2745158 unique barcodes.
2022-05-06 09:39:15,542 - INFO - Summary stats on reads:
   total  fail filter  low Q barcode
 6145562       682429         659196
2022-05-06 09:39:15,542 - INFO - Writing these stats to results/tile_7/codoncounts/lib1-C6-36-220225_readstats.csv

2022-05-06 09:39:16,129 - INFO - Number of reads per barcode:
                 number of barcodes
number of reads                    
1                           1486569
2                            733464
3                            337076
4                            127419
5                             42476
6                             12895
7                              3622
8                              1067
9                               334
10                              124
11                               44
12                               25
13                               10
14                                4
15                                5
16                                5
17                                4
18                                2
19                                3
21                                1
23                                1
26                                1
30                                1
32                                1
36                                1
37                                1
38                                1
39                                1
82                                1
2022-05-06 09:39:16,129 - INFO - Writing these stats to results/tile_7/codoncounts/lib1-C6-36-220225_readsperbc.csv

2022-05-06 09:39:16,132 - INFO - Examining the 2745158 barcodes to build and align subamplicons...
2022-05-06 09:39:21,012 - INFO - Barcodes examined so far: 200000
2022-05-06 09:39:25,816 - INFO - Barcodes examined so far: 400000
2022-05-06 09:39:30,530 - INFO - Barcodes examined so far: 600000
2022-05-06 09:39:35,123 - INFO - Barcodes examined so far: 800000
2022-05-06 09:39:39,591 - INFO - Barcodes examined so far: 1000000
2022-05-06 09:39:43,899 - INFO - Barcodes examined so far: 1200000
2022-05-06 09:39:48,043 - INFO - Barcodes examined so far: 1400000
2022-05-06 09:39:52,017 - INFO - Barcodes examined so far: 1600000
2022-05-06 09:39:55,757 - INFO - Barcodes examined so far: 1800000
2022-05-06 09:39:59,190 - INFO - Barcodes examined so far: 2000000
2022-05-06 09:40:02,321 - INFO - Barcodes examined so far: 2200000
2022-05-06 09:40:05,114 - INFO - Barcodes examined so far: 2400000
2022-05-06 09:40:07,483 - INFO - Barcodes examined so far: 2600000
2022-05-06 09:40:08,895 - INFO - Examined all barcodes. Summary stats:
   total  too few reads  not alignable  aligned
 2745158        1486569        1106088   152501
2022-05-06 09:40:08,895 - INFO - Writing these stats to results/tile_7/codoncounts/lib1-C6-36-220225_bcstats.csv

2022-05-06 09:40:08,915 - INFO - Writing the counts of each codon identity at each site to results/tile_7/codoncounts/lib1-C6-36-220225_codoncounts.csv

2022-05-06 09:40:08,926 - INFO - Successful completion of dms2_bcsubamp
