2024-03-11 16:11:20,250 - INFO - Beginning execution of dms2_bcsubamp in directory /fh/fast/bloom_j/computational_notebooks/ckikawa/2022/ZIKV_DMS_NS5_EvansLab

2024-03-11 16:11:20,250 - INFO - Progress is being logged to results/tile_7/codoncounts/lib1-C6-36-multi.log
2024-03-11 16:11:20,285 - INFO - Version information:
	Time and date: Mon Mar 11 16:11:20 2024
	Platform: Linux-4.15.0-213-generic-x86_64-with-glibc2.10
	Python version: 3.8.18 | packaged by conda-forge | (default, Dec 23 2023, 17:21:28)  [GCC 12.3.0]
	dms_tools2 version: 2.6.10
	Bio version: 1.79
	pandas version: 0.25.3
	numpy version: 1.19.5
	IPython version: 8.3.0
	jupyter version unknown
	matplotlib version: 3.2.2
	plotnine version: 0.6.0
	natsort version: 8.2.0
	pystan version: 2.19.1.1
	scipy version: 1.10.1
	seaborn version: 0.12.2
	phydmslib version: 2.4.1
	statsmodels version: 0.13.2
	rpy2 cannot be imported
	regex version: 2.5.114
	umi_tools version: 1.1.2

2024-03-11 16:11:20,286 - INFO - Parsed the following arguments:
	outdir = results/tile_7/codoncounts
	ncpus = -1
	use_existing = no
	refseq = data/tile_7_amplicon.fasta
	alignspecs = ['1,339,30,30']
	bclen = 8
	fastqdir = None
	R2 = None
	R1trim = [210]
	R2trim = [210]
	bclen2 = None
	chartype = codon
	maxmuts = 4
	minq = 15
	minreads = 2
	minfraccall = 0.95
	minconcur = 0.75
	sitemask = None
	purgeread = 0.0
	purgebc = 0.0
	bcinfo = True
	bcinfo_csv = True
	name = lib1-C6-36-multi
	R1 = ['/fh/fast/bloom_j/computational_notebooks/dbacsik/2022/ZIKV_DMS_NS5_EvansLab/data/concat_fastqs/concat_fastq_out/lib1_C636_R1.fastq.gz']

2024-03-11 16:11:20,297 - INFO - Read refseq of 339 codons from data/tile_7_amplicon.fasta
2024-03-11 16:11:20,298 - INFO - Reads are in these FASTQ pairs:
	/fh/fast/bloom_j/computational_notebooks/dbacsik/2022/ZIKV_DMS_NS5_EvansLab/data/concat_fastqs/concat_fastq_out/lib1_C636_R1.fastq.gz and /fh/fast/bloom_j/computational_notebooks/dbacsik/2022/ZIKV_DMS_NS5_EvansLab/data/concat_fastqs/concat_fastq_out/lib1_C636_R2.fastq.gz

2024-03-11 16:11:20,298 - INFO - Now parsing read pairs...
2024-03-11 16:11:26,919 - INFO - Reads parsed so far: 500000
2024-03-11 16:11:32,927 - INFO - Reads parsed so far: 1000000
2024-03-11 16:11:39,464 - INFO - Reads parsed so far: 1500000
2024-03-11 16:11:45,569 - INFO - Reads parsed so far: 2000000
2024-03-11 16:11:50,888 - INFO - Reads parsed so far: 2500000
2024-03-11 16:11:57,278 - INFO - Reads parsed so far: 3000000
2024-03-11 16:12:02,604 - INFO - Reads parsed so far: 3500000
2024-03-11 16:12:09,405 - INFO - Reads parsed so far: 4000000
2024-03-11 16:12:14,602 - INFO - Reads parsed so far: 4500000
2024-03-11 16:12:19,816 - INFO - Reads parsed so far: 5000000
2024-03-11 16:12:26,911 - INFO - Reads parsed so far: 5500000
2024-03-11 16:12:32,151 - INFO - Reads parsed so far: 6000000
2024-03-11 16:12:37,545 - INFO - Reads parsed so far: 6500000
2024-03-11 16:12:42,743 - INFO - Reads parsed so far: 7000000
2024-03-11 16:12:47,929 - INFO - Reads parsed so far: 7500000
2024-03-11 16:12:53,128 - INFO - Reads parsed so far: 8000000
2024-03-11 16:13:00,955 - INFO - Reads parsed so far: 8500000
2024-03-11 16:13:06,428 - INFO - Reads parsed so far: 9000000
2024-03-11 16:13:12,103 - INFO - Reads parsed so far: 9500000
2024-03-11 16:13:17,665 - INFO - Reads parsed so far: 10000000
2024-03-11 16:13:23,450 - INFO - Reads parsed so far: 10500000
2024-03-11 16:13:28,868 - INFO - Reads parsed so far: 11000000
2024-03-11 16:13:34,363 - INFO - Reads parsed so far: 11500000
2024-03-11 16:13:39,779 - INFO - Reads parsed so far: 12000000
2024-03-11 16:13:45,152 - INFO - Reads parsed so far: 12500000
2024-03-11 16:13:50,529 - INFO - Reads parsed so far: 13000000
2024-03-11 16:13:54,505 - INFO - Parsed 13370034 reads, found 3879702 unique barcodes.
2024-03-11 16:13:54,510 - INFO - Summary stats on reads:
    total  fail filter  low Q barcode
 13370034      1527515        1567087
2024-03-11 16:13:54,510 - INFO - Writing these stats to results/tile_7/codoncounts/lib1-C6-36-multi_readstats.csv

2024-03-11 16:13:55,417 - INFO - Number of reads per barcode:
                 number of barcodes
number of reads                    
1                           1397387
2                            788361
3                            647710
4                            458208
5                            282245
6                            157118
7                             79075
8                             37884
9                             17239
10                             7817
11                             3408
12                             1626
13                              722
14                              364
15                              215
16                               96
17                               58
18                               34
19                               30
20                                7
21                               18
22                               11
23                               12
24                                3
25                                7
26                                7
27                                2
28                                4
29                                5
30                                3
31                                2
32                                4
33                                1
34                                1
35                                1
36                                1
37                                1
38                                2
39                                2
40                                2
41                                1
45                                1
60                                1
61                                1
64                                2
73                                1
75                                1
151                               1
2024-03-11 16:13:55,417 - INFO - Writing these stats to results/tile_7/codoncounts/lib1-C6-36-multi_readsperbc.csv

2024-03-11 16:13:55,420 - INFO - Examining the 3879702 barcodes to build and align subamplicons...
2024-03-11 16:14:01,846 - INFO - Barcodes examined so far: 200000
2024-03-11 16:14:08,165 - INFO - Barcodes examined so far: 400000
2024-03-11 16:14:14,300 - INFO - Barcodes examined so far: 600000
2024-03-11 16:14:20,339 - INFO - Barcodes examined so far: 800000
2024-03-11 16:14:26,281 - INFO - Barcodes examined so far: 1000000
2024-03-11 16:14:32,092 - INFO - Barcodes examined so far: 1200000
2024-03-11 16:14:37,818 - INFO - Barcodes examined so far: 1400000
2024-03-11 16:14:43,447 - INFO - Barcodes examined so far: 1600000
2024-03-11 16:14:48,904 - INFO - Barcodes examined so far: 1800000
2024-03-11 16:14:54,149 - INFO - Barcodes examined so far: 2000000
2024-03-11 16:14:59,264 - INFO - Barcodes examined so far: 2200000
2024-03-11 16:15:04,196 - INFO - Barcodes examined so far: 2400000
2024-03-11 16:15:08,913 - INFO - Barcodes examined so far: 2600000
2024-03-11 16:15:13,406 - INFO - Barcodes examined so far: 2800000
2024-03-11 16:15:17,535 - INFO - Barcodes examined so far: 3000000
2024-03-11 16:15:21,294 - INFO - Barcodes examined so far: 3200000
2024-03-11 16:15:24,643 - INFO - Barcodes examined so far: 3400000
2024-03-11 16:15:27,390 - INFO - Barcodes examined so far: 3600000
2024-03-11 16:15:29,644 - INFO - Barcodes examined so far: 3800000
2024-03-11 16:15:30,413 - INFO - Examined all barcodes. Summary stats:
   total  too few reads  not alignable  aligned
 3879702        1397387        2195358   286957
2024-03-11 16:15:30,413 - INFO - Writing these stats to results/tile_7/codoncounts/lib1-C6-36-multi_bcstats.csv

2024-03-11 16:15:30,421 - INFO - Writing the counts of each codon identity at each site to results/tile_7/codoncounts/lib1-C6-36-multi_codoncounts.csv

2024-03-11 16:15:30,431 - INFO - Successful completion of dms2_bcsubamp
