2022-07-19 17:32:52,906 - INFO - Beginning execution of dms2_bcsubamp in directory /fh/fast/bloom_j/computational_notebooks/ckikawa/2022/ZIKV_DMS_NS5_EvansLab

2022-07-19 17:32:52,906 - INFO - Progress is being logged to results/tile_7/codoncounts/lib2-plasmid-210702.log
2022-07-19 17:32:52,940 - INFO - Version information:
	Time and date: Tue Jul 19 17:32:52 2022
	Platform: Linux-4.15.0-118-generic-x86_64-with-glibc2.10
	Python version: 3.8.13 | packaged by conda-forge | (default, Mar 25 2022, 06:04:10)  [GCC 10.3.0]
	dms_tools2 version: 2.6.10
	Bio version: 1.79
	pandas version: 0.25.3
	numpy version: 1.19.5
	IPython version: 8.3.0
	jupyter version: 1.0.0
	matplotlib version: 3.2.2
	plotnine version: 0.6.0
	natsort version: 8.1.0
	pystan version: 2.19.1.1
	scipy version: 1.5.2
	seaborn version: 0.10.1
	phydmslib version: 2.4.1
	statsmodels version: 0.11.1
	rpy2 cannot be imported
	regex version: 2.5.114
	umi_tools version: 1.1.2

2022-07-19 17:32:52,941 - INFO - Parsed the following arguments:
	outdir = results/tile_7/codoncounts
	ncpus = -1
	use_existing = yes
	refseq = data/tile_7_amplicon.fasta
	alignspecs = ['1,339,30,30']
	bclen = 8
	fastqdir = None
	R2 = None
	R1trim = [210]
	R2trim = [210]
	bclen2 = None
	chartype = codon
	maxmuts = 4
	minq = 15
	minreads = 2
	minfraccall = 0.95
	minconcur = 0.75
	sitemask = None
	purgeread = 0.0
	purgebc = 0.0
	bcinfo = True
	bcinfo_csv = True
	name = lib2-plasmid-210702
	R1 = ['/shared/ngs/illumina/bloom_lab/210702_M03100_0691_000000000-JP3WB/Data/Intensities/BaseCalls/Tile-7-Lib-2-Plasmid_S12_L001_R1_001.fastq.gz']

2022-07-19 17:32:52,954 - INFO - Read refseq of 339 codons from data/tile_7_amplicon.fasta
2022-07-19 17:32:52,959 - INFO - Reads are in these FASTQ pairs:
	/shared/ngs/illumina/bloom_lab/210702_M03100_0691_000000000-JP3WB/Data/Intensities/BaseCalls/Tile-7-Lib-2-Plasmid_S12_L001_R1_001.fastq.gz and /shared/ngs/illumina/bloom_lab/210702_M03100_0691_000000000-JP3WB/Data/Intensities/BaseCalls/Tile-7-Lib-2-Plasmid_S12_L001_R2_001.fastq.gz

2022-07-19 17:32:52,959 - INFO - Now parsing read pairs...
2022-07-19 17:32:59,192 - INFO - Reads parsed so far: 500000
2022-07-19 17:33:04,949 - INFO - Reads parsed so far: 1000000
2022-07-19 17:33:11,123 - INFO - Reads parsed so far: 1500000
2022-07-19 17:33:12,680 - INFO - Parsed 1642090 reads, found 598372 unique barcodes.
2022-07-19 17:33:12,684 - INFO - Summary stats on reads:
   total  fail filter  low Q barcode
 1642090            0         130171
2022-07-19 17:33:12,684 - INFO - Writing these stats to results/tile_7/codoncounts/lib2-plasmid-210702_readstats.csv

2022-07-19 17:33:12,930 - INFO - Number of reads per barcode:
                 number of barcodes
number of reads                    
1                            228710
2                            123311
3                            100498
4                             67844
5                             38987
6                             20378
7                             10058
8                              4499
9                              2239
10                              992
11                              470
12                              238
13                               91
14                               31
15                               20
16                                4
17                                1
21                                1
2022-07-19 17:33:12,930 - INFO - Writing these stats to results/tile_7/codoncounts/lib2-plasmid-210702_readsperbc.csv

2022-07-19 17:33:12,933 - INFO - Examining the 598372 barcodes to build and align subamplicons...
2022-07-19 17:33:25,526 - INFO - Barcodes examined so far: 200000
2022-07-19 17:33:36,272 - INFO - Barcodes examined so far: 400000
2022-07-19 17:33:42,324 - INFO - Examined all barcodes. Summary stats:
  total  too few reads  not alignable  aligned
 598372         228710          40490   329172
2022-07-19 17:33:42,324 - INFO - Writing these stats to results/tile_7/codoncounts/lib2-plasmid-210702_bcstats.csv

2022-07-19 17:33:42,342 - INFO - Writing the counts of each codon identity at each site to results/tile_7/codoncounts/lib2-plasmid-210702_codoncounts.csv

2022-07-19 17:33:42,354 - INFO - Successful completion of dms2_bcsubamp
