2024-03-11 16:11:20,247 - INFO - Beginning execution of dms2_bcsubamp in directory /fh/fast/bloom_j/computational_notebooks/ckikawa/2022/ZIKV_DMS_NS5_EvansLab

2024-03-11 16:11:20,247 - INFO - Progress is being logged to results/tile_7/codoncounts/lib2-Huh-7.5-210702.log
2024-03-11 16:11:20,284 - INFO - Version information:
	Time and date: Mon Mar 11 16:11:20 2024
	Platform: Linux-4.15.0-213-generic-x86_64-with-glibc2.10
	Python version: 3.8.18 | packaged by conda-forge | (default, Dec 23 2023, 17:21:28)  [GCC 12.3.0]
	dms_tools2 version: 2.6.10
	Bio version: 1.79
	pandas version: 0.25.3
	numpy version: 1.19.5
	IPython version: 8.3.0
	jupyter version unknown
	matplotlib version: 3.2.2
	plotnine version: 0.6.0
	natsort version: 8.2.0
	pystan version: 2.19.1.1
	scipy version: 1.10.1
	seaborn version: 0.12.2
	phydmslib version: 2.4.1
	statsmodels version: 0.13.2
	rpy2 cannot be imported
	regex version: 2.5.114
	umi_tools version: 1.1.2

2024-03-11 16:11:20,284 - INFO - Parsed the following arguments:
	outdir = results/tile_7/codoncounts
	ncpus = -1
	use_existing = no
	refseq = data/tile_7_amplicon.fasta
	alignspecs = ['1,339,30,30']
	bclen = 8
	fastqdir = None
	R2 = None
	R1trim = [210]
	R2trim = [210]
	bclen2 = None
	chartype = codon
	maxmuts = 4
	minq = 15
	minreads = 2
	minfraccall = 0.95
	minconcur = 0.75
	sitemask = None
	purgeread = 0.0
	purgebc = 0.0
	bcinfo = True
	bcinfo_csv = True
	name = lib2-Huh-7.5-210702
	R1 = ['/shared/ngs/illumina/bloom_lab/210702_M03100_0691_000000000-JP3WB/Data/Intensities/BaseCalls/Tile-7-Lib-2-Sample_S2_L001_R1_001.fastq.gz']

2024-03-11 16:11:20,295 - INFO - Read refseq of 339 codons from data/tile_7_amplicon.fasta
2024-03-11 16:11:20,323 - INFO - Reads are in these FASTQ pairs:
	/shared/ngs/illumina/bloom_lab/210702_M03100_0691_000000000-JP3WB/Data/Intensities/BaseCalls/Tile-7-Lib-2-Sample_S2_L001_R1_001.fastq.gz and /shared/ngs/illumina/bloom_lab/210702_M03100_0691_000000000-JP3WB/Data/Intensities/BaseCalls/Tile-7-Lib-2-Sample_S2_L001_R2_001.fastq.gz

2024-03-11 16:11:20,323 - INFO - Now parsing read pairs...
2024-03-11 16:11:26,546 - INFO - Reads parsed so far: 500000
2024-03-11 16:11:31,987 - INFO - Reads parsed so far: 1000000
2024-03-11 16:11:37,544 - INFO - Reads parsed so far: 1500000
2024-03-11 16:11:37,929 - INFO - Parsed 1537695 reads, found 392361 unique barcodes.
2024-03-11 16:11:37,933 - INFO - Summary stats on reads:
   total  fail filter  low Q barcode
 1537695            0         115657
2024-03-11 16:11:37,933 - INFO - Writing these stats to results/tile_7/codoncounts/lib2-Huh-7.5-210702_readstats.csv

2024-03-11 16:11:38,025 - INFO - Number of reads per barcode:
                 number of barcodes
number of reads                    
1                            108206
2                             46883
3                             53930
4                             52730
5                             45299
6                             34052
7                             22512
8                             13648
9                              7705
10                             3819
11                             1985
12                              855
13                              428
14                              173
15                               73
16                               39
17                               13
18                                4
19                                3
20                                2
23                                1
33                                1
2024-03-11 16:11:38,025 - INFO - Writing these stats to results/tile_7/codoncounts/lib2-Huh-7.5-210702_readsperbc.csv

2024-03-11 16:11:38,028 - INFO - Examining the 392361 barcodes to build and align subamplicons...
2024-03-11 16:11:50,871 - INFO - Barcodes examined so far: 200000
2024-03-11 16:11:59,278 - INFO - Examined all barcodes. Summary stats:
  total  too few reads  not alignable  aligned
 392361         108206          24342   259813
2024-03-11 16:11:59,279 - INFO - Writing these stats to results/tile_7/codoncounts/lib2-Huh-7.5-210702_bcstats.csv

2024-03-11 16:11:59,293 - INFO - Writing the counts of each codon identity at each site to results/tile_7/codoncounts/lib2-Huh-7.5-210702_codoncounts.csv

2024-03-11 16:11:59,304 - INFO - Successful completion of dms2_bcsubamp
