2022-07-19 17:32:48,649 - INFO - Beginning execution of dms2_batch_bcsubamp in directory /fh/fast/bloom_j/computational_notebooks/ckikawa/2022/ZIKV_DMS_NS5_EvansLab

2022-07-19 17:32:48,649 - INFO - Progress is being logged to results/tile_7/codoncounts/summary.log
2022-07-19 17:32:48,681 - INFO - Version information:
	Time and date: Tue Jul 19 17:32:48 2022
	Platform: Linux-4.15.0-118-generic-x86_64-with-glibc2.10
	Python version: 3.8.13 | packaged by conda-forge | (default, Mar 25 2022, 06:04:10)  [GCC 10.3.0]
	dms_tools2 version: 2.6.10
	Bio version: 1.79
	pandas version: 0.25.3
	numpy version: 1.19.5
	IPython version: 8.3.0
	jupyter version: 1.0.0
	matplotlib version: 3.2.2
	plotnine version: 0.6.0
	natsort version: 8.1.0
	pystan version: 2.19.1.1
	scipy version: 1.5.2
	seaborn version: 0.10.1
	phydmslib version: 2.4.1
	statsmodels version: 0.11.1
	rpy2 cannot be imported
	regex version: 2.5.114
	umi_tools version: 1.1.2

2022-07-19 17:32:48,681 - INFO - Parsed the following arguments:
	outdir = results/tile_7/codoncounts
	ncpus = 72
	use_existing = yes
	refseq = data/tile_7_amplicon.fasta
	alignspecs = ['1,339,30,30']
	bclen = 8
	fastqdir = None
	R2 = None
	R1trim = [210]
	R2trim = [210]
	bclen2 = None
	chartype = codon
	maxmuts = 4
	minq = 15
	minreads = 2
	minfraccall = 0.95
	minconcur = 0.75
	sitemask = None
	purgeread = 0
	purgebc = 0
	bcinfo = False
	bcinfo_csv = False
	batchfile = results/tile_7/codoncounts/batch.csv
	summaryprefix = summary

2022-07-19 17:32:48,681 - INFO - Parsing sample info from results/tile_7/codoncounts/batch.csv
2022-07-19 17:32:48,688 - INFO - Read the following sample information:
name,R1
lib3-Huh-7.5-210702,/shared/ngs/illumina/bloom_lab/210702_M03100_0691_000000000-JP3WB/Data/Intensities/BaseCalls/Tile-7-Lib-3-Sample_S3_L001_R1_001.fastq.gz
lib1-plasmid-210702,/shared/ngs/illumina/bloom_lab/210702_M03100_0691_000000000-JP3WB/Data/Intensities/BaseCalls/Tile-7-Lib-1-Plasmid_S11_L001_R1_001.fastq.gz
lib2-plasmid-210702,/shared/ngs/illumina/bloom_lab/210702_M03100_0691_000000000-JP3WB/Data/Intensities/BaseCalls/Tile-7-Lib-2-Plasmid_S12_L001_R1_001.fastq.gz
lib3-plasmid-210702,/shared/ngs/illumina/bloom_lab/210702_M03100_0691_000000000-JP3WB/Data/Intensities/BaseCalls/Tile-7-Lib-3-Plasmid_S13_L001_R1_001.fastq.gz
lib1-Huh-7.5-210702,/shared/ngs/illumina/bloom_lab/210702_M03100_0691_000000000-JP3WB/Data/Intensities/BaseCalls/Tile-7-Lib-1-Sample_S1_L001_R1_001.fastq.gz
wt-Huh-7.5-210702,/shared/ngs/illumina/bloom_lab/210702_M03100_0691_000000000-JP3WB/Data/Intensities/BaseCalls/Tile-7-WT-Sample_S4_L001_R1_001.fastq.gz
wt-plasmid-210702,/shared/ngs/illumina/bloom_lab/210702_M03100_0691_000000000-JP3WB/Data/Intensities/BaseCalls/Tile-7-WT-Plasmid_S9_L001_R1_001.fastq.gz
lib2-Huh-7.5-210702,/shared/ngs/illumina/bloom_lab/210702_M03100_0691_000000000-JP3WB/Data/Intensities/BaseCalls/Tile-7-Lib-2-Sample_S2_L001_R1_001.fastq.gz
lib1-C6-36-multi,/fh/fast/bloom_j/computational_notebooks/dbacsik/2022/ZIKV_DMS_NS5_EvansLab/data/concat_fastqs/concat_fastq_out/lib1_C636_R1.fastq.gz
lib2-C6-36-multi,/fh/fast/bloom_j/computational_notebooks/dbacsik/2022/ZIKV_DMS_NS5_EvansLab/data/concat_fastqs/concat_fastq_out/lib2_C636_R1.fastq.gz
lib3-C6-36-multi,/fh/fast/bloom_j/computational_notebooks/dbacsik/2022/ZIKV_DMS_NS5_EvansLab/data/concat_fastqs/concat_fastq_out/lib3_C636_R1.fastq.gz
wt-C6-36-multi,/fh/fast/bloom_j/computational_notebooks/dbacsik/2022/ZIKV_DMS_NS5_EvansLab/data/concat_fastqs/concat_fastq_out/wt_C636_R1.fastq.gz


2022-07-19 17:32:48,696 - INFO - Running dms2_bcsubamp on all samples using 36 CPUs...
2022-07-19 17:37:08,100 - INFO - Completed runs of dms2_bcsubamp.

2022-07-19 17:37:08,111 - INFO - Plotting read stats to results/tile_7/codoncounts/summary_readstats.pdf
2022-07-19 17:37:08,548 - INFO - Plotting barcode stats to results/tile_7/codoncounts/summary_bcstats.pdf
2022-07-19 17:37:08,998 - INFO - Plotting reads per barcode to results/tile_7/codoncounts/summary_readsperbc.pdf
2022-07-19 17:37:10,410 - INFO - Plotting count depth to results/tile_7/codoncounts/summary_depth.pdf
2022-07-19 17:37:11,516 - INFO - Plotting mutation frequencies to results/tile_7/codoncounts/summary_mutfreq.pdf
2022-07-19 17:37:13,550 - INFO - Plotting average frequencies of codon mutation types to results/tile_7/codoncounts/summary_codonmuttypes.pdf, writing the data to results/tile_7/codoncounts/summary_codonmuttypes.csv
2022-07-19 17:37:14,885 - INFO - Plotting average frequencies of nucleotide changes per codon mutation to results/tile_7/codoncounts/summary_codonntchanges.pdf
2022-07-19 17:37:16,348 - INFO - Plotting frequencies of nucleotide changes in 1-nucleotide mutations to results/tile_7/codoncounts/summary_singlentchanges.pdf
2022-07-19 17:37:17,753 - INFO - Plotting fraction of mutations seen less than some number of times to results/tile_7/codoncounts/summary_cumulmutcounts.pdf
2022-07-19 17:37:20,045 - INFO - Successful completion of dms2_batch_bcsubamp
