2024-03-11 16:11:20,261 - INFO - Beginning execution of dms2_bcsubamp in directory /fh/fast/bloom_j/computational_notebooks/ckikawa/2022/ZIKV_DMS_NS5_EvansLab

2024-03-11 16:11:20,262 - INFO - Progress is being logged to results/tile_7/codoncounts/wt-C6-36-multi.log
2024-03-11 16:11:20,298 - INFO - Version information:
	Time and date: Mon Mar 11 16:11:20 2024
	Platform: Linux-4.15.0-213-generic-x86_64-with-glibc2.10
	Python version: 3.8.18 | packaged by conda-forge | (default, Dec 23 2023, 17:21:28)  [GCC 12.3.0]
	dms_tools2 version: 2.6.10
	Bio version: 1.79
	pandas version: 0.25.3
	numpy version: 1.19.5
	IPython version: 8.3.0
	jupyter version unknown
	matplotlib version: 3.2.2
	plotnine version: 0.6.0
	natsort version: 8.2.0
	pystan version: 2.19.1.1
	scipy version: 1.10.1
	seaborn version: 0.12.2
	phydmslib version: 2.4.1
	statsmodels version: 0.13.2
	rpy2 cannot be imported
	regex version: 2.5.114
	umi_tools version: 1.1.2

2024-03-11 16:11:20,298 - INFO - Parsed the following arguments:
	outdir = results/tile_7/codoncounts
	ncpus = -1
	use_existing = no
	refseq = data/tile_7_amplicon.fasta
	alignspecs = ['1,339,30,30']
	bclen = 8
	fastqdir = None
	R2 = None
	R1trim = [210]
	R2trim = [210]
	bclen2 = None
	chartype = codon
	maxmuts = 4
	minq = 15
	minreads = 2
	minfraccall = 0.95
	minconcur = 0.75
	sitemask = None
	purgeread = 0.0
	purgebc = 0.0
	bcinfo = True
	bcinfo_csv = True
	name = wt-C6-36-multi
	R1 = ['/fh/fast/bloom_j/computational_notebooks/dbacsik/2022/ZIKV_DMS_NS5_EvansLab/data/concat_fastqs/concat_fastq_out/wt_C636_R1.fastq.gz']

2024-03-11 16:11:20,309 - INFO - Read refseq of 339 codons from data/tile_7_amplicon.fasta
2024-03-11 16:11:20,310 - INFO - Reads are in these FASTQ pairs:
	/fh/fast/bloom_j/computational_notebooks/dbacsik/2022/ZIKV_DMS_NS5_EvansLab/data/concat_fastqs/concat_fastq_out/wt_C636_R1.fastq.gz and /fh/fast/bloom_j/computational_notebooks/dbacsik/2022/ZIKV_DMS_NS5_EvansLab/data/concat_fastqs/concat_fastq_out/wt_C636_R2.fastq.gz

2024-03-11 16:11:20,310 - INFO - Now parsing read pairs...
2024-03-11 16:11:26,922 - INFO - Reads parsed so far: 500000
2024-03-11 16:11:32,928 - INFO - Reads parsed so far: 1000000
2024-03-11 16:11:38,681 - INFO - Reads parsed so far: 1500000
2024-03-11 16:11:44,584 - INFO - Reads parsed so far: 2000000
2024-03-11 16:11:50,748 - INFO - Reads parsed so far: 2500000
2024-03-11 16:11:57,069 - INFO - Reads parsed so far: 3000000
2024-03-11 16:12:02,353 - INFO - Reads parsed so far: 3500000
2024-03-11 16:12:09,023 - INFO - Reads parsed so far: 4000000
2024-03-11 16:12:14,185 - INFO - Reads parsed so far: 4500000
2024-03-11 16:12:19,377 - INFO - Reads parsed so far: 5000000
2024-03-11 16:12:24,566 - INFO - Reads parsed so far: 5500000
2024-03-11 16:12:31,633 - INFO - Reads parsed so far: 6000000
2024-03-11 16:12:36,834 - INFO - Reads parsed so far: 6500000
2024-03-11 16:12:42,169 - INFO - Reads parsed so far: 7000000
2024-03-11 16:12:47,375 - INFO - Reads parsed so far: 7500000
2024-03-11 16:12:52,535 - INFO - Reads parsed so far: 8000000
2024-03-11 16:12:57,722 - INFO - Reads parsed so far: 8500000
2024-03-11 16:13:03,046 - INFO - Reads parsed so far: 9000000
2024-03-11 16:13:10,746 - INFO - Reads parsed so far: 9500000
2024-03-11 16:13:15,987 - INFO - Reads parsed so far: 10000000
2024-03-11 16:13:21,299 - INFO - Reads parsed so far: 10500000
2024-03-11 16:13:26,840 - INFO - Reads parsed so far: 11000000
2024-03-11 16:13:32,432 - INFO - Reads parsed so far: 11500000
2024-03-11 16:13:34,479 - INFO - Parsed 11687181 reads, found 3489168 unique barcodes.
2024-03-11 16:13:34,482 - INFO - Summary stats on reads:
    total  fail filter  low Q barcode
 11687181      1353614        1405875
2024-03-11 16:13:34,482 - INFO - Writing these stats to results/tile_7/codoncounts/wt-C6-36-multi_readstats.csv

2024-03-11 16:13:35,308 - INFO - Number of reads per barcode:
                 number of barcodes
number of reads                    
1                           1276180
2                            743156
3                            594312
4                            405570
5                            239574
6                            126116
7                             59984
8                             26193
9                             10841
10                             4257
11                             1733
12                              662
13                              289
14                              124
15                               65
16                               36
17                               20
18                                8
19                                7
20                                6
21                                5
22                                2
23                                6
24                                2
25                                3
27                                3
28                                2
33                                1
34                                1
35                                3
36                                1
39                                1
40                                1
46                                1
54                                1
55                                1
70                                1
2024-03-11 16:13:35,309 - INFO - Writing these stats to results/tile_7/codoncounts/wt-C6-36-multi_readsperbc.csv

2024-03-11 16:13:35,312 - INFO - Examining the 3489168 barcodes to build and align subamplicons...
2024-03-11 16:13:41,571 - INFO - Barcodes examined so far: 200000
2024-03-11 16:13:47,669 - INFO - Barcodes examined so far: 400000
2024-03-11 16:13:53,596 - INFO - Barcodes examined so far: 600000
2024-03-11 16:13:59,447 - INFO - Barcodes examined so far: 800000
2024-03-11 16:14:05,162 - INFO - Barcodes examined so far: 1000000
2024-03-11 16:14:10,780 - INFO - Barcodes examined so far: 1200000
2024-03-11 16:14:16,270 - INFO - Barcodes examined so far: 1400000
2024-03-11 16:14:21,634 - INFO - Barcodes examined so far: 1600000
2024-03-11 16:14:26,830 - INFO - Barcodes examined so far: 1800000
2024-03-11 16:14:31,842 - INFO - Barcodes examined so far: 2000000
2024-03-11 16:14:36,666 - INFO - Barcodes examined so far: 2200000
2024-03-11 16:14:41,251 - INFO - Barcodes examined so far: 2400000
2024-03-11 16:14:45,462 - INFO - Barcodes examined so far: 2600000
2024-03-11 16:14:49,304 - INFO - Barcodes examined so far: 2800000
2024-03-11 16:14:52,755 - INFO - Barcodes examined so far: 3000000
2024-03-11 16:14:55,664 - INFO - Barcodes examined so far: 3200000
2024-03-11 16:14:58,010 - INFO - Barcodes examined so far: 3400000
2024-03-11 16:14:58,897 - INFO - Examined all barcodes. Summary stats:
   total  too few reads  not alignable  aligned
 3489168        1276180        1965088   247900
2024-03-11 16:14:58,897 - INFO - Writing these stats to results/tile_7/codoncounts/wt-C6-36-multi_bcstats.csv

2024-03-11 16:14:58,917 - INFO - Writing the counts of each codon identity at each site to results/tile_7/codoncounts/wt-C6-36-multi_codoncounts.csv

2024-03-11 16:14:58,929 - INFO - Successful completion of dms2_bcsubamp
