2022-07-19 17:31:51,744 - INFO - Beginning execution of dms2_diffsel in directory /fh/fast/bloom_j/computational_notebooks/ckikawa/2022/ZIKV_DMS_NS5_EvansLab

2022-07-19 17:31:51,744 - INFO - Progress is being logged to results/tile_8/diffsel/lib3.log
2022-07-19 17:31:51,780 - INFO - Version information:
	Time and date: Tue Jul 19 17:31:51 2022
	Platform: Linux-4.15.0-118-generic-x86_64-with-glibc2.10
	Python version: 3.8.13 | packaged by conda-forge | (default, Mar 25 2022, 06:04:10)  [GCC 10.3.0]
	dms_tools2 version: 2.6.10
	Bio version: 1.79
	pandas version: 0.25.3
	numpy version: 1.19.5
	IPython version: 8.3.0
	jupyter version: 1.0.0
	matplotlib version: 3.2.2
	plotnine version: 0.6.0
	natsort version: 8.1.0
	pystan version: 2.19.1.1
	scipy version: 1.5.2
	seaborn version: 0.10.1
	phydmslib version: 2.4.1
	statsmodels version: 0.11.1
	rpy2 cannot be imported
	regex version: 2.5.114
	umi_tools version: 1.1.2

2022-07-19 17:31:51,780 - INFO - Parsed the following arguments:
	outdir = results/tile_8/diffsel
	ncpus = 12
	use_existing = yes
	indir = None
	chartype = codon_to_aa
	excludestop = yes
	pseudocount = 5.0
	mincount = 0
	name = lib3
	sel = results/tile_8/renumbered_codoncounts/lib3-Huh-7.5-210702_codoncounts.csv
	mock = results/tile_8/renumbered_codoncounts/lib3-C6-36-multi_codoncounts.csv
	err = results/tile_8/renumbered_codoncounts/wt-plasmid-210702_codoncounts.csv

2022-07-19 17:31:51,782 - INFO - Reading selected sample counts from results/tile_8/renumbered_codoncounts/lib3-Huh-7.5-210702_codoncounts.csv
2022-07-19 17:31:51,793 - INFO - Reading mock-selected sample counts from results/tile_8/renumbered_codoncounts/lib3-C6-36-multi_codoncounts.csv
2022-07-19 17:31:51,798 - INFO - Reading error-control sample counts from results/tile_8/renumbered_codoncounts/wt-plasmid-210702_codoncounts.csv
2022-07-19 17:31:51,803 - INFO - Computing mutdiffsel...
2022-07-19 17:31:52,673 - INFO - Mutations with largest mutdiffsel:
 site wildtype mutation  mutdiffsel
  894        G        A        3.54
  805        W        R        3.11
  895        E        R        2.83
  859        T        H        2.72
  894        G        L        2.62
  896        E        R        2.56
  894        G        P        2.48
  800        H        Q        2.38
  804        E        A        2.37
  826        M        R        2.21

2022-07-19 17:31:52,673 - INFO - Writing to results/tile_8/diffsel/lib3_mutdiffsel.csv
2022-07-19 17:31:52,683 - INFO - Computing sitediffsel...
2022-07-19 17:31:52,714 - INFO - Sites with largest absolute sitediffsel:
 site  abs_diffsel  positive_diffsel  negative_diffsel  max_diffsel  min_diffsel
  894        27.04             27.04              0.00         3.54         0.00
  895        21.93             21.49             -0.44         2.83        -0.40
  897        16.81             15.33             -1.48         2.02        -0.95
  833        15.70             13.71             -1.99         1.95        -0.87
  896        15.02             13.07             -1.95         2.56        -0.67
  887        14.77             11.21             -3.56         1.54        -1.34
  806        13.56              6.81             -6.75         1.66        -1.66
  866        13.08             10.49             -2.58         1.67        -0.83
  822        12.52              6.93             -5.59         1.62        -1.73
  898        12.16             10.66             -1.50         1.54        -0.77

2022-07-19 17:31:52,714 - INFO - Writing to results/tile_8/diffsel/lib3_sitediffsel.csv
2022-07-19 17:31:52,718 - INFO - Successful completion of dms2_diffsel
