2024-03-11 16:24:29,200 - INFO - Beginning execution of dms2_diffsel in directory /fh/fast/bloom_j/computational_notebooks/ckikawa/2022/ZIKV_DMS_NS5_EvansLab

2024-03-11 16:24:29,200 - INFO - Progress is being logged to results/tile_1/diffsel/lib1.log
2024-03-11 16:24:29,236 - INFO - Version information:
	Time and date: Mon Mar 11 16:24:29 2024
	Platform: Linux-4.15.0-213-generic-x86_64-with-glibc2.10
	Python version: 3.8.18 | packaged by conda-forge | (default, Dec 23 2023, 17:21:28)  [GCC 12.3.0]
	dms_tools2 version: 2.6.10
	Bio version: 1.79
	pandas version: 0.25.3
	numpy version: 1.19.5
	IPython version: 8.3.0
	jupyter version unknown
	matplotlib version: 3.2.2
	plotnine version: 0.6.0
	natsort version: 8.2.0
	pystan version: 2.19.1.1
	scipy version: 1.10.1
	seaborn version: 0.12.2
	phydmslib version: 2.4.1
	statsmodels version: 0.13.2
	rpy2 cannot be imported
	regex version: 2.5.114
	umi_tools version: 1.1.2

2024-03-11 16:24:29,236 - INFO - Parsed the following arguments:
	outdir = results/tile_1/diffsel
	ncpus = 12
	use_existing = yes
	indir = None
	chartype = codon_to_aa
	excludestop = yes
	pseudocount = 5.0
	mincount = 0
	name = lib1
	sel = results/tile_1/renumbered_codoncounts/lib1-Huh-7.5-201112_codoncounts.csv
	mock = results/tile_1/renumbered_codoncounts/lib1-C6-36-multi_codoncounts.csv
	err = results/tile_1/renumbered_codoncounts/wt-plasmid-201112_codoncounts.csv

2024-03-11 16:24:29,238 - INFO - Reading selected sample counts from results/tile_1/renumbered_codoncounts/lib1-Huh-7.5-201112_codoncounts.csv
2024-03-11 16:24:29,244 - INFO - Reading mock-selected sample counts from results/tile_1/renumbered_codoncounts/lib1-C6-36-multi_codoncounts.csv
2024-03-11 16:24:29,249 - INFO - Reading error-control sample counts from results/tile_1/renumbered_codoncounts/wt-plasmid-201112_codoncounts.csv
2024-03-11 16:24:29,254 - INFO - Computing mutdiffsel...
2024-03-11 16:24:30,243 - INFO - Mutations with largest mutdiffsel:
 site wildtype mutation  mutdiffsel
  110        H        R        3.76
  105        K        S        3.72
   22        L        G        3.67
  106        G        A        3.03
   18        Q        K        2.94
   22        L        A        2.87
   22        L        S        2.83
    8        L        S        2.59
   22        L        N        2.59
   89        Y        Q        2.53

2024-03-11 16:24:30,243 - INFO - Writing to results/tile_1/diffsel/lib1_mutdiffsel.csv
2024-03-11 16:24:30,252 - INFO - Computing sitediffsel...
2024-03-11 16:24:30,275 - INFO - Sites with largest absolute sitediffsel:
 site  abs_diffsel  positive_diffsel  negative_diffsel  max_diffsel  min_diffsel
   22        30.16             29.04             -1.12         3.67        -0.78
  105        22.41             22.41              0.00         3.72         0.00
    6        19.96             19.70             -0.26         2.08        -0.26
   46        16.66             14.29             -2.37         2.16        -1.14
   19        15.65              0.82            -14.84         0.70        -2.26
   39        15.47             14.94             -0.53         2.33        -0.40
   43        14.75             14.48             -0.26         1.83        -0.21
   21        14.66              7.69             -6.96         2.01        -1.49
   72        14.37             11.53             -2.84         2.43        -1.21
   23        13.91             10.49             -3.42         1.79        -0.97

2024-03-11 16:24:30,275 - INFO - Writing to results/tile_1/diffsel/lib1_sitediffsel.csv
2024-03-11 16:24:30,293 - INFO - Successful completion of dms2_diffsel
