2022-07-19 17:25:14,074 - INFO - Beginning execution of dms2_diffsel in directory /fh/fast/bloom_j/computational_notebooks/ckikawa/2022/ZIKV_DMS_NS5_EvansLab

2022-07-19 17:25:14,074 - INFO - Progress is being logged to results/tile_1/diffsel/lib2.log
2022-07-19 17:25:14,107 - INFO - Version information:
	Time and date: Tue Jul 19 17:25:14 2022
	Platform: Linux-4.15.0-118-generic-x86_64-with-glibc2.10
	Python version: 3.8.13 | packaged by conda-forge | (default, Mar 25 2022, 06:04:10)  [GCC 10.3.0]
	dms_tools2 version: 2.6.10
	Bio version: 1.79
	pandas version: 0.25.3
	numpy version: 1.19.5
	IPython version: 8.3.0
	jupyter version: 1.0.0
	matplotlib version: 3.2.2
	plotnine version: 0.6.0
	natsort version: 8.1.0
	pystan version: 2.19.1.1
	scipy version: 1.5.2
	seaborn version: 0.10.1
	phydmslib version: 2.4.1
	statsmodels version: 0.11.1
	rpy2 cannot be imported
	regex version: 2.5.114
	umi_tools version: 1.1.2

2022-07-19 17:25:14,107 - INFO - Parsed the following arguments:
	outdir = results/tile_1/diffsel
	ncpus = 12
	use_existing = yes
	indir = None
	chartype = codon_to_aa
	excludestop = yes
	pseudocount = 5.0
	mincount = 0
	name = lib2
	sel = results/tile_1/renumbered_codoncounts/lib2-Huh-7.5-201112_codoncounts.csv
	mock = results/tile_1/renumbered_codoncounts/lib2-C6-36-multi_codoncounts.csv
	err = results/tile_1/renumbered_codoncounts/wt-plasmid-201112_codoncounts.csv

2022-07-19 17:25:14,108 - INFO - Reading selected sample counts from results/tile_1/renumbered_codoncounts/lib2-Huh-7.5-201112_codoncounts.csv
2022-07-19 17:25:14,115 - INFO - Reading mock-selected sample counts from results/tile_1/renumbered_codoncounts/lib2-C6-36-multi_codoncounts.csv
2022-07-19 17:25:14,120 - INFO - Reading error-control sample counts from results/tile_1/renumbered_codoncounts/wt-plasmid-201112_codoncounts.csv
2022-07-19 17:25:14,125 - INFO - Computing mutdiffsel...
2022-07-19 17:25:15,056 - INFO - Mutations with largest mutdiffsel:
 site wildtype mutation  mutdiffsel
   18        Q        K        3.71
    5        G        A        3.51
   21        A        Q        3.04
  105        K        S        2.99
   20        S        R        2.93
   22        L        S        2.80
   22        L        G        2.71
    6        E        R        2.66
  110        H        R        2.58
   22        L        C        2.44

2022-07-19 17:25:15,056 - INFO - Writing to results/tile_1/diffsel/lib2_mutdiffsel.csv
2022-07-19 17:25:15,066 - INFO - Computing sitediffsel...
2022-07-19 17:25:15,089 - INFO - Sites with largest absolute sitediffsel:
 site  abs_diffsel  positive_diffsel  negative_diffsel  max_diffsel  min_diffsel
   22        30.74             27.79             -2.96         2.80        -1.01
    6        22.16             20.40             -1.76         2.66        -1.35
   39        19.30             19.30              0.00         1.99         0.00
  105        18.58             17.11             -1.47         2.99        -0.58
   19        17.56              2.21            -15.34         1.31        -2.77
   21        17.44             10.67             -6.77         3.04        -1.46
    4        16.88              2.13            -14.74         1.43        -2.06
   38        16.33             15.42             -0.91         2.34        -0.91
  109        15.21             13.06             -2.14         2.16        -0.69
   20        15.14              6.30             -8.84         2.93        -1.46

2022-07-19 17:25:15,089 - INFO - Writing to results/tile_1/diffsel/lib2_sitediffsel.csv
2022-07-19 17:25:15,093 - INFO - Successful completion of dms2_diffsel
