2024-03-11 16:38:02,534 - INFO - Beginning execution of dms2_diffsel in directory /fh/fast/bloom_j/computational_notebooks/ckikawa/2022/ZIKV_DMS_NS5_EvansLab

2024-03-11 16:38:02,534 - INFO - Progress is being logged to results/tile_6/diffsel/lib1.log
2024-03-11 16:38:02,571 - INFO - Version information:
	Time and date: Mon Mar 11 16:38:02 2024
	Platform: Linux-4.15.0-213-generic-x86_64-with-glibc2.10
	Python version: 3.8.18 | packaged by conda-forge | (default, Dec 23 2023, 17:21:28)  [GCC 12.3.0]
	dms_tools2 version: 2.6.10
	Bio version: 1.79
	pandas version: 0.25.3
	numpy version: 1.19.5
	IPython version: 8.3.0
	jupyter version unknown
	matplotlib version: 3.2.2
	plotnine version: 0.6.0
	natsort version: 8.2.0
	pystan version: 2.19.1.1
	scipy version: 1.10.1
	seaborn version: 0.12.2
	phydmslib version: 2.4.1
	statsmodels version: 0.13.2
	rpy2 cannot be imported
	regex version: 2.5.114
	umi_tools version: 1.1.2

2024-03-11 16:38:02,571 - INFO - Parsed the following arguments:
	outdir = results/tile_6/diffsel
	ncpus = 12
	use_existing = yes
	indir = None
	chartype = codon_to_aa
	excludestop = yes
	pseudocount = 5.0
	mincount = 0
	name = lib1
	sel = results/tile_6/renumbered_codoncounts/lib1-Huh-7.5-210921_codoncounts.csv
	mock = results/tile_6/renumbered_codoncounts/lib1-C6-36-multi_codoncounts.csv
	err = results/tile_6/renumbered_codoncounts/wt-plasmid-210921_codoncounts.csv

2024-03-11 16:38:02,573 - INFO - Reading selected sample counts from results/tile_6/renumbered_codoncounts/lib1-Huh-7.5-210921_codoncounts.csv
2024-03-11 16:38:02,580 - INFO - Reading mock-selected sample counts from results/tile_6/renumbered_codoncounts/lib1-C6-36-multi_codoncounts.csv
2024-03-11 16:38:02,585 - INFO - Reading error-control sample counts from results/tile_6/renumbered_codoncounts/wt-plasmid-210921_codoncounts.csv
2024-03-11 16:38:02,590 - INFO - Computing mutdiffsel...
2024-03-11 16:38:03,611 - INFO - Mutations with largest mutdiffsel:
 site wildtype mutation  mutdiffsel
  667        C        T        1.85
  580        K        Q        1.57
  580        K        L        1.55
  673        D        E        1.43
  618        V        G        1.43
  567        L        I        1.21
  580        K        G        1.14
  652        N        Q        1.12
  641        K        W        1.10
  647        R        W        1.10

2024-03-11 16:38:03,611 - INFO - Writing to results/tile_6/diffsel/lib1_mutdiffsel.csv
2024-03-11 16:38:03,620 - INFO - Computing sitediffsel...
2024-03-11 16:38:03,642 - INFO - Sites with largest absolute sitediffsel:
 site  abs_diffsel  positive_diffsel  negative_diffsel  max_diffsel  min_diffsel
  654        15.04              0.68            -14.36         0.56        -1.79
  571        10.46              0.66             -9.81         0.40        -1.53
  640         9.76              2.86             -6.90         0.85        -1.65
  589         9.75              0.76             -8.99         0.50        -1.05
  598         9.37              0.89             -8.48         0.63        -1.42
  572         9.37              0.00             -9.37         0.00        -2.86
  587         9.21              0.92             -8.29         0.47        -1.31
  580         9.02              7.02             -2.00         1.57        -0.91
  655         8.63              1.50             -7.13         0.73        -1.03
  575         8.49              1.53             -6.96         0.68        -1.37

2024-03-11 16:38:03,642 - INFO - Writing to results/tile_6/diffsel/lib1_sitediffsel.csv
2024-03-11 16:38:03,645 - INFO - Successful completion of dms2_diffsel
