2024-03-11 16:38:02,531 - INFO - Beginning execution of dms2_diffsel in directory /fh/fast/bloom_j/computational_notebooks/ckikawa/2022/ZIKV_DMS_NS5_EvansLab

2024-03-11 16:38:02,531 - INFO - Progress is being logged to results/tile_6/diffsel/lib2.log
2024-03-11 16:38:02,568 - INFO - Version information:
	Time and date: Mon Mar 11 16:38:02 2024
	Platform: Linux-4.15.0-213-generic-x86_64-with-glibc2.10
	Python version: 3.8.18 | packaged by conda-forge | (default, Dec 23 2023, 17:21:28)  [GCC 12.3.0]
	dms_tools2 version: 2.6.10
	Bio version: 1.79
	pandas version: 0.25.3
	numpy version: 1.19.5
	IPython version: 8.3.0
	jupyter version unknown
	matplotlib version: 3.2.2
	plotnine version: 0.6.0
	natsort version: 8.2.0
	pystan version: 2.19.1.1
	scipy version: 1.10.1
	seaborn version: 0.12.2
	phydmslib version: 2.4.1
	statsmodels version: 0.13.2
	rpy2 cannot be imported
	regex version: 2.5.114
	umi_tools version: 1.1.2

2024-03-11 16:38:02,568 - INFO - Parsed the following arguments:
	outdir = results/tile_6/diffsel
	ncpus = 12
	use_existing = yes
	indir = None
	chartype = codon_to_aa
	excludestop = yes
	pseudocount = 5.0
	mincount = 0
	name = lib2
	sel = results/tile_6/renumbered_codoncounts/lib2-Huh-7.5-210921_codoncounts.csv
	mock = results/tile_6/renumbered_codoncounts/lib2-C6-36-multi_codoncounts.csv
	err = results/tile_6/renumbered_codoncounts/wt-plasmid-210921_codoncounts.csv

2024-03-11 16:38:02,570 - INFO - Reading selected sample counts from results/tile_6/renumbered_codoncounts/lib2-Huh-7.5-210921_codoncounts.csv
2024-03-11 16:38:02,577 - INFO - Reading mock-selected sample counts from results/tile_6/renumbered_codoncounts/lib2-C6-36-multi_codoncounts.csv
2024-03-11 16:38:02,582 - INFO - Reading error-control sample counts from results/tile_6/renumbered_codoncounts/wt-plasmid-210921_codoncounts.csv
2024-03-11 16:38:02,587 - INFO - Computing mutdiffsel...
2024-03-11 16:38:03,595 - INFO - Mutations with largest mutdiffsel:
 site wildtype mutation  mutdiffsel
  608        T        I        2.08
  580        K        L        2.07
  580        K        C        2.03
  629        E        R        1.95
  580        K        G        1.63
  591        V        I        1.55
  580        K        Q        1.51
  619        V        C        1.44
  629        E        M        1.41
  580        K        A        1.35

2024-03-11 16:38:03,595 - INFO - Writing to results/tile_6/diffsel/lib2_mutdiffsel.csv
2024-03-11 16:38:03,605 - INFO - Computing sitediffsel...
2024-03-11 16:38:03,627 - INFO - Sites with largest absolute sitediffsel:
 site  abs_diffsel  positive_diffsel  negative_diffsel  max_diffsel  min_diffsel
  654        11.84              1.54            -10.31         0.62        -1.29
  580        11.66              9.84             -1.82         2.07        -1.02
  589        11.32              0.47            -10.85         0.47        -1.39
  641        10.50              1.98             -8.53         0.85        -1.38
  571        10.38              0.38             -9.99         0.17        -2.09
  629         9.97              7.38             -2.59         1.95        -1.02
  587         9.44              1.70             -7.74         0.66        -2.09
  655         9.11              1.15             -7.96         0.49        -1.31
  644         8.86              0.76             -8.10         0.42        -1.40
  624         8.76              2.15             -6.61         1.16        -1.10

2024-03-11 16:38:03,627 - INFO - Writing to results/tile_6/diffsel/lib2_sitediffsel.csv
2024-03-11 16:38:03,630 - INFO - Successful completion of dms2_diffsel
