2024-03-11 16:38:02,546 - INFO - Beginning execution of dms2_diffsel in directory /fh/fast/bloom_j/computational_notebooks/ckikawa/2022/ZIKV_DMS_NS5_EvansLab

2024-03-11 16:38:02,546 - INFO - Progress is being logged to results/tile_6/diffsel/lib3.log
2024-03-11 16:38:02,582 - INFO - Version information:
	Time and date: Mon Mar 11 16:38:02 2024
	Platform: Linux-4.15.0-213-generic-x86_64-with-glibc2.10
	Python version: 3.8.18 | packaged by conda-forge | (default, Dec 23 2023, 17:21:28)  [GCC 12.3.0]
	dms_tools2 version: 2.6.10
	Bio version: 1.79
	pandas version: 0.25.3
	numpy version: 1.19.5
	IPython version: 8.3.0
	jupyter version unknown
	matplotlib version: 3.2.2
	plotnine version: 0.6.0
	natsort version: 8.2.0
	pystan version: 2.19.1.1
	scipy version: 1.10.1
	seaborn version: 0.12.2
	phydmslib version: 2.4.1
	statsmodels version: 0.13.2
	rpy2 cannot be imported
	regex version: 2.5.114
	umi_tools version: 1.1.2

2024-03-11 16:38:02,582 - INFO - Parsed the following arguments:
	outdir = results/tile_6/diffsel
	ncpus = 12
	use_existing = yes
	indir = None
	chartype = codon_to_aa
	excludestop = yes
	pseudocount = 5.0
	mincount = 0
	name = lib3
	sel = results/tile_6/renumbered_codoncounts/lib3-Huh-7.5-210921_codoncounts.csv
	mock = results/tile_6/renumbered_codoncounts/lib3-C6-36-multi_codoncounts.csv
	err = results/tile_6/renumbered_codoncounts/wt-plasmid-210921_codoncounts.csv

2024-03-11 16:38:02,584 - INFO - Reading selected sample counts from results/tile_6/renumbered_codoncounts/lib3-Huh-7.5-210921_codoncounts.csv
2024-03-11 16:38:02,590 - INFO - Reading mock-selected sample counts from results/tile_6/renumbered_codoncounts/lib3-C6-36-multi_codoncounts.csv
2024-03-11 16:38:02,595 - INFO - Reading error-control sample counts from results/tile_6/renumbered_codoncounts/wt-plasmid-210921_codoncounts.csv
2024-03-11 16:38:02,601 - INFO - Computing mutdiffsel...
2024-03-11 16:38:03,617 - INFO - Mutations with largest mutdiffsel:
 site wildtype mutation  mutdiffsel
  580        K        C        1.98
  643        E        I        1.64
  585        A        M        1.55
  580        K        G        1.52
  580        K        L        1.49
  580        K        S        1.43
  652        N        C        1.37
  645        V        I        1.36
  629        E        V        1.32
  586        E        I        1.31

2024-03-11 16:38:03,617 - INFO - Writing to results/tile_6/diffsel/lib3_mutdiffsel.csv
2024-03-11 16:38:03,626 - INFO - Computing sitediffsel...
2024-03-11 16:38:03,648 - INFO - Sites with largest absolute sitediffsel:
 site  abs_diffsel  positive_diffsel  negative_diffsel  max_diffsel  min_diffsel
  589        15.28              0.13            -15.14         0.12        -2.20
  586        12.68              7.59             -5.09         1.31        -1.04
  571        11.63              2.46             -9.18         1.00        -1.70
  647        10.14              4.69             -5.46         1.24        -1.26
  580        10.07              8.28             -1.79         1.98        -1.14
  633         9.46              5.42             -4.04         1.11        -1.00
  643         9.29              6.87             -2.42         1.64        -0.90
  629         9.21              4.78             -4.43         1.32        -1.32
  654         9.18              2.05             -7.14         0.69        -1.55
  567         9.13              3.30             -5.82         0.64        -1.97

2024-03-11 16:38:03,648 - INFO - Writing to results/tile_6/diffsel/lib3_sitediffsel.csv
2024-03-11 16:38:03,652 - INFO - Successful completion of dms2_diffsel
