2022-05-06 09:45:20,393 - INFO - Beginning execution of dms2_prefs in directory /fh/fast/bloom_j/computational_notebooks/ckikawa/2022/ZIKV_DMS_NS5_EvansLab

2022-05-06 09:45:20,394 - INFO - Progress is being logged to results/tile_2/prefs/lib3-C6-36-220415.log
2022-05-06 09:45:20,431 - INFO - Version information:
	Time and date: Fri May  6 09:45:20 2022
	Platform: Linux-4.15.0-118-generic-x86_64-with-glibc2.10
	Python version: 3.8.13 | packaged by conda-forge | (default, Mar 25 2022, 06:04:10)  [GCC 10.3.0]
	dms_tools2 version: 2.6.10
	Bio version: 1.79
	pandas version: 0.25.3
	numpy version: 1.19.5
	IPython version: 8.3.0
	jupyter version: 1.0.0
	matplotlib version: 3.2.2
	plotnine version: 0.6.0
	natsort version: 8.1.0
	pystan version: 2.19.1.1
	scipy version: 1.5.2
	seaborn version: 0.10.1
	phydmslib version: 2.4.1
	statsmodels version: 0.11.1
	rpy2 cannot be imported
	regex version: 2.5.114
	umi_tools version: 1.1.2

2022-05-06 09:45:20,431 - INFO - Parsed the following arguments:
	outdir = results/tile_2/prefs
	ncpus = 4
	use_existing = yes
	method = ratio
	indir = results/tile_2/renumbered_codoncounts
	chartype = codon_to_aa
	excludestop = yes
	conc = [1.0, 1.0, 1.0]
	pseudocount = 1
	pre = lib3-plasmid-210528
	post = lib3-C6-36-220415
	name = lib3-C6-36-220415
	err = ['wt-plasmid-210528', 'wt-C6-36-220415']

2022-05-06 09:45:20,433 - INFO - Reading pre-selection counts from results/tile_2/renumbered_codoncounts/lib3-plasmid-210528_codoncounts.csv
2022-05-06 09:45:20,441 - INFO - Reading post-selection counts from results/tile_2/renumbered_codoncounts/lib3-C6-36-220415_codoncounts.csv
2022-05-06 09:45:20,448 - INFO - Reading pre-selection error-control counts from pre
2022-05-06 09:45:20,453 - INFO - Reading post-selection error-control counts from post
2022-05-06 09:45:20,464 - INFO - Read counts for 114 sites.
2022-05-06 09:45:20,464 - INFO - Here are sites and wildtype identities:
	111	GAA
	112	GAA
	113	CCC
	114	ATG
	115	CTG
	116	GTG
	117	CAA
	118	AGC
	119	TAT
	120	GGG
	121	TGG
	122	AAC
	123	ATA
	124	GTT
	125	CGT
	126	CTC
	127	AAG
	128	AGT
	129	GGA
	130	GTG
	131	GAC
	132	GTC
	133	TTC
	134	CAC
	135	ATG
	136	GCG
	137	GCT
	138	GAG
	139	CCG
	140	TGT
	141	GAC
	142	ACT
	143	CTG
	144	CTG
	145	TGT
	146	GAC
	147	ATA
	148	GGT
	149	GAG
	150	TCA
	151	TCA
	152	TCT
	153	AGT
	154	CCT
	155	GAA
	156	GTG
	157	GAA
	158	GAG
	159	ACA
	160	CGA
	161	ACA
	162	CTC
	163	AGA
	164	GTG
	165	CTC
	166	TCT
	167	ATG
	168	GTG
	169	GGG
	170	GAC
	171	TGG
	172	CTT
	173	GAA
	174	AAA
	175	AGA
	176	CCA
	177	GGG
	178	GCC
	179	TTC
	180	TGT
	181	ATA
	182	AAG
	183	GTG
	184	CTG
	185	TGC
	186	CCA
	187	TAC
	188	ACC
	189	AGC
	190	ACT
	191	ATG
	192	ATG
	193	GAA
	194	ACC
	195	ATG
	196	GAG
	197	CGA
	198	CTG
	199	CAA
	200	CGT
	201	AGG
	202	CAT
	203	GGG
	204	GGA
	205	GGA
	206	TTA
	207	GTC
	208	AGA
	209	GTG
	210	CCA
	211	TTG
	212	TCT
	213	CGC
	214	AAC
	215	TCC
	216	ACA
	217	CAT
	218	GAG
	219	ATG
	220	TAC
	221	TGG
	222	GTC
	223	TCT
	224	GGG

2022-05-06 09:45:20,464 - INFO - Computing preferences as normalized enrichment ratios...
2022-05-06 09:45:20,794 - INFO - Writing preferences to results/tile_2/prefs/lib3-C6-36-220415_prefs.csv
2022-05-06 09:45:20,802 - INFO - Successful completion of dms2_prefs
