2024-11-14 13:59:46,976 - INFO - Beginning execution of dms2_batch_prefs in directory /fh/fast/bloom_j/computational_notebooks/ckikawa/2022/ZIKV_DMS_NS5_EvansLab

2024-11-14 13:59:46,978 - INFO - Progress is being logged to results/tile_2/prefs/summary.log
2024-11-14 13:59:47,018 - INFO - Version information:
	Time and date: Thu Nov 14 13:59:46 2024
	Platform: Linux-4.15.0-213-generic-x86_64-with-glibc2.10
	Python version: 3.8.18 | packaged by conda-forge | (default, Dec 23 2023, 17:21:28)  [GCC 12.3.0]
	dms_tools2 version: 2.6.10
	Bio version: 1.79
	pandas version: 0.25.3
	numpy version: 1.19.5
	IPython version: 8.3.0
	jupyter version unknown
	matplotlib version: 3.2.2
	plotnine version: 0.6.0
	natsort version: 8.2.0
	pystan version: 2.19.1.1
	scipy version: 1.10.1
	seaborn version: 0.12.2
	phydmslib version: 2.4.1
	statsmodels version: 0.13.2
	rpy2 cannot be imported
	regex version: 2.5.114
	umi_tools version: 1.1.2

2024-11-14 13:59:47,018 - INFO - Parsed the following arguments:
	outdir = results/tile_2/prefs
	ncpus = 16
	use_existing = no
	method = ratio
	indir = results/tile_2/renumbered_codoncounts
	chartype = codon_to_aa
	excludestop = yes
	conc = [1, 1, 1]
	pseudocount = 1
	batchfile = results/tile_2/prefs/batch.csv
	summaryprefix = summary
	no_corr = False
	no_avg = False

2024-11-14 13:59:47,019 - INFO - Parsing info from results/tile_2/prefs/batch.csv
2024-11-14 13:59:47,028 - INFO - Read the following sample information:
name,selection,library,pre,post,date,errpre,errpost
lib1-Huh-7.5-210528,Huh-7.5,lib1,lib1-plasmid-210528,lib1-Huh-7.5-210528,210528,wt-plasmid-210528,wt-Huh-7.5-210528
lib3-Huh-7.5-210528,Huh-7.5,lib3,lib3-plasmid-210528,lib3-Huh-7.5-210528,210528,wt-plasmid-210528,wt-Huh-7.5-210528
lib2-Huh-7.5-210528,Huh-7.5,lib2,lib2-plasmid-210528,lib2-Huh-7.5-210528,210528,wt-plasmid-210528,wt-Huh-7.5-210528


2024-11-14 13:59:47,029 - INFO - Running dms2_prefs on all samples...
2024-11-14 13:59:51,114 - INFO - Completed runs of dms2_prefs.

2024-11-14 13:59:51,120 - INFO - Plotting correlations to results/tile_2/prefs/summary_prefscorr.pdf

2024-11-14 13:59:52,009 - INFO - Writing average preferences to results/tile_2/prefs/summary_avgprefs.csv

2024-11-14 13:59:52,030 - INFO - Successful completion of dms2_batch_prefs
