2024-03-11 16:32:24,042 - INFO - Beginning execution of dms2_bcsubamp in directory /fh/fast/bloom_j/computational_notebooks/ckikawa/2022/ZIKV_DMS_NS5_EvansLab

2024-03-11 16:32:24,042 - INFO - Progress is being logged to results/tile_6/codoncounts/lib1-plasmid-210921.log
2024-03-11 16:32:24,079 - INFO - Version information:
	Time and date: Mon Mar 11 16:32:24 2024
	Platform: Linux-4.15.0-213-generic-x86_64-with-glibc2.10
	Python version: 3.8.18 | packaged by conda-forge | (default, Dec 23 2023, 17:21:28)  [GCC 12.3.0]
	dms_tools2 version: 2.6.10
	Bio version: 1.79
	pandas version: 0.25.3
	numpy version: 1.19.5
	IPython version: 8.3.0
	jupyter version unknown
	matplotlib version: 3.2.2
	plotnine version: 0.6.0
	natsort version: 8.2.0
	pystan version: 2.19.1.1
	scipy version: 1.10.1
	seaborn version: 0.12.2
	phydmslib version: 2.4.1
	statsmodels version: 0.13.2
	rpy2 cannot be imported
	regex version: 2.5.114
	umi_tools version: 1.1.2

2024-03-11 16:32:24,079 - INFO - Parsed the following arguments:
	outdir = results/tile_6/codoncounts
	ncpus = -1
	use_existing = no
	refseq = data/tile_6_amplicon.fasta
	alignspecs = ['1,339,30,30']
	bclen = 8
	fastqdir = None
	R2 = None
	R1trim = [210]
	R2trim = [210]
	bclen2 = None
	chartype = codon
	maxmuts = 4
	minq = 15
	minreads = 2
	minfraccall = 0.95
	minconcur = 0.75
	sitemask = None
	purgeread = 0.0
	purgebc = 0.0
	bcinfo = True
	bcinfo_csv = True
	name = lib1-plasmid-210921
	R1 = ['/shared/ngs/illumina/bloom_lab/210921_D00300_1326_BHMTYKBCX3/Unaligned/Project_bloom_lab/Tile_6-1_Plasmid_S31_R1_001.fastq.gz']

2024-03-11 16:32:24,089 - INFO - Read refseq of 339 codons from data/tile_6_amplicon.fasta
2024-03-11 16:32:24,109 - INFO - Reads are in these FASTQ pairs:
	/shared/ngs/illumina/bloom_lab/210921_D00300_1326_BHMTYKBCX3/Unaligned/Project_bloom_lab/Tile_6-1_Plasmid_S31_R1_001.fastq.gz and /shared/ngs/illumina/bloom_lab/210921_D00300_1326_BHMTYKBCX3/Unaligned/Project_bloom_lab/Tile_6-1_Plasmid_S31_R2_001.fastq.gz

2024-03-11 16:32:24,109 - INFO - Now parsing read pairs...
2024-03-11 16:32:30,573 - INFO - Reads parsed so far: 500000
2024-03-11 16:32:36,182 - INFO - Reads parsed so far: 1000000
2024-03-11 16:32:37,759 - INFO - Parsed 1151778 reads, found 291001 unique barcodes.
2024-03-11 16:32:37,762 - INFO - Summary stats on reads:
   total  fail filter  low Q barcode
 1151778        22295         123817
2024-03-11 16:32:37,762 - INFO - Writing these stats to results/tile_6/codoncounts/lib1-plasmid-210921_readstats.csv

2024-03-11 16:32:37,840 - INFO - Number of reads per barcode:
                 number of barcodes
number of reads                    
1                             79336
2                             45875
3                             43860
4                             37615
5                             29084
6                             20960
7                             14388
8                              8944
9                              5326
10                             2871
11                             1469
12                              691
13                              338
14                              143
15                               58
16                               21
17                               13
18                                7
20                                1
28                                1
2024-03-11 16:32:37,840 - INFO - Writing these stats to results/tile_6/codoncounts/lib1-plasmid-210921_readsperbc.csv

2024-03-11 16:32:37,843 - INFO - Examining the 291001 barcodes to build and align subamplicons...
2024-03-11 16:32:50,460 - INFO - Barcodes examined so far: 200000
2024-03-11 16:32:53,897 - INFO - Examined all barcodes. Summary stats:
  total  too few reads  not alignable  aligned
 291001          79336          28278   183387
2024-03-11 16:32:53,897 - INFO - Writing these stats to results/tile_6/codoncounts/lib1-plasmid-210921_bcstats.csv

2024-03-11 16:32:53,910 - INFO - Writing the counts of each codon identity at each site to results/tile_6/codoncounts/lib1-plasmid-210921_codoncounts.csv

2024-03-11 16:32:53,920 - INFO - Successful completion of dms2_bcsubamp
