2022-05-20 17:57:17,998 - INFO - Beginning execution of dms2_bcsubamp in directory /fh/fast/bloom_j/computational_notebooks/ckikawa/2022/ZIKV_DMS_NS5_EvansLab

2022-05-20 17:57:17,998 - INFO - Progress is being logged to results/tile_6/codoncounts/lib1-Huh-7.5-210921.log
2022-05-20 17:57:18,035 - INFO - Version information:
	Time and date: Fri May 20 17:57:17 2022
	Platform: Linux-4.15.0-118-generic-x86_64-with-glibc2.10
	Python version: 3.8.13 | packaged by conda-forge | (default, Mar 25 2022, 06:04:10)  [GCC 10.3.0]
	dms_tools2 version: 2.6.10
	Bio version: 1.79
	pandas version: 0.25.3
	numpy version: 1.19.5
	IPython version: 8.3.0
	jupyter version: 1.0.0
	matplotlib version: 3.2.2
	plotnine version: 0.6.0
	natsort version: 8.1.0
	pystan version: 2.19.1.1
	scipy version: 1.5.2
	seaborn version: 0.10.1
	phydmslib version: 2.4.1
	statsmodels version: 0.11.1
	rpy2 cannot be imported
	regex version: 2.5.114
	umi_tools version: 1.1.2

2022-05-20 17:57:18,035 - INFO - Parsed the following arguments:
	outdir = results/tile_6/codoncounts
	ncpus = -1
	use_existing = yes
	refseq = data/tile_6_amplicon.fasta
	alignspecs = ['1,339,30,30']
	bclen = 8
	fastqdir = None
	R2 = None
	R1trim = [210]
	R2trim = [210]
	bclen2 = None
	chartype = codon
	maxmuts = 4
	minq = 15
	minreads = 2
	minfraccall = 0.95
	minconcur = 0.75
	sitemask = None
	purgeread = 0.0
	purgebc = 0.0
	bcinfo = True
	bcinfo_csv = True
	name = lib1-Huh-7.5-210921
	R1 = ['/shared/ngs/illumina/bloom_lab/210921_D00300_1326_BHMTYKBCX3/Unaligned/Project_bloom_lab/Tile_6-1_Sample_S27_R1_001.fastq.gz']

2022-05-20 17:57:18,050 - INFO - Read refseq of 339 codons from data/tile_6_amplicon.fasta
2022-05-20 17:57:18,056 - INFO - Reads are in these FASTQ pairs:
	/shared/ngs/illumina/bloom_lab/210921_D00300_1326_BHMTYKBCX3/Unaligned/Project_bloom_lab/Tile_6-1_Sample_S27_R1_001.fastq.gz and /shared/ngs/illumina/bloom_lab/210921_D00300_1326_BHMTYKBCX3/Unaligned/Project_bloom_lab/Tile_6-1_Sample_S27_R2_001.fastq.gz

2022-05-20 17:57:18,057 - INFO - Now parsing read pairs...
2022-05-20 17:57:26,669 - INFO - Reads parsed so far: 500000
2022-05-20 17:57:33,345 - INFO - Reads parsed so far: 1000000
2022-05-20 17:57:38,352 - INFO - Reads parsed so far: 1500000
2022-05-20 17:57:38,524 - INFO - Parsed 1516450 reads, found 284225 unique barcodes.
2022-05-20 17:57:38,528 - INFO - Summary stats on reads:
   total  fail filter  low Q barcode
 1516450        31804         232545
2022-05-20 17:57:38,528 - INFO - Writing these stats to results/tile_6/codoncounts/lib1-Huh-7.5-210921_readstats.csv

2022-05-20 17:57:38,601 - INFO - Number of reads per barcode:
                 number of barcodes
number of reads                    
1                             69401
2                             30283
3                             32533
4                             31757
5                             28607
6                             24227
7                             19537
8                             14840
9                             11026
10                             7927
11                             5417
12                             3482
13                             2210
14                             1355
15                              815
16                              381
17                              206
18                              112
19                               49
20                               33
21                               12
22                               10
23                                1
24                                1
25                                1
26                                1
56                                1
2022-05-20 17:57:38,601 - INFO - Writing these stats to results/tile_6/codoncounts/lib1-Huh-7.5-210921_readsperbc.csv

2022-05-20 17:57:38,606 - INFO - Examining the 284225 barcodes to build and align subamplicons...
2022-05-20 17:57:51,136 - INFO - Barcodes examined so far: 200000
2022-05-20 17:57:54,140 - INFO - Examined all barcodes. Summary stats:
  total  too few reads  not alignable  aligned
 284225          69401          26270   188554
2022-05-20 17:57:54,140 - INFO - Writing these stats to results/tile_6/codoncounts/lib1-Huh-7.5-210921_bcstats.csv

2022-05-20 17:57:54,149 - INFO - Writing the counts of each codon identity at each site to results/tile_6/codoncounts/lib1-Huh-7.5-210921_codoncounts.csv

2022-05-20 17:57:54,162 - INFO - Successful completion of dms2_bcsubamp
