2022-05-06 09:50:43,795 - INFO - Beginning execution of dms2_bcsubamp in directory /fh/fast/bloom_j/computational_notebooks/ckikawa/2022/ZIKV_DMS_NS5_EvansLab

2022-05-06 09:50:43,795 - INFO - Progress is being logged to results/tile_6/codoncounts/lib2-C6-36-220225.log
2022-05-06 09:50:43,829 - INFO - Version information:
	Time and date: Fri May  6 09:50:43 2022
	Platform: Linux-4.15.0-118-generic-x86_64-with-glibc2.10
	Python version: 3.8.13 | packaged by conda-forge | (default, Mar 25 2022, 06:04:10)  [GCC 10.3.0]
	dms_tools2 version: 2.6.10
	Bio version: 1.79
	pandas version: 0.25.3
	numpy version: 1.19.5
	IPython version: 8.3.0
	jupyter version: 1.0.0
	matplotlib version: 3.2.2
	plotnine version: 0.6.0
	natsort version: 8.1.0
	pystan version: 2.19.1.1
	scipy version: 1.5.2
	seaborn version: 0.10.1
	phydmslib version: 2.4.1
	statsmodels version: 0.11.1
	rpy2 cannot be imported
	regex version: 2.5.114
	umi_tools version: 1.1.2

2022-05-06 09:50:43,829 - INFO - Parsed the following arguments:
	outdir = results/tile_6/codoncounts
	ncpus = -1
	use_existing = yes
	refseq = data/tile_6_amplicon.fasta
	alignspecs = ['1,339,30,30']
	bclen = 8
	fastqdir = None
	R2 = None
	R1trim = [210]
	R2trim = [210]
	bclen2 = None
	chartype = codon
	maxmuts = 4
	minq = 15
	minreads = 2
	minfraccall = 0.95
	minconcur = 0.75
	sitemask = None
	purgeread = 0.0
	purgebc = 0.0
	bcinfo = True
	bcinfo_csv = True
	name = lib2-C6-36-220225
	R1 = ['/shared/ngs/illumina/bloom_lab/220225_M04866_0515_000000000-K5JDB/Unaligned/Project_bloom_lab/Lib2_S2_R1_001.fastq.gz']

2022-05-06 09:50:43,842 - INFO - Read refseq of 339 codons from data/tile_6_amplicon.fasta
2022-05-06 09:50:43,866 - INFO - Reads are in these FASTQ pairs:
	/shared/ngs/illumina/bloom_lab/220225_M04866_0515_000000000-K5JDB/Unaligned/Project_bloom_lab/Lib2_S2_R1_001.fastq.gz and /shared/ngs/illumina/bloom_lab/220225_M04866_0515_000000000-K5JDB/Unaligned/Project_bloom_lab/Lib2_S2_R2_001.fastq.gz

2022-05-06 09:50:43,866 - INFO - Now parsing read pairs...
2022-05-06 09:50:50,300 - INFO - Reads parsed so far: 500000
2022-05-06 09:50:56,663 - INFO - Reads parsed so far: 1000000
2022-05-06 09:51:02,507 - INFO - Reads parsed so far: 1500000
2022-05-06 09:51:08,513 - INFO - Reads parsed so far: 2000000
2022-05-06 09:51:14,902 - INFO - Reads parsed so far: 2500000
2022-05-06 09:51:23,035 - INFO - Reads parsed so far: 3000000
2022-05-06 09:51:28,624 - INFO - Reads parsed so far: 3500000
2022-05-06 09:51:34,108 - INFO - Reads parsed so far: 4000000
2022-05-06 09:51:41,677 - INFO - Reads parsed so far: 4500000
2022-05-06 09:51:47,041 - INFO - Reads parsed so far: 5000000
2022-05-06 09:51:52,429 - INFO - Reads parsed so far: 5500000
2022-05-06 09:51:56,830 - INFO - Parsed 5905687 reads, found 2607503 unique barcodes.
2022-05-06 09:51:56,835 - INFO - Summary stats on reads:
   total  fail filter  low Q barcode
 5905687       653214         699115
2022-05-06 09:51:56,835 - INFO - Writing these stats to results/tile_6/codoncounts/lib2-C6-36-220225_readstats.csv

2022-05-06 09:51:57,425 - INFO - Number of reads per barcode:
                 number of barcodes
number of reads                    
1                           1422814
2                            688630
3                            315974
4                            120974
5                             41204
6                             12469
7                              3867
8                              1077
9                               293
10                              105
11                               47
12                               17
13                               10
14                                2
15                                4
16                                3
17                                2
18                                4
19                                3
22                                1
27                                1
29                                1
32                                1
2022-05-06 09:51:57,425 - INFO - Writing these stats to results/tile_6/codoncounts/lib2-C6-36-220225_readsperbc.csv

2022-05-06 09:51:57,428 - INFO - Examining the 2607503 barcodes to build and align subamplicons...
2022-05-06 09:52:02,397 - INFO - Barcodes examined so far: 200000
2022-05-06 09:52:07,240 - INFO - Barcodes examined so far: 400000
2022-05-06 09:52:11,919 - INFO - Barcodes examined so far: 600000
2022-05-06 09:52:16,441 - INFO - Barcodes examined so far: 800000
2022-05-06 09:52:20,818 - INFO - Barcodes examined so far: 1000000
2022-05-06 09:52:25,017 - INFO - Barcodes examined so far: 1200000
2022-05-06 09:52:29,035 - INFO - Barcodes examined so far: 1400000
2022-05-06 09:52:32,852 - INFO - Barcodes examined so far: 1600000
2022-05-06 09:52:36,434 - INFO - Barcodes examined so far: 1800000
2022-05-06 09:52:39,689 - INFO - Barcodes examined so far: 2000000
2022-05-06 09:52:42,609 - INFO - Barcodes examined so far: 2200000
2022-05-06 09:52:45,108 - INFO - Barcodes examined so far: 2400000
2022-05-06 09:52:47,139 - INFO - Barcodes examined so far: 2600000
2022-05-06 09:52:47,211 - INFO - Examined all barcodes. Summary stats:
   total  too few reads  not alignable  aligned
 2607503        1422814        1058581   126108
2022-05-06 09:52:47,211 - INFO - Writing these stats to results/tile_6/codoncounts/lib2-C6-36-220225_bcstats.csv

2022-05-06 09:52:47,223 - INFO - Writing the counts of each codon identity at each site to results/tile_6/codoncounts/lib2-C6-36-220225_codoncounts.csv

2022-05-06 09:52:47,234 - INFO - Successful completion of dms2_bcsubamp
