2022-05-06 09:50:43,758 - INFO - Beginning execution of dms2_bcsubamp in directory /fh/fast/bloom_j/computational_notebooks/ckikawa/2022/ZIKV_DMS_NS5_EvansLab

2022-05-06 09:50:43,758 - INFO - Progress is being logged to results/tile_6/codoncounts/lib3-C6-36-220415.log
2022-05-06 09:50:43,793 - INFO - Version information:
	Time and date: Fri May  6 09:50:43 2022
	Platform: Linux-4.15.0-118-generic-x86_64-with-glibc2.10
	Python version: 3.8.13 | packaged by conda-forge | (default, Mar 25 2022, 06:04:10)  [GCC 10.3.0]
	dms_tools2 version: 2.6.10
	Bio version: 1.79
	pandas version: 0.25.3
	numpy version: 1.19.5
	IPython version: 8.3.0
	jupyter version: 1.0.0
	matplotlib version: 3.2.2
	plotnine version: 0.6.0
	natsort version: 8.1.0
	pystan version: 2.19.1.1
	scipy version: 1.5.2
	seaborn version: 0.10.1
	phydmslib version: 2.4.1
	statsmodels version: 0.11.1
	rpy2 cannot be imported
	regex version: 2.5.114
	umi_tools version: 1.1.2

2022-05-06 09:50:43,793 - INFO - Parsed the following arguments:
	outdir = results/tile_6/codoncounts
	ncpus = -1
	use_existing = yes
	refseq = data/tile_6_amplicon.fasta
	alignspecs = ['1,339,30,30']
	bclen = 8
	fastqdir = None
	R2 = None
	R1trim = [210]
	R2trim = [210]
	bclen2 = None
	chartype = codon
	maxmuts = 4
	minq = 15
	minreads = 2
	minfraccall = 0.95
	minconcur = 0.75
	sitemask = None
	purgeread = 0.0
	purgebc = 0.0
	bcinfo = True
	bcinfo_csv = True
	name = lib3-C6-36-220415
	R1 = ['/shared/ngs/illumina/bloom_lab/220415_M00492_0013_000000000-KC5RK/Unaligned/Project_bloom_lab/Lib3_S3_R1_001.fastq.gz']

2022-05-06 09:50:43,807 - INFO - Read refseq of 339 codons from data/tile_6_amplicon.fasta
2022-05-06 09:50:43,843 - INFO - Reads are in these FASTQ pairs:
	/shared/ngs/illumina/bloom_lab/220415_M00492_0013_000000000-KC5RK/Unaligned/Project_bloom_lab/Lib3_S3_R1_001.fastq.gz and /shared/ngs/illumina/bloom_lab/220415_M00492_0013_000000000-KC5RK/Unaligned/Project_bloom_lab/Lib3_S3_R2_001.fastq.gz

2022-05-06 09:50:43,844 - INFO - Now parsing read pairs...
2022-05-06 09:50:50,132 - INFO - Reads parsed so far: 500000
2022-05-06 09:50:56,435 - INFO - Reads parsed so far: 1000000
2022-05-06 09:51:02,135 - INFO - Reads parsed so far: 1500000
2022-05-06 09:51:08,032 - INFO - Reads parsed so far: 2000000
2022-05-06 09:51:14,208 - INFO - Reads parsed so far: 2500000
2022-05-06 09:51:20,632 - INFO - Reads parsed so far: 3000000
2022-05-06 09:51:25,832 - INFO - Reads parsed so far: 3500000
2022-05-06 09:51:31,080 - INFO - Reads parsed so far: 4000000
2022-05-06 09:51:37,867 - INFO - Reads parsed so far: 4500000
2022-05-06 09:51:43,124 - INFO - Reads parsed so far: 5000000
2022-05-06 09:51:48,406 - INFO - Reads parsed so far: 5500000
2022-05-06 09:51:53,684 - INFO - Reads parsed so far: 6000000
2022-05-06 09:52:01,136 - INFO - Reads parsed so far: 6500000
2022-05-06 09:52:04,542 - INFO - Parsed 6806420 reads, found 2808773 unique barcodes.
2022-05-06 09:52:04,544 - INFO - Summary stats on reads:
   total  fail filter  low Q barcode
 6806420       772930         818054
2022-05-06 09:52:04,544 - INFO - Writing these stats to results/tile_6/codoncounts/lib3-C6-36-220415_readstats.csv

2022-05-06 09:52:05,137 - INFO - Number of reads per barcode:
                 number of barcodes
number of reads                    
1                           1439863
2                            734065
3                            376230
4                            163537
5                             62468
6                             21869
7                              7240
8                              2289
9                               749
10                              261
11                               96
12                               38
13                               20
14                               10
15                                8
16                                6
17                                4
18                                5
19                                4
20                                1
21                                1
23                                2
24                                1
26                                1
27                                1
28                                1
31                                1
41                                1
82                                1
2022-05-06 09:52:05,137 - INFO - Writing these stats to results/tile_6/codoncounts/lib3-C6-36-220415_readsperbc.csv

2022-05-06 09:52:05,140 - INFO - Examining the 2808773 barcodes to build and align subamplicons...
2022-05-06 09:52:10,537 - INFO - Barcodes examined so far: 200000
2022-05-06 09:52:15,838 - INFO - Barcodes examined so far: 400000
2022-05-06 09:52:20,989 - INFO - Barcodes examined so far: 600000
2022-05-06 09:52:26,020 - INFO - Barcodes examined so far: 800000
2022-05-06 09:52:30,911 - INFO - Barcodes examined so far: 1000000
2022-05-06 09:52:35,585 - INFO - Barcodes examined so far: 1200000
2022-05-06 09:52:40,086 - INFO - Barcodes examined so far: 1400000
2022-05-06 09:52:44,368 - INFO - Barcodes examined so far: 1600000
2022-05-06 09:52:48,488 - INFO - Barcodes examined so far: 1800000
2022-05-06 09:52:52,218 - INFO - Barcodes examined so far: 2000000
2022-05-06 09:52:55,584 - INFO - Barcodes examined so far: 2200000
2022-05-06 09:52:58,609 - INFO - Barcodes examined so far: 2400000
2022-05-06 09:53:01,202 - INFO - Barcodes examined so far: 2600000
2022-05-06 09:53:03,244 - INFO - Barcodes examined so far: 2800000
2022-05-06 09:53:03,368 - INFO - Examined all barcodes. Summary stats:
   total  too few reads  not alignable  aligned
 2808773        1439863        1169138   199772
2022-05-06 09:53:03,368 - INFO - Writing these stats to results/tile_6/codoncounts/lib3-C6-36-220415_bcstats.csv

2022-05-06 09:53:03,376 - INFO - Writing the counts of each codon identity at each site to results/tile_6/codoncounts/lib3-C6-36-220415_codoncounts.csv

2022-05-06 09:53:03,387 - INFO - Successful completion of dms2_bcsubamp
