2022-05-06 09:50:43,723 - INFO - Beginning execution of dms2_bcsubamp in directory /fh/fast/bloom_j/computational_notebooks/ckikawa/2022/ZIKV_DMS_NS5_EvansLab

2022-05-06 09:50:43,724 - INFO - Progress is being logged to results/tile_6/codoncounts/wt-C6-36-220225.log
2022-05-06 09:50:43,757 - INFO - Version information:
	Time and date: Fri May  6 09:50:43 2022
	Platform: Linux-4.15.0-118-generic-x86_64-with-glibc2.10
	Python version: 3.8.13 | packaged by conda-forge | (default, Mar 25 2022, 06:04:10)  [GCC 10.3.0]
	dms_tools2 version: 2.6.10
	Bio version: 1.79
	pandas version: 0.25.3
	numpy version: 1.19.5
	IPython version: 8.3.0
	jupyter version: 1.0.0
	matplotlib version: 3.2.2
	plotnine version: 0.6.0
	natsort version: 8.1.0
	pystan version: 2.19.1.1
	scipy version: 1.5.2
	seaborn version: 0.10.1
	phydmslib version: 2.4.1
	statsmodels version: 0.11.1
	rpy2 cannot be imported
	regex version: 2.5.114
	umi_tools version: 1.1.2

2022-05-06 09:50:43,757 - INFO - Parsed the following arguments:
	outdir = results/tile_6/codoncounts
	ncpus = -1
	use_existing = yes
	refseq = data/tile_6_amplicon.fasta
	alignspecs = ['1,339,30,30']
	bclen = 8
	fastqdir = None
	R2 = None
	R1trim = [210]
	R2trim = [210]
	bclen2 = None
	chartype = codon
	maxmuts = 4
	minq = 15
	minreads = 2
	minfraccall = 0.95
	minconcur = 0.75
	sitemask = None
	purgeread = 0.0
	purgebc = 0.0
	bcinfo = True
	bcinfo_csv = True
	name = wt-C6-36-220225
	R1 = ['/shared/ngs/illumina/bloom_lab/220225_M04866_0515_000000000-K5JDB/Unaligned/Project_bloom_lab/WT_S4_R1_001.fastq.gz']

2022-05-06 09:50:43,771 - INFO - Read refseq of 339 codons from data/tile_6_amplicon.fasta
2022-05-06 09:50:43,849 - INFO - Reads are in these FASTQ pairs:
	/shared/ngs/illumina/bloom_lab/220225_M04866_0515_000000000-K5JDB/Unaligned/Project_bloom_lab/WT_S4_R1_001.fastq.gz and /shared/ngs/illumina/bloom_lab/220225_M04866_0515_000000000-K5JDB/Unaligned/Project_bloom_lab/WT_S4_R2_001.fastq.gz

2022-05-06 09:50:43,849 - INFO - Now parsing read pairs...
2022-05-06 09:50:50,224 - INFO - Reads parsed so far: 500000
2022-05-06 09:50:56,627 - INFO - Reads parsed so far: 1000000
2022-05-06 09:51:02,764 - INFO - Reads parsed so far: 1500000
2022-05-06 09:51:09,050 - INFO - Reads parsed so far: 2000000
2022-05-06 09:51:15,543 - INFO - Reads parsed so far: 2500000
2022-05-06 09:51:22,336 - INFO - Reads parsed so far: 3000000
2022-05-06 09:51:27,882 - INFO - Reads parsed so far: 3500000
2022-05-06 09:51:33,249 - INFO - Reads parsed so far: 4000000
2022-05-06 09:51:40,476 - INFO - Reads parsed so far: 4500000
2022-05-06 09:51:45,735 - INFO - Reads parsed so far: 5000000
2022-05-06 09:51:47,880 - INFO - Parsed 5202134 reads, found 2399333 unique barcodes.
2022-05-06 09:51:47,884 - INFO - Summary stats on reads:
   total  fail filter  low Q barcode
 5202134       586694         568734
2022-05-06 09:51:47,884 - INFO - Writing these stats to results/tile_6/codoncounts/wt-C6-36-220225_readstats.csv

2022-05-06 09:51:48,437 - INFO - Number of reads per barcode:
                 number of barcodes
number of reads                    
1                           1350784
2                            639732
3                            273018
4                             96021
5                             29159
6                              7969
7                              1966
8                               470
9                               136
10                               33
11                               13
12                               15
13                                3
14                                2
16                                3
17                                3
18                                1
21                                2
24                                1
27                                1
35                                1
2022-05-06 09:51:48,437 - INFO - Writing these stats to results/tile_6/codoncounts/wt-C6-36-220225_readsperbc.csv

2022-05-06 09:51:48,441 - INFO - Examining the 2399333 barcodes to build and align subamplicons...
2022-05-06 09:51:53,238 - INFO - Barcodes examined so far: 200000
2022-05-06 09:51:57,908 - INFO - Barcodes examined so far: 400000
2022-05-06 09:52:02,477 - INFO - Barcodes examined so far: 600000
2022-05-06 09:52:07,040 - INFO - Barcodes examined so far: 800000
2022-05-06 09:52:11,392 - INFO - Barcodes examined so far: 1000000
2022-05-06 09:52:15,536 - INFO - Barcodes examined so far: 1200000
2022-05-06 09:52:19,442 - INFO - Barcodes examined so far: 1400000
2022-05-06 09:52:23,101 - INFO - Barcodes examined so far: 1600000
2022-05-06 09:52:26,425 - INFO - Barcodes examined so far: 1800000
2022-05-06 09:52:29,386 - INFO - Barcodes examined so far: 2000000
2022-05-06 09:52:31,936 - INFO - Barcodes examined so far: 2200000
2022-05-06 09:52:33,979 - INFO - Examined all barcodes. Summary stats:
   total  too few reads  not alignable  aligned
 2399333        1350784         932914   115635
2022-05-06 09:52:33,979 - INFO - Writing these stats to results/tile_6/codoncounts/wt-C6-36-220225_bcstats.csv

2022-05-06 09:52:33,991 - INFO - Writing the counts of each codon identity at each site to results/tile_6/codoncounts/wt-C6-36-220225_codoncounts.csv

2022-05-06 09:52:34,001 - INFO - Successful completion of dms2_bcsubamp
