2022-05-20 17:57:17,989 - INFO - Beginning execution of dms2_bcsubamp in directory /fh/fast/bloom_j/computational_notebooks/ckikawa/2022/ZIKV_DMS_NS5_EvansLab

2022-05-20 17:57:17,989 - INFO - Progress is being logged to results/tile_6/codoncounts/wt-Huh-7.5-210921.log
2022-05-20 17:57:18,023 - INFO - Version information:
	Time and date: Fri May 20 17:57:17 2022
	Platform: Linux-4.15.0-118-generic-x86_64-with-glibc2.10
	Python version: 3.8.13 | packaged by conda-forge | (default, Mar 25 2022, 06:04:10)  [GCC 10.3.0]
	dms_tools2 version: 2.6.10
	Bio version: 1.79
	pandas version: 0.25.3
	numpy version: 1.19.5
	IPython version: 8.3.0
	jupyter version: 1.0.0
	matplotlib version: 3.2.2
	plotnine version: 0.6.0
	natsort version: 8.1.0
	pystan version: 2.19.1.1
	scipy version: 1.5.2
	seaborn version: 0.10.1
	phydmslib version: 2.4.1
	statsmodels version: 0.11.1
	rpy2 cannot be imported
	regex version: 2.5.114
	umi_tools version: 1.1.2

2022-05-20 17:57:18,023 - INFO - Parsed the following arguments:
	outdir = results/tile_6/codoncounts
	ncpus = -1
	use_existing = yes
	refseq = data/tile_6_amplicon.fasta
	alignspecs = ['1,339,30,30']
	bclen = 8
	fastqdir = None
	R2 = None
	R1trim = [210]
	R2trim = [210]
	bclen2 = None
	chartype = codon
	maxmuts = 4
	minq = 15
	minreads = 2
	minfraccall = 0.95
	minconcur = 0.75
	sitemask = None
	purgeread = 0.0
	purgebc = 0.0
	bcinfo = True
	bcinfo_csv = True
	name = wt-Huh-7.5-210921
	R1 = ['/shared/ngs/illumina/bloom_lab/210921_D00300_1326_BHMTYKBCX3/Unaligned/Project_bloom_lab/WT_Tile_6_Sample_S26_R1_001.fastq.gz']

2022-05-20 17:57:18,038 - INFO - Read refseq of 339 codons from data/tile_6_amplicon.fasta
2022-05-20 17:57:18,041 - INFO - Reads are in these FASTQ pairs:
	/shared/ngs/illumina/bloom_lab/210921_D00300_1326_BHMTYKBCX3/Unaligned/Project_bloom_lab/WT_Tile_6_Sample_S26_R1_001.fastq.gz and /shared/ngs/illumina/bloom_lab/210921_D00300_1326_BHMTYKBCX3/Unaligned/Project_bloom_lab/WT_Tile_6_Sample_S26_R2_001.fastq.gz

2022-05-20 17:57:18,041 - INFO - Now parsing read pairs...
2022-05-20 17:57:26,775 - INFO - Reads parsed so far: 500000
2022-05-20 17:57:33,293 - INFO - Reads parsed so far: 1000000
2022-05-20 17:57:38,666 - INFO - Reads parsed so far: 1500000
2022-05-20 17:57:39,049 - INFO - Parsed 1538593 reads, found 315419 unique barcodes.
2022-05-20 17:57:39,051 - INFO - Summary stats on reads:
   total  fail filter  low Q barcode
 1538593        31263         228410
2022-05-20 17:57:39,051 - INFO - Writing these stats to results/tile_6/codoncounts/wt-Huh-7.5-210921_readstats.csv

2022-05-20 17:57:39,128 - INFO - Number of reads per barcode:
                 number of barcodes
number of reads                    
1                             80777
2                             37487
3                             39831
4                             37398
5                             32237
6                             26117
7                             20228
8                             14781
9                             10173
10                             6770
11                             4249
12                             2462
13                             1422
14                              729
15                              378
16                              200
17                               98
18                               41
19                               26
20                               10
21                                3
23                                1
67                                1
2022-05-20 17:57:39,128 - INFO - Writing these stats to results/tile_6/codoncounts/wt-Huh-7.5-210921_readsperbc.csv

2022-05-20 17:57:39,133 - INFO - Examining the 315419 barcodes to build and align subamplicons...
2022-05-20 17:57:51,170 - INFO - Barcodes examined so far: 200000
2022-05-20 17:57:55,435 - INFO - Examined all barcodes. Summary stats:
  total  too few reads  not alignable  aligned
 315419          80777          28391   206251
2022-05-20 17:57:55,435 - INFO - Writing these stats to results/tile_6/codoncounts/wt-Huh-7.5-210921_bcstats.csv

2022-05-20 17:57:55,449 - INFO - Writing the counts of each codon identity at each site to results/tile_6/codoncounts/wt-Huh-7.5-210921_codoncounts.csv

2022-05-20 17:57:55,461 - INFO - Successful completion of dms2_bcsubamp
