2024-03-11 16:32:24,091 - INFO - Beginning execution of dms2_bcsubamp in directory /fh/fast/bloom_j/computational_notebooks/ckikawa/2022/ZIKV_DMS_NS5_EvansLab

2024-03-11 16:32:24,092 - INFO - Progress is being logged to results/tile_6/codoncounts/wt-plasmid-210921.log
2024-03-11 16:32:24,127 - INFO - Version information:
	Time and date: Mon Mar 11 16:32:24 2024
	Platform: Linux-4.15.0-213-generic-x86_64-with-glibc2.10
	Python version: 3.8.18 | packaged by conda-forge | (default, Dec 23 2023, 17:21:28)  [GCC 12.3.0]
	dms_tools2 version: 2.6.10
	Bio version: 1.79
	pandas version: 0.25.3
	numpy version: 1.19.5
	IPython version: 8.3.0
	jupyter version unknown
	matplotlib version: 3.2.2
	plotnine version: 0.6.0
	natsort version: 8.2.0
	pystan version: 2.19.1.1
	scipy version: 1.10.1
	seaborn version: 0.12.2
	phydmslib version: 2.4.1
	statsmodels version: 0.13.2
	rpy2 cannot be imported
	regex version: 2.5.114
	umi_tools version: 1.1.2

2024-03-11 16:32:24,127 - INFO - Parsed the following arguments:
	outdir = results/tile_6/codoncounts
	ncpus = -1
	use_existing = no
	refseq = data/tile_6_amplicon.fasta
	alignspecs = ['1,339,30,30']
	bclen = 8
	fastqdir = None
	R2 = None
	R1trim = [210]
	R2trim = [210]
	bclen2 = None
	chartype = codon
	maxmuts = 4
	minq = 15
	minreads = 2
	minfraccall = 0.95
	minconcur = 0.75
	sitemask = None
	purgeread = 0.0
	purgebc = 0.0
	bcinfo = True
	bcinfo_csv = True
	name = wt-plasmid-210921
	R1 = ['/shared/ngs/illumina/bloom_lab/210921_D00300_1326_BHMTYKBCX3/Unaligned/Project_bloom_lab/WT_Tile_6_Plasmid_S30_R1_001.fastq.gz']

2024-03-11 16:32:24,139 - INFO - Read refseq of 339 codons from data/tile_6_amplicon.fasta
2024-03-11 16:32:24,178 - INFO - Reads are in these FASTQ pairs:
	/shared/ngs/illumina/bloom_lab/210921_D00300_1326_BHMTYKBCX3/Unaligned/Project_bloom_lab/WT_Tile_6_Plasmid_S30_R1_001.fastq.gz and /shared/ngs/illumina/bloom_lab/210921_D00300_1326_BHMTYKBCX3/Unaligned/Project_bloom_lab/WT_Tile_6_Plasmid_S30_R2_001.fastq.gz

2024-03-11 16:32:24,178 - INFO - Now parsing read pairs...
2024-03-11 16:32:30,346 - INFO - Reads parsed so far: 500000
2024-03-11 16:32:32,525 - INFO - Parsed 691269 reads, found 224879 unique barcodes.
2024-03-11 16:32:32,527 - INFO - Summary stats on reads:
  total  fail filter  low Q barcode
 691269        14465          79870
2024-03-11 16:32:32,528 - INFO - Writing these stats to results/tile_6/codoncounts/wt-plasmid-210921_readstats.csv

2024-03-11 16:32:32,595 - INFO - Number of reads per barcode:
                 number of barcodes
number of reads                    
1                             78192
2                             49346
3                             37784
4                             25486
5                             16011
6                              9088
7                              4761
8                              2271
9                              1173
10                              486
11                              179
12                               59
13                               30
14                                6
15                                6
18                                1
2024-03-11 16:32:32,596 - INFO - Writing these stats to results/tile_6/codoncounts/wt-plasmid-210921_readsperbc.csv

2024-03-11 16:32:32,599 - INFO - Examining the 224879 barcodes to build and align subamplicons...
2024-03-11 16:32:42,530 - INFO - Barcodes examined so far: 200000
2024-03-11 16:32:43,019 - INFO - Examined all barcodes. Summary stats:
  total  too few reads  not alignable  aligned
 224879          78192          19903   126784
2024-03-11 16:32:43,019 - INFO - Writing these stats to results/tile_6/codoncounts/wt-plasmid-210921_bcstats.csv

2024-03-11 16:32:43,031 - INFO - Writing the counts of each codon identity at each site to results/tile_6/codoncounts/wt-plasmid-210921_codoncounts.csv

2024-03-11 16:32:43,042 - INFO - Successful completion of dms2_bcsubamp
