2023-04-21 16:08:55,472 - INFO - Beginning execution of dms2_logoplot in directory /fh/fast/bloom_j/computational_notebooks/ckikawa/2022/ZIKV_DMS_NS5_EvansLab

2023-04-21 16:08:55,472 - INFO - Progress is being logged to ./results/all_tiles/logoplots/NS5-Huh-7.5.log
2023-04-21 16:08:55,505 - INFO - Version information:
	Time and date: Fri Apr 21 16:08:55 2023
	Platform: Linux-4.15.0-192-generic-x86_64-with-glibc2.10
	Python version: 3.8.13 | packaged by conda-forge | (default, Mar 25 2022, 06:04:10)  [GCC 10.3.0]
	dms_tools2 version: 2.6.10
	Bio version: 1.79
	pandas version: 0.25.3
	numpy version: 1.19.5
	IPython version: 8.4.0
	jupyter version: 1.0.0
	matplotlib version: 3.2.2
	plotnine version: 0.6.0
	natsort version: 8.2.0
	pystan version: 2.19.1.1
	scipy version: 1.6.0
	seaborn version: 0.10.1
	phydmslib version: 2.4.1
	statsmodels version: 0.11.1
	rpy2 cannot be imported
	regex version: 2.5.121
	umi_tools version: 1.1.2

2023-04-21 16:08:55,505 - INFO - Parsed the following arguments:
	outdir = ./results/all_tiles/logoplots
	ncpus = 16
	use_existing = no
	prefs = None
	diffsel = None
	fracsurvive = None
	diffprefs = None
	muteffects = ./results/all_tiles/logoplots/alltiles_muteffects.csv
	name = NS5-Huh-7.5
	nperline = 70
	numberevery = 10
	excludestop = no
	stringency = 1
	restrictdiffsel = all
	diffselrange = None
	muteffectrange = None
	fracsurvivemax = None
	sortsites = yes
	mapmetric = functionalgroup
	colormap = jet
	overlay1 = None
	overlay2 = None
	overlay3 = None
	underlay = no
	scalebar = None
	overlaycolormap = jet
	letterheight = 1
	ignore_extracols = no
	sepline = yes

2023-04-21 16:08:55,507 - INFO - Removing existing file ./results/all_tiles/logoplots/NS5-Huh-7.5_muteffects.pdf
2023-04-21 16:08:55,508 - INFO - Reading muteffects from file ./results/all_tiles/logoplots/alltiles_muteffects.csv...
2023-04-21 16:08:55,538 - INFO - Read data for 904 sites.

2023-04-21 16:08:55,577 - INFO - Making logo plot ./results/all_tiles/logoplots/NS5-Huh-7.5_muteffects.pdf...
2023-04-21 16:08:57,722 - INFO - Successfully created logo plot.

2023-04-21 16:08:57,722 - INFO - Successful completion of dms2_logoplot
