2022-07-19 18:11:20,143 - INFO - Beginning execution of dms2_diffsel in directory /fh/fast/bloom_j/computational_notebooks/ckikawa/2022/ZIKV_DMS_NS5_EvansLab

2022-07-19 18:11:20,143 - INFO - Progress is being logged to results/tile_3/diffsel/lib3.log
2022-07-19 18:11:20,177 - INFO - Version information:
	Time and date: Tue Jul 19 18:11:20 2022
	Platform: Linux-4.15.0-118-generic-x86_64-with-glibc2.10
	Python version: 3.8.13 | packaged by conda-forge | (default, Mar 25 2022, 06:04:10)  [GCC 10.3.0]
	dms_tools2 version: 2.6.10
	Bio version: 1.79
	pandas version: 0.25.3
	numpy version: 1.19.5
	IPython version: 8.3.0
	jupyter version: 1.0.0
	matplotlib version: 3.2.2
	plotnine version: 0.6.0
	natsort version: 8.1.0
	pystan version: 2.19.1.1
	scipy version: 1.5.2
	seaborn version: 0.10.1
	phydmslib version: 2.4.1
	statsmodels version: 0.11.1
	rpy2 cannot be imported
	regex version: 2.5.114
	umi_tools version: 1.1.2

2022-07-19 18:11:20,177 - INFO - Parsed the following arguments:
	outdir = results/tile_3/diffsel
	ncpus = 12
	use_existing = yes
	indir = None
	chartype = codon_to_aa
	excludestop = yes
	pseudocount = 5.0
	mincount = 0
	name = lib3
	sel = results/tile_3/renumbered_codoncounts/lib3-Huh-7.5-210921_codoncounts.csv
	mock = results/tile_3/renumbered_codoncounts/lib3-C6-36-multi_codoncounts.csv
	err = results/tile_3/renumbered_codoncounts/wt-plasmid-210921_codoncounts.csv

2022-07-19 18:11:20,179 - INFO - Reading selected sample counts from results/tile_3/renumbered_codoncounts/lib3-Huh-7.5-210921_codoncounts.csv
2022-07-19 18:11:20,188 - INFO - Reading mock-selected sample counts from results/tile_3/renumbered_codoncounts/lib3-C6-36-multi_codoncounts.csv
2022-07-19 18:11:20,193 - INFO - Reading error-control sample counts from results/tile_3/renumbered_codoncounts/wt-plasmid-210921_codoncounts.csv
2022-07-19 18:11:20,197 - INFO - Computing mutdiffsel...
2022-07-19 18:11:21,153 - INFO - Mutations with largest mutdiffsel:
 site wildtype mutation  mutdiffsel
  319        S        L        3.10
  231        K        G        2.68
  257        V        T        2.44
  258        N        A        2.43
  261        S        G        2.31
  258        N        E        2.21
  322        V        C        2.14
  258        N        V        2.14
  258        N        Q        2.14
  250        P        R        2.10

2022-07-19 18:11:21,153 - INFO - Writing to results/tile_3/diffsel/lib3_mutdiffsel.csv
2022-07-19 18:11:21,162 - INFO - Computing sitediffsel...
2022-07-19 18:11:21,184 - INFO - Sites with largest absolute sitediffsel:
 site  abs_diffsel  positive_diffsel  negative_diffsel  max_diffsel  min_diffsel
  258        20.26             20.25             -0.01         2.43        -0.01
  283        19.27              1.70            -17.58         1.28        -2.48
  286        16.05              0.64            -15.41         0.32        -2.14
  261        15.64             13.67             -1.97         2.31        -1.63
  299        14.80              0.02            -14.78         0.02        -3.16
  239        14.29             13.22             -1.07         1.73        -1.07
  272        14.20             11.29             -2.91         2.04        -0.81
  319        14.05             11.88             -2.17         3.10        -1.16
  241        13.88              9.26             -4.61         1.91        -2.22
  246        12.85             11.15             -1.70         1.61        -0.74

2022-07-19 18:11:21,184 - INFO - Writing to results/tile_3/diffsel/lib3_sitediffsel.csv
2022-07-19 18:11:21,187 - INFO - Successful completion of dms2_diffsel
