2024-03-11 16:17:20,383 - INFO - Beginning execution of dms2_diffsel in directory /fh/fast/bloom_j/computational_notebooks/ckikawa/2022/ZIKV_DMS_NS5_EvansLab

2024-03-11 16:17:20,383 - INFO - Progress is being logged to results/tile_7/diffsel/lib2.log
2024-03-11 16:17:20,422 - INFO - Version information:
	Time and date: Mon Mar 11 16:17:20 2024
	Platform: Linux-4.15.0-213-generic-x86_64-with-glibc2.10
	Python version: 3.8.18 | packaged by conda-forge | (default, Dec 23 2023, 17:21:28)  [GCC 12.3.0]
	dms_tools2 version: 2.6.10
	Bio version: 1.79
	pandas version: 0.25.3
	numpy version: 1.19.5
	IPython version: 8.3.0
	jupyter version unknown
	matplotlib version: 3.2.2
	plotnine version: 0.6.0
	natsort version: 8.2.0
	pystan version: 2.19.1.1
	scipy version: 1.10.1
	seaborn version: 0.12.2
	phydmslib version: 2.4.1
	statsmodels version: 0.13.2
	rpy2 cannot be imported
	regex version: 2.5.114
	umi_tools version: 1.1.2

2024-03-11 16:17:20,422 - INFO - Parsed the following arguments:
	outdir = results/tile_7/diffsel
	ncpus = 12
	use_existing = yes
	indir = None
	chartype = codon_to_aa
	excludestop = yes
	pseudocount = 5.0
	mincount = 0
	name = lib2
	sel = results/tile_7/renumbered_codoncounts/lib2-Huh-7.5-210702_codoncounts.csv
	mock = results/tile_7/renumbered_codoncounts/lib2-C6-36-multi_codoncounts.csv
	err = results/tile_7/renumbered_codoncounts/wt-plasmid-210702_codoncounts.csv

2024-03-11 16:17:20,424 - INFO - Reading selected sample counts from results/tile_7/renumbered_codoncounts/lib2-Huh-7.5-210702_codoncounts.csv
2024-03-11 16:17:20,431 - INFO - Reading mock-selected sample counts from results/tile_7/renumbered_codoncounts/lib2-C6-36-multi_codoncounts.csv
2024-03-11 16:17:20,436 - INFO - Reading error-control sample counts from results/tile_7/renumbered_codoncounts/wt-plasmid-210702_codoncounts.csv
2024-03-11 16:17:20,442 - INFO - Computing mutdiffsel...
2024-03-11 16:17:21,472 - INFO - Mutations with largest mutdiffsel:
 site wildtype mutation  mutdiffsel
  684        N        S        4.69
  707        E        G        4.59
  763        M        V        4.40
  722        D        G        4.15
  697        K        D        4.13
  773        D        G        4.06
  710        F        L        3.98
  734        D        G        3.96
  764        W        R        3.90
  766        L        P        3.86

2024-03-11 16:17:21,472 - INFO - Writing to results/tile_7/diffsel/lib2_mutdiffsel.csv
2024-03-11 16:17:21,483 - INFO - Computing sitediffsel...
2024-03-11 16:17:21,506 - INFO - Sites with largest absolute sitediffsel:
 site  abs_diffsel  positive_diffsel  negative_diffsel  max_diffsel  min_diffsel
  697        35.84             35.84              0.00         4.13         0.00
  681        19.19             19.18             -0.01         2.94        -0.01
  704        13.89              7.97             -5.92         2.43        -1.33
  763        13.43              9.18             -4.25         4.40        -1.81
  752        13.16             12.26             -0.90         2.69        -0.47
  766        13.09             10.39             -2.70         3.86        -1.54
  678        12.71             11.76             -0.95         1.90        -0.57
  732        12.52              3.97             -8.55         0.98        -1.93
  788        12.22              8.04             -4.18         2.95        -0.88
  782        12.08             10.42             -1.65         2.36        -0.44

2024-03-11 16:17:21,506 - INFO - Writing to results/tile_7/diffsel/lib2_sitediffsel.csv
2024-03-11 16:17:21,509 - INFO - Successful completion of dms2_diffsel
