2022-07-19 17:38:29,344 - INFO - Beginning execution of dms2_diffsel in directory /fh/fast/bloom_j/computational_notebooks/ckikawa/2022/ZIKV_DMS_NS5_EvansLab

2022-07-19 17:38:29,344 - INFO - Progress is being logged to results/tile_7/diffsel/lib3.log
2022-07-19 17:38:29,376 - INFO - Version information:
	Time and date: Tue Jul 19 17:38:29 2022
	Platform: Linux-4.15.0-118-generic-x86_64-with-glibc2.10
	Python version: 3.8.13 | packaged by conda-forge | (default, Mar 25 2022, 06:04:10)  [GCC 10.3.0]
	dms_tools2 version: 2.6.10
	Bio version: 1.79
	pandas version: 0.25.3
	numpy version: 1.19.5
	IPython version: 8.3.0
	jupyter version: 1.0.0
	matplotlib version: 3.2.2
	plotnine version: 0.6.0
	natsort version: 8.1.0
	pystan version: 2.19.1.1
	scipy version: 1.5.2
	seaborn version: 0.10.1
	phydmslib version: 2.4.1
	statsmodels version: 0.11.1
	rpy2 cannot be imported
	regex version: 2.5.114
	umi_tools version: 1.1.2

2022-07-19 17:38:29,377 - INFO - Parsed the following arguments:
	outdir = results/tile_7/diffsel
	ncpus = 12
	use_existing = yes
	indir = None
	chartype = codon_to_aa
	excludestop = yes
	pseudocount = 5.0
	mincount = 0
	name = lib3
	sel = results/tile_7/renumbered_codoncounts/lib3-Huh-7.5-210702_codoncounts.csv
	mock = results/tile_7/renumbered_codoncounts/lib3-C6-36-multi_codoncounts.csv
	err = results/tile_7/renumbered_codoncounts/wt-plasmid-210702_codoncounts.csv

2022-07-19 17:38:29,378 - INFO - Reading selected sample counts from results/tile_7/renumbered_codoncounts/lib3-Huh-7.5-210702_codoncounts.csv
2022-07-19 17:38:29,387 - INFO - Reading mock-selected sample counts from results/tile_7/renumbered_codoncounts/lib3-C6-36-multi_codoncounts.csv
2022-07-19 17:38:29,392 - INFO - Reading error-control sample counts from results/tile_7/renumbered_codoncounts/wt-plasmid-210702_codoncounts.csv
2022-07-19 17:38:29,397 - INFO - Computing mutdiffsel...
2022-07-19 17:38:30,360 - INFO - Mutations with largest mutdiffsel:
 site wildtype mutation  mutdiffsel
  681        R        W        3.99
  772        R        G        3.95
  715        F        S        3.80
  763        M        V        3.73
  696        W        R        3.66
  765        Q        R        3.64
  697        K        E        3.57
  748        W        R        3.52
  736        L        P        3.43
  721        K        E        3.42

2022-07-19 17:38:30,360 - INFO - Writing to results/tile_7/diffsel/lib3_mutdiffsel.csv
2022-07-19 17:38:30,369 - INFO - Computing sitediffsel...
2022-07-19 17:38:30,391 - INFO - Sites with largest absolute sitediffsel:
 site  abs_diffsel  positive_diffsel  negative_diffsel  max_diffsel  min_diffsel
  697        34.80             34.80              0.00         3.57         0.00
  681        24.23             24.23              0.00         3.99         0.00
  717        15.78              1.31            -14.47         0.86        -2.10
  765        14.99             13.44             -1.55         3.64        -0.71
  751        14.57              6.68             -7.89         1.38        -1.54
  709        13.75             10.11             -3.64         1.93        -0.97
  763        13.66              7.71             -5.95         3.73        -1.58
  748        13.43             11.37             -2.05         3.52        -1.55
  678        13.21             11.90             -1.30         2.47        -1.11
  736        13.20              8.20             -5.00         3.43        -1.55

2022-07-19 17:38:30,391 - INFO - Writing to results/tile_7/diffsel/lib3_sitediffsel.csv
2022-07-19 17:38:30,394 - INFO - Successful completion of dms2_diffsel
