2024-03-11 16:51:20,330 - INFO - Beginning execution of dms2_diffsel in directory /fh/fast/bloom_j/computational_notebooks/ckikawa/2022/ZIKV_DMS_NS5_EvansLab

2024-03-11 16:51:20,330 - INFO - Progress is being logged to results/tile_4/diffsel/lib1.log
2024-03-11 16:51:20,366 - INFO - Version information:
	Time and date: Mon Mar 11 16:51:20 2024
	Platform: Linux-4.15.0-213-generic-x86_64-with-glibc2.10
	Python version: 3.8.18 | packaged by conda-forge | (default, Dec 23 2023, 17:21:28)  [GCC 12.3.0]
	dms_tools2 version: 2.6.10
	Bio version: 1.79
	pandas version: 0.25.3
	numpy version: 1.19.5
	IPython version: 8.3.0
	jupyter version unknown
	matplotlib version: 3.2.2
	plotnine version: 0.6.0
	natsort version: 8.2.0
	pystan version: 2.19.1.1
	scipy version: 1.10.1
	seaborn version: 0.12.2
	phydmslib version: 2.4.1
	statsmodels version: 0.13.2
	rpy2 cannot be imported
	regex version: 2.5.114
	umi_tools version: 1.1.2

2024-03-11 16:51:20,366 - INFO - Parsed the following arguments:
	outdir = results/tile_4/diffsel
	ncpus = 12
	use_existing = yes
	indir = None
	chartype = codon_to_aa
	excludestop = yes
	pseudocount = 5.0
	mincount = 0
	name = lib1
	sel = results/tile_4/renumbered_codoncounts/lib1-Huh-7.5-210921_codoncounts.csv
	mock = results/tile_4/renumbered_codoncounts/lib1-C6-36-multi_codoncounts.csv
	err = results/tile_4/renumbered_codoncounts/wt-plasmid-210921_codoncounts.csv

2024-03-11 16:51:20,368 - INFO - Reading selected sample counts from results/tile_4/renumbered_codoncounts/lib1-Huh-7.5-210921_codoncounts.csv
2024-03-11 16:51:20,374 - INFO - Reading mock-selected sample counts from results/tile_4/renumbered_codoncounts/lib1-C6-36-multi_codoncounts.csv
2024-03-11 16:51:20,379 - INFO - Reading error-control sample counts from results/tile_4/renumbered_codoncounts/wt-plasmid-210921_codoncounts.csv
2024-03-11 16:51:20,385 - INFO - Computing mutdiffsel...
2024-03-11 16:51:21,416 - INFO - Mutations with largest mutdiffsel:
 site wildtype mutation  mutdiffsel
  340        T        L        3.43
  419        E        M        2.43
  352        Q        L        2.29
  438        R        C        1.77
  428        N        A        1.77
  421        K        S        1.76
  340        T        M        1.72
  424        V        Q        1.65
  340        T        I        1.65
  406        S        A        1.58

2024-03-11 16:51:21,416 - INFO - Writing to results/tile_4/diffsel/lib1_mutdiffsel.csv
2024-03-11 16:51:21,426 - INFO - Computing sitediffsel...
2024-03-11 16:51:21,447 - INFO - Sites with largest absolute sitediffsel:
 site  abs_diffsel  positive_diffsel  negative_diffsel  max_diffsel  min_diffsel
  442        12.24              7.26             -4.99         1.07        -1.10
  447        11.52              1.55             -9.97         0.77        -1.72
  419        11.26              6.67             -4.59         2.43        -1.14
  449        11.12              5.64             -5.48         1.26        -1.18
  428        11.06              4.33             -6.72         1.77        -1.45
  385        11.02              2.85             -8.17         0.76        -1.37
  398        10.45              3.65             -6.80         1.04        -1.32
  340        10.03              9.16             -0.87         3.43        -0.37
  421         9.82              5.30             -4.53         1.76        -1.26
  373         9.69              2.37             -7.32         0.52        -2.04

2024-03-11 16:51:21,447 - INFO - Writing to results/tile_4/diffsel/lib1_sitediffsel.csv
2024-03-11 16:51:21,451 - INFO - Successful completion of dms2_diffsel
