2024-03-11 16:51:20,280 - INFO - Beginning execution of dms2_diffsel in directory /fh/fast/bloom_j/computational_notebooks/ckikawa/2022/ZIKV_DMS_NS5_EvansLab

2024-03-11 16:51:20,280 - INFO - Progress is being logged to results/tile_4/diffsel/lib2.log
2024-03-11 16:51:20,317 - INFO - Version information:
	Time and date: Mon Mar 11 16:51:20 2024
	Platform: Linux-4.15.0-213-generic-x86_64-with-glibc2.10
	Python version: 3.8.18 | packaged by conda-forge | (default, Dec 23 2023, 17:21:28)  [GCC 12.3.0]
	dms_tools2 version: 2.6.10
	Bio version: 1.79
	pandas version: 0.25.3
	numpy version: 1.19.5
	IPython version: 8.3.0
	jupyter version unknown
	matplotlib version: 3.2.2
	plotnine version: 0.6.0
	natsort version: 8.2.0
	pystan version: 2.19.1.1
	scipy version: 1.10.1
	seaborn version: 0.12.2
	phydmslib version: 2.4.1
	statsmodels version: 0.13.2
	rpy2 cannot be imported
	regex version: 2.5.114
	umi_tools version: 1.1.2

2024-03-11 16:51:20,317 - INFO - Parsed the following arguments:
	outdir = results/tile_4/diffsel
	ncpus = 12
	use_existing = yes
	indir = None
	chartype = codon_to_aa
	excludestop = yes
	pseudocount = 5.0
	mincount = 0
	name = lib2
	sel = results/tile_4/renumbered_codoncounts/lib2-Huh-7.5-210921_codoncounts.csv
	mock = results/tile_4/renumbered_codoncounts/lib2-C6-36-multi_codoncounts.csv
	err = results/tile_4/renumbered_codoncounts/wt-plasmid-210921_codoncounts.csv

2024-03-11 16:51:20,319 - INFO - Reading selected sample counts from results/tile_4/renumbered_codoncounts/lib2-Huh-7.5-210921_codoncounts.csv
2024-03-11 16:51:20,326 - INFO - Reading mock-selected sample counts from results/tile_4/renumbered_codoncounts/lib2-C6-36-multi_codoncounts.csv
2024-03-11 16:51:20,331 - INFO - Reading error-control sample counts from results/tile_4/renumbered_codoncounts/wt-plasmid-210921_codoncounts.csv
2024-03-11 16:51:20,336 - INFO - Computing mutdiffsel...
2024-03-11 16:51:21,369 - INFO - Mutations with largest mutdiffsel:
 site wildtype mutation  mutdiffsel
  340        T        L        3.09
  382        L        F        2.25
  340        T        I        2.08
  352        Q        M        1.84
  434        A        D        1.78
  423        A        S        1.75
  438        R        V        1.75
  415        E        Q        1.65
  399        E        K        1.63
  380        S        N        1.55

2024-03-11 16:51:21,369 - INFO - Writing to results/tile_4/diffsel/lib2_mutdiffsel.csv
2024-03-11 16:51:21,378 - INFO - Computing sitediffsel...
2024-03-11 16:51:21,402 - INFO - Sites with largest absolute sitediffsel:
 site  abs_diffsel  positive_diffsel  negative_diffsel  max_diffsel  min_diffsel
  391        14.18              2.59            -11.59         1.48        -2.48
  398        11.33              3.07             -8.26         1.01        -1.74
  402        11.12              3.14             -7.98         0.85        -1.46
  369        10.94             10.14             -0.79         1.31        -0.41
  373        10.73              4.68             -6.05         1.09        -1.61
  380        10.68              4.33             -6.34         1.55        -1.18
  389        10.09              3.03             -7.06         1.11        -2.22
  438         9.85              9.36             -0.49         1.75        -0.49
  388         9.55              3.98             -5.57         0.89        -0.95
  424         9.38              7.20             -2.18         1.34        -0.93

2024-03-11 16:51:21,402 - INFO - Writing to results/tile_4/diffsel/lib2_sitediffsel.csv
2024-03-11 16:51:21,406 - INFO - Successful completion of dms2_diffsel
