2022-07-19 17:58:17,135 - INFO - Beginning execution of dms2_diffsel in directory /fh/fast/bloom_j/computational_notebooks/ckikawa/2022/ZIKV_DMS_NS5_EvansLab

2022-07-19 17:58:17,135 - INFO - Progress is being logged to results/tile_4/diffsel/lib3.log
2022-07-19 17:58:17,174 - INFO - Version information:
	Time and date: Tue Jul 19 17:58:17 2022
	Platform: Linux-4.15.0-118-generic-x86_64-with-glibc2.10
	Python version: 3.8.13 | packaged by conda-forge | (default, Mar 25 2022, 06:04:10)  [GCC 10.3.0]
	dms_tools2 version: 2.6.10
	Bio version: 1.79
	pandas version: 0.25.3
	numpy version: 1.19.5
	IPython version: 8.3.0
	jupyter version: 1.0.0
	matplotlib version: 3.2.2
	plotnine version: 0.6.0
	natsort version: 8.1.0
	pystan version: 2.19.1.1
	scipy version: 1.5.2
	seaborn version: 0.10.1
	phydmslib version: 2.4.1
	statsmodels version: 0.11.1
	rpy2 cannot be imported
	regex version: 2.5.114
	umi_tools version: 1.1.2

2022-07-19 17:58:17,174 - INFO - Parsed the following arguments:
	outdir = results/tile_4/diffsel
	ncpus = 12
	use_existing = yes
	indir = None
	chartype = codon_to_aa
	excludestop = yes
	pseudocount = 5.0
	mincount = 0
	name = lib3
	sel = results/tile_4/renumbered_codoncounts/lib3-Huh-7.5-210921_codoncounts.csv
	mock = results/tile_4/renumbered_codoncounts/lib3-C6-36-multi_codoncounts.csv
	err = results/tile_4/renumbered_codoncounts/wt-plasmid-210921_codoncounts.csv

2022-07-19 17:58:17,180 - INFO - Reading selected sample counts from results/tile_4/renumbered_codoncounts/lib3-Huh-7.5-210921_codoncounts.csv
2022-07-19 17:58:17,188 - INFO - Reading mock-selected sample counts from results/tile_4/renumbered_codoncounts/lib3-C6-36-multi_codoncounts.csv
2022-07-19 17:58:17,193 - INFO - Reading error-control sample counts from results/tile_4/renumbered_codoncounts/wt-plasmid-210921_codoncounts.csv
2022-07-19 17:58:17,197 - INFO - Computing mutdiffsel...
2022-07-19 17:58:18,135 - INFO - Mutations with largest mutdiffsel:
 site wildtype mutation  mutdiffsel
  340        T        L        2.96
  352        Q        L        1.86
  352        Q        M        1.71
  355        V        I        1.70
  391        R        V        1.68
  449        H        F        1.64
  410        L        M        1.62
  388        K        H        1.60
  426        A        S        1.60
  369        E        I        1.52

2022-07-19 17:58:18,135 - INFO - Writing to results/tile_4/diffsel/lib3_mutdiffsel.csv
2022-07-19 17:58:18,175 - INFO - Computing sitediffsel...
2022-07-19 17:58:18,196 - INFO - Sites with largest absolute sitediffsel:
 site  abs_diffsel  positive_diffsel  negative_diffsel  max_diffsel  min_diffsel
  391        13.31              4.64             -8.68         1.68        -2.26
  447        12.58              0.63            -11.95         0.31        -1.60
  428        11.53              4.72             -6.81         1.12        -1.42
  449        10.92              7.40             -3.52         1.64        -1.24
  446        10.53              1.50             -9.03         0.70        -1.30
  445        10.51              6.44             -4.07         1.13        -2.84
  376        10.51              3.44             -7.07         0.89        -2.03
  373        10.49              3.44             -7.05         1.52        -1.77
  380        10.48              4.20             -6.28         1.46        -1.48
  402        10.28              4.18             -6.10         1.51        -1.14

2022-07-19 17:58:18,196 - INFO - Writing to results/tile_4/diffsel/lib3_sitediffsel.csv
2022-07-19 17:58:18,200 - INFO - Successful completion of dms2_diffsel
