2024-03-11 16:45:04,818 - INFO - Beginning execution of dms2_prefs in directory /fh/fast/bloom_j/computational_notebooks/ckikawa/2022/ZIKV_DMS_NS5_EvansLab

2024-03-11 16:45:04,818 - INFO - Progress is being logged to results/tile_5/prefs_with_stop/lib2-C6-36-multi.log
2024-03-11 16:45:04,855 - INFO - Version information:
	Time and date: Mon Mar 11 16:45:04 2024
	Platform: Linux-4.15.0-213-generic-x86_64-with-glibc2.10
	Python version: 3.8.18 | packaged by conda-forge | (default, Dec 23 2023, 17:21:28)  [GCC 12.3.0]
	dms_tools2 version: 2.6.10
	Bio version: 1.79
	pandas version: 0.25.3
	numpy version: 1.19.5
	IPython version: 8.3.0
	jupyter version unknown
	matplotlib version: 3.2.2
	plotnine version: 0.6.0
	natsort version: 8.2.0
	pystan version: 2.19.1.1
	scipy version: 1.10.1
	seaborn version: 0.12.2
	phydmslib version: 2.4.1
	statsmodels version: 0.13.2
	rpy2 cannot be imported
	regex version: 2.5.114
	umi_tools version: 1.1.2

2024-03-11 16:45:04,856 - INFO - Parsed the following arguments:
	outdir = results/tile_5/prefs_with_stop
	ncpus = 6
	use_existing = no
	method = ratio
	indir = results/tile_5/renumbered_codoncounts
	chartype = codon_to_aa
	excludestop = no
	conc = [1.0, 1.0, 1.0]
	pseudocount = 1
	pre = lib2-plasmid-210921
	post = lib2-C6-36-multi
	name = lib2-C6-36-multi
	err = ['wt-plasmid-210921', 'wt-C6-36-multi']

2024-03-11 16:45:04,858 - INFO - Reading pre-selection counts from results/tile_5/renumbered_codoncounts/lib2-plasmid-210921_codoncounts.csv
2024-03-11 16:45:04,864 - INFO - Reading post-selection counts from results/tile_5/renumbered_codoncounts/lib2-C6-36-multi_codoncounts.csv
2024-03-11 16:45:04,871 - INFO - Reading pre-selection error-control counts from pre
2024-03-11 16:45:04,875 - INFO - Reading post-selection error-control counts from post
2024-03-11 16:45:04,887 - INFO - Read counts for 113 sites.
2024-03-11 16:45:04,888 - INFO - Here are sites and wildtype identities:
	451	TGT
	452	GTG
	453	TAC
	454	AAC
	455	ATG
	456	ATG
	457	GGA
	458	AAA
	459	AGA
	460	GAA
	461	AAG
	462	AAG
	463	CAA
	464	GGA
	465	GAG
	466	TTC
	467	GGG
	468	AAA
	469	GCA
	470	AAA
	471	GGT
	472	AGC
	473	CGC
	474	GCC
	475	ATC
	476	TGG
	477	TAC
	478	ATG
	479	TGG
	480	TTG
	481	GGA
	482	GCC
	483	AGA
	484	TTC
	485	TTG
	486	GAG
	487	TTT
	488	GAA
	489	GCT
	490	CTT
	491	GGA
	492	TTC
	493	TTG
	494	AAC
	495	GAG
	496	GAC
	497	CAT
	498	TGG
	499	ATG
	500	GGA
	501	AGA
	502	GAA
	503	AAC
	504	TCA
	505	GGA
	506	GGT
	507	GGA
	508	GTC
	509	GAA
	510	GGG
	511	TTA
	512	GGA
	513	TTG
	514	CAA
	515	AGA
	516	CTT
	517	GGA
	518	TAC
	519	ATT
	520	CTA
	521	GAA
	522	GAA
	523	ATG
	524	AAT
	525	CGG
	526	GCA
	527	CCA
	528	GGA
	529	GGA
	530	AAG
	531	ATG
	532	TAC
	533	GCA
	534	GAT
	535	GAC
	536	ACT
	537	GCT
	538	GGC
	539	TGG
	540	GAC
	541	ACC
	542	CGC
	543	ATT
	544	AGT
	545	AAG
	546	TTT
	547	GAT
	548	CTG
	549	GAG
	550	AAT
	551	GAA
	552	GCT
	553	CTG
	554	ATT
	555	ACC
	556	AAC
	557	CAA
	558	ATG
	559	GAG
	560	GAA
	561	GGG
	562	CAC
	563	AGA

2024-03-11 16:45:04,888 - INFO - Computing preferences as normalized enrichment ratios...
2024-03-11 16:45:05,243 - INFO - Writing preferences to results/tile_5/prefs_with_stop/lib2-C6-36-multi_prefs.csv
2024-03-11 16:45:05,251 - INFO - Successful completion of dms2_prefs
