2024-03-11 16:51:39,699 - INFO - Beginning execution of dms2_prefs in directory /fh/fast/bloom_j/computational_notebooks/ckikawa/2022/ZIKV_DMS_NS5_EvansLab

2024-03-11 16:51:39,700 - INFO - Progress is being logged to results/tile_4/prefs_with_stop/lib2-C6-36-multi.log
2024-03-11 16:51:39,737 - INFO - Version information:
	Time and date: Mon Mar 11 16:51:39 2024
	Platform: Linux-4.15.0-213-generic-x86_64-with-glibc2.10
	Python version: 3.8.18 | packaged by conda-forge | (default, Dec 23 2023, 17:21:28)  [GCC 12.3.0]
	dms_tools2 version: 2.6.10
	Bio version: 1.79
	pandas version: 0.25.3
	numpy version: 1.19.5
	IPython version: 8.3.0
	jupyter version unknown
	matplotlib version: 3.2.2
	plotnine version: 0.6.0
	natsort version: 8.2.0
	pystan version: 2.19.1.1
	scipy version: 1.10.1
	seaborn version: 0.12.2
	phydmslib version: 2.4.1
	statsmodels version: 0.13.2
	rpy2 cannot be imported
	regex version: 2.5.114
	umi_tools version: 1.1.2

2024-03-11 16:51:39,737 - INFO - Parsed the following arguments:
	outdir = results/tile_4/prefs_with_stop
	ncpus = 6
	use_existing = no
	method = ratio
	indir = results/tile_4/renumbered_codoncounts
	chartype = codon_to_aa
	excludestop = no
	conc = [1.0, 1.0, 1.0]
	pseudocount = 1
	pre = lib2-plasmid-210921
	post = lib2-C6-36-multi
	name = lib2-C6-36-multi
	err = ['wt-plasmid-210921', 'wt-C6-36-multi']

2024-03-11 16:51:39,738 - INFO - Reading pre-selection counts from results/tile_4/renumbered_codoncounts/lib2-plasmid-210921_codoncounts.csv
2024-03-11 16:51:39,745 - INFO - Reading post-selection counts from results/tile_4/renumbered_codoncounts/lib2-C6-36-multi_codoncounts.csv
2024-03-11 16:51:39,751 - INFO - Reading pre-selection error-control counts from pre
2024-03-11 16:51:39,755 - INFO - Reading post-selection error-control counts from post
2024-03-11 16:51:39,767 - INFO - Read counts for 113 sites.
2024-03-11 16:51:39,767 - INFO - Here are sites and wildtype identities:
	338	GGA
	339	GTT
	340	ACA
	341	GGA
	342	ATA
	343	GCC
	344	ATG
	345	ACT
	346	GAC
	347	ACC
	348	ACA
	349	CCA
	350	TAC
	351	GGC
	352	CAA
	353	CAA
	354	AGA
	355	GTC
	356	TTC
	357	AAA
	358	GAA
	359	AAA
	360	GTG
	361	GAC
	362	ACC
	363	AGG
	364	GTG
	365	CCA
	366	GAT
	367	CCC
	368	CAA
	369	GAA
	370	GGC
	371	ACT
	372	CGC
	373	CAG
	374	GTA
	375	ATG
	376	AAC
	377	ATA
	378	GTC
	379	TCT
	380	TCC
	381	TGG
	382	CTG
	383	TGG
	384	AAG
	385	GAG
	386	CTG
	387	GGG
	388	AAA
	389	CGC
	390	AAG
	391	CGG
	392	CCA
	393	CGC
	394	GTC
	395	TGC
	396	ACC
	397	AAA
	398	GAA
	399	GAG
	400	TTT
	401	ATC
	402	AAC
	403	AAG
	404	GTG
	405	CGC
	406	AGC
	407	AAT
	408	GCA
	409	GCA
	410	CTG
	411	GGA
	412	GCA
	413	ATA
	414	TTT
	415	GAA
	416	GAG
	417	GAA
	418	AAA
	419	GAA
	420	TGG
	421	AAG
	422	ACG
	423	GCT
	424	GTG
	425	GAA
	426	GCT
	427	GTG
	428	AAT
	429	GAT
	430	CCA
	431	AGG
	432	TTT
	433	TGG
	434	GCC
	435	CTA
	436	GTG
	437	GAT
	438	AGG
	439	GAG
	440	AGA
	441	GAA
	442	CAC
	443	CAC
	444	CTG
	445	AGA
	446	GGA
	447	GAG
	448	TGT
	449	CAC
	450	AGC

2024-03-11 16:51:39,767 - INFO - Computing preferences as normalized enrichment ratios...
2024-03-11 16:51:40,115 - INFO - Writing preferences to results/tile_4/prefs_with_stop/lib2-C6-36-multi_prefs.csv
2024-03-11 16:51:40,123 - INFO - Successful completion of dms2_prefs
