2024-03-11 16:18:37,136 - INFO - Beginning execution of dms2_bcsubamp in directory /fh/fast/bloom_j/computational_notebooks/ckikawa/2022/ZIKV_DMS_NS5_EvansLab

2024-03-11 16:18:37,136 - INFO - Progress is being logged to results/tile_1/codoncounts/lib1-Huh-7.5-201112.log
2024-03-11 16:18:37,174 - INFO - Version information:
	Time and date: Mon Mar 11 16:18:37 2024
	Platform: Linux-4.15.0-213-generic-x86_64-with-glibc2.10
	Python version: 3.8.18 | packaged by conda-forge | (default, Dec 23 2023, 17:21:28)  [GCC 12.3.0]
	dms_tools2 version: 2.6.10
	Bio version: 1.79
	pandas version: 0.25.3
	numpy version: 1.19.5
	IPython version: 8.3.0
	jupyter version unknown
	matplotlib version: 3.2.2
	plotnine version: 0.6.0
	natsort version: 8.2.0
	pystan version: 2.19.1.1
	scipy version: 1.10.1
	seaborn version: 0.12.2
	phydmslib version: 2.4.1
	statsmodels version: 0.13.2
	rpy2 cannot be imported
	regex version: 2.5.114
	umi_tools version: 1.1.2

2024-03-11 16:18:37,174 - INFO - Parsed the following arguments:
	outdir = results/tile_1/codoncounts
	ncpus = -1
	use_existing = no
	refseq = data/tile_1_amplicon.fasta
	alignspecs = ['1,333,30,30']
	bclen = 8
	fastqdir = None
	R2 = None
	R1trim = [210]
	R2trim = [210]
	bclen2 = None
	chartype = codon
	maxmuts = 4
	minq = 15
	minreads = 2
	minfraccall = 0.95
	minconcur = 0.75
	sitemask = None
	purgeread = 0.0
	purgebc = 0.0
	bcinfo = True
	bcinfo_csv = True
	name = lib1-Huh-7.5-201112
	R1 = ['/shared/ngs/illumina/bloom_lab/201112_M04866_0426_000000000-JBYVJ_new-demux/Data/Intensities/BaseCalls/BR-Lib1-No-IFN_S10_L001_R1_001.fastq.gz']

2024-03-11 16:18:37,185 - INFO - Read refseq of 333 codons from data/tile_1_amplicon.fasta
2024-03-11 16:18:37,428 - INFO - Reads are in these FASTQ pairs:
	/shared/ngs/illumina/bloom_lab/201112_M04866_0426_000000000-JBYVJ_new-demux/Data/Intensities/BaseCalls/BR-Lib1-No-IFN_S10_L001_R1_001.fastq.gz and /shared/ngs/illumina/bloom_lab/201112_M04866_0426_000000000-JBYVJ_new-demux/Data/Intensities/BaseCalls/BR-Lib1-No-IFN_S10_L001_R2_001.fastq.gz

2024-03-11 16:18:37,428 - INFO - Now parsing read pairs...
2024-03-11 16:18:43,549 - INFO - Reads parsed so far: 500000
2024-03-11 16:18:48,796 - INFO - Parsed 985813 reads, found 295229 unique barcodes.
2024-03-11 16:18:48,800 - INFO - Summary stats on reads:
  total  fail filter  low Q barcode
 985813            0          64297
2024-03-11 16:18:48,800 - INFO - Writing these stats to results/tile_1/codoncounts/lib1-Huh-7.5-201112_readstats.csv

2024-03-11 16:18:48,879 - INFO - Number of reads per barcode:
                 number of barcodes
number of reads                    
1                             83641
2                             51247
3                             51400
4                             41810
5                             29512
6                             17898
7                              9858
8                              5060
9                              2466
10                             1107
11                              511
12                              263
13                              147
14                               88
15                               57
16                               36
17                               24
18                               18
19                               16
20                                7
21                               10
22                                9
23                                6
24                                8
25                                8
26                                3
27                                3
29                                2
30                                1
31                                2
33                                1
34                                2
35                                3
38                                1
42                                1
53                                1
62                                1
68                                1
2024-03-11 16:18:48,879 - INFO - Writing these stats to results/tile_1/codoncounts/lib1-Huh-7.5-201112_readsperbc.csv

2024-03-11 16:18:48,887 - INFO - Examining the 295229 barcodes to build and align subamplicons...
2024-03-11 16:19:00,563 - INFO - Barcodes examined so far: 200000
2024-03-11 16:19:03,961 - INFO - Examined all barcodes. Summary stats:
  total  too few reads  not alignable  aligned
 295229          83641          26362   185226
2024-03-11 16:19:03,961 - INFO - Writing these stats to results/tile_1/codoncounts/lib1-Huh-7.5-201112_bcstats.csv

2024-03-11 16:19:03,973 - INFO - Writing the counts of each codon identity at each site to results/tile_1/codoncounts/lib1-Huh-7.5-201112_codoncounts.csv

2024-03-11 16:19:03,984 - INFO - Successful completion of dms2_bcsubamp
