2022-05-06 09:28:55,347 - INFO - Beginning execution of dms2_bcsubamp in directory /fh/fast/bloom_j/computational_notebooks/ckikawa/2022/ZIKV_DMS_NS5_EvansLab

2022-05-06 09:28:55,347 - INFO - Progress is being logged to results/tile_1/codoncounts/lib1-plasmid-201112.log
2022-05-06 09:28:55,384 - INFO - Version information:
	Time and date: Fri May  6 09:28:55 2022
	Platform: Linux-4.15.0-118-generic-x86_64-with-glibc2.10
	Python version: 3.8.13 | packaged by conda-forge | (default, Mar 25 2022, 06:04:10)  [GCC 10.3.0]
	dms_tools2 version: 2.6.10
	Bio version: 1.79
	pandas version: 0.25.3
	numpy version: 1.19.5
	IPython version: 8.3.0
	jupyter version: 1.0.0
	matplotlib version: 3.2.2
	plotnine version: 0.6.0
	natsort version: 8.1.0
	pystan version: 2.19.1.1
	scipy version: 1.5.2
	seaborn version: 0.10.1
	phydmslib version: 2.4.1
	statsmodels version: 0.11.1
	rpy2 cannot be imported
	regex version: 2.5.114
	umi_tools version: 1.1.2

2022-05-06 09:28:55,384 - INFO - Parsed the following arguments:
	outdir = results/tile_1/codoncounts
	ncpus = -1
	use_existing = yes
	refseq = data/tile_1_amplicon.fasta
	alignspecs = ['1,333,30,30']
	bclen = 8
	fastqdir = None
	R2 = None
	R1trim = [210]
	R2trim = [210]
	bclen2 = None
	chartype = codon
	maxmuts = 4
	minq = 15
	minreads = 2
	minfraccall = 0.95
	minconcur = 0.75
	sitemask = None
	purgeread = 0.0
	purgebc = 0.0
	bcinfo = True
	bcinfo_csv = True
	name = lib1-plasmid-201112
	R1 = ['/shared/ngs/illumina/bloom_lab/201112_M04866_0426_000000000-JBYVJ_new-demux/Data/Intensities/BaseCalls/BR-Lib1-plasmid_S6_L001_R1_001.fastq.gz']

2022-05-06 09:28:55,411 - INFO - Read refseq of 333 codons from data/tile_1_amplicon.fasta
2022-05-06 09:28:55,561 - INFO - Reads are in these FASTQ pairs:
	/shared/ngs/illumina/bloom_lab/201112_M04866_0426_000000000-JBYVJ_new-demux/Data/Intensities/BaseCalls/BR-Lib1-plasmid_S6_L001_R1_001.fastq.gz and /shared/ngs/illumina/bloom_lab/201112_M04866_0426_000000000-JBYVJ_new-demux/Data/Intensities/BaseCalls/BR-Lib1-plasmid_S6_L001_R2_001.fastq.gz

2022-05-06 09:28:55,561 - INFO - Now parsing read pairs...
2022-05-06 09:29:03,621 - INFO - Reads parsed so far: 500000
2022-05-06 09:29:12,742 - INFO - Reads parsed so far: 1000000
2022-05-06 09:29:15,454 - INFO - Parsed 1192445 reads, found 415710 unique barcodes.
2022-05-06 09:29:15,456 - INFO - Summary stats on reads:
   total  fail filter  low Q barcode
 1192445            0          77193
2022-05-06 09:29:15,456 - INFO - Writing these stats to results/tile_1/codoncounts/lib1-plasmid-201112_readstats.csv

2022-05-06 09:29:15,557 - INFO - Number of reads per barcode:
                 number of barcodes
number of reads                    
1                            156347
2                             76301
3                             65588
4                             49802
5                             31747
6                             18182
7                              9340
8                              4323
9                              2042
10                              952
11                              441
12                              221
13                              119
14                               87
15                               40
16                               35
17                               20
18                               17
19                               17
20                               25
21                               11
22                               14
23                                5
24                                4
25                                2
26                                6
27                                2
29                                3
30                                4
32                                1
34                                3
35                                1
36                                1
39                                1
42                                1
43                                1
44                                1
46                                1
47                                1
62                                1
2022-05-06 09:29:15,557 - INFO - Writing these stats to results/tile_1/codoncounts/lib1-plasmid-201112_readsperbc.csv

2022-05-06 09:29:15,560 - INFO - Examining the 415710 barcodes to build and align subamplicons...
2022-05-06 09:29:26,675 - INFO - Barcodes examined so far: 200000
2022-05-06 09:29:34,151 - INFO - Barcodes examined so far: 400000
2022-05-06 09:29:34,393 - INFO - Examined all barcodes. Summary stats:
  total  too few reads  not alignable  aligned
 415710         156347          38196   221167
2022-05-06 09:29:34,394 - INFO - Writing these stats to results/tile_1/codoncounts/lib1-plasmid-201112_bcstats.csv

2022-05-06 09:29:34,403 - INFO - Writing the counts of each codon identity at each site to results/tile_1/codoncounts/lib1-plasmid-201112_codoncounts.csv

2022-05-06 09:29:34,415 - INFO - Successful completion of dms2_bcsubamp
