2022-06-29 11:49:25,260 - INFO - Beginning execution of dms2_bcsubamp in directory /fh/fast/bloom_j/computational_notebooks/ckikawa/2022/ZIKV_DMS_NS5_EvansLab

2022-06-29 11:49:25,260 - INFO - Progress is being logged to results/tile_1/codoncounts/lib2-plasmid-201112.log
2022-06-29 11:49:25,294 - INFO - Version information:
	Time and date: Wed Jun 29 11:49:25 2022
	Platform: Linux-4.15.0-118-generic-x86_64-with-glibc2.10
	Python version: 3.8.13 | packaged by conda-forge | (default, Mar 25 2022, 06:04:10)  [GCC 10.3.0]
	dms_tools2 version: 2.6.10
	Bio version: 1.79
	pandas version: 0.25.3
	numpy version: 1.19.5
	IPython version: 8.3.0
	jupyter version: 1.0.0
	matplotlib version: 3.2.2
	plotnine version: 0.6.0
	natsort version: 8.1.0
	pystan version: 2.19.1.1
	scipy version: 1.5.2
	seaborn version: 0.10.1
	phydmslib version: 2.4.1
	statsmodels version: 0.11.1
	rpy2 cannot be imported
	regex version: 2.5.114
	umi_tools version: 1.1.2

2022-06-29 11:49:25,294 - INFO - Parsed the following arguments:
	outdir = results/tile_1/codoncounts
	ncpus = -1
	use_existing = yes
	refseq = data/tile_1_amplicon.fasta
	alignspecs = ['1,333,30,30']
	bclen = 8
	fastqdir = None
	R2 = None
	R1trim = [210]
	R2trim = [210]
	bclen2 = None
	chartype = codon
	maxmuts = 4
	minq = 15
	minreads = 2
	minfraccall = 0.95
	minconcur = 0.75
	sitemask = None
	purgeread = 0.0
	purgebc = 0.0
	bcinfo = True
	bcinfo_csv = True
	name = lib2-plasmid-201112
	R1 = ['/shared/ngs/illumina/bloom_lab/201112_M04866_0426_000000000-JBYVJ_new-demux/Data/Intensities/BaseCalls/BR-Lib2-plasmid_S7_L001_R1_001.fastq.gz']

2022-06-29 11:49:25,310 - INFO - Read refseq of 333 codons from data/tile_1_amplicon.fasta
2022-06-29 11:49:25,423 - INFO - Reads are in these FASTQ pairs:
	/shared/ngs/illumina/bloom_lab/201112_M04866_0426_000000000-JBYVJ_new-demux/Data/Intensities/BaseCalls/BR-Lib2-plasmid_S7_L001_R1_001.fastq.gz and /shared/ngs/illumina/bloom_lab/201112_M04866_0426_000000000-JBYVJ_new-demux/Data/Intensities/BaseCalls/BR-Lib2-plasmid_S7_L001_R2_001.fastq.gz

2022-06-29 11:49:25,423 - INFO - Now parsing read pairs...
2022-06-29 11:49:31,328 - INFO - Reads parsed so far: 500000
2022-06-29 11:49:36,657 - INFO - Reads parsed so far: 1000000
2022-06-29 11:49:37,066 - INFO - Parsed 1041787 reads, found 361155 unique barcodes.
2022-06-29 11:49:37,068 - INFO - Summary stats on reads:
   total  fail filter  low Q barcode
 1041787            0          71674
2022-06-29 11:49:37,068 - INFO - Writing these stats to results/tile_1/codoncounts/lib2-plasmid-201112_readstats.csv

2022-06-29 11:49:37,154 - INFO - Number of reads per barcode:
                 number of barcodes
number of reads                    
1                            124519
2                             73010
3                             63326
4                             45198
5                             27463
6                             14527
7                              7098
8                              3255
9                              1433
10                              621
11                              281
12                              165
13                               70
14                               41
15                               27
16                               28
17                               21
18                               16
19                               11
20                                5
21                                6
22                                4
23                                3
24                                4
25                                1
26                                5
27                                1
28                                4
29                                4
31                                1
32                                1
35                                2
36                                1
38                                1
52                                1
84                                1
2022-06-29 11:49:37,154 - INFO - Writing these stats to results/tile_1/codoncounts/lib2-plasmid-201112_readsperbc.csv

2022-06-29 11:49:37,163 - INFO - Examining the 361155 barcodes to build and align subamplicons...
2022-06-29 11:49:48,719 - INFO - Barcodes examined so far: 200000
2022-06-29 11:49:54,686 - INFO - Examined all barcodes. Summary stats:
  total  too few reads  not alignable  aligned
 361155         124519          35645   200991
2022-06-29 11:49:54,686 - INFO - Writing these stats to results/tile_1/codoncounts/lib2-plasmid-201112_bcstats.csv

2022-06-29 11:49:54,701 - INFO - Writing the counts of each codon identity at each site to results/tile_1/codoncounts/lib2-plasmid-201112_codoncounts.csv

2022-06-29 11:49:54,714 - INFO - Successful completion of dms2_bcsubamp
