2022-06-29 11:49:25,275 - INFO - Beginning execution of dms2_bcsubamp in directory /fh/fast/bloom_j/computational_notebooks/ckikawa/2022/ZIKV_DMS_NS5_EvansLab

2022-06-29 11:49:25,275 - INFO - Progress is being logged to results/tile_1/codoncounts/lib3-Huh-7.5-201112.log
2022-06-29 11:49:25,308 - INFO - Version information:
	Time and date: Wed Jun 29 11:49:25 2022
	Platform: Linux-4.15.0-118-generic-x86_64-with-glibc2.10
	Python version: 3.8.13 | packaged by conda-forge | (default, Mar 25 2022, 06:04:10)  [GCC 10.3.0]
	dms_tools2 version: 2.6.10
	Bio version: 1.79
	pandas version: 0.25.3
	numpy version: 1.19.5
	IPython version: 8.3.0
	jupyter version: 1.0.0
	matplotlib version: 3.2.2
	plotnine version: 0.6.0
	natsort version: 8.1.0
	pystan version: 2.19.1.1
	scipy version: 1.5.2
	seaborn version: 0.10.1
	phydmslib version: 2.4.1
	statsmodels version: 0.11.1
	rpy2 cannot be imported
	regex version: 2.5.114
	umi_tools version: 1.1.2

2022-06-29 11:49:25,308 - INFO - Parsed the following arguments:
	outdir = results/tile_1/codoncounts
	ncpus = -1
	use_existing = yes
	refseq = data/tile_1_amplicon.fasta
	alignspecs = ['1,333,30,30']
	bclen = 8
	fastqdir = None
	R2 = None
	R1trim = [210]
	R2trim = [210]
	bclen2 = None
	chartype = codon
	maxmuts = 4
	minq = 15
	minreads = 2
	minfraccall = 0.95
	minconcur = 0.75
	sitemask = None
	purgeread = 0.0
	purgebc = 0.0
	bcinfo = True
	bcinfo_csv = True
	name = lib3-Huh-7.5-201112
	R1 = ['/shared/ngs/illumina/bloom_lab/201112_M04866_0426_000000000-JBYVJ_new-demux/Data/Intensities/BaseCalls/BR-Lib3-No-IFN_S12_L001_R1_001.fastq.gz']

2022-06-29 11:49:25,321 - INFO - Read refseq of 333 codons from data/tile_1_amplicon.fasta
2022-06-29 11:49:25,404 - INFO - Reads are in these FASTQ pairs:
	/shared/ngs/illumina/bloom_lab/201112_M04866_0426_000000000-JBYVJ_new-demux/Data/Intensities/BaseCalls/BR-Lib3-No-IFN_S12_L001_R1_001.fastq.gz and /shared/ngs/illumina/bloom_lab/201112_M04866_0426_000000000-JBYVJ_new-demux/Data/Intensities/BaseCalls/BR-Lib3-No-IFN_S12_L001_R2_001.fastq.gz

2022-06-29 11:49:25,405 - INFO - Now parsing read pairs...
2022-06-29 11:49:31,341 - INFO - Reads parsed so far: 500000
2022-06-29 11:49:35,670 - INFO - Parsed 909708 reads, found 315266 unique barcodes.
2022-06-29 11:49:35,672 - INFO - Summary stats on reads:
  total  fail filter  low Q barcode
 909708            0          54508
2022-06-29 11:49:35,672 - INFO - Writing these stats to results/tile_1/codoncounts/lib3-Huh-7.5-201112_readstats.csv

2022-06-29 11:49:35,755 - INFO - Number of reads per barcode:
                 number of barcodes
number of reads                    
1                             98957
2                             69949
3                             58894
4                             40508
5                             24207
6                             12254
7                              5925
8                              2471
9                              1073
10                              476
11                              206
12                              124
13                               59
14                               41
15                               37
16                               15
17                               13
18                                9
19                                9
20                                7
21                                8
22                                6
23                                3
25                                5
26                                1
27                                1
29                                3
34                                1
35                                2
39                                1
51                                1
2022-06-29 11:49:35,755 - INFO - Writing these stats to results/tile_1/codoncounts/lib3-Huh-7.5-201112_readsperbc.csv

2022-06-29 11:49:35,759 - INFO - Examining the 315266 barcodes to build and align subamplicons...
2022-06-29 11:49:46,539 - INFO - Barcodes examined so far: 200000
2022-06-29 11:49:50,574 - INFO - Examined all barcodes. Summary stats:
  total  too few reads  not alignable  aligned
 315266          98957          28013   188296
2022-06-29 11:49:50,575 - INFO - Writing these stats to results/tile_1/codoncounts/lib3-Huh-7.5-201112_bcstats.csv

2022-06-29 11:49:50,589 - INFO - Writing the counts of each codon identity at each site to results/tile_1/codoncounts/lib3-Huh-7.5-201112_codoncounts.csv

2022-06-29 11:49:50,601 - INFO - Successful completion of dms2_bcsubamp
