2022-07-19 17:18:58,295 - INFO - Beginning execution of dms2_bcsubamp in directory /fh/fast/bloom_j/computational_notebooks/ckikawa/2022/ZIKV_DMS_NS5_EvansLab

2022-07-19 17:18:58,295 - INFO - Progress is being logged to results/tile_1/codoncounts/lib3-C6-36-multi.log
2022-07-19 17:18:58,328 - INFO - Version information:
	Time and date: Tue Jul 19 17:18:58 2022
	Platform: Linux-4.15.0-118-generic-x86_64-with-glibc2.10
	Python version: 3.8.13 | packaged by conda-forge | (default, Mar 25 2022, 06:04:10)  [GCC 10.3.0]
	dms_tools2 version: 2.6.10
	Bio version: 1.79
	pandas version: 0.25.3
	numpy version: 1.19.5
	IPython version: 8.3.0
	jupyter version: 1.0.0
	matplotlib version: 3.2.2
	plotnine version: 0.6.0
	natsort version: 8.1.0
	pystan version: 2.19.1.1
	scipy version: 1.5.2
	seaborn version: 0.10.1
	phydmslib version: 2.4.1
	statsmodels version: 0.11.1
	rpy2 cannot be imported
	regex version: 2.5.114
	umi_tools version: 1.1.2

2022-07-19 17:18:58,328 - INFO - Parsed the following arguments:
	outdir = results/tile_1/codoncounts
	ncpus = -1
	use_existing = yes
	refseq = data/tile_1_amplicon.fasta
	alignspecs = ['1,333,30,30']
	bclen = 8
	fastqdir = None
	R2 = None
	R1trim = [210]
	R2trim = [210]
	bclen2 = None
	chartype = codon
	maxmuts = 4
	minq = 15
	minreads = 2
	minfraccall = 0.95
	minconcur = 0.75
	sitemask = None
	purgeread = 0.0
	purgebc = 0.0
	bcinfo = True
	bcinfo_csv = True
	name = lib3-C6-36-multi
	R1 = ['/fh/fast/bloom_j/computational_notebooks/dbacsik/2022/ZIKV_DMS_NS5_EvansLab/data/concat_fastqs/concat_fastq_out/lib3_C636_R1.fastq.gz']

2022-07-19 17:18:58,342 - INFO - Read refseq of 333 codons from data/tile_1_amplicon.fasta
2022-07-19 17:18:58,344 - INFO - Reads are in these FASTQ pairs:
	/fh/fast/bloom_j/computational_notebooks/dbacsik/2022/ZIKV_DMS_NS5_EvansLab/data/concat_fastqs/concat_fastq_out/lib3_C636_R1.fastq.gz and /fh/fast/bloom_j/computational_notebooks/dbacsik/2022/ZIKV_DMS_NS5_EvansLab/data/concat_fastqs/concat_fastq_out/lib3_C636_R2.fastq.gz

2022-07-19 17:18:58,344 - INFO - Now parsing read pairs...
2022-07-19 17:19:04,620 - INFO - Reads parsed so far: 500000
2022-07-19 17:19:10,810 - INFO - Reads parsed so far: 1000000
2022-07-19 17:19:16,348 - INFO - Reads parsed so far: 1500000
2022-07-19 17:19:21,981 - INFO - Reads parsed so far: 2000000
2022-07-19 17:19:27,950 - INFO - Reads parsed so far: 2500000
2022-07-19 17:19:34,181 - INFO - Reads parsed so far: 3000000
2022-07-19 17:19:39,254 - INFO - Reads parsed so far: 3500000
2022-07-19 17:19:44,322 - INFO - Reads parsed so far: 4000000
2022-07-19 17:19:51,018 - INFO - Reads parsed so far: 4500000
2022-07-19 17:19:56,109 - INFO - Reads parsed so far: 5000000
2022-07-19 17:20:01,481 - INFO - Reads parsed so far: 5500000
2022-07-19 17:20:06,777 - INFO - Reads parsed so far: 6000000
2022-07-19 17:20:14,479 - INFO - Reads parsed so far: 6500000
2022-07-19 17:20:20,073 - INFO - Reads parsed so far: 7000000
2022-07-19 17:20:25,612 - INFO - Reads parsed so far: 7500000
2022-07-19 17:20:30,984 - INFO - Reads parsed so far: 8000000
2022-07-19 17:20:36,386 - INFO - Reads parsed so far: 8500000
2022-07-19 17:20:41,645 - INFO - Reads parsed so far: 9000000
2022-07-19 17:20:46,912 - INFO - Reads parsed so far: 9500000
2022-07-19 17:20:56,720 - INFO - Reads parsed so far: 10000000
2022-07-19 17:21:02,127 - INFO - Reads parsed so far: 10500000
2022-07-19 17:21:07,430 - INFO - Reads parsed so far: 11000000
2022-07-19 17:21:13,074 - INFO - Reads parsed so far: 11500000
2022-07-19 17:21:18,614 - INFO - Reads parsed so far: 12000000
2022-07-19 17:21:23,972 - INFO - Parsed 12492499 reads, found 3646664 unique barcodes.
2022-07-19 17:21:23,975 - INFO - Summary stats on reads:
    total  fail filter  low Q barcode
 12492499      1395067        1385762
2022-07-19 17:21:23,975 - INFO - Writing these stats to results/tile_1/codoncounts/lib3-C6-36-multi_readstats.csv

2022-07-19 17:21:24,896 - INFO - Number of reads per barcode:
                 number of barcodes
number of reads                    
1                           1310411
2                            740474
3                            606069
4                            426944
5                            264899
6                            149597
7                             77157
8                             38176
9                             17826
10                             8102
11                             3714
12                             1606
13                              794
14                              374
15                              195
16                               95
17                               65
18                               37
19                               14
20                               25
21                               12
22                               13
23                               11
24                               10
25                                8
26                                2
27                                4
28                                8
29                                2
30                                1
31                                1
32                                1
34                                2
35                                2
36                                2
37                                2
39                                1
40                                1
45                                1
47                                1
49                                1
55                                1
58                                1
80                                1
161                               1
2022-07-19 17:21:24,896 - INFO - Writing these stats to results/tile_1/codoncounts/lib3-C6-36-multi_readsperbc.csv

2022-07-19 17:21:24,899 - INFO - Examining the 3646664 barcodes to build and align subamplicons...
2022-07-19 17:21:31,284 - INFO - Barcodes examined so far: 200000
2022-07-19 17:21:37,694 - INFO - Barcodes examined so far: 400000
2022-07-19 17:21:44,010 - INFO - Barcodes examined so far: 600000
2022-07-19 17:21:50,113 - INFO - Barcodes examined so far: 800000
2022-07-19 17:21:56,052 - INFO - Barcodes examined so far: 1000000
2022-07-19 17:22:01,798 - INFO - Barcodes examined so far: 1200000
2022-07-19 17:22:07,416 - INFO - Barcodes examined so far: 1400000
2022-07-19 17:22:12,848 - INFO - Barcodes examined so far: 1600000
2022-07-19 17:22:18,109 - INFO - Barcodes examined so far: 1800000
2022-07-19 17:22:23,203 - INFO - Barcodes examined so far: 2000000
2022-07-19 17:22:28,076 - INFO - Barcodes examined so far: 2200000
2022-07-19 17:22:32,700 - INFO - Barcodes examined so far: 2400000
2022-07-19 17:22:37,060 - INFO - Barcodes examined so far: 2600000
2022-07-19 17:22:41,080 - INFO - Barcodes examined so far: 2800000
2022-07-19 17:22:44,737 - INFO - Barcodes examined so far: 3000000
2022-07-19 17:22:48,010 - INFO - Barcodes examined so far: 3200000
2022-07-19 17:22:50,713 - INFO - Barcodes examined so far: 3400000
2022-07-19 17:22:52,877 - INFO - Barcodes examined so far: 3600000
2022-07-19 17:22:53,337 - INFO - Examined all barcodes. Summary stats:
   total  too few reads  not alignable  aligned
 3646664        1310411        2117405   218848
2022-07-19 17:22:53,337 - INFO - Writing these stats to results/tile_1/codoncounts/lib3-C6-36-multi_bcstats.csv

2022-07-19 17:22:53,345 - INFO - Writing the counts of each codon identity at each site to results/tile_1/codoncounts/lib3-C6-36-multi_codoncounts.csv

2022-07-19 17:22:53,354 - INFO - Successful completion of dms2_bcsubamp
