2022-05-11 09:09:37,660 - INFO - Beginning execution of dms2_batch_bcsubamp in directory /fh/fast/bloom_j/computational_notebooks/ckikawa/2022/ZIKV_DMS_NS5_EvansLab

2022-05-11 09:09:37,660 - INFO - Progress is being logged to results/tile_1/codoncounts/summary.log
2022-05-11 09:09:37,864 - INFO - Version information:
	Time and date: Wed May 11 09:09:37 2022
	Platform: Linux-4.15.0-136-generic-x86_64-with-glibc2.10
	Python version: 3.8.13 | packaged by conda-forge | (default, Mar 25 2022, 06:04:10)  [GCC 10.3.0]
	dms_tools2 version: 2.6.10
	Bio version: 1.79
	pandas version: 0.25.3
	numpy version: 1.19.5
	IPython version: 8.3.0
	jupyter version: 1.0.0
	matplotlib version: 3.2.2
	plotnine version: 0.6.0
	natsort version: 8.1.0
	pystan version: 2.19.1.1
	scipy version: 1.5.2
	seaborn version: 0.10.1
	phydmslib version: 2.4.1
	statsmodels version: 0.11.1
	rpy2 cannot be imported
	regex version: 2.5.114
	umi_tools version: 1.1.2

2022-05-11 09:09:37,864 - INFO - Parsed the following arguments:
	outdir = results/tile_1/codoncounts
	ncpus = 72
	use_existing = yes
	refseq = data/tile_1_amplicon.fasta
	alignspecs = ['1,333,30,30']
	bclen = 8
	fastqdir = None
	R2 = None
	R1trim = [210]
	R2trim = [210]
	bclen2 = None
	chartype = codon
	maxmuts = 4
	minq = 15
	minreads = 2
	minfraccall = 0.95
	minconcur = 0.75
	sitemask = None
	purgeread = 0
	purgebc = 0
	bcinfo = False
	bcinfo_csv = False
	batchfile = results/tile_1/codoncounts/batch.csv
	summaryprefix = summary

2022-05-11 09:09:37,864 - INFO - Parsing sample info from results/tile_1/codoncounts/batch.csv
2022-05-11 09:09:37,874 - INFO - Read the following sample information:
name,R1
wt-plasmid-201112,/shared/ngs/illumina/bloom_lab/201112_M04866_0426_000000000-JBYVJ_new-demux/Data/Intensities/BaseCalls/BR-WT-plasmid_S5_L001_R1_001.fastq.gz
lib1-plasmid-201112,/shared/ngs/illumina/bloom_lab/201112_M04866_0426_000000000-JBYVJ_new-demux/Data/Intensities/BaseCalls/BR-Lib1-plasmid_S6_L001_R1_001.fastq.gz
lib2-plasmid-201112,/shared/ngs/illumina/bloom_lab/201112_M04866_0426_000000000-JBYVJ_new-demux/Data/Intensities/BaseCalls/BR-Lib2-plasmid_S7_L001_R1_001.fastq.gz
lib3-plasmid-201112,/shared/ngs/illumina/bloom_lab/201112_M04866_0426_000000000-JBYVJ_new-demux/Data/Intensities/BaseCalls/BR-Lib3-plasmid_S8_L001_R1_001.fastq.gz
wt-Huh-7.5-201112,/shared/ngs/illumina/bloom_lab/201112_M04866_0426_000000000-JBYVJ_new-demux/Data/Intensities/BaseCalls/BR-WT-No-IFN_S9_L001_R1_001.fastq.gz
lib1-Huh-7.5-201112,/shared/ngs/illumina/bloom_lab/201112_M04866_0426_000000000-JBYVJ_new-demux/Data/Intensities/BaseCalls/BR-Lib1-No-IFN_S10_L001_R1_001.fastq.gz
lib2-Huh-7.5-201112,/shared/ngs/illumina/bloom_lab/201112_M04866_0426_000000000-JBYVJ_new-demux/Data/Intensities/BaseCalls/BR-Lib2-No-IFN_S11_L001_R1_001.fastq.gz
lib3-Huh-7.5-201112,/shared/ngs/illumina/bloom_lab/201112_M04866_0426_000000000-JBYVJ_new-demux/Data/Intensities/BaseCalls/BR-Lib3-No-IFN_S12_L001_R1_001.fastq.gz
lib1-Huh-7.5-210313,/shared/ngs/illumina/bloom_lab/210312_D00300_1192_BHKHNYBCX3/Unaligned/Project_dbacsik/BR_0_IFN_Lib1_S2_R1_001.fastq.gz
lib2-Huh-7.5-210313,/shared/ngs/illumina/bloom_lab/210312_D00300_1192_BHKHNYBCX3/Unaligned/Project_dbacsik/BR_0_IFN_Lib2_S3_R1_001.fastq.gz
lib3-Huh-7.5-210313,/shared/ngs/illumina/bloom_lab/210312_D00300_1192_BHKHNYBCX3/Unaligned/Project_dbacsik/BR_0_IFN_Lib3_S4_R1_001.fastq.gz
wt-Huh-7.5-210313,/shared/ngs/illumina/bloom_lab/210312_D00300_1192_BHKHNYBCX3/Unaligned/Project_dbacsik/BR_0_IFN_WT_S1_R1_001.fastq.gz
wt-C6-36-220225,/shared/ngs/illumina/bloom_lab/220225_M04866_0515_000000000-K5JDB/Unaligned/Project_bloom_lab/WT_S4_R1_001.fastq.gz
lib1-C6-36-220225,/shared/ngs/illumina/bloom_lab/220225_M04866_0515_000000000-K5JDB/Unaligned/Project_bloom_lab/Lib1_S1_R1_001.fastq.gz
lib2-C6-36-220225,/shared/ngs/illumina/bloom_lab/220225_M04866_0515_000000000-K5JDB/Unaligned/Project_bloom_lab/Lib2_S2_R1_001.fastq.gz
lib3-C6-36-220225,/shared/ngs/illumina/bloom_lab/220225_M04866_0515_000000000-K5JDB/Unaligned/Project_bloom_lab/Lib3_S3_R1_001.fastq.gz
wt-C6-36-220415,/shared/ngs/illumina/bloom_lab/220415_M00492_0013_000000000-KC5RK/Unaligned/Project_bloom_lab/WT_S4_R1_001.fastq.gz
lib1-C6-36-220415,/shared/ngs/illumina/bloom_lab/220415_M00492_0013_000000000-KC5RK/Unaligned/Project_bloom_lab/Lib1_S1_R1_001.fastq.gz
lib2-C6-36-220415,/shared/ngs/illumina/bloom_lab/220415_M00492_0013_000000000-KC5RK/Unaligned/Project_bloom_lab/Lib2_S2_R1_001.fastq.gz
lib3-C6-36-220415,/shared/ngs/illumina/bloom_lab/220415_M00492_0013_000000000-KC5RK/Unaligned/Project_bloom_lab/Lib3_S3_R1_001.fastq.gz
wt-C6-36-FebApr-2022,/fh/fast/bloom_j/computational_notebooks/ckikawa/2022/ZIKV_DMS_NS5_EvansLab/data/concat_c636/concatenated_WT_S4_R1_001.fastq.gz
lib1-C6-36-FebApr-2022,/fh/fast/bloom_j/computational_notebooks/ckikawa/2022/ZIKV_DMS_NS5_EvansLab/data/concat_c636/concatenated_lib1_S1_R1_001.fastq.gz
lib2-C6-36-FebApr-2022,/fh/fast/bloom_j/computational_notebooks/ckikawa/2022/ZIKV_DMS_NS5_EvansLab/data/concat_c636/concatenated_lib2_S2_R1_001.fastq.gz
lib3-C6-36-FebApr-2022,/fh/fast/bloom_j/computational_notebooks/ckikawa/2022/ZIKV_DMS_NS5_EvansLab/data/concat_c636/concatenated_lib3_S3_R1_001.fastq.gz


2022-05-11 09:09:37,891 - INFO - Running dms2_bcsubamp on all samples using 36 CPUs...
2022-05-11 09:13:16,916 - INFO - Completed runs of dms2_bcsubamp.

2022-05-11 09:13:16,925 - ERROR - Terminating dms2_batch_bcsubamp with ERROR
Traceback (most recent call last):
  File "/home/ckikawa/.conda/envs/ZIKV_DMS_NS5_EvansLab/bin/dms2_batch_bcsubamp", line 148, in main
    assert all(map(os.path.isfile, batchruns[filename].values)), (
AssertionError: Did not create all these files:
results/tile_1/codoncounts/wt-plasmid-201112_codoncounts.csv
results/tile_1/codoncounts/lib1-plasmid-201112_codoncounts.csv
results/tile_1/codoncounts/lib2-plasmid-201112_codoncounts.csv
results/tile_1/codoncounts/lib3-plasmid-201112_codoncounts.csv
results/tile_1/codoncounts/wt-Huh-7.5-201112_codoncounts.csv
results/tile_1/codoncounts/lib1-Huh-7.5-201112_codoncounts.csv
results/tile_1/codoncounts/lib2-Huh-7.5-201112_codoncounts.csv
results/tile_1/codoncounts/lib3-Huh-7.5-201112_codoncounts.csv
results/tile_1/codoncounts/lib1-Huh-7.5-210313_codoncounts.csv
results/tile_1/codoncounts/lib2-Huh-7.5-210313_codoncounts.csv
results/tile_1/codoncounts/lib3-Huh-7.5-210313_codoncounts.csv
results/tile_1/codoncounts/wt-Huh-7.5-210313_codoncounts.csv
results/tile_1/codoncounts/wt-C6-36-220225_codoncounts.csv
results/tile_1/codoncounts/lib1-C6-36-220225_codoncounts.csv
results/tile_1/codoncounts/lib2-C6-36-220225_codoncounts.csv
results/tile_1/codoncounts/lib3-C6-36-220225_codoncounts.csv
results/tile_1/codoncounts/wt-C6-36-220415_codoncounts.csv
results/tile_1/codoncounts/lib1-C6-36-220415_codoncounts.csv
results/tile_1/codoncounts/lib2-C6-36-220415_codoncounts.csv
results/tile_1/codoncounts/lib3-C6-36-220415_codoncounts.csv
results/tile_1/codoncounts/wt-C6-36-FebApr-2022_codoncounts.csv
results/tile_1/codoncounts/lib1-C6-36-FebApr-2022_codoncounts.csv
results/tile_1/codoncounts/lib2-C6-36-FebApr-2022_codoncounts.csv
results/tile_1/codoncounts/lib3-C6-36-FebApr-2022_codoncounts.csv

Look in following log files for details of what went wrong:
results/tile_1/codoncounts/wt-plasmid-201112.log
results/tile_1/codoncounts/lib1-plasmid-201112.log
results/tile_1/codoncounts/lib2-plasmid-201112.log
results/tile_1/codoncounts/lib3-plasmid-201112.log
results/tile_1/codoncounts/wt-Huh-7.5-201112.log
results/tile_1/codoncounts/lib1-Huh-7.5-201112.log
results/tile_1/codoncounts/lib2-Huh-7.5-201112.log
results/tile_1/codoncounts/lib3-Huh-7.5-201112.log
results/tile_1/codoncounts/lib1-Huh-7.5-210313.log
results/tile_1/codoncounts/lib2-Huh-7.5-210313.log
results/tile_1/codoncounts/lib3-Huh-7.5-210313.log
results/tile_1/codoncounts/wt-Huh-7.5-210313.log
results/tile_1/codoncounts/wt-C6-36-220225.log
results/tile_1/codoncounts/lib1-C6-36-220225.log
results/tile_1/codoncounts/lib2-C6-36-220225.log
results/tile_1/codoncounts/lib3-C6-36-220225.log
results/tile_1/codoncounts/wt-C6-36-220415.log
results/tile_1/codoncounts/lib1-C6-36-220415.log
results/tile_1/codoncounts/lib2-C6-36-220415.log
results/tile_1/codoncounts/lib3-C6-36-220415.log
results/tile_1/codoncounts/wt-C6-36-FebApr-2022.log
results/tile_1/codoncounts/lib1-C6-36-FebApr-2022.log
results/tile_1/codoncounts/lib2-C6-36-FebApr-2022.log
results/tile_1/codoncounts/lib3-C6-36-FebApr-2022.log
