2022-07-19 17:18:58,304 - INFO - Beginning execution of dms2_bcsubamp in directory /fh/fast/bloom_j/computational_notebooks/ckikawa/2022/ZIKV_DMS_NS5_EvansLab

2022-07-19 17:18:58,304 - INFO - Progress is being logged to results/tile_1/codoncounts/wt-Huh-7.5IFNPilot-210313.log
2022-07-19 17:18:58,337 - INFO - Version information:
	Time and date: Tue Jul 19 17:18:58 2022
	Platform: Linux-4.15.0-118-generic-x86_64-with-glibc2.10
	Python version: 3.8.13 | packaged by conda-forge | (default, Mar 25 2022, 06:04:10)  [GCC 10.3.0]
	dms_tools2 version: 2.6.10
	Bio version: 1.79
	pandas version: 0.25.3
	numpy version: 1.19.5
	IPython version: 8.3.0
	jupyter version: 1.0.0
	matplotlib version: 3.2.2
	plotnine version: 0.6.0
	natsort version: 8.1.0
	pystan version: 2.19.1.1
	scipy version: 1.5.2
	seaborn version: 0.10.1
	phydmslib version: 2.4.1
	statsmodels version: 0.11.1
	rpy2 cannot be imported
	regex version: 2.5.114
	umi_tools version: 1.1.2

2022-07-19 17:18:58,337 - INFO - Parsed the following arguments:
	outdir = results/tile_1/codoncounts
	ncpus = -1
	use_existing = yes
	refseq = data/tile_1_amplicon.fasta
	alignspecs = ['1,333,30,30']
	bclen = 8
	fastqdir = None
	R2 = None
	R1trim = [210]
	R2trim = [210]
	bclen2 = None
	chartype = codon
	maxmuts = 4
	minq = 15
	minreads = 2
	minfraccall = 0.95
	minconcur = 0.75
	sitemask = None
	purgeread = 0.0
	purgebc = 0.0
	bcinfo = True
	bcinfo_csv = True
	name = wt-Huh-7.5IFNPilot-210313
	R1 = ['/shared/ngs/illumina/bloom_lab/210312_D00300_1192_BHKHNYBCX3/Unaligned/Project_dbacsik/BR_0_IFN_WT_S1_R1_001.fastq.gz']

2022-07-19 17:18:58,350 - INFO - Read refseq of 333 codons from data/tile_1_amplicon.fasta
2022-07-19 17:18:58,388 - INFO - Reads are in these FASTQ pairs:
	/shared/ngs/illumina/bloom_lab/210312_D00300_1192_BHKHNYBCX3/Unaligned/Project_dbacsik/BR_0_IFN_WT_S1_R1_001.fastq.gz and /shared/ngs/illumina/bloom_lab/210312_D00300_1192_BHKHNYBCX3/Unaligned/Project_dbacsik/BR_0_IFN_WT_S1_R2_001.fastq.gz

2022-07-19 17:18:58,389 - INFO - Now parsing read pairs...
2022-07-19 17:19:03,765 - INFO - Reads parsed so far: 500000
2022-07-19 17:19:08,920 - INFO - Reads parsed so far: 1000000
2022-07-19 17:19:11,569 - INFO - Parsed 1281177 reads, found 125021 unique barcodes.
2022-07-19 17:19:11,573 - INFO - Summary stats on reads:
   total  fail filter  low Q barcode
 1281177            0         462811
2022-07-19 17:19:11,573 - INFO - Writing these stats to results/tile_1/codoncounts/wt-Huh-7.5IFNPilot-210313_readstats.csv

2022-07-19 17:19:11,615 - INFO - Number of reads per barcode:
                 number of barcodes
number of reads                    
1                             32947
2                              5295
3                              6249
4                              7666
5                              8356
6                              8760
7                              8228
8                              7709
9                              6839
10                             5981
11                             5115
12                             4403
13                             3717
14                             3138
15                             2583
16                             2031
17                             1605
18                             1229
19                              919
20                              663
21                              496
22                              342
23                              221
24                              163
25                              113
26                               69
27                               44
28                               47
29                               19
30                               13
31                               14
32                                7
33                                5
34                                5
35                                3
36                                4
37                                6
38                                3
40                                2
41                                1
44                                2
45                                1
46                                1
47                                2
51                                1
56                                1
58                                1
84                                1
506                               1
2022-07-19 17:19:11,615 - INFO - Writing these stats to results/tile_1/codoncounts/wt-Huh-7.5IFNPilot-210313_readsperbc.csv

2022-07-19 17:19:11,618 - INFO - Examining the 125021 barcodes to build and align subamplicons...
2022-07-19 17:19:18,444 - INFO - Examined all barcodes. Summary stats:
  total  too few reads  not alignable  aligned
 125021          32947          11523    80551
2022-07-19 17:19:18,445 - INFO - Writing these stats to results/tile_1/codoncounts/wt-Huh-7.5IFNPilot-210313_bcstats.csv

2022-07-19 17:19:18,453 - INFO - Writing the counts of each codon identity at each site to results/tile_1/codoncounts/wt-Huh-7.5IFNPilot-210313_codoncounts.csv

2022-07-19 17:19:18,463 - INFO - Successful completion of dms2_bcsubamp
