2022-05-20 17:28:58,810 - INFO - Beginning execution of dms2_bcsubamp in directory /fh/fast/bloom_j/computational_notebooks/ckikawa/2022/ZIKV_DMS_NS5_EvansLab

2022-05-20 17:28:58,811 - INFO - Progress is being logged to results/tile_1/codoncounts/wt-Huh-7.5-201112.log
2022-05-20 17:28:58,842 - INFO - Version information:
	Time and date: Fri May 20 17:28:58 2022
	Platform: Linux-4.15.0-118-generic-x86_64-with-glibc2.10
	Python version: 3.8.13 | packaged by conda-forge | (default, Mar 25 2022, 06:04:10)  [GCC 10.3.0]
	dms_tools2 version: 2.6.10
	Bio version: 1.79
	pandas version: 0.25.3
	numpy version: 1.19.5
	IPython version: 8.3.0
	jupyter version: 1.0.0
	matplotlib version: 3.2.2
	plotnine version: 0.6.0
	natsort version: 8.1.0
	pystan version: 2.19.1.1
	scipy version: 1.5.2
	seaborn version: 0.10.1
	phydmslib version: 2.4.1
	statsmodels version: 0.11.1
	rpy2 cannot be imported
	regex version: 2.5.114
	umi_tools version: 1.1.2

2022-05-20 17:28:58,842 - INFO - Parsed the following arguments:
	outdir = results/tile_1/codoncounts
	ncpus = -1
	use_existing = yes
	refseq = data/tile_1_amplicon.fasta
	alignspecs = ['1,333,30,30']
	bclen = 8
	fastqdir = None
	R2 = None
	R1trim = [210]
	R2trim = [210]
	bclen2 = None
	chartype = codon
	maxmuts = 4
	minq = 15
	minreads = 2
	minfraccall = 0.95
	minconcur = 0.75
	sitemask = None
	purgeread = 0.0
	purgebc = 0.0
	bcinfo = True
	bcinfo_csv = True
	name = wt-Huh-7.5-201112
	R1 = ['/shared/ngs/illumina/bloom_lab/201112_M04866_0426_000000000-JBYVJ_new-demux/Data/Intensities/BaseCalls/BR-WT-No-IFN_S9_L001_R1_001.fastq.gz']

2022-05-20 17:28:58,855 - INFO - Read refseq of 333 codons from data/tile_1_amplicon.fasta
2022-05-20 17:28:58,857 - INFO - Reads are in these FASTQ pairs:
	/shared/ngs/illumina/bloom_lab/201112_M04866_0426_000000000-JBYVJ_new-demux/Data/Intensities/BaseCalls/BR-WT-No-IFN_S9_L001_R1_001.fastq.gz and /shared/ngs/illumina/bloom_lab/201112_M04866_0426_000000000-JBYVJ_new-demux/Data/Intensities/BaseCalls/BR-WT-No-IFN_S9_L001_R2_001.fastq.gz

2022-05-20 17:28:58,857 - INFO - Now parsing read pairs...
2022-05-20 17:29:14,689 - INFO - Reads parsed so far: 500000
2022-05-20 17:29:23,625 - INFO - Parsed 932832 reads, found 305885 unique barcodes.
2022-05-20 17:29:23,628 - INFO - Summary stats on reads:
  total  fail filter  low Q barcode
 932832            0          62242
2022-05-20 17:29:23,628 - INFO - Writing these stats to results/tile_1/codoncounts/wt-Huh-7.5-201112_readstats.csv

2022-05-20 17:29:23,703 - INFO - Number of reads per barcode:
                 number of barcodes
number of reads                    
1                             91870
2                             63221
3                             56717
4                             41304
5                             25654
6                             14139
7                              6932
8                              3210
9                              1426
10                              650
11                              292
12                              160
13                               84
14                               49
15                               39
16                               32
17                               21
18                               21
19                               12
20                               10
21                               11
22                                8
23                                3
24                                5
25                                3
27                                4
29                                3
31                                1
34                                1
42                                1
44                                1
82                                1
2022-05-20 17:29:23,703 - INFO - Writing these stats to results/tile_1/codoncounts/wt-Huh-7.5-201112_readsperbc.csv

2022-05-20 17:29:23,708 - INFO - Examining the 305885 barcodes to build and align subamplicons...
2022-05-20 17:29:34,381 - INFO - Barcodes examined so far: 200000
2022-05-20 17:29:37,965 - INFO - Examined all barcodes. Summary stats:
  total  too few reads  not alignable  aligned
 305885          91870          27062   186953
2022-05-20 17:29:37,965 - INFO - Writing these stats to results/tile_1/codoncounts/wt-Huh-7.5-201112_bcstats.csv

2022-05-20 17:29:37,981 - INFO - Writing the counts of each codon identity at each site to results/tile_1/codoncounts/wt-Huh-7.5-201112_codoncounts.csv

2022-05-20 17:29:37,992 - INFO - Successful completion of dms2_bcsubamp
