2024-11-14 13:53:02,805 - INFO - Beginning execution of dms2_bcsubamp in directory /fh/fast/bloom_j/computational_notebooks/ckikawa/2022/ZIKV_DMS_NS5_EvansLab

2024-11-14 13:53:02,806 - INFO - Progress is being logged to results/tile_1/codoncounts/wt-plasmid-201112.log
2024-11-14 13:53:02,844 - INFO - Version information:
	Time and date: Thu Nov 14 13:53:02 2024
	Platform: Linux-4.15.0-213-generic-x86_64-with-glibc2.10
	Python version: 3.8.18 | packaged by conda-forge | (default, Dec 23 2023, 17:21:28)  [GCC 12.3.0]
	dms_tools2 version: 2.6.10
	Bio version: 1.79
	pandas version: 0.25.3
	numpy version: 1.19.5
	IPython version: 8.3.0
	jupyter version unknown
	matplotlib version: 3.2.2
	plotnine version: 0.6.0
	natsort version: 8.2.0
	pystan version: 2.19.1.1
	scipy version: 1.10.1
	seaborn version: 0.12.2
	phydmslib version: 2.4.1
	statsmodels version: 0.13.2
	rpy2 cannot be imported
	regex version: 2.5.114
	umi_tools version: 1.1.2

2024-11-14 13:53:02,844 - INFO - Parsed the following arguments:
	outdir = results/tile_1/codoncounts
	ncpus = -1
	use_existing = no
	refseq = data/tile_1_amplicon.fasta
	alignspecs = ['1,333,30,30']
	bclen = 8
	fastqdir = None
	R2 = None
	R1trim = [210]
	R2trim = [210]
	bclen2 = None
	chartype = codon
	maxmuts = 4
	minq = 15
	minreads = 2
	minfraccall = 0.95
	minconcur = 0.75
	sitemask = None
	purgeread = 0.0
	purgebc = 0.0
	bcinfo = True
	bcinfo_csv = True
	name = wt-plasmid-201112
	R1 = ['/shared/ngs/illumina/bloom_lab/201112_M04866_0426_000000000-JBYVJ_new-demux/Data/Intensities/BaseCalls/BR-WT-plasmid_S5_L001_R1_001.fastq.gz']

2024-11-14 13:53:02,854 - INFO - Read refseq of 333 codons from data/tile_1_amplicon.fasta
2024-11-14 13:53:02,886 - INFO - Reads are in these FASTQ pairs:
	/shared/ngs/illumina/bloom_lab/201112_M04866_0426_000000000-JBYVJ_new-demux/Data/Intensities/BaseCalls/BR-WT-plasmid_S5_L001_R1_001.fastq.gz and /shared/ngs/illumina/bloom_lab/201112_M04866_0426_000000000-JBYVJ_new-demux/Data/Intensities/BaseCalls/BR-WT-plasmid_S5_L001_R2_001.fastq.gz

2024-11-14 13:53:02,886 - INFO - Now parsing read pairs...
2024-11-14 13:53:08,780 - INFO - Reads parsed so far: 500000
2024-11-14 13:53:13,817 - INFO - Parsed 971636 reads, found 309616 unique barcodes.
2024-11-14 13:53:13,820 - INFO - Summary stats on reads:
  total  fail filter  low Q barcode
 971636            0          66263
2024-11-14 13:53:13,820 - INFO - Writing these stats to results/tile_1/codoncounts/wt-plasmid-201112_readstats.csv

2024-11-14 13:53:13,920 - INFO - Number of reads per barcode:
                 number of barcodes
number of reads                    
1                             90416
2                             61134
3                             56996
4                             43042
5                             27560
6                             15766
7                              7859
8                              3623
9                              1623
10                              801
11                              334
12                              167
13                               89
14                               56
15                               42
16                               20
17                               27
18                               15
19                               10
20                                6
21                                3
22                                3
23                                4
24                                2
25                                1
26                                3
27                                1
28                                2
30                                1
31                                1
32                                3
34                                1
35                                1
40                                1
42                                1
49                                1
103                               1
2024-11-14 13:53:13,920 - INFO - Writing these stats to results/tile_1/codoncounts/wt-plasmid-201112_readsperbc.csv

2024-11-14 13:53:13,924 - INFO - Examining the 309616 barcodes to build and align subamplicons...
2024-11-14 13:53:25,419 - INFO - Barcodes examined so far: 200000
2024-11-14 13:53:29,446 - INFO - Examined all barcodes. Summary stats:
  total  too few reads  not alignable  aligned
 309616          90416          27375   191825
2024-11-14 13:53:29,446 - INFO - Writing these stats to results/tile_1/codoncounts/wt-plasmid-201112_bcstats.csv

2024-11-14 13:53:29,462 - INFO - Writing the counts of each codon identity at each site to results/tile_1/codoncounts/wt-plasmid-201112_codoncounts.csv

2024-11-14 13:53:29,472 - INFO - Successful completion of dms2_bcsubamp
