2024-03-11 16:44:44,938 - INFO - Beginning execution of dms2_diffsel in directory /fh/fast/bloom_j/computational_notebooks/ckikawa/2022/ZIKV_DMS_NS5_EvansLab

2024-03-11 16:44:44,939 - INFO - Progress is being logged to results/tile_5/diffsel/lib2.log
2024-03-11 16:44:44,976 - INFO - Version information:
	Time and date: Mon Mar 11 16:44:44 2024
	Platform: Linux-4.15.0-213-generic-x86_64-with-glibc2.10
	Python version: 3.8.18 | packaged by conda-forge | (default, Dec 23 2023, 17:21:28)  [GCC 12.3.0]
	dms_tools2 version: 2.6.10
	Bio version: 1.79
	pandas version: 0.25.3
	numpy version: 1.19.5
	IPython version: 8.3.0
	jupyter version unknown
	matplotlib version: 3.2.2
	plotnine version: 0.6.0
	natsort version: 8.2.0
	pystan version: 2.19.1.1
	scipy version: 1.10.1
	seaborn version: 0.12.2
	phydmslib version: 2.4.1
	statsmodels version: 0.13.2
	rpy2 cannot be imported
	regex version: 2.5.114
	umi_tools version: 1.1.2

2024-03-11 16:44:44,976 - INFO - Parsed the following arguments:
	outdir = results/tile_5/diffsel
	ncpus = 12
	use_existing = yes
	indir = None
	chartype = codon_to_aa
	excludestop = yes
	pseudocount = 5.0
	mincount = 0
	name = lib2
	sel = results/tile_5/renumbered_codoncounts/lib2-Huh-7.5-210921_codoncounts.csv
	mock = results/tile_5/renumbered_codoncounts/lib2-C6-36-multi_codoncounts.csv
	err = results/tile_5/renumbered_codoncounts/wt-plasmid-210921_codoncounts.csv

2024-03-11 16:44:44,978 - INFO - Reading selected sample counts from results/tile_5/renumbered_codoncounts/lib2-Huh-7.5-210921_codoncounts.csv
2024-03-11 16:44:44,985 - INFO - Reading mock-selected sample counts from results/tile_5/renumbered_codoncounts/lib2-C6-36-multi_codoncounts.csv
2024-03-11 16:44:44,990 - INFO - Reading error-control sample counts from results/tile_5/renumbered_codoncounts/wt-plasmid-210921_codoncounts.csv
2024-03-11 16:44:44,995 - INFO - Computing mutdiffsel...
2024-03-11 16:44:46,028 - INFO - Mutations with largest mutdiffsel:
 site wildtype mutation  mutdiffsel
  468        K        V        2.27
  533        A        S        2.04
  468        K        L        1.69
  530        K        L        1.58
  474        A        Q        1.40
  468        K        Y        1.35
  474        A        C        1.32
  500        G        V        1.31
  490        L        F        1.23
  468        K        T        1.15

2024-03-11 16:44:46,028 - INFO - Writing to results/tile_5/diffsel/lib2_mutdiffsel.csv
2024-03-11 16:44:46,038 - INFO - Computing sitediffsel...
2024-03-11 16:44:46,062 - INFO - Sites with largest absolute sitediffsel:
 site  abs_diffsel  positive_diffsel  negative_diffsel  max_diffsel  min_diffsel
  557        12.62              0.53            -12.10         0.53        -1.81
  468        12.09              9.57             -2.52         2.27        -0.86
  561        11.16              0.10            -11.06         0.10        -1.36
  546        10.14              0.40             -9.74         0.40        -1.30
  549         9.51              0.82             -8.69         0.71        -1.69
  522         9.33              1.14             -8.20         0.44        -1.57
  556         9.32              0.82             -8.51         0.48        -1.48
  503         8.90              0.62             -8.28         0.48        -1.55
  514         8.84              1.48             -7.36         1.01        -1.56
  527         8.78              1.08             -7.71         1.04        -1.25

2024-03-11 16:44:46,062 - INFO - Writing to results/tile_5/diffsel/lib2_sitediffsel.csv
2024-03-11 16:44:46,065 - INFO - Successful completion of dms2_diffsel
