2022-05-06 09:46:32,150 - INFO - Beginning execution of dms2_bcsubamp in directory /fh/fast/bloom_j/computational_notebooks/ckikawa/2022/ZIKV_DMS_NS5_EvansLab

2022-05-06 09:46:32,150 - INFO - Progress is being logged to results/tile_4/codoncounts/lib1-C6-36-220415.log
2022-05-06 09:46:32,184 - INFO - Version information:
	Time and date: Fri May  6 09:46:32 2022
	Platform: Linux-4.15.0-118-generic-x86_64-with-glibc2.10
	Python version: 3.8.13 | packaged by conda-forge | (default, Mar 25 2022, 06:04:10)  [GCC 10.3.0]
	dms_tools2 version: 2.6.10
	Bio version: 1.79
	pandas version: 0.25.3
	numpy version: 1.19.5
	IPython version: 8.3.0
	jupyter version: 1.0.0
	matplotlib version: 3.2.2
	plotnine version: 0.6.0
	natsort version: 8.1.0
	pystan version: 2.19.1.1
	scipy version: 1.5.2
	seaborn version: 0.10.1
	phydmslib version: 2.4.1
	statsmodels version: 0.11.1
	rpy2 cannot be imported
	regex version: 2.5.114
	umi_tools version: 1.1.2

2022-05-06 09:46:32,185 - INFO - Parsed the following arguments:
	outdir = results/tile_4/codoncounts
	ncpus = -1
	use_existing = yes
	refseq = data/tile_4_amplicon.fasta
	alignspecs = ['1,339,30,30']
	bclen = 8
	fastqdir = None
	R2 = None
	R1trim = [210]
	R2trim = [210]
	bclen2 = None
	chartype = codon
	maxmuts = 4
	minq = 15
	minreads = 2
	minfraccall = 0.95
	minconcur = 0.75
	sitemask = None
	purgeread = 0.0
	purgebc = 0.0
	bcinfo = True
	bcinfo_csv = True
	name = lib1-C6-36-220415
	R1 = ['/shared/ngs/illumina/bloom_lab/220415_M00492_0013_000000000-KC5RK/Unaligned/Project_bloom_lab/Lib1_S1_R1_001.fastq.gz']

2022-05-06 09:46:32,198 - INFO - Read refseq of 339 codons from data/tile_4_amplicon.fasta
2022-05-06 09:46:32,200 - INFO - Reads are in these FASTQ pairs:
	/shared/ngs/illumina/bloom_lab/220415_M00492_0013_000000000-KC5RK/Unaligned/Project_bloom_lab/Lib1_S1_R1_001.fastq.gz and /shared/ngs/illumina/bloom_lab/220415_M00492_0013_000000000-KC5RK/Unaligned/Project_bloom_lab/Lib1_S1_R2_001.fastq.gz

2022-05-06 09:46:32,200 - INFO - Now parsing read pairs...
2022-05-06 09:46:38,560 - INFO - Reads parsed so far: 500000
2022-05-06 09:46:44,953 - INFO - Reads parsed so far: 1000000
2022-05-06 09:46:50,732 - INFO - Reads parsed so far: 1500000
2022-05-06 09:46:56,677 - INFO - Reads parsed so far: 2000000
2022-05-06 09:47:02,925 - INFO - Reads parsed so far: 2500000
2022-05-06 09:47:09,386 - INFO - Reads parsed so far: 3000000
2022-05-06 09:47:14,612 - INFO - Reads parsed so far: 3500000
2022-05-06 09:47:21,390 - INFO - Reads parsed so far: 4000000
2022-05-06 09:47:26,694 - INFO - Reads parsed so far: 4500000
2022-05-06 09:47:31,948 - INFO - Reads parsed so far: 5000000
2022-05-06 09:47:37,288 - INFO - Reads parsed so far: 5500000
2022-05-06 09:47:44,608 - INFO - Reads parsed so far: 6000000
2022-05-06 09:47:50,109 - INFO - Reads parsed so far: 6500000
2022-05-06 09:47:55,452 - INFO - Reads parsed so far: 7000000
2022-05-06 09:47:57,856 - INFO - Parsed 7224472 reads, found 2967223 unique barcodes.
2022-05-06 09:47:57,860 - INFO - Summary stats on reads:
   total  fail filter  low Q barcode
 7224472       845086         907891
2022-05-06 09:47:57,860 - INFO - Writing these stats to results/tile_4/codoncounts/lib1-C6-36-220415_readstats.csv

2022-05-06 09:47:58,517 - INFO - Number of reads per barcode:
                 number of barcodes
number of reads                    
1                           1530763
2                            775351
3                            397034
4                            168983
5                             63402
6                             21478
7                              6911
8                              2152
9                               734
10                              207
11                               85
12                               41
13                               24
14                               16
15                                9
16                                8
17                                5
18                                2
19                                4
21                                1
22                                1
23                                1
24                                1
25                                3
26                                1
27                                2
29                                1
36                                1
47                                1
69                                1
2022-05-06 09:47:58,517 - INFO - Writing these stats to results/tile_4/codoncounts/lib1-C6-36-220415_readsperbc.csv

2022-05-06 09:47:58,521 - INFO - Examining the 2967223 barcodes to build and align subamplicons...
2022-05-06 09:48:03,388 - INFO - Barcodes examined so far: 200000
2022-05-06 09:48:08,178 - INFO - Barcodes examined so far: 400000
2022-05-06 09:48:12,856 - INFO - Barcodes examined so far: 600000
2022-05-06 09:48:17,474 - INFO - Barcodes examined so far: 800000
2022-05-06 09:48:21,953 - INFO - Barcodes examined so far: 1000000
2022-05-06 09:48:26,320 - INFO - Barcodes examined so far: 1200000
2022-05-06 09:48:30,552 - INFO - Barcodes examined so far: 1400000
2022-05-06 09:48:34,582 - INFO - Barcodes examined so far: 1600000
2022-05-06 09:48:38,437 - INFO - Barcodes examined so far: 1800000
2022-05-06 09:48:42,079 - INFO - Barcodes examined so far: 2000000
2022-05-06 09:48:45,430 - INFO - Barcodes examined so far: 2200000
2022-05-06 09:48:48,451 - INFO - Barcodes examined so far: 2400000
2022-05-06 09:48:51,111 - INFO - Barcodes examined so far: 2600000
2022-05-06 09:48:53,391 - INFO - Barcodes examined so far: 2800000
2022-05-06 09:48:55,017 - INFO - Examined all barcodes. Summary stats:
   total  too few reads  not alignable  aligned
 2967223        1530763        1310241   126219
2022-05-06 09:48:55,017 - INFO - Writing these stats to results/tile_4/codoncounts/lib1-C6-36-220415_bcstats.csv

2022-05-06 09:48:55,028 - INFO - Writing the counts of each codon identity at each site to results/tile_4/codoncounts/lib1-C6-36-220415_codoncounts.csv

2022-05-06 09:48:55,039 - INFO - Successful completion of dms2_bcsubamp
