2022-07-19 17:52:47,456 - INFO - Beginning execution of dms2_bcsubamp in directory /fh/fast/bloom_j/computational_notebooks/ckikawa/2022/ZIKV_DMS_NS5_EvansLab

2022-07-19 17:52:47,456 - INFO - Progress is being logged to results/tile_4/codoncounts/lib1-plasmid-210921.log
2022-07-19 17:52:47,490 - INFO - Version information:
	Time and date: Tue Jul 19 17:52:47 2022
	Platform: Linux-4.15.0-118-generic-x86_64-with-glibc2.10
	Python version: 3.8.13 | packaged by conda-forge | (default, Mar 25 2022, 06:04:10)  [GCC 10.3.0]
	dms_tools2 version: 2.6.10
	Bio version: 1.79
	pandas version: 0.25.3
	numpy version: 1.19.5
	IPython version: 8.3.0
	jupyter version: 1.0.0
	matplotlib version: 3.2.2
	plotnine version: 0.6.0
	natsort version: 8.1.0
	pystan version: 2.19.1.1
	scipy version: 1.5.2
	seaborn version: 0.10.1
	phydmslib version: 2.4.1
	statsmodels version: 0.11.1
	rpy2 cannot be imported
	regex version: 2.5.114
	umi_tools version: 1.1.2

2022-07-19 17:52:47,490 - INFO - Parsed the following arguments:
	outdir = results/tile_4/codoncounts
	ncpus = -1
	use_existing = yes
	refseq = data/tile_4_amplicon.fasta
	alignspecs = ['1,339,30,30']
	bclen = 8
	fastqdir = None
	R2 = None
	R1trim = [210]
	R2trim = [210]
	bclen2 = None
	chartype = codon
	maxmuts = 4
	minq = 15
	minreads = 2
	minfraccall = 0.95
	minconcur = 0.75
	sitemask = None
	purgeread = 0.0
	purgebc = 0.0
	bcinfo = True
	bcinfo_csv = True
	name = lib1-plasmid-210921
	R1 = ['/shared/ngs/illumina/bloom_lab/210921_D00300_1326_BHMTYKBCX3/Unaligned/Project_bloom_lab/Tile_4-1_Plasmid_S15_R1_001.fastq.gz']

2022-07-19 17:52:47,503 - INFO - Read refseq of 339 codons from data/tile_4_amplicon.fasta
2022-07-19 17:52:47,505 - INFO - Reads are in these FASTQ pairs:
	/shared/ngs/illumina/bloom_lab/210921_D00300_1326_BHMTYKBCX3/Unaligned/Project_bloom_lab/Tile_4-1_Plasmid_S15_R1_001.fastq.gz and /shared/ngs/illumina/bloom_lab/210921_D00300_1326_BHMTYKBCX3/Unaligned/Project_bloom_lab/Tile_4-1_Plasmid_S15_R2_001.fastq.gz

2022-07-19 17:52:47,505 - INFO - Now parsing read pairs...
2022-07-19 17:52:53,636 - INFO - Reads parsed so far: 500000
2022-07-19 17:52:58,969 - INFO - Reads parsed so far: 1000000
2022-07-19 17:52:59,250 - INFO - Parsed 1027676 reads, found 347801 unique barcodes.
2022-07-19 17:52:59,254 - INFO - Summary stats on reads:
   total  fail filter  low Q barcode
 1027676        24961         136838
2022-07-19 17:52:59,254 - INFO - Writing these stats to results/tile_4/codoncounts/lib1-plasmid-210921_readstats.csv

2022-07-19 17:52:59,338 - INFO - Number of reads per barcode:
                 number of barcodes
number of reads                    
1                            134608
2                             75966
3                             56095
4                             36493
5                             21893
6                             11930
7                              5981
8                              2725
9                              1247
10                              534
11                              222
12                               77
13                               18
14                                4
15                                4
16                                2
17                                1
40                                1
2022-07-19 17:52:59,338 - INFO - Writing these stats to results/tile_4/codoncounts/lib1-plasmid-210921_readsperbc.csv

2022-07-19 17:52:59,341 - INFO - Examining the 347801 barcodes to build and align subamplicons...
2022-07-19 17:53:10,484 - INFO - Barcodes examined so far: 200000
2022-07-19 17:53:15,457 - INFO - Examined all barcodes. Summary stats:
  total  too few reads  not alignable  aligned
 347801         134608          40018   173175
2022-07-19 17:53:15,457 - INFO - Writing these stats to results/tile_4/codoncounts/lib1-plasmid-210921_bcstats.csv

2022-07-19 17:53:15,470 - INFO - Writing the counts of each codon identity at each site to results/tile_4/codoncounts/lib1-plasmid-210921_codoncounts.csv

2022-07-19 17:53:15,480 - INFO - Successful completion of dms2_bcsubamp
