2022-05-06 09:46:32,084 - INFO - Beginning execution of dms2_bcsubamp in directory /fh/fast/bloom_j/computational_notebooks/ckikawa/2022/ZIKV_DMS_NS5_EvansLab

2022-05-06 09:46:32,084 - INFO - Progress is being logged to results/tile_4/codoncounts/lib2-C6-36-220225.log
2022-05-06 09:46:32,119 - INFO - Version information:
	Time and date: Fri May  6 09:46:32 2022
	Platform: Linux-4.15.0-118-generic-x86_64-with-glibc2.10
	Python version: 3.8.13 | packaged by conda-forge | (default, Mar 25 2022, 06:04:10)  [GCC 10.3.0]
	dms_tools2 version: 2.6.10
	Bio version: 1.79
	pandas version: 0.25.3
	numpy version: 1.19.5
	IPython version: 8.3.0
	jupyter version: 1.0.0
	matplotlib version: 3.2.2
	plotnine version: 0.6.0
	natsort version: 8.1.0
	pystan version: 2.19.1.1
	scipy version: 1.5.2
	seaborn version: 0.10.1
	phydmslib version: 2.4.1
	statsmodels version: 0.11.1
	rpy2 cannot be imported
	regex version: 2.5.114
	umi_tools version: 1.1.2

2022-05-06 09:46:32,119 - INFO - Parsed the following arguments:
	outdir = results/tile_4/codoncounts
	ncpus = -1
	use_existing = yes
	refseq = data/tile_4_amplicon.fasta
	alignspecs = ['1,339,30,30']
	bclen = 8
	fastqdir = None
	R2 = None
	R1trim = [210]
	R2trim = [210]
	bclen2 = None
	chartype = codon
	maxmuts = 4
	minq = 15
	minreads = 2
	minfraccall = 0.95
	minconcur = 0.75
	sitemask = None
	purgeread = 0.0
	purgebc = 0.0
	bcinfo = True
	bcinfo_csv = True
	name = lib2-C6-36-220225
	R1 = ['/shared/ngs/illumina/bloom_lab/220225_M04866_0515_000000000-K5JDB/Unaligned/Project_bloom_lab/Lib2_S2_R1_001.fastq.gz']

2022-05-06 09:46:32,134 - INFO - Read refseq of 339 codons from data/tile_4_amplicon.fasta
2022-05-06 09:46:32,138 - INFO - Reads are in these FASTQ pairs:
	/shared/ngs/illumina/bloom_lab/220225_M04866_0515_000000000-K5JDB/Unaligned/Project_bloom_lab/Lib2_S2_R1_001.fastq.gz and /shared/ngs/illumina/bloom_lab/220225_M04866_0515_000000000-K5JDB/Unaligned/Project_bloom_lab/Lib2_S2_R2_001.fastq.gz

2022-05-06 09:46:32,138 - INFO - Now parsing read pairs...
2022-05-06 09:46:38,462 - INFO - Reads parsed so far: 500000
2022-05-06 09:46:44,699 - INFO - Reads parsed so far: 1000000
2022-05-06 09:46:50,424 - INFO - Reads parsed so far: 1500000
2022-05-06 09:46:56,252 - INFO - Reads parsed so far: 2000000
2022-05-06 09:47:02,412 - INFO - Reads parsed so far: 2500000
2022-05-06 09:47:08,781 - INFO - Reads parsed so far: 3000000
2022-05-06 09:47:14,027 - INFO - Reads parsed so far: 3500000
2022-05-06 09:47:19,274 - INFO - Reads parsed so far: 4000000
2022-05-06 09:47:26,068 - INFO - Reads parsed so far: 4500000
2022-05-06 09:47:31,322 - INFO - Reads parsed so far: 5000000
2022-05-06 09:47:36,553 - INFO - Reads parsed so far: 5500000
2022-05-06 09:47:40,839 - INFO - Parsed 5905687 reads, found 2607503 unique barcodes.
2022-05-06 09:47:40,843 - INFO - Summary stats on reads:
   total  fail filter  low Q barcode
 5905687       653214         699115
2022-05-06 09:47:40,843 - INFO - Writing these stats to results/tile_4/codoncounts/lib2-C6-36-220225_readstats.csv

2022-05-06 09:47:41,401 - INFO - Number of reads per barcode:
                 number of barcodes
number of reads                    
1                           1422814
2                            688630
3                            315974
4                            120974
5                             41204
6                             12469
7                              3867
8                              1077
9                               293
10                              105
11                               47
12                               17
13                               10
14                                2
15                                4
16                                3
17                                2
18                                4
19                                3
22                                1
27                                1
29                                1
32                                1
2022-05-06 09:47:41,401 - INFO - Writing these stats to results/tile_4/codoncounts/lib2-C6-36-220225_readsperbc.csv

2022-05-06 09:47:41,405 - INFO - Examining the 2607503 barcodes to build and align subamplicons...
2022-05-06 09:47:46,207 - INFO - Barcodes examined so far: 200000
2022-05-06 09:47:50,893 - INFO - Barcodes examined so far: 400000
2022-05-06 09:47:55,436 - INFO - Barcodes examined so far: 600000
2022-05-06 09:47:59,855 - INFO - Barcodes examined so far: 800000
2022-05-06 09:48:04,144 - INFO - Barcodes examined so far: 1000000
2022-05-06 09:48:08,268 - INFO - Barcodes examined so far: 1200000
2022-05-06 09:48:12,203 - INFO - Barcodes examined so far: 1400000
2022-05-06 09:48:15,932 - INFO - Barcodes examined so far: 1600000
2022-05-06 09:48:19,414 - INFO - Barcodes examined so far: 1800000
2022-05-06 09:48:22,587 - INFO - Barcodes examined so far: 2000000
2022-05-06 09:48:25,430 - INFO - Barcodes examined so far: 2200000
2022-05-06 09:48:27,882 - INFO - Barcodes examined so far: 2400000
2022-05-06 09:48:29,871 - INFO - Barcodes examined so far: 2600000
2022-05-06 09:48:29,962 - INFO - Examined all barcodes. Summary stats:
   total  too few reads  not alignable  aligned
 2607503        1422814        1068178   116511
2022-05-06 09:48:29,963 - INFO - Writing these stats to results/tile_4/codoncounts/lib2-C6-36-220225_bcstats.csv

2022-05-06 09:48:29,972 - INFO - Writing the counts of each codon identity at each site to results/tile_4/codoncounts/lib2-C6-36-220225_codoncounts.csv

2022-05-06 09:48:29,983 - INFO - Successful completion of dms2_bcsubamp
