2022-06-29 12:13:39,568 - INFO - Beginning execution of dms2_bcsubamp in directory /fh/fast/bloom_j/computational_notebooks/ckikawa/2022/ZIKV_DMS_NS5_EvansLab

2022-06-29 12:13:39,568 - INFO - Progress is being logged to results/tile_4/codoncounts/lib2-C6-36-multi.log
2022-06-29 12:13:39,600 - INFO - Version information:
	Time and date: Wed Jun 29 12:13:39 2022
	Platform: Linux-4.15.0-118-generic-x86_64-with-glibc2.10
	Python version: 3.8.13 | packaged by conda-forge | (default, Mar 25 2022, 06:04:10)  [GCC 10.3.0]
	dms_tools2 version: 2.6.10
	Bio version: 1.79
	pandas version: 0.25.3
	numpy version: 1.19.5
	IPython version: 8.3.0
	jupyter version: 1.0.0
	matplotlib version: 3.2.2
	plotnine version: 0.6.0
	natsort version: 8.1.0
	pystan version: 2.19.1.1
	scipy version: 1.5.2
	seaborn version: 0.10.1
	phydmslib version: 2.4.1
	statsmodels version: 0.11.1
	rpy2 cannot be imported
	regex version: 2.5.114
	umi_tools version: 1.1.2

2022-06-29 12:13:39,600 - INFO - Parsed the following arguments:
	outdir = results/tile_4/codoncounts
	ncpus = -1
	use_existing = yes
	refseq = data/tile_4_amplicon.fasta
	alignspecs = ['1,339,30,30']
	bclen = 8
	fastqdir = None
	R2 = None
	R1trim = [210]
	R2trim = [210]
	bclen2 = None
	chartype = codon
	maxmuts = 4
	minq = 15
	minreads = 2
	minfraccall = 0.95
	minconcur = 0.75
	sitemask = None
	purgeread = 0.0
	purgebc = 0.0
	bcinfo = True
	bcinfo_csv = True
	name = lib2-C6-36-multi
	R1 = ['/fh/fast/bloom_j/computational_notebooks/dbacsik/2022/ZIKV_DMS_NS5_EvansLab/data/concat_fastqs/concat_fastq_out/lib2_C636_R1.fastq.gz']

2022-06-29 12:13:39,613 - INFO - Read refseq of 339 codons from data/tile_4_amplicon.fasta
2022-06-29 12:13:39,616 - INFO - Reads are in these FASTQ pairs:
	/fh/fast/bloom_j/computational_notebooks/dbacsik/2022/ZIKV_DMS_NS5_EvansLab/data/concat_fastqs/concat_fastq_out/lib2_C636_R1.fastq.gz and /fh/fast/bloom_j/computational_notebooks/dbacsik/2022/ZIKV_DMS_NS5_EvansLab/data/concat_fastqs/concat_fastq_out/lib2_C636_R2.fastq.gz

2022-06-29 12:13:39,616 - INFO - Now parsing read pairs...
2022-06-29 12:13:45,889 - INFO - Reads parsed so far: 500000
2022-06-29 12:13:52,053 - INFO - Reads parsed so far: 1000000
2022-06-29 12:13:57,753 - INFO - Reads parsed so far: 1500000
2022-06-29 12:14:03,519 - INFO - Reads parsed so far: 2000000
2022-06-29 12:14:09,655 - INFO - Reads parsed so far: 2500000
2022-06-29 12:14:17,149 - INFO - Reads parsed so far: 3000000
2022-06-29 12:14:23,062 - INFO - Reads parsed so far: 3500000
2022-06-29 12:14:28,450 - INFO - Reads parsed so far: 4000000
2022-06-29 12:14:35,806 - INFO - Reads parsed so far: 4500000
2022-06-29 12:14:40,800 - INFO - Reads parsed so far: 5000000
2022-06-29 12:14:45,813 - INFO - Reads parsed so far: 5500000
2022-06-29 12:14:50,857 - INFO - Reads parsed so far: 6000000
2022-06-29 12:14:58,375 - INFO - Reads parsed so far: 6500000
2022-06-29 12:15:03,488 - INFO - Reads parsed so far: 7000000
2022-06-29 12:15:08,445 - INFO - Reads parsed so far: 7500000
2022-06-29 12:15:13,470 - INFO - Reads parsed so far: 8000000
2022-06-29 12:15:18,465 - INFO - Reads parsed so far: 8500000
2022-06-29 12:15:23,449 - INFO - Reads parsed so far: 9000000
2022-06-29 12:15:28,424 - INFO - Reads parsed so far: 9500000
2022-06-29 12:15:36,261 - INFO - Reads parsed so far: 10000000
2022-06-29 12:15:41,180 - INFO - Reads parsed so far: 10500000
2022-06-29 12:15:46,212 - INFO - Reads parsed so far: 11000000
2022-06-29 12:15:51,225 - INFO - Reads parsed so far: 11500000
2022-06-29 12:15:56,245 - INFO - Reads parsed so far: 12000000
2022-06-29 12:16:01,248 - INFO - Reads parsed so far: 12500000
2022-06-29 12:16:06,111 - INFO - Parsed 12983470 reads, found 3743287 unique barcodes.
2022-06-29 12:16:06,114 - INFO - Summary stats on reads:
    total  fail filter  low Q barcode
 12983470      1480994        1615510
2022-06-29 12:16:06,114 - INFO - Writing these stats to results/tile_4/codoncounts/lib2-C6-36-multi_readstats.csv

2022-06-29 12:16:06,914 - INFO - Number of reads per barcode:
                 number of barcodes
number of reads                    
1                           1383277
2                            745057
3                            608560
4                            432982
5                            271058
6                            151462
7                             79060
8                             38393
9                             18000
10                             8270
11                             3781
12                             1722
13                              791
14                              395
15                              181
16                               92
17                               63
18                               32
19                               24
20                               14
21                               11
22                               10
23                                6
24                                7
25                                7
26                                4
27                                5
28                                3
29                                2
30                                3
31                                2
32                                2
33                                1
34                                1
35                                3
36                                1
42                                1
48                                1
51                                1
62                                1
63                                1
2022-06-29 12:16:06,914 - INFO - Writing these stats to results/tile_4/codoncounts/lib2-C6-36-multi_readsperbc.csv

2022-06-29 12:16:06,919 - INFO - Examining the 3743287 barcodes to build and align subamplicons...
2022-06-29 12:16:12,969 - INFO - Barcodes examined so far: 200000
2022-06-29 12:16:18,868 - INFO - Barcodes examined so far: 400000
2022-06-29 12:16:24,632 - INFO - Barcodes examined so far: 600000
2022-06-29 12:16:30,363 - INFO - Barcodes examined so far: 800000
2022-06-29 12:16:35,922 - INFO - Barcodes examined so far: 1000000
2022-06-29 12:16:41,367 - INFO - Barcodes examined so far: 1200000
2022-06-29 12:16:46,705 - INFO - Barcodes examined so far: 1400000
2022-06-29 12:16:51,880 - INFO - Barcodes examined so far: 1600000
2022-06-29 12:16:56,858 - INFO - Barcodes examined so far: 1800000
2022-06-29 12:17:01,662 - INFO - Barcodes examined so far: 2000000
2022-06-29 12:17:06,364 - INFO - Barcodes examined so far: 2200000
2022-06-29 12:17:10,825 - INFO - Barcodes examined so far: 2400000
2022-06-29 12:17:15,087 - INFO - Barcodes examined so far: 2600000
2022-06-29 12:17:19,094 - INFO - Barcodes examined so far: 2800000
2022-06-29 12:17:22,742 - INFO - Barcodes examined so far: 3000000
2022-06-29 12:17:25,993 - INFO - Barcodes examined so far: 3200000
2022-06-29 12:17:28,796 - INFO - Barcodes examined so far: 3400000
2022-06-29 12:17:31,097 - INFO - Barcodes examined so far: 3600000
2022-06-29 12:17:32,478 - INFO - Examined all barcodes. Summary stats:
   total  too few reads  not alignable  aligned
 3743287        1383277        2159052   200958
2022-06-29 12:17:32,479 - INFO - Writing these stats to results/tile_4/codoncounts/lib2-C6-36-multi_bcstats.csv

2022-06-29 12:17:32,492 - INFO - Writing the counts of each codon identity at each site to results/tile_4/codoncounts/lib2-C6-36-multi_codoncounts.csv

2022-06-29 12:17:32,505 - INFO - Successful completion of dms2_bcsubamp
