2022-05-06 09:46:32,085 - INFO - Beginning execution of dms2_bcsubamp in directory /fh/fast/bloom_j/computational_notebooks/ckikawa/2022/ZIKV_DMS_NS5_EvansLab

2022-05-06 09:46:32,085 - INFO - Progress is being logged to results/tile_4/codoncounts/lib2-plasmid-210921.log
2022-05-06 09:46:32,120 - INFO - Version information:
	Time and date: Fri May  6 09:46:32 2022
	Platform: Linux-4.15.0-118-generic-x86_64-with-glibc2.10
	Python version: 3.8.13 | packaged by conda-forge | (default, Mar 25 2022, 06:04:10)  [GCC 10.3.0]
	dms_tools2 version: 2.6.10
	Bio version: 1.79
	pandas version: 0.25.3
	numpy version: 1.19.5
	IPython version: 8.3.0
	jupyter version: 1.0.0
	matplotlib version: 3.2.2
	plotnine version: 0.6.0
	natsort version: 8.1.0
	pystan version: 2.19.1.1
	scipy version: 1.5.2
	seaborn version: 0.10.1
	phydmslib version: 2.4.1
	statsmodels version: 0.11.1
	rpy2 cannot be imported
	regex version: 2.5.114
	umi_tools version: 1.1.2

2022-05-06 09:46:32,120 - INFO - Parsed the following arguments:
	outdir = results/tile_4/codoncounts
	ncpus = -1
	use_existing = yes
	refseq = data/tile_4_amplicon.fasta
	alignspecs = ['1,339,30,30']
	bclen = 8
	fastqdir = None
	R2 = None
	R1trim = [210]
	R2trim = [210]
	bclen2 = None
	chartype = codon
	maxmuts = 4
	minq = 15
	minreads = 2
	minfraccall = 0.95
	minconcur = 0.75
	sitemask = None
	purgeread = 0.0
	purgebc = 0.0
	bcinfo = True
	bcinfo_csv = True
	name = lib2-plasmid-210921
	R1 = ['/shared/ngs/illumina/bloom_lab/210921_D00300_1326_BHMTYKBCX3/Unaligned/Project_bloom_lab/Tile_4-2_Plasmid_S16_R1_001.fastq.gz']

2022-05-06 09:46:32,134 - INFO - Read refseq of 339 codons from data/tile_4_amplicon.fasta
2022-05-06 09:46:32,150 - INFO - Reads are in these FASTQ pairs:
	/shared/ngs/illumina/bloom_lab/210921_D00300_1326_BHMTYKBCX3/Unaligned/Project_bloom_lab/Tile_4-2_Plasmid_S16_R1_001.fastq.gz and /shared/ngs/illumina/bloom_lab/210921_D00300_1326_BHMTYKBCX3/Unaligned/Project_bloom_lab/Tile_4-2_Plasmid_S16_R2_001.fastq.gz

2022-05-06 09:46:32,150 - INFO - Now parsing read pairs...
2022-05-06 09:46:38,270 - INFO - Reads parsed so far: 500000
2022-05-06 09:46:43,662 - INFO - Reads parsed so far: 1000000
2022-05-06 09:46:43,768 - INFO - Parsed 1010087 reads, found 343227 unique barcodes.
2022-05-06 09:46:43,770 - INFO - Summary stats on reads:
   total  fail filter  low Q barcode
 1010087        22584         140178
2022-05-06 09:46:43,770 - INFO - Writing these stats to results/tile_4/codoncounts/lib2-plasmid-210921_readstats.csv

2022-05-06 09:46:43,855 - INFO - Number of reads per barcode:
                 number of barcodes
number of reads                    
1                            139544
2                             74141
3                             54038
4                             35106
5                             20045
6                             10764
7                              5372
8                              2474
9                              1078
10                              387
11                              170
12                               64
13                               11
14                                6
15                                5
16                                1
46                                1
61                                1
66                                1
69                                1
75                                1
77                                1
78                                1
83                                1
84                                2
86                                1
95                                1
96                                1
104                               1
134                               1
280                               1
2562                              1
2693                              1
2738                              1
4304                              1
4413                              1
2022-05-06 09:46:43,855 - INFO - Writing these stats to results/tile_4/codoncounts/lib2-plasmid-210921_readsperbc.csv

2022-05-06 09:46:43,858 - INFO - Examining the 343227 barcodes to build and align subamplicons...
2022-05-06 09:46:54,710 - INFO - Barcodes examined so far: 200000
2022-05-06 09:46:59,252 - INFO - Examined all barcodes. Summary stats:
  total  too few reads  not alignable  aligned
 343227         139544          37090   166593
2022-05-06 09:46:59,252 - INFO - Writing these stats to results/tile_4/codoncounts/lib2-plasmid-210921_bcstats.csv

2022-05-06 09:46:59,260 - INFO - Writing the counts of each codon identity at each site to results/tile_4/codoncounts/lib2-plasmid-210921_codoncounts.csv

2022-05-06 09:46:59,271 - INFO - Successful completion of dms2_bcsubamp
