2024-11-14 14:04:13,385 - INFO - Beginning execution of dms2_bcsubamp in directory /fh/fast/bloom_j/computational_notebooks/ckikawa/2022/ZIKV_DMS_NS5_EvansLab

2024-11-14 14:04:13,386 - INFO - Progress is being logged to results/tile_4/codoncounts/lib3-plasmid-210921.log
2024-11-14 14:04:13,422 - INFO - Version information:
	Time and date: Thu Nov 14 14:04:13 2024
	Platform: Linux-4.15.0-213-generic-x86_64-with-glibc2.10
	Python version: 3.8.18 | packaged by conda-forge | (default, Dec 23 2023, 17:21:28)  [GCC 12.3.0]
	dms_tools2 version: 2.6.10
	Bio version: 1.79
	pandas version: 0.25.3
	numpy version: 1.19.5
	IPython version: 8.3.0
	jupyter version unknown
	matplotlib version: 3.2.2
	plotnine version: 0.6.0
	natsort version: 8.2.0
	pystan version: 2.19.1.1
	scipy version: 1.10.1
	seaborn version: 0.12.2
	phydmslib version: 2.4.1
	statsmodels version: 0.13.2
	rpy2 cannot be imported
	regex version: 2.5.114
	umi_tools version: 1.1.2

2024-11-14 14:04:13,422 - INFO - Parsed the following arguments:
	outdir = results/tile_4/codoncounts
	ncpus = -1
	use_existing = no
	refseq = data/tile_4_amplicon.fasta
	alignspecs = ['1,339,30,30']
	bclen = 8
	fastqdir = None
	R2 = None
	R1trim = [210]
	R2trim = [210]
	bclen2 = None
	chartype = codon
	maxmuts = 4
	minq = 15
	minreads = 2
	minfraccall = 0.95
	minconcur = 0.75
	sitemask = None
	purgeread = 0.0
	purgebc = 0.0
	bcinfo = True
	bcinfo_csv = True
	name = lib3-plasmid-210921
	R1 = ['/shared/ngs/illumina/bloom_lab/210921_D00300_1326_BHMTYKBCX3/Unaligned/Project_bloom_lab/Tile_4-3_Plasmid_S17_R1_001.fastq.gz']

2024-11-14 14:04:13,434 - INFO - Read refseq of 339 codons from data/tile_4_amplicon.fasta
2024-11-14 14:04:13,436 - INFO - Reads are in these FASTQ pairs:
	/shared/ngs/illumina/bloom_lab/210921_D00300_1326_BHMTYKBCX3/Unaligned/Project_bloom_lab/Tile_4-3_Plasmid_S17_R1_001.fastq.gz and /shared/ngs/illumina/bloom_lab/210921_D00300_1326_BHMTYKBCX3/Unaligned/Project_bloom_lab/Tile_4-3_Plasmid_S17_R2_001.fastq.gz

2024-11-14 14:04:13,436 - INFO - Now parsing read pairs...
2024-11-14 14:04:19,490 - INFO - Reads parsed so far: 500000
2024-11-14 14:04:24,837 - INFO - Reads parsed so far: 1000000
2024-11-14 14:04:30,490 - INFO - Reads parsed so far: 1500000
2024-11-14 14:04:30,740 - INFO - Parsed 1524348 reads, found 381702 unique barcodes.
2024-11-14 14:04:30,744 - INFO - Summary stats on reads:
   total  fail filter  low Q barcode
 1524348        34300         196680
2024-11-14 14:04:30,744 - INFO - Writing these stats to results/tile_4/codoncounts/lib3-plasmid-210921_readstats.csv

2024-11-14 14:04:30,843 - INFO - Number of reads per barcode:
                 number of barcodes
number of reads                    
1                            105061
2                             63006
3                             58949
4                             49037
5                             37563
6                             26447
7                             17305
8                             10913
9                              6318
10                             3608
11                             1845
12                              897
13                              414
14                              203
15                               78
16                               35
17                               16
18                                2
19                                1
20                                3
22                                1
2024-11-14 14:04:30,843 - INFO - Writing these stats to results/tile_4/codoncounts/lib3-plasmid-210921_readsperbc.csv

2024-11-14 14:04:30,846 - INFO - Examining the 381702 barcodes to build and align subamplicons...
2024-11-14 14:04:43,014 - INFO - Barcodes examined so far: 200000
2024-11-14 14:04:50,561 - INFO - Examined all barcodes. Summary stats:
  total  too few reads  not alignable  aligned
 381702         105061          43193   233448
2024-11-14 14:04:50,562 - INFO - Writing these stats to results/tile_4/codoncounts/lib3-plasmid-210921_bcstats.csv

2024-11-14 14:04:50,569 - INFO - Writing the counts of each codon identity at each site to results/tile_4/codoncounts/lib3-plasmid-210921_codoncounts.csv

2024-11-14 14:04:50,579 - INFO - Successful completion of dms2_bcsubamp
