2022-05-06 09:46:26,921 - INFO - Beginning execution of dms2_batch_bcsubamp in directory /fh/fast/bloom_j/computational_notebooks/ckikawa/2022/ZIKV_DMS_NS5_EvansLab

2022-05-06 09:46:26,921 - INFO - Progress is being logged to results/tile_4/codoncounts/summary.log
2022-05-06 09:46:26,958 - INFO - Version information:
	Time and date: Fri May  6 09:46:26 2022
	Platform: Linux-4.15.0-118-generic-x86_64-with-glibc2.10
	Python version: 3.8.13 | packaged by conda-forge | (default, Mar 25 2022, 06:04:10)  [GCC 10.3.0]
	dms_tools2 version: 2.6.10
	Bio version: 1.79
	pandas version: 0.25.3
	numpy version: 1.19.5
	IPython version: 8.3.0
	jupyter version: 1.0.0
	matplotlib version: 3.2.2
	plotnine version: 0.6.0
	natsort version: 8.1.0
	pystan version: 2.19.1.1
	scipy version: 1.5.2
	seaborn version: 0.10.1
	phydmslib version: 2.4.1
	statsmodels version: 0.11.1
	rpy2 cannot be imported
	regex version: 2.5.114
	umi_tools version: 1.1.2

2022-05-06 09:46:26,958 - INFO - Parsed the following arguments:
	outdir = results/tile_4/codoncounts
	ncpus = 72
	use_existing = yes
	refseq = data/tile_4_amplicon.fasta
	alignspecs = ['1,339,30,30']
	bclen = 8
	fastqdir = None
	R2 = None
	R1trim = [210]
	R2trim = [210]
	bclen2 = None
	chartype = codon
	maxmuts = 4
	minq = 15
	minreads = 2
	minfraccall = 0.95
	minconcur = 0.75
	sitemask = None
	purgeread = 0
	purgebc = 0
	bcinfo = False
	bcinfo_csv = False
	batchfile = results/tile_4/codoncounts/batch.csv
	summaryprefix = summary

2022-05-06 09:46:26,958 - INFO - Parsing sample info from results/tile_4/codoncounts/batch.csv
2022-05-06 09:46:26,969 - INFO - Read the following sample information:
name,R1
lib1-Huh-7.5-210921,/shared/ngs/illumina/bloom_lab/210921_D00300_1326_BHMTYKBCX3/Unaligned/Project_bloom_lab/Tile_4-1_Sample_S11_R1_001.fastq.gz
lib3-plasmid-210921,/shared/ngs/illumina/bloom_lab/210921_D00300_1326_BHMTYKBCX3/Unaligned/Project_bloom_lab/Tile_4-3_Plasmid_S17_R1_001.fastq.gz
lib1-plasmid-210921,/shared/ngs/illumina/bloom_lab/210921_D00300_1326_BHMTYKBCX3/Unaligned/Project_bloom_lab/Tile_4-1_Plasmid_S15_R1_001.fastq.gz
lib2-Huh-7.5-210921,/shared/ngs/illumina/bloom_lab/210921_D00300_1326_BHMTYKBCX3/Unaligned/Project_bloom_lab/Tile_4-2_Sample_S12_R1_001.fastq.gz
lib2-plasmid-210921,/shared/ngs/illumina/bloom_lab/210921_D00300_1326_BHMTYKBCX3/Unaligned/Project_bloom_lab/Tile_4-2_Plasmid_S16_R1_001.fastq.gz
lib3-Huh-7.5-210921,/shared/ngs/illumina/bloom_lab/210921_D00300_1326_BHMTYKBCX3/Unaligned/Project_bloom_lab/Tile_4-3_Sample_S13_R1_001.fastq.gz
wt-Huh-7.5-210921,/shared/ngs/illumina/bloom_lab/210921_D00300_1326_BHMTYKBCX3/Unaligned/Project_bloom_lab/WT_Tile_4_Sample_S10_R1_001.fastq.gz
wt-plasmid-210921,/shared/ngs/illumina/bloom_lab/210921_D00300_1326_BHMTYKBCX3/Unaligned/Project_bloom_lab/WT_Tile_4_Plasmid_S14_R1_001.fastq.gz
wt-C6-36-220225,/shared/ngs/illumina/bloom_lab/220225_M04866_0515_000000000-K5JDB/Unaligned/Project_bloom_lab/WT_S4_R1_001.fastq.gz
lib1-C6-36-220225,/shared/ngs/illumina/bloom_lab/220225_M04866_0515_000000000-K5JDB/Unaligned/Project_bloom_lab/Lib1_S1_R1_001.fastq.gz
lib2-C6-36-220225,/shared/ngs/illumina/bloom_lab/220225_M04866_0515_000000000-K5JDB/Unaligned/Project_bloom_lab/Lib2_S2_R1_001.fastq.gz
lib3-C6-36-220225,/shared/ngs/illumina/bloom_lab/220225_M04866_0515_000000000-K5JDB/Unaligned/Project_bloom_lab/Lib3_S3_R1_001.fastq.gz
wt-C6-36-220415,/shared/ngs/illumina/bloom_lab/220415_M00492_0013_000000000-KC5RK/Unaligned/Project_bloom_lab/WT_S4_R1_001.fastq.gz
lib1-C6-36-220415,/shared/ngs/illumina/bloom_lab/220415_M00492_0013_000000000-KC5RK/Unaligned/Project_bloom_lab/Lib1_S1_R1_001.fastq.gz
lib2-C6-36-220415,/shared/ngs/illumina/bloom_lab/220415_M00492_0013_000000000-KC5RK/Unaligned/Project_bloom_lab/Lib2_S2_R1_001.fastq.gz
lib3-C6-36-220415,/shared/ngs/illumina/bloom_lab/220415_M00492_0013_000000000-KC5RK/Unaligned/Project_bloom_lab/Lib3_S3_R1_001.fastq.gz


2022-05-06 09:46:26,978 - INFO - Running dms2_bcsubamp on all samples using 36 CPUs...
2022-05-06 09:48:58,182 - INFO - Completed runs of dms2_bcsubamp.

2022-05-06 09:48:58,196 - INFO - Plotting read stats to results/tile_4/codoncounts/summary_readstats.pdf
2022-05-06 09:48:58,633 - INFO - Plotting barcode stats to results/tile_4/codoncounts/summary_bcstats.pdf
2022-05-06 09:48:59,015 - INFO - Plotting reads per barcode to results/tile_4/codoncounts/summary_readsperbc.pdf
2022-05-06 09:49:00,539 - INFO - Plotting count depth to results/tile_4/codoncounts/summary_depth.pdf
2022-05-06 09:49:01,998 - INFO - Plotting mutation frequencies to results/tile_4/codoncounts/summary_mutfreq.pdf
2022-05-06 09:49:04,610 - INFO - Plotting average frequencies of codon mutation types to results/tile_4/codoncounts/summary_codonmuttypes.pdf, writing the data to results/tile_4/codoncounts/summary_codonmuttypes.csv
2022-05-06 09:49:06,284 - INFO - Plotting average frequencies of nucleotide changes per codon mutation to results/tile_4/codoncounts/summary_codonntchanges.pdf
2022-05-06 09:49:07,927 - INFO - Plotting frequencies of nucleotide changes in 1-nucleotide mutations to results/tile_4/codoncounts/summary_singlentchanges.pdf
2022-05-06 09:49:09,665 - INFO - Plotting fraction of mutations seen less than some number of times to results/tile_4/codoncounts/summary_cumulmutcounts.pdf
2022-05-06 09:49:12,727 - INFO - Successful completion of dms2_batch_bcsubamp
