2022-05-06 09:46:32,193 - INFO - Beginning execution of dms2_bcsubamp in directory /fh/fast/bloom_j/computational_notebooks/ckikawa/2022/ZIKV_DMS_NS5_EvansLab

2022-05-06 09:46:32,194 - INFO - Progress is being logged to results/tile_4/codoncounts/wt-C6-36-220415.log
2022-05-06 09:46:32,227 - INFO - Version information:
	Time and date: Fri May  6 09:46:32 2022
	Platform: Linux-4.15.0-118-generic-x86_64-with-glibc2.10
	Python version: 3.8.13 | packaged by conda-forge | (default, Mar 25 2022, 06:04:10)  [GCC 10.3.0]
	dms_tools2 version: 2.6.10
	Bio version: 1.79
	pandas version: 0.25.3
	numpy version: 1.19.5
	IPython version: 8.3.0
	jupyter version: 1.0.0
	matplotlib version: 3.2.2
	plotnine version: 0.6.0
	natsort version: 8.1.0
	pystan version: 2.19.1.1
	scipy version: 1.5.2
	seaborn version: 0.10.1
	phydmslib version: 2.4.1
	statsmodels version: 0.11.1
	rpy2 cannot be imported
	regex version: 2.5.114
	umi_tools version: 1.1.2

2022-05-06 09:46:32,227 - INFO - Parsed the following arguments:
	outdir = results/tile_4/codoncounts
	ncpus = -1
	use_existing = yes
	refseq = data/tile_4_amplicon.fasta
	alignspecs = ['1,339,30,30']
	bclen = 8
	fastqdir = None
	R2 = None
	R1trim = [210]
	R2trim = [210]
	bclen2 = None
	chartype = codon
	maxmuts = 4
	minq = 15
	minreads = 2
	minfraccall = 0.95
	minconcur = 0.75
	sitemask = None
	purgeread = 0.0
	purgebc = 0.0
	bcinfo = True
	bcinfo_csv = True
	name = wt-C6-36-220415
	R1 = ['/shared/ngs/illumina/bloom_lab/220415_M00492_0013_000000000-KC5RK/Unaligned/Project_bloom_lab/WT_S4_R1_001.fastq.gz']

2022-05-06 09:46:32,240 - INFO - Read refseq of 339 codons from data/tile_4_amplicon.fasta
2022-05-06 09:46:32,250 - INFO - Reads are in these FASTQ pairs:
	/shared/ngs/illumina/bloom_lab/220415_M00492_0013_000000000-KC5RK/Unaligned/Project_bloom_lab/WT_S4_R1_001.fastq.gz and /shared/ngs/illumina/bloom_lab/220415_M00492_0013_000000000-KC5RK/Unaligned/Project_bloom_lab/WT_S4_R2_001.fastq.gz

2022-05-06 09:46:32,250 - INFO - Now parsing read pairs...
2022-05-06 09:46:38,539 - INFO - Reads parsed so far: 500000
2022-05-06 09:46:44,883 - INFO - Reads parsed so far: 1000000
2022-05-06 09:46:50,614 - INFO - Reads parsed so far: 1500000
2022-05-06 09:46:56,513 - INFO - Reads parsed so far: 2000000
2022-05-06 09:47:02,752 - INFO - Reads parsed so far: 2500000
2022-05-06 09:47:09,332 - INFO - Reads parsed so far: 3000000
2022-05-06 09:47:14,748 - INFO - Reads parsed so far: 3500000
2022-05-06 09:47:20,148 - INFO - Reads parsed so far: 4000000
2022-05-06 09:47:27,707 - INFO - Reads parsed so far: 4500000
2022-05-06 09:47:33,734 - INFO - Reads parsed so far: 5000000
2022-05-06 09:47:39,957 - INFO - Reads parsed so far: 5500000
2022-05-06 09:47:45,629 - INFO - Reads parsed so far: 6000000
2022-05-06 09:47:53,906 - INFO - Parsed 6485047 reads, found 2697206 unique barcodes.
2022-05-06 09:47:53,910 - INFO - Summary stats on reads:
   total  fail filter  low Q barcode
 6485047       766920         837141
2022-05-06 09:47:53,910 - INFO - Writing these stats to results/tile_4/codoncounts/wt-C6-36-220415_readstats.csv

2022-05-06 09:47:54,513 - INFO - Number of reads per barcode:
                 number of barcodes
number of reads                    
1                           1412060
2                            711252
3                            354659
4                            145410
5                             51399
6                             16019
7                              4609
8                              1227
9                               379
10                              112
11                               38
12                               13
13                                9
14                                2
15                                3
16                                6
18                                1
19                                1
22                                1
23                                2
25                                1
27                                1
34                                1
35                                1
2022-05-06 09:47:54,513 - INFO - Writing these stats to results/tile_4/codoncounts/wt-C6-36-220415_readsperbc.csv

2022-05-06 09:47:54,517 - INFO - Examining the 2697206 barcodes to build and align subamplicons...
2022-05-06 09:47:59,417 - INFO - Barcodes examined so far: 200000
2022-05-06 09:48:04,239 - INFO - Barcodes examined so far: 400000
2022-05-06 09:48:08,897 - INFO - Barcodes examined so far: 600000
2022-05-06 09:48:13,415 - INFO - Barcodes examined so far: 800000
2022-05-06 09:48:17,819 - INFO - Barcodes examined so far: 1000000
2022-05-06 09:48:22,059 - INFO - Barcodes examined so far: 1200000
2022-05-06 09:48:26,097 - INFO - Barcodes examined so far: 1400000
2022-05-06 09:48:29,921 - INFO - Barcodes examined so far: 1600000
2022-05-06 09:48:33,529 - INFO - Barcodes examined so far: 1800000
2022-05-06 09:48:36,814 - INFO - Barcodes examined so far: 2000000
2022-05-06 09:48:39,759 - INFO - Barcodes examined so far: 2200000
2022-05-06 09:48:42,410 - INFO - Barcodes examined so far: 2400000
2022-05-06 09:48:44,628 - INFO - Barcodes examined so far: 2600000
2022-05-06 09:48:45,550 - INFO - Examined all barcodes. Summary stats:
   total  too few reads  not alignable  aligned
 2697206        1412060        1188147    96999
2022-05-06 09:48:45,550 - INFO - Writing these stats to results/tile_4/codoncounts/wt-C6-36-220415_bcstats.csv

2022-05-06 09:48:45,562 - INFO - Writing the counts of each codon identity at each site to results/tile_4/codoncounts/wt-C6-36-220415_codoncounts.csv

2022-05-06 09:48:45,573 - INFO - Successful completion of dms2_bcsubamp
