2024-03-11 16:45:49,546 - INFO - Beginning execution of dms2_bcsubamp in directory /fh/fast/bloom_j/computational_notebooks/ckikawa/2022/ZIKV_DMS_NS5_EvansLab

2024-03-11 16:45:49,546 - INFO - Progress is being logged to results/tile_4/codoncounts/wt-Huh-7.5-210921.log
2024-03-11 16:45:49,583 - INFO - Version information:
	Time and date: Mon Mar 11 16:45:49 2024
	Platform: Linux-4.15.0-213-generic-x86_64-with-glibc2.10
	Python version: 3.8.18 | packaged by conda-forge | (default, Dec 23 2023, 17:21:28)  [GCC 12.3.0]
	dms_tools2 version: 2.6.10
	Bio version: 1.79
	pandas version: 0.25.3
	numpy version: 1.19.5
	IPython version: 8.3.0
	jupyter version unknown
	matplotlib version: 3.2.2
	plotnine version: 0.6.0
	natsort version: 8.2.0
	pystan version: 2.19.1.1
	scipy version: 1.10.1
	seaborn version: 0.12.2
	phydmslib version: 2.4.1
	statsmodels version: 0.13.2
	rpy2 cannot be imported
	regex version: 2.5.114
	umi_tools version: 1.1.2

2024-03-11 16:45:49,583 - INFO - Parsed the following arguments:
	outdir = results/tile_4/codoncounts
	ncpus = -1
	use_existing = no
	refseq = data/tile_4_amplicon.fasta
	alignspecs = ['1,339,30,30']
	bclen = 8
	fastqdir = None
	R2 = None
	R1trim = [210]
	R2trim = [210]
	bclen2 = None
	chartype = codon
	maxmuts = 4
	minq = 15
	minreads = 2
	minfraccall = 0.95
	minconcur = 0.75
	sitemask = None
	purgeread = 0.0
	purgebc = 0.0
	bcinfo = True
	bcinfo_csv = True
	name = wt-Huh-7.5-210921
	R1 = ['/shared/ngs/illumina/bloom_lab/210921_D00300_1326_BHMTYKBCX3/Unaligned/Project_bloom_lab/WT_Tile_4_Sample_S10_R1_001.fastq.gz']

2024-03-11 16:45:49,594 - INFO - Read refseq of 339 codons from data/tile_4_amplicon.fasta
2024-03-11 16:45:49,615 - INFO - Reads are in these FASTQ pairs:
	/shared/ngs/illumina/bloom_lab/210921_D00300_1326_BHMTYKBCX3/Unaligned/Project_bloom_lab/WT_Tile_4_Sample_S10_R1_001.fastq.gz and /shared/ngs/illumina/bloom_lab/210921_D00300_1326_BHMTYKBCX3/Unaligned/Project_bloom_lab/WT_Tile_4_Sample_S10_R2_001.fastq.gz

2024-03-11 16:45:49,615 - INFO - Now parsing read pairs...
2024-03-11 16:45:55,678 - INFO - Reads parsed so far: 500000
2024-03-11 16:45:58,340 - INFO - Parsed 763586 reads, found 265834 unique barcodes.
2024-03-11 16:45:58,344 - INFO - Summary stats on reads:
  total  fail filter  low Q barcode
 763586        16887         113969
2024-03-11 16:45:58,344 - INFO - Writing these stats to results/tile_4/codoncounts/wt-Huh-7.5-210921_readstats.csv

2024-03-11 16:45:58,420 - INFO - Number of reads per barcode:
                 number of barcodes
number of reads                    
1                            100478
2                             65727
3                             45613
4                             27028
5                             14595
6                              7185
7                              3131
8                              1306
9                               473
10                              198
11                               62
12                               23
13                               11
14                                3
17                                1
2024-03-11 16:45:58,421 - INFO - Writing these stats to results/tile_4/codoncounts/wt-Huh-7.5-210921_readsperbc.csv

2024-03-11 16:45:58,424 - INFO - Examining the 265834 barcodes to build and align subamplicons...
2024-03-11 16:46:08,117 - INFO - Barcodes examined so far: 200000
2024-03-11 16:46:09,802 - INFO - Examined all barcodes. Summary stats:
  total  too few reads  not alignable  aligned
 265834         100478          28889   136467
2024-03-11 16:46:09,802 - INFO - Writing these stats to results/tile_4/codoncounts/wt-Huh-7.5-210921_bcstats.csv

2024-03-11 16:46:09,814 - INFO - Writing the counts of each codon identity at each site to results/tile_4/codoncounts/wt-Huh-7.5-210921_codoncounts.csv

2024-03-11 16:46:09,824 - INFO - Successful completion of dms2_bcsubamp
