2022-05-06 09:46:32,214 - INFO - Beginning execution of dms2_bcsubamp in directory /fh/fast/bloom_j/computational_notebooks/ckikawa/2022/ZIKV_DMS_NS5_EvansLab

2022-05-06 09:46:32,214 - INFO - Progress is being logged to results/tile_4/codoncounts/wt-plasmid-210921.log
2022-05-06 09:46:32,254 - INFO - Version information:
	Time and date: Fri May  6 09:46:32 2022
	Platform: Linux-4.15.0-118-generic-x86_64-with-glibc2.10
	Python version: 3.8.13 | packaged by conda-forge | (default, Mar 25 2022, 06:04:10)  [GCC 10.3.0]
	dms_tools2 version: 2.6.10
	Bio version: 1.79
	pandas version: 0.25.3
	numpy version: 1.19.5
	IPython version: 8.3.0
	jupyter version: 1.0.0
	matplotlib version: 3.2.2
	plotnine version: 0.6.0
	natsort version: 8.1.0
	pystan version: 2.19.1.1
	scipy version: 1.5.2
	seaborn version: 0.10.1
	phydmslib version: 2.4.1
	statsmodels version: 0.11.1
	rpy2 cannot be imported
	regex version: 2.5.114
	umi_tools version: 1.1.2

2022-05-06 09:46:32,254 - INFO - Parsed the following arguments:
	outdir = results/tile_4/codoncounts
	ncpus = -1
	use_existing = yes
	refseq = data/tile_4_amplicon.fasta
	alignspecs = ['1,339,30,30']
	bclen = 8
	fastqdir = None
	R2 = None
	R1trim = [210]
	R2trim = [210]
	bclen2 = None
	chartype = codon
	maxmuts = 4
	minq = 15
	minreads = 2
	minfraccall = 0.95
	minconcur = 0.75
	sitemask = None
	purgeread = 0.0
	purgebc = 0.0
	bcinfo = True
	bcinfo_csv = True
	name = wt-plasmid-210921
	R1 = ['/shared/ngs/illumina/bloom_lab/210921_D00300_1326_BHMTYKBCX3/Unaligned/Project_bloom_lab/WT_Tile_4_Plasmid_S14_R1_001.fastq.gz']

2022-05-06 09:46:32,268 - INFO - Read refseq of 339 codons from data/tile_4_amplicon.fasta
2022-05-06 09:46:32,314 - INFO - Reads are in these FASTQ pairs:
	/shared/ngs/illumina/bloom_lab/210921_D00300_1326_BHMTYKBCX3/Unaligned/Project_bloom_lab/WT_Tile_4_Plasmid_S14_R1_001.fastq.gz and /shared/ngs/illumina/bloom_lab/210921_D00300_1326_BHMTYKBCX3/Unaligned/Project_bloom_lab/WT_Tile_4_Plasmid_S14_R2_001.fastq.gz

2022-05-06 09:46:32,314 - INFO - Now parsing read pairs...
2022-05-06 09:46:38,799 - INFO - Reads parsed so far: 500000
2022-05-06 09:46:44,181 - INFO - Reads parsed so far: 1000000
2022-05-06 09:46:49,262 - INFO - Reads parsed so far: 1500000
2022-05-06 09:46:50,310 - INFO - Parsed 1602590 reads, found 350352 unique barcodes.
2022-05-06 09:46:50,313 - INFO - Summary stats on reads:
   total  fail filter  low Q barcode
 1602590        40839         210233
2022-05-06 09:46:50,313 - INFO - Writing these stats to results/tile_4/codoncounts/wt-plasmid-210921_readstats.csv

2022-05-06 09:46:50,397 - INFO - Number of reads per barcode:
                 number of barcodes
number of reads                    
1                             85930
2                             48992
3                             49886
4                             44818
5                             36019
6                             27542
7                             19706
8                             13927
9                              9153
10                             6034
11                             3730
12                             2145
13                             1225
14                              624
15                              344
16                              145
17                               70
18                               39
19                               17
20                                2
21                                2
22                                2
2022-05-06 09:46:50,397 - INFO - Writing these stats to results/tile_4/codoncounts/wt-plasmid-210921_readsperbc.csv

2022-05-06 09:46:50,401 - INFO - Examining the 350352 barcodes to build and align subamplicons...
2022-05-06 09:47:01,649 - INFO - Barcodes examined so far: 200000
2022-05-06 09:47:07,428 - INFO - Examined all barcodes. Summary stats:
  total  too few reads  not alignable  aligned
 350352          85930          37896   226526
2022-05-06 09:47:07,428 - INFO - Writing these stats to results/tile_4/codoncounts/wt-plasmid-210921_bcstats.csv

2022-05-06 09:47:07,438 - INFO - Writing the counts of each codon identity at each site to results/tile_4/codoncounts/wt-plasmid-210921_codoncounts.csv

2022-05-06 09:47:07,448 - INFO - Successful completion of dms2_bcsubamp
