2022-05-06 09:55:01,735 - INFO - Beginning execution of dms2_bcsubamp in directory /fh/fast/bloom_j/computational_notebooks/ckikawa/2022/ZIKV_DMS_NS5_EvansLab

2022-05-06 09:55:01,735 - INFO - Progress is being logged to results/tile_5/codoncounts/lib1-C6-36-220415.log
2022-05-06 09:55:01,779 - INFO - Version information:
	Time and date: Fri May  6 09:55:01 2022
	Platform: Linux-4.15.0-118-generic-x86_64-with-glibc2.10
	Python version: 3.8.13 | packaged by conda-forge | (default, Mar 25 2022, 06:04:10)  [GCC 10.3.0]
	dms_tools2 version: 2.6.10
	Bio version: 1.79
	pandas version: 0.25.3
	numpy version: 1.19.5
	IPython version: 8.3.0
	jupyter version: 1.0.0
	matplotlib version: 3.2.2
	plotnine version: 0.6.0
	natsort version: 8.1.0
	pystan version: 2.19.1.1
	scipy version: 1.5.2
	seaborn version: 0.10.1
	phydmslib version: 2.4.1
	statsmodels version: 0.11.1
	rpy2 cannot be imported
	regex version: 2.5.114
	umi_tools version: 1.1.2

2022-05-06 09:55:01,779 - INFO - Parsed the following arguments:
	outdir = results/tile_5/codoncounts
	ncpus = -1
	use_existing = yes
	refseq = data/tile_5_amplicon.fasta
	alignspecs = ['1,339,30,30']
	bclen = 8
	fastqdir = None
	R2 = None
	R1trim = [210]
	R2trim = [210]
	bclen2 = None
	chartype = codon
	maxmuts = 4
	minq = 15
	minreads = 2
	minfraccall = 0.95
	minconcur = 0.75
	sitemask = None
	purgeread = 0.0
	purgebc = 0.0
	bcinfo = True
	bcinfo_csv = True
	name = lib1-C6-36-220415
	R1 = ['/shared/ngs/illumina/bloom_lab/220415_M00492_0013_000000000-KC5RK/Unaligned/Project_bloom_lab/Lib1_S1_R1_001.fastq.gz']

2022-05-06 09:55:01,803 - INFO - Read refseq of 339 codons from data/tile_5_amplicon.fasta
2022-05-06 09:55:01,858 - INFO - Reads are in these FASTQ pairs:
	/shared/ngs/illumina/bloom_lab/220415_M00492_0013_000000000-KC5RK/Unaligned/Project_bloom_lab/Lib1_S1_R1_001.fastq.gz and /shared/ngs/illumina/bloom_lab/220415_M00492_0013_000000000-KC5RK/Unaligned/Project_bloom_lab/Lib1_S1_R2_001.fastq.gz

2022-05-06 09:55:01,858 - INFO - Now parsing read pairs...
2022-05-06 09:55:08,069 - INFO - Reads parsed so far: 500000
2022-05-06 09:55:14,238 - INFO - Reads parsed so far: 1000000
2022-05-06 09:55:19,870 - INFO - Reads parsed so far: 1500000
2022-05-06 09:55:25,641 - INFO - Reads parsed so far: 2000000
2022-05-06 09:55:31,692 - INFO - Reads parsed so far: 2500000
2022-05-06 09:55:37,894 - INFO - Reads parsed so far: 3000000
2022-05-06 09:55:43,027 - INFO - Reads parsed so far: 3500000
2022-05-06 09:55:49,578 - INFO - Reads parsed so far: 4000000
2022-05-06 09:55:54,815 - INFO - Reads parsed so far: 4500000
2022-05-06 09:55:59,990 - INFO - Reads parsed so far: 5000000
2022-05-06 09:56:05,233 - INFO - Reads parsed so far: 5500000
2022-05-06 09:56:12,295 - INFO - Reads parsed so far: 6000000
2022-05-06 09:56:17,716 - INFO - Reads parsed so far: 6500000
2022-05-06 09:56:22,989 - INFO - Reads parsed so far: 7000000
2022-05-06 09:56:25,348 - INFO - Parsed 7224472 reads, found 2967223 unique barcodes.
2022-05-06 09:56:25,352 - INFO - Summary stats on reads:
   total  fail filter  low Q barcode
 7224472       845086         907891
2022-05-06 09:56:25,352 - INFO - Writing these stats to results/tile_5/codoncounts/lib1-C6-36-220415_readstats.csv

2022-05-06 09:56:25,977 - INFO - Number of reads per barcode:
                 number of barcodes
number of reads                    
1                           1530763
2                            775351
3                            397034
4                            168983
5                             63402
6                             21478
7                              6911
8                              2152
9                               734
10                              207
11                               85
12                               41
13                               24
14                               16
15                                9
16                                8
17                                5
18                                2
19                                4
21                                1
22                                1
23                                1
24                                1
25                                3
26                                1
27                                2
29                                1
36                                1
47                                1
69                                1
2022-05-06 09:56:25,977 - INFO - Writing these stats to results/tile_5/codoncounts/lib1-C6-36-220415_readsperbc.csv

2022-05-06 09:56:25,980 - INFO - Examining the 2967223 barcodes to build and align subamplicons...
2022-05-06 09:56:30,968 - INFO - Barcodes examined so far: 200000
2022-05-06 09:56:35,889 - INFO - Barcodes examined so far: 400000
2022-05-06 09:56:40,708 - INFO - Barcodes examined so far: 600000
2022-05-06 09:56:45,421 - INFO - Barcodes examined so far: 800000
2022-05-06 09:56:50,003 - INFO - Barcodes examined so far: 1000000
2022-05-06 09:56:54,479 - INFO - Barcodes examined so far: 1200000
2022-05-06 09:56:58,819 - INFO - Barcodes examined so far: 1400000
2022-05-06 09:57:02,955 - INFO - Barcodes examined so far: 1600000
2022-05-06 09:57:06,904 - INFO - Barcodes examined so far: 1800000
2022-05-06 09:57:10,659 - INFO - Barcodes examined so far: 2000000
2022-05-06 09:57:14,051 - INFO - Barcodes examined so far: 2200000
2022-05-06 09:57:17,104 - INFO - Barcodes examined so far: 2400000
2022-05-06 09:57:19,853 - INFO - Barcodes examined so far: 2600000
2022-05-06 09:57:22,167 - INFO - Barcodes examined so far: 2800000
2022-05-06 09:57:23,769 - INFO - Examined all barcodes. Summary stats:
   total  too few reads  not alignable  aligned
 2967223        1530763        1291587   144873
2022-05-06 09:57:23,770 - INFO - Writing these stats to results/tile_5/codoncounts/lib1-C6-36-220415_bcstats.csv

2022-05-06 09:57:23,783 - INFO - Writing the counts of each codon identity at each site to results/tile_5/codoncounts/lib1-C6-36-220415_codoncounts.csv

2022-05-06 09:57:23,794 - INFO - Successful completion of dms2_bcsubamp
