2024-11-14 14:02:27,472 - INFO - Beginning execution of dms2_bcsubamp in directory /fh/fast/bloom_j/computational_notebooks/ckikawa/2022/ZIKV_DMS_NS5_EvansLab

2024-11-14 14:02:27,474 - INFO - Progress is being logged to results/tile_5/codoncounts/lib1-plasmid-210921.log
2024-11-14 14:02:27,511 - INFO - Version information:
	Time and date: Thu Nov 14 14:02:27 2024
	Platform: Linux-4.15.0-213-generic-x86_64-with-glibc2.10
	Python version: 3.8.18 | packaged by conda-forge | (default, Dec 23 2023, 17:21:28)  [GCC 12.3.0]
	dms_tools2 version: 2.6.10
	Bio version: 1.79
	pandas version: 0.25.3
	numpy version: 1.19.5
	IPython version: 8.3.0
	jupyter version unknown
	matplotlib version: 3.2.2
	plotnine version: 0.6.0
	natsort version: 8.2.0
	pystan version: 2.19.1.1
	scipy version: 1.10.1
	seaborn version: 0.12.2
	phydmslib version: 2.4.1
	statsmodels version: 0.13.2
	rpy2 cannot be imported
	regex version: 2.5.114
	umi_tools version: 1.1.2

2024-11-14 14:02:27,512 - INFO - Parsed the following arguments:
	outdir = results/tile_5/codoncounts
	ncpus = -1
	use_existing = no
	refseq = data/tile_5_amplicon.fasta
	alignspecs = ['1,339,30,30']
	bclen = 8
	fastqdir = None
	R2 = None
	R1trim = [210]
	R2trim = [210]
	bclen2 = None
	chartype = codon
	maxmuts = 4
	minq = 15
	minreads = 2
	minfraccall = 0.95
	minconcur = 0.75
	sitemask = None
	purgeread = 0.0
	purgebc = 0.0
	bcinfo = True
	bcinfo_csv = True
	name = lib1-plasmid-210921
	R1 = ['/shared/ngs/illumina/bloom_lab/210921_D00300_1326_BHMTYKBCX3/Unaligned/Project_bloom_lab/Tile_5-1_Plasmid_S23_R1_001.fastq.gz']

2024-11-14 14:02:27,523 - INFO - Read refseq of 339 codons from data/tile_5_amplicon.fasta
2024-11-14 14:02:27,525 - INFO - Reads are in these FASTQ pairs:
	/shared/ngs/illumina/bloom_lab/210921_D00300_1326_BHMTYKBCX3/Unaligned/Project_bloom_lab/Tile_5-1_Plasmid_S23_R1_001.fastq.gz and /shared/ngs/illumina/bloom_lab/210921_D00300_1326_BHMTYKBCX3/Unaligned/Project_bloom_lab/Tile_5-1_Plasmid_S23_R2_001.fastq.gz

2024-11-14 14:02:27,525 - INFO - Now parsing read pairs...
2024-11-14 14:02:33,602 - INFO - Reads parsed so far: 500000
2024-11-14 14:02:39,014 - INFO - Reads parsed so far: 1000000
2024-11-14 14:02:42,077 - INFO - Parsed 1302671 reads, found 305822 unique barcodes.
2024-11-14 14:02:42,080 - INFO - Summary stats on reads:
   total  fail filter  low Q barcode
 1302671        29328         203018
2024-11-14 14:02:42,080 - INFO - Writing these stats to results/tile_5/codoncounts/lib1-plasmid-210921_readstats.csv

2024-11-14 14:02:42,156 - INFO - Number of reads per barcode:
                 number of barcodes
number of reads                    
1                             95384
2                             42338
3                             40881
4                             35817
5                             28456
6                             21256
7                             15174
8                             10354
9                              6690
10                             4283
11                             2436
12                             1350
13                              750
14                              352
15                              173
16                               65
17                               37
18                               10
19                                8
20                                1
21                                4
22                                2
30                                1
2024-11-14 14:02:42,156 - INFO - Writing these stats to results/tile_5/codoncounts/lib1-plasmid-210921_readsperbc.csv

2024-11-14 14:02:42,159 - INFO - Examining the 305822 barcodes to build and align subamplicons...
2024-11-14 14:02:54,574 - INFO - Barcodes examined so far: 200000
2024-11-14 14:02:58,328 - INFO - Examined all barcodes. Summary stats:
  total  too few reads  not alignable  aligned
 305822          95384          25865   184573
2024-11-14 14:02:58,329 - INFO - Writing these stats to results/tile_5/codoncounts/lib1-plasmid-210921_bcstats.csv

2024-11-14 14:02:58,340 - INFO - Writing the counts of each codon identity at each site to results/tile_5/codoncounts/lib1-plasmid-210921_codoncounts.csv

2024-11-14 14:02:58,350 - INFO - Successful completion of dms2_bcsubamp
