2024-03-11 16:39:06,397 - INFO - Beginning execution of dms2_bcsubamp in directory /fh/fast/bloom_j/computational_notebooks/ckikawa/2022/ZIKV_DMS_NS5_EvansLab

2024-03-11 16:39:06,398 - INFO - Progress is being logged to results/tile_5/codoncounts/lib1-Huh-7.5-210921.log
2024-03-11 16:39:06,433 - INFO - Version information:
	Time and date: Mon Mar 11 16:39:06 2024
	Platform: Linux-4.15.0-213-generic-x86_64-with-glibc2.10
	Python version: 3.8.18 | packaged by conda-forge | (default, Dec 23 2023, 17:21:28)  [GCC 12.3.0]
	dms_tools2 version: 2.6.10
	Bio version: 1.79
	pandas version: 0.25.3
	numpy version: 1.19.5
	IPython version: 8.3.0
	jupyter version unknown
	matplotlib version: 3.2.2
	plotnine version: 0.6.0
	natsort version: 8.2.0
	pystan version: 2.19.1.1
	scipy version: 1.10.1
	seaborn version: 0.12.2
	phydmslib version: 2.4.1
	statsmodels version: 0.13.2
	rpy2 cannot be imported
	regex version: 2.5.114
	umi_tools version: 1.1.2

2024-03-11 16:39:06,433 - INFO - Parsed the following arguments:
	outdir = results/tile_5/codoncounts
	ncpus = -1
	use_existing = no
	refseq = data/tile_5_amplicon.fasta
	alignspecs = ['1,339,30,30']
	bclen = 8
	fastqdir = None
	R2 = None
	R1trim = [210]
	R2trim = [210]
	bclen2 = None
	chartype = codon
	maxmuts = 4
	minq = 15
	minreads = 2
	minfraccall = 0.95
	minconcur = 0.75
	sitemask = None
	purgeread = 0.0
	purgebc = 0.0
	bcinfo = True
	bcinfo_csv = True
	name = lib1-Huh-7.5-210921
	R1 = ['/shared/ngs/illumina/bloom_lab/210921_D00300_1326_BHMTYKBCX3/Unaligned/Project_bloom_lab/Tile_5-1_Sample_S19_R1_001.fastq.gz']

2024-03-11 16:39:06,445 - INFO - Read refseq of 339 codons from data/tile_5_amplicon.fasta
2024-03-11 16:39:06,504 - INFO - Reads are in these FASTQ pairs:
	/shared/ngs/illumina/bloom_lab/210921_D00300_1326_BHMTYKBCX3/Unaligned/Project_bloom_lab/Tile_5-1_Sample_S19_R1_001.fastq.gz and /shared/ngs/illumina/bloom_lab/210921_D00300_1326_BHMTYKBCX3/Unaligned/Project_bloom_lab/Tile_5-1_Sample_S19_R2_001.fastq.gz

2024-03-11 16:39:06,504 - INFO - Now parsing read pairs...
2024-03-11 16:39:12,486 - INFO - Reads parsed so far: 500000
2024-03-11 16:39:17,663 - INFO - Reads parsed so far: 1000000
2024-03-11 16:39:21,229 - INFO - Parsed 1309564 reads, found 278912 unique barcodes.
2024-03-11 16:39:21,232 - INFO - Summary stats on reads:
   total  fail filter  low Q barcode
 1309564        30549         185628
2024-03-11 16:39:21,232 - INFO - Writing these stats to results/tile_5/codoncounts/lib1-Huh-7.5-210921_readstats.csv

2024-03-11 16:39:21,303 - INFO - Number of reads per barcode:
                 number of barcodes
number of reads                    
1                             68634
2                             37388
3                             38796
4                             35017
5                             28797
6                             22178
7                             16457
8                             11558
9                              7714
10                             5142
11                             3145
12                             1902
13                             1076
14                              546
15                              312
16                              131
17                               64
18                               25
19                               15
20                                8
21                                5
22                                2
2024-03-11 16:39:21,303 - INFO - Writing these stats to results/tile_5/codoncounts/lib1-Huh-7.5-210921_readsperbc.csv

2024-03-11 16:39:21,307 - INFO - Examining the 278912 barcodes to build and align subamplicons...
2024-03-11 16:39:33,757 - INFO - Barcodes examined so far: 200000
2024-03-11 16:39:36,726 - INFO - Examined all barcodes. Summary stats:
  total  too few reads  not alignable  aligned
 278912          68634          21053   189225
2024-03-11 16:39:36,726 - INFO - Writing these stats to results/tile_5/codoncounts/lib1-Huh-7.5-210921_bcstats.csv

2024-03-11 16:39:36,739 - INFO - Writing the counts of each codon identity at each site to results/tile_5/codoncounts/lib1-Huh-7.5-210921_codoncounts.csv

2024-03-11 16:39:36,749 - INFO - Successful completion of dms2_bcsubamp
