2022-05-20 18:02:54,109 - INFO - Beginning execution of dms2_bcsubamp in directory /fh/fast/bloom_j/computational_notebooks/ckikawa/2022/ZIKV_DMS_NS5_EvansLab

2022-05-20 18:02:54,109 - INFO - Progress is being logged to results/tile_5/codoncounts/lib1-C6-36-multi.log
2022-05-20 18:02:54,144 - INFO - Version information:
	Time and date: Fri May 20 18:02:54 2022
	Platform: Linux-4.15.0-118-generic-x86_64-with-glibc2.10
	Python version: 3.8.13 | packaged by conda-forge | (default, Mar 25 2022, 06:04:10)  [GCC 10.3.0]
	dms_tools2 version: 2.6.10
	Bio version: 1.79
	pandas version: 0.25.3
	numpy version: 1.19.5
	IPython version: 8.3.0
	jupyter version: 1.0.0
	matplotlib version: 3.2.2
	plotnine version: 0.6.0
	natsort version: 8.1.0
	pystan version: 2.19.1.1
	scipy version: 1.5.2
	seaborn version: 0.10.1
	phydmslib version: 2.4.1
	statsmodels version: 0.11.1
	rpy2 cannot be imported
	regex version: 2.5.114
	umi_tools version: 1.1.2

2022-05-20 18:02:54,144 - INFO - Parsed the following arguments:
	outdir = results/tile_5/codoncounts
	ncpus = -1
	use_existing = yes
	refseq = data/tile_5_amplicon.fasta
	alignspecs = ['1,339,30,30']
	bclen = 8
	fastqdir = None
	R2 = None
	R1trim = [210]
	R2trim = [210]
	bclen2 = None
	chartype = codon
	maxmuts = 4
	minq = 15
	minreads = 2
	minfraccall = 0.95
	minconcur = 0.75
	sitemask = None
	purgeread = 0.0
	purgebc = 0.0
	bcinfo = True
	bcinfo_csv = True
	name = lib1-C6-36-multi
	R1 = ['/fh/fast/bloom_j/computational_notebooks/dbacsik/2022/ZIKV_DMS_NS5_EvansLab/data/concat_fastqs/concat_fastq_out/lib1_C636_R1.fastq.gz']

2022-05-20 18:02:54,158 - INFO - Read refseq of 339 codons from data/tile_5_amplicon.fasta
2022-05-20 18:02:54,159 - INFO - Reads are in these FASTQ pairs:
	/fh/fast/bloom_j/computational_notebooks/dbacsik/2022/ZIKV_DMS_NS5_EvansLab/data/concat_fastqs/concat_fastq_out/lib1_C636_R1.fastq.gz and /fh/fast/bloom_j/computational_notebooks/dbacsik/2022/ZIKV_DMS_NS5_EvansLab/data/concat_fastqs/concat_fastq_out/lib1_C636_R2.fastq.gz

2022-05-20 18:02:54,159 - INFO - Now parsing read pairs...
2022-05-20 18:03:00,449 - INFO - Reads parsed so far: 500000
2022-05-20 18:03:06,634 - INFO - Reads parsed so far: 1000000
2022-05-20 18:03:12,344 - INFO - Reads parsed so far: 1500000
2022-05-20 18:03:18,187 - INFO - Reads parsed so far: 2000000
2022-05-20 18:03:24,340 - INFO - Reads parsed so far: 2500000
2022-05-20 18:03:30,641 - INFO - Reads parsed so far: 3000000
2022-05-20 18:03:35,846 - INFO - Reads parsed so far: 3500000
2022-05-20 18:03:41,070 - INFO - Reads parsed so far: 4000000
2022-05-20 18:03:47,703 - INFO - Reads parsed so far: 4500000
2022-05-20 18:03:52,816 - INFO - Reads parsed so far: 5000000
2022-05-20 18:03:57,921 - INFO - Reads parsed so far: 5500000
2022-05-20 18:04:04,999 - INFO - Reads parsed so far: 6000000
2022-05-20 18:04:10,277 - INFO - Reads parsed so far: 6500000
2022-05-20 18:04:15,400 - INFO - Reads parsed so far: 7000000
2022-05-20 18:04:20,507 - INFO - Reads parsed so far: 7500000
2022-05-20 18:04:25,625 - INFO - Reads parsed so far: 8000000
2022-05-20 18:04:30,745 - INFO - Reads parsed so far: 8500000
2022-05-20 18:04:35,869 - INFO - Reads parsed so far: 9000000
2022-05-20 18:04:43,853 - INFO - Reads parsed so far: 9500000
2022-05-20 18:04:49,003 - INFO - Reads parsed so far: 10000000
2022-05-20 18:04:54,184 - INFO - Reads parsed so far: 10500000
2022-05-20 18:04:59,249 - INFO - Reads parsed so far: 11000000
2022-05-20 18:05:04,440 - INFO - Reads parsed so far: 11500000
2022-05-20 18:05:09,641 - INFO - Reads parsed so far: 12000000
2022-05-20 18:05:14,809 - INFO - Reads parsed so far: 12500000
2022-05-20 18:05:20,002 - INFO - Reads parsed so far: 13000000
2022-05-20 18:05:23,829 - INFO - Parsed 13370034 reads, found 3879702 unique barcodes.
2022-05-20 18:05:23,832 - INFO - Summary stats on reads:
    total  fail filter  low Q barcode
 13370034      1527515        1567087
2022-05-20 18:05:23,832 - INFO - Writing these stats to results/tile_5/codoncounts/lib1-C6-36-multi_readstats.csv

2022-05-20 18:05:24,662 - INFO - Number of reads per barcode:
                 number of barcodes
number of reads                    
1                           1397387
2                            788361
3                            647710
4                            458208
5                            282245
6                            157118
7                             79075
8                             37884
9                             17239
10                             7817
11                             3408
12                             1626
13                              722
14                              364
15                              215
16                               96
17                               58
18                               34
19                               30
20                                7
21                               18
22                               11
23                               12
24                                3
25                                7
26                                7
27                                2
28                                4
29                                5
30                                3
31                                2
32                                4
33                                1
34                                1
35                                1
36                                1
37                                1
38                                2
39                                2
40                                2
41                                1
45                                1
60                                1
61                                1
64                                2
73                                1
75                                1
151                               1
2022-05-20 18:05:24,662 - INFO - Writing these stats to results/tile_5/codoncounts/lib1-C6-36-multi_readsperbc.csv

2022-05-20 18:05:24,668 - INFO - Examining the 3879702 barcodes to build and align subamplicons...
2022-05-20 18:05:30,764 - INFO - Barcodes examined so far: 200000
2022-05-20 18:05:36,764 - INFO - Barcodes examined so far: 400000
2022-05-20 18:05:42,673 - INFO - Barcodes examined so far: 600000
2022-05-20 18:05:48,511 - INFO - Barcodes examined so far: 800000
2022-05-20 18:05:54,329 - INFO - Barcodes examined so far: 1000000
2022-05-20 18:05:59,980 - INFO - Barcodes examined so far: 1200000
2022-05-20 18:06:05,539 - INFO - Barcodes examined so far: 1400000
2022-05-20 18:06:10,962 - INFO - Barcodes examined so far: 1600000
2022-05-20 18:06:16,241 - INFO - Barcodes examined so far: 1800000
2022-05-20 18:06:21,451 - INFO - Barcodes examined so far: 2000000
2022-05-20 18:06:26,505 - INFO - Barcodes examined so far: 2200000
2022-05-20 18:06:31,431 - INFO - Barcodes examined so far: 2400000
2022-05-20 18:06:36,126 - INFO - Barcodes examined so far: 2600000
2022-05-20 18:06:40,580 - INFO - Barcodes examined so far: 2800000
2022-05-20 18:06:44,768 - INFO - Barcodes examined so far: 3000000
2022-05-20 18:06:48,593 - INFO - Barcodes examined so far: 3200000
2022-05-20 18:06:51,966 - INFO - Barcodes examined so far: 3400000
2022-05-20 18:06:54,734 - INFO - Barcodes examined so far: 3600000
2022-05-20 18:06:56,976 - INFO - Barcodes examined so far: 3800000
2022-05-20 18:06:57,717 - INFO - Examined all barcodes. Summary stats:
   total  too few reads  not alignable  aligned
 3879702        1397387        2214971   267344
2022-05-20 18:06:57,717 - INFO - Writing these stats to results/tile_5/codoncounts/lib1-C6-36-multi_bcstats.csv

2022-05-20 18:06:57,731 - INFO - Writing the counts of each codon identity at each site to results/tile_5/codoncounts/lib1-C6-36-multi_codoncounts.csv

2022-05-20 18:06:57,742 - INFO - Successful completion of dms2_bcsubamp
