2024-03-11 16:39:06,435 - INFO - Beginning execution of dms2_bcsubamp in directory /fh/fast/bloom_j/computational_notebooks/ckikawa/2022/ZIKV_DMS_NS5_EvansLab

2024-03-11 16:39:06,435 - INFO - Progress is being logged to results/tile_5/codoncounts/lib2-C6-36-multi.log
2024-03-11 16:39:06,468 - INFO - Version information:
	Time and date: Mon Mar 11 16:39:06 2024
	Platform: Linux-4.15.0-213-generic-x86_64-with-glibc2.10
	Python version: 3.8.18 | packaged by conda-forge | (default, Dec 23 2023, 17:21:28)  [GCC 12.3.0]
	dms_tools2 version: 2.6.10
	Bio version: 1.79
	pandas version: 0.25.3
	numpy version: 1.19.5
	IPython version: 8.3.0
	jupyter version unknown
	matplotlib version: 3.2.2
	plotnine version: 0.6.0
	natsort version: 8.2.0
	pystan version: 2.19.1.1
	scipy version: 1.10.1
	seaborn version: 0.12.2
	phydmslib version: 2.4.1
	statsmodels version: 0.13.2
	rpy2 cannot be imported
	regex version: 2.5.114
	umi_tools version: 1.1.2

2024-03-11 16:39:06,468 - INFO - Parsed the following arguments:
	outdir = results/tile_5/codoncounts
	ncpus = -1
	use_existing = no
	refseq = data/tile_5_amplicon.fasta
	alignspecs = ['1,339,30,30']
	bclen = 8
	fastqdir = None
	R2 = None
	R1trim = [210]
	R2trim = [210]
	bclen2 = None
	chartype = codon
	maxmuts = 4
	minq = 15
	minreads = 2
	minfraccall = 0.95
	minconcur = 0.75
	sitemask = None
	purgeread = 0.0
	purgebc = 0.0
	bcinfo = True
	bcinfo_csv = True
	name = lib2-C6-36-multi
	R1 = ['/fh/fast/bloom_j/computational_notebooks/dbacsik/2022/ZIKV_DMS_NS5_EvansLab/data/concat_fastqs/concat_fastq_out/lib2_C636_R1.fastq.gz']

2024-03-11 16:39:06,478 - INFO - Read refseq of 339 codons from data/tile_5_amplicon.fasta
2024-03-11 16:39:06,478 - INFO - Reads are in these FASTQ pairs:
	/fh/fast/bloom_j/computational_notebooks/dbacsik/2022/ZIKV_DMS_NS5_EvansLab/data/concat_fastqs/concat_fastq_out/lib2_C636_R1.fastq.gz and /fh/fast/bloom_j/computational_notebooks/dbacsik/2022/ZIKV_DMS_NS5_EvansLab/data/concat_fastqs/concat_fastq_out/lib2_C636_R2.fastq.gz

2024-03-11 16:39:06,478 - INFO - Now parsing read pairs...
2024-03-11 16:39:12,986 - INFO - Reads parsed so far: 500000
2024-03-11 16:39:18,957 - INFO - Reads parsed so far: 1000000
2024-03-11 16:39:24,695 - INFO - Reads parsed so far: 1500000
2024-03-11 16:39:30,602 - INFO - Reads parsed so far: 2000000
2024-03-11 16:39:36,811 - INFO - Reads parsed so far: 2500000
2024-03-11 16:39:43,206 - INFO - Reads parsed so far: 3000000
2024-03-11 16:39:48,402 - INFO - Reads parsed so far: 3500000
2024-03-11 16:39:55,167 - INFO - Reads parsed so far: 4000000
2024-03-11 16:40:00,332 - INFO - Reads parsed so far: 4500000
2024-03-11 16:40:05,527 - INFO - Reads parsed so far: 5000000
2024-03-11 16:40:10,745 - INFO - Reads parsed so far: 5500000
2024-03-11 16:40:18,068 - INFO - Reads parsed so far: 6000000
2024-03-11 16:40:23,268 - INFO - Reads parsed so far: 6500000
2024-03-11 16:40:28,631 - INFO - Reads parsed so far: 7000000
2024-03-11 16:40:33,791 - INFO - Reads parsed so far: 7500000
2024-03-11 16:40:38,965 - INFO - Reads parsed so far: 8000000
2024-03-11 16:40:44,145 - INFO - Reads parsed so far: 8500000
2024-03-11 16:40:52,235 - INFO - Reads parsed so far: 9000000
2024-03-11 16:40:57,419 - INFO - Reads parsed so far: 9500000
2024-03-11 16:41:02,654 - INFO - Reads parsed so far: 10000000
2024-03-11 16:41:07,795 - INFO - Reads parsed so far: 10500000
2024-03-11 16:41:13,074 - INFO - Reads parsed so far: 11000000
2024-03-11 16:41:18,332 - INFO - Reads parsed so far: 11500000
2024-03-11 16:41:23,591 - INFO - Reads parsed so far: 12000000
2024-03-11 16:41:28,882 - INFO - Reads parsed so far: 12500000
2024-03-11 16:41:33,984 - INFO - Parsed 12983470 reads, found 3743287 unique barcodes.
2024-03-11 16:41:33,987 - INFO - Summary stats on reads:
    total  fail filter  low Q barcode
 12983470      1480994        1615510
2024-03-11 16:41:33,987 - INFO - Writing these stats to results/tile_5/codoncounts/lib2-C6-36-multi_readstats.csv

2024-03-11 16:41:34,826 - INFO - Number of reads per barcode:
                 number of barcodes
number of reads                    
1                           1383277
2                            745057
3                            608560
4                            432982
5                            271058
6                            151462
7                             79060
8                             38393
9                             18000
10                             8270
11                             3781
12                             1722
13                              791
14                              395
15                              181
16                               92
17                               63
18                               32
19                               24
20                               14
21                               11
22                               10
23                                6
24                                7
25                                7
26                                4
27                                5
28                                3
29                                2
30                                3
31                                2
32                                2
33                                1
34                                1
35                                3
36                                1
42                                1
48                                1
51                                1
62                                1
63                                1
2024-03-11 16:41:34,827 - INFO - Writing these stats to results/tile_5/codoncounts/lib2-C6-36-multi_readsperbc.csv

2024-03-11 16:41:34,831 - INFO - Examining the 3743287 barcodes to build and align subamplicons...
2024-03-11 16:41:41,039 - INFO - Barcodes examined so far: 200000
2024-03-11 16:41:47,188 - INFO - Barcodes examined so far: 400000
2024-03-11 16:41:53,239 - INFO - Barcodes examined so far: 600000
2024-03-11 16:41:59,199 - INFO - Barcodes examined so far: 800000
2024-03-11 16:42:05,067 - INFO - Barcodes examined so far: 1000000
2024-03-11 16:42:10,858 - INFO - Barcodes examined so far: 1200000
2024-03-11 16:42:16,576 - INFO - Barcodes examined so far: 1400000
2024-03-11 16:42:22,184 - INFO - Barcodes examined so far: 1600000
2024-03-11 16:42:27,612 - INFO - Barcodes examined so far: 1800000
2024-03-11 16:42:32,861 - INFO - Barcodes examined so far: 2000000
2024-03-11 16:42:37,928 - INFO - Barcodes examined so far: 2200000
2024-03-11 16:42:42,831 - INFO - Barcodes examined so far: 2400000
2024-03-11 16:42:47,561 - INFO - Barcodes examined so far: 2600000
2024-03-11 16:42:51,976 - INFO - Barcodes examined so far: 2800000
2024-03-11 16:42:56,062 - INFO - Barcodes examined so far: 3000000
2024-03-11 16:42:59,807 - INFO - Barcodes examined so far: 3200000
2024-03-11 16:43:02,941 - INFO - Barcodes examined so far: 3400000
2024-03-11 16:43:05,435 - INFO - Barcodes examined so far: 3600000
2024-03-11 16:43:06,934 - INFO - Examined all barcodes. Summary stats:
   total  too few reads  not alignable  aligned
 3743287        1383277        2089454   270556
2024-03-11 16:43:06,934 - INFO - Writing these stats to results/tile_5/codoncounts/lib2-C6-36-multi_bcstats.csv

2024-03-11 16:43:06,944 - INFO - Writing the counts of each codon identity at each site to results/tile_5/codoncounts/lib2-C6-36-multi_codoncounts.csv

2024-03-11 16:43:06,955 - INFO - Successful completion of dms2_bcsubamp
