2022-06-29 12:25:24,419 - INFO - Beginning execution of dms2_bcsubamp in directory /fh/fast/bloom_j/computational_notebooks/ckikawa/2022/ZIKV_DMS_NS5_EvansLab

2022-06-29 12:25:24,419 - INFO - Progress is being logged to results/tile_5/codoncounts/lib3-plasmid-210921.log
2022-06-29 12:25:24,450 - INFO - Version information:
	Time and date: Wed Jun 29 12:25:24 2022
	Platform: Linux-4.15.0-118-generic-x86_64-with-glibc2.10
	Python version: 3.8.13 | packaged by conda-forge | (default, Mar 25 2022, 06:04:10)  [GCC 10.3.0]
	dms_tools2 version: 2.6.10
	Bio version: 1.79
	pandas version: 0.25.3
	numpy version: 1.19.5
	IPython version: 8.3.0
	jupyter version: 1.0.0
	matplotlib version: 3.2.2
	plotnine version: 0.6.0
	natsort version: 8.1.0
	pystan version: 2.19.1.1
	scipy version: 1.5.2
	seaborn version: 0.10.1
	phydmslib version: 2.4.1
	statsmodels version: 0.11.1
	rpy2 cannot be imported
	regex version: 2.5.114
	umi_tools version: 1.1.2

2022-06-29 12:25:24,451 - INFO - Parsed the following arguments:
	outdir = results/tile_5/codoncounts
	ncpus = -1
	use_existing = yes
	refseq = data/tile_5_amplicon.fasta
	alignspecs = ['1,339,30,30']
	bclen = 8
	fastqdir = None
	R2 = None
	R1trim = [210]
	R2trim = [210]
	bclen2 = None
	chartype = codon
	maxmuts = 4
	minq = 15
	minreads = 2
	minfraccall = 0.95
	minconcur = 0.75
	sitemask = None
	purgeread = 0.0
	purgebc = 0.0
	bcinfo = True
	bcinfo_csv = True
	name = lib3-plasmid-210921
	R1 = ['/shared/ngs/illumina/bloom_lab/210921_D00300_1326_BHMTYKBCX3/Unaligned/Project_bloom_lab/Tile_5-3_Plasmid_S25_R1_001.fastq.gz']

2022-06-29 12:25:24,464 - INFO - Read refseq of 339 codons from data/tile_5_amplicon.fasta
2022-06-29 12:25:24,469 - INFO - Reads are in these FASTQ pairs:
	/shared/ngs/illumina/bloom_lab/210921_D00300_1326_BHMTYKBCX3/Unaligned/Project_bloom_lab/Tile_5-3_Plasmid_S25_R1_001.fastq.gz and /shared/ngs/illumina/bloom_lab/210921_D00300_1326_BHMTYKBCX3/Unaligned/Project_bloom_lab/Tile_5-3_Plasmid_S25_R2_001.fastq.gz

2022-06-29 12:25:24,469 - INFO - Now parsing read pairs...
2022-06-29 12:25:30,122 - INFO - Reads parsed so far: 500000
2022-06-29 12:25:35,293 - INFO - Reads parsed so far: 1000000
2022-06-29 12:25:36,880 - INFO - Parsed 1123726 reads, found 298308 unique barcodes.
2022-06-29 12:25:36,882 - INFO - Summary stats on reads:
   total  fail filter  low Q barcode
 1123726        24244         161395
2022-06-29 12:25:36,883 - INFO - Writing these stats to results/tile_5/codoncounts/lib3-plasmid-210921_readstats.csv

2022-06-29 12:25:36,955 - INFO - Number of reads per barcode:
                 number of barcodes
number of reads                    
1                             90489
2                             51972
3                             47335
4                             37499
5                             27080
6                             18345
7                             11839
8                              6754
9                              3583
10                             1851
11                              887
12                              399
13                              177
14                               62
15                               20
16                               10
17                                4
18                                1
261                               1
2022-06-29 12:25:36,955 - INFO - Writing these stats to results/tile_5/codoncounts/lib3-plasmid-210921_readsperbc.csv

2022-06-29 12:25:36,960 - INFO - Examining the 298308 barcodes to build and align subamplicons...
2022-06-29 12:25:49,180 - INFO - Barcodes examined so far: 200000
2022-06-29 12:25:52,745 - INFO - Examined all barcodes. Summary stats:
  total  too few reads  not alignable  aligned
 298308          90489          25613   182206
2022-06-29 12:25:52,746 - INFO - Writing these stats to results/tile_5/codoncounts/lib3-plasmid-210921_bcstats.csv

2022-06-29 12:25:52,758 - INFO - Writing the counts of each codon identity at each site to results/tile_5/codoncounts/lib3-plasmid-210921_codoncounts.csv

2022-06-29 12:25:52,770 - INFO - Successful completion of dms2_bcsubamp
