2022-05-06 09:55:01,705 - INFO - Beginning execution of dms2_bcsubamp in directory /fh/fast/bloom_j/computational_notebooks/ckikawa/2022/ZIKV_DMS_NS5_EvansLab

2022-05-06 09:55:01,705 - INFO - Progress is being logged to results/tile_5/codoncounts/wt-C6-36-220415.log
2022-05-06 09:55:01,741 - INFO - Version information:
	Time and date: Fri May  6 09:55:01 2022
	Platform: Linux-4.15.0-118-generic-x86_64-with-glibc2.10
	Python version: 3.8.13 | packaged by conda-forge | (default, Mar 25 2022, 06:04:10)  [GCC 10.3.0]
	dms_tools2 version: 2.6.10
	Bio version: 1.79
	pandas version: 0.25.3
	numpy version: 1.19.5
	IPython version: 8.3.0
	jupyter version: 1.0.0
	matplotlib version: 3.2.2
	plotnine version: 0.6.0
	natsort version: 8.1.0
	pystan version: 2.19.1.1
	scipy version: 1.5.2
	seaborn version: 0.10.1
	phydmslib version: 2.4.1
	statsmodels version: 0.11.1
	rpy2 cannot be imported
	regex version: 2.5.114
	umi_tools version: 1.1.2

2022-05-06 09:55:01,741 - INFO - Parsed the following arguments:
	outdir = results/tile_5/codoncounts
	ncpus = -1
	use_existing = yes
	refseq = data/tile_5_amplicon.fasta
	alignspecs = ['1,339,30,30']
	bclen = 8
	fastqdir = None
	R2 = None
	R1trim = [210]
	R2trim = [210]
	bclen2 = None
	chartype = codon
	maxmuts = 4
	minq = 15
	minreads = 2
	minfraccall = 0.95
	minconcur = 0.75
	sitemask = None
	purgeread = 0.0
	purgebc = 0.0
	bcinfo = True
	bcinfo_csv = True
	name = wt-C6-36-220415
	R1 = ['/shared/ngs/illumina/bloom_lab/220415_M00492_0013_000000000-KC5RK/Unaligned/Project_bloom_lab/WT_S4_R1_001.fastq.gz']

2022-05-06 09:55:01,759 - INFO - Read refseq of 339 codons from data/tile_5_amplicon.fasta
2022-05-06 09:55:01,767 - INFO - Reads are in these FASTQ pairs:
	/shared/ngs/illumina/bloom_lab/220415_M00492_0013_000000000-KC5RK/Unaligned/Project_bloom_lab/WT_S4_R1_001.fastq.gz and /shared/ngs/illumina/bloom_lab/220415_M00492_0013_000000000-KC5RK/Unaligned/Project_bloom_lab/WT_S4_R2_001.fastq.gz

2022-05-06 09:55:01,767 - INFO - Now parsing read pairs...
2022-05-06 09:55:07,963 - INFO - Reads parsed so far: 500000
2022-05-06 09:55:14,167 - INFO - Reads parsed so far: 1000000
2022-05-06 09:55:19,844 - INFO - Reads parsed so far: 1500000
2022-05-06 09:55:25,665 - INFO - Reads parsed so far: 2000000
2022-05-06 09:55:31,791 - INFO - Reads parsed so far: 2500000
2022-05-06 09:55:38,072 - INFO - Reads parsed so far: 3000000
2022-05-06 09:55:43,276 - INFO - Reads parsed so far: 3500000
2022-05-06 09:55:48,546 - INFO - Reads parsed so far: 4000000
2022-05-06 09:55:55,759 - INFO - Reads parsed so far: 4500000
2022-05-06 09:56:01,221 - INFO - Reads parsed so far: 5000000
2022-05-06 09:56:06,636 - INFO - Reads parsed so far: 5500000
2022-05-06 09:56:12,029 - INFO - Reads parsed so far: 6000000
2022-05-06 09:56:19,505 - INFO - Parsed 6485047 reads, found 2697206 unique barcodes.
2022-05-06 09:56:19,508 - INFO - Summary stats on reads:
   total  fail filter  low Q barcode
 6485047       766920         837141
2022-05-06 09:56:19,508 - INFO - Writing these stats to results/tile_5/codoncounts/wt-C6-36-220415_readstats.csv

2022-05-06 09:56:20,054 - INFO - Number of reads per barcode:
                 number of barcodes
number of reads                    
1                           1412060
2                            711252
3                            354659
4                            145410
5                             51399
6                             16019
7                              4609
8                              1227
9                               379
10                              112
11                               38
12                               13
13                                9
14                                2
15                                3
16                                6
18                                1
19                                1
22                                1
23                                2
25                                1
27                                1
34                                1
35                                1
2022-05-06 09:56:20,054 - INFO - Writing these stats to results/tile_5/codoncounts/wt-C6-36-220415_readsperbc.csv

2022-05-06 09:56:20,057 - INFO - Examining the 2697206 barcodes to build and align subamplicons...
2022-05-06 09:56:24,921 - INFO - Barcodes examined so far: 200000
2022-05-06 09:56:29,743 - INFO - Barcodes examined so far: 400000
2022-05-06 09:56:34,478 - INFO - Barcodes examined so far: 600000
2022-05-06 09:56:39,086 - INFO - Barcodes examined so far: 800000
2022-05-06 09:56:43,544 - INFO - Barcodes examined so far: 1000000
2022-05-06 09:56:47,862 - INFO - Barcodes examined so far: 1200000
2022-05-06 09:56:52,019 - INFO - Barcodes examined so far: 1400000
2022-05-06 09:56:55,983 - INFO - Barcodes examined so far: 1600000
2022-05-06 09:56:59,748 - INFO - Barcodes examined so far: 1800000
2022-05-06 09:57:03,200 - INFO - Barcodes examined so far: 2000000
2022-05-06 09:57:06,321 - INFO - Barcodes examined so far: 2200000
2022-05-06 09:57:09,043 - INFO - Barcodes examined so far: 2400000
2022-05-06 09:57:11,343 - INFO - Barcodes examined so far: 2600000
2022-05-06 09:57:12,253 - INFO - Examined all barcodes. Summary stats:
   total  too few reads  not alignable  aligned
 2697206        1412060        1161865   123281
2022-05-06 09:57:12,253 - INFO - Writing these stats to results/tile_5/codoncounts/wt-C6-36-220415_bcstats.csv

2022-05-06 09:57:12,262 - INFO - Writing the counts of each codon identity at each site to results/tile_5/codoncounts/wt-C6-36-220415_codoncounts.csv

2022-05-06 09:57:12,271 - INFO - Successful completion of dms2_bcsubamp
