2024-03-11 16:39:06,479 - INFO - Beginning execution of dms2_bcsubamp in directory /fh/fast/bloom_j/computational_notebooks/ckikawa/2022/ZIKV_DMS_NS5_EvansLab

2024-03-11 16:39:06,479 - INFO - Progress is being logged to results/tile_5/codoncounts/wt-C6-36-multi.log
2024-03-11 16:39:06,516 - INFO - Version information:
	Time and date: Mon Mar 11 16:39:06 2024
	Platform: Linux-4.15.0-213-generic-x86_64-with-glibc2.10
	Python version: 3.8.18 | packaged by conda-forge | (default, Dec 23 2023, 17:21:28)  [GCC 12.3.0]
	dms_tools2 version: 2.6.10
	Bio version: 1.79
	pandas version: 0.25.3
	numpy version: 1.19.5
	IPython version: 8.3.0
	jupyter version unknown
	matplotlib version: 3.2.2
	plotnine version: 0.6.0
	natsort version: 8.2.0
	pystan version: 2.19.1.1
	scipy version: 1.10.1
	seaborn version: 0.12.2
	phydmslib version: 2.4.1
	statsmodels version: 0.13.2
	rpy2 cannot be imported
	regex version: 2.5.114
	umi_tools version: 1.1.2

2024-03-11 16:39:06,516 - INFO - Parsed the following arguments:
	outdir = results/tile_5/codoncounts
	ncpus = -1
	use_existing = no
	refseq = data/tile_5_amplicon.fasta
	alignspecs = ['1,339,30,30']
	bclen = 8
	fastqdir = None
	R2 = None
	R1trim = [210]
	R2trim = [210]
	bclen2 = None
	chartype = codon
	maxmuts = 4
	minq = 15
	minreads = 2
	minfraccall = 0.95
	minconcur = 0.75
	sitemask = None
	purgeread = 0.0
	purgebc = 0.0
	bcinfo = True
	bcinfo_csv = True
	name = wt-C6-36-multi
	R1 = ['/fh/fast/bloom_j/computational_notebooks/dbacsik/2022/ZIKV_DMS_NS5_EvansLab/data/concat_fastqs/concat_fastq_out/wt_C636_R1.fastq.gz']

2024-03-11 16:39:06,527 - INFO - Read refseq of 339 codons from data/tile_5_amplicon.fasta
2024-03-11 16:39:06,527 - INFO - Reads are in these FASTQ pairs:
	/fh/fast/bloom_j/computational_notebooks/dbacsik/2022/ZIKV_DMS_NS5_EvansLab/data/concat_fastqs/concat_fastq_out/wt_C636_R1.fastq.gz and /fh/fast/bloom_j/computational_notebooks/dbacsik/2022/ZIKV_DMS_NS5_EvansLab/data/concat_fastqs/concat_fastq_out/wt_C636_R2.fastq.gz

2024-03-11 16:39:06,527 - INFO - Now parsing read pairs...
2024-03-11 16:39:13,189 - INFO - Reads parsed so far: 500000
2024-03-11 16:39:19,200 - INFO - Reads parsed so far: 1000000
2024-03-11 16:39:25,030 - INFO - Reads parsed so far: 1500000
2024-03-11 16:39:30,973 - INFO - Reads parsed so far: 2000000
2024-03-11 16:39:37,207 - INFO - Reads parsed so far: 2500000
2024-03-11 16:39:43,663 - INFO - Reads parsed so far: 3000000
2024-03-11 16:39:49,080 - INFO - Reads parsed so far: 3500000
2024-03-11 16:39:56,280 - INFO - Reads parsed so far: 4000000
2024-03-11 16:40:01,695 - INFO - Reads parsed so far: 4500000
2024-03-11 16:40:07,131 - INFO - Reads parsed so far: 5000000
2024-03-11 16:40:12,510 - INFO - Reads parsed so far: 5500000
2024-03-11 16:40:19,956 - INFO - Reads parsed so far: 6000000
2024-03-11 16:40:25,315 - INFO - Reads parsed so far: 6500000
2024-03-11 16:40:30,836 - INFO - Reads parsed so far: 7000000
2024-03-11 16:40:36,153 - INFO - Reads parsed so far: 7500000
2024-03-11 16:40:41,467 - INFO - Reads parsed so far: 8000000
2024-03-11 16:40:46,781 - INFO - Reads parsed so far: 8500000
2024-03-11 16:40:52,152 - INFO - Reads parsed so far: 9000000
2024-03-11 16:41:00,138 - INFO - Reads parsed so far: 9500000
2024-03-11 16:41:05,508 - INFO - Reads parsed so far: 10000000
2024-03-11 16:41:10,909 - INFO - Reads parsed so far: 10500000
2024-03-11 16:41:16,307 - INFO - Reads parsed so far: 11000000
2024-03-11 16:41:21,700 - INFO - Reads parsed so far: 11500000
2024-03-11 16:41:23,716 - INFO - Parsed 11687181 reads, found 3489168 unique barcodes.
2024-03-11 16:41:23,718 - INFO - Summary stats on reads:
    total  fail filter  low Q barcode
 11687181      1353614        1405875
2024-03-11 16:41:23,718 - INFO - Writing these stats to results/tile_5/codoncounts/wt-C6-36-multi_readstats.csv

2024-03-11 16:41:24,507 - INFO - Number of reads per barcode:
                 number of barcodes
number of reads                    
1                           1276180
2                            743156
3                            594312
4                            405570
5                            239574
6                            126116
7                             59984
8                             26193
9                             10841
10                             4257
11                             1733
12                              662
13                              289
14                              124
15                               65
16                               36
17                               20
18                                8
19                                7
20                                6
21                                5
22                                2
23                                6
24                                2
25                                3
27                                3
28                                2
33                                1
34                                1
35                                3
36                                1
39                                1
40                                1
46                                1
54                                1
55                                1
70                                1
2024-03-11 16:41:24,507 - INFO - Writing these stats to results/tile_5/codoncounts/wt-C6-36-multi_readsperbc.csv

2024-03-11 16:41:24,510 - INFO - Examining the 3489168 barcodes to build and align subamplicons...
2024-03-11 16:41:30,433 - INFO - Barcodes examined so far: 200000
2024-03-11 16:41:36,271 - INFO - Barcodes examined so far: 400000
2024-03-11 16:41:42,057 - INFO - Barcodes examined so far: 600000
2024-03-11 16:41:47,764 - INFO - Barcodes examined so far: 800000
2024-03-11 16:41:53,364 - INFO - Barcodes examined so far: 1000000
2024-03-11 16:41:58,944 - INFO - Barcodes examined so far: 1200000
2024-03-11 16:42:04,380 - INFO - Barcodes examined so far: 1400000
2024-03-11 16:42:09,710 - INFO - Barcodes examined so far: 1600000
2024-03-11 16:42:14,914 - INFO - Barcodes examined so far: 1800000
2024-03-11 16:42:19,949 - INFO - Barcodes examined so far: 2000000
2024-03-11 16:42:24,791 - INFO - Barcodes examined so far: 2200000
2024-03-11 16:42:29,363 - INFO - Barcodes examined so far: 2400000
2024-03-11 16:42:33,664 - INFO - Barcodes examined so far: 2600000
2024-03-11 16:42:37,631 - INFO - Barcodes examined so far: 2800000
2024-03-11 16:42:41,255 - INFO - Barcodes examined so far: 3000000
2024-03-11 16:42:44,278 - INFO - Barcodes examined so far: 3200000
2024-03-11 16:42:46,696 - INFO - Barcodes examined so far: 3400000
2024-03-11 16:42:47,652 - INFO - Examined all barcodes. Summary stats:
   total  too few reads  not alignable  aligned
 3489168        1276180        1970740   242248
2024-03-11 16:42:47,653 - INFO - Writing these stats to results/tile_5/codoncounts/wt-C6-36-multi_bcstats.csv

2024-03-11 16:42:47,674 - INFO - Writing the counts of each codon identity at each site to results/tile_5/codoncounts/wt-C6-36-multi_codoncounts.csv

2024-03-11 16:42:47,685 - INFO - Successful completion of dms2_bcsubamp
