2022-05-20 18:02:54,100 - INFO - Beginning execution of dms2_bcsubamp in directory /fh/fast/bloom_j/computational_notebooks/ckikawa/2022/ZIKV_DMS_NS5_EvansLab

2022-05-20 18:02:54,100 - INFO - Progress is being logged to results/tile_5/codoncounts/wt-plasmid-210921.log
2022-05-20 18:02:54,136 - INFO - Version information:
	Time and date: Fri May 20 18:02:54 2022
	Platform: Linux-4.15.0-118-generic-x86_64-with-glibc2.10
	Python version: 3.8.13 | packaged by conda-forge | (default, Mar 25 2022, 06:04:10)  [GCC 10.3.0]
	dms_tools2 version: 2.6.10
	Bio version: 1.79
	pandas version: 0.25.3
	numpy version: 1.19.5
	IPython version: 8.3.0
	jupyter version: 1.0.0
	matplotlib version: 3.2.2
	plotnine version: 0.6.0
	natsort version: 8.1.0
	pystan version: 2.19.1.1
	scipy version: 1.5.2
	seaborn version: 0.10.1
	phydmslib version: 2.4.1
	statsmodels version: 0.11.1
	rpy2 cannot be imported
	regex version: 2.5.114
	umi_tools version: 1.1.2

2022-05-20 18:02:54,136 - INFO - Parsed the following arguments:
	outdir = results/tile_5/codoncounts
	ncpus = -1
	use_existing = yes
	refseq = data/tile_5_amplicon.fasta
	alignspecs = ['1,339,30,30']
	bclen = 8
	fastqdir = None
	R2 = None
	R1trim = [210]
	R2trim = [210]
	bclen2 = None
	chartype = codon
	maxmuts = 4
	minq = 15
	minreads = 2
	minfraccall = 0.95
	minconcur = 0.75
	sitemask = None
	purgeread = 0.0
	purgebc = 0.0
	bcinfo = True
	bcinfo_csv = True
	name = wt-plasmid-210921
	R1 = ['/shared/ngs/illumina/bloom_lab/210921_D00300_1326_BHMTYKBCX3/Unaligned/Project_bloom_lab/WT_Tile_5_Plasmid_S22_R1_001.fastq.gz']

2022-05-20 18:02:54,149 - INFO - Read refseq of 339 codons from data/tile_5_amplicon.fasta
2022-05-20 18:02:54,155 - INFO - Reads are in these FASTQ pairs:
	/shared/ngs/illumina/bloom_lab/210921_D00300_1326_BHMTYKBCX3/Unaligned/Project_bloom_lab/WT_Tile_5_Plasmid_S22_R1_001.fastq.gz and /shared/ngs/illumina/bloom_lab/210921_D00300_1326_BHMTYKBCX3/Unaligned/Project_bloom_lab/WT_Tile_5_Plasmid_S22_R2_001.fastq.gz

2022-05-20 18:02:54,155 - INFO - Now parsing read pairs...
2022-05-20 18:03:12,061 - INFO - Reads parsed so far: 500000
2022-05-20 18:03:21,513 - INFO - Reads parsed so far: 1000000
2022-05-20 18:03:22,689 - INFO - Parsed 1115641 reads, found 237554 unique barcodes.
2022-05-20 18:03:22,692 - INFO - Summary stats on reads:
   total  fail filter  low Q barcode
 1115641        26272         162367
2022-05-20 18:03:22,692 - INFO - Writing these stats to results/tile_5/codoncounts/wt-plasmid-210921_readstats.csv

2022-05-20 18:03:22,771 - INFO - Number of reads per barcode:
                 number of barcodes
number of reads                    
1                             56318
2                             32631
3                             34502
4                             31202
5                             25154
6                             19002
7                             13531
8                              9064
9                              5937
10                             4027
11                             2483
12                             1545
13                              959
14                              548
15                              306
16                              190
17                               78
18                               39
19                               23
20                               11
21                                2
22                                1
23                                1
2022-05-20 18:03:22,771 - INFO - Writing these stats to results/tile_5/codoncounts/wt-plasmid-210921_readsperbc.csv

2022-05-20 18:03:22,776 - INFO - Examining the 237554 barcodes to build and align subamplicons...
2022-05-20 18:03:34,221 - INFO - Barcodes examined so far: 200000
2022-05-20 18:03:35,248 - INFO - Examined all barcodes. Summary stats:
  total  too few reads  not alignable  aligned
 237554          56318          18062   163174
2022-05-20 18:03:35,248 - INFO - Writing these stats to results/tile_5/codoncounts/wt-plasmid-210921_bcstats.csv

2022-05-20 18:03:35,260 - INFO - Writing the counts of each codon identity at each site to results/tile_5/codoncounts/wt-plasmid-210921_codoncounts.csv

2022-05-20 18:03:35,272 - INFO - Successful completion of dms2_bcsubamp
