2022-06-29 12:06:30,219 - INFO - Beginning execution of dms2_prefs in directory /fh/fast/bloom_j/computational_notebooks/ckikawa/2022/ZIKV_DMS_NS5_EvansLab

2022-06-29 12:06:30,219 - INFO - Progress is being logged to results/tile_7/prefs/lib1-C6-36-multi.log
2022-06-29 12:06:30,250 - INFO - Version information:
	Time and date: Wed Jun 29 12:06:30 2022
	Platform: Linux-4.15.0-118-generic-x86_64-with-glibc2.10
	Python version: 3.8.13 | packaged by conda-forge | (default, Mar 25 2022, 06:04:10)  [GCC 10.3.0]
	dms_tools2 version: 2.6.10
	Bio version: 1.79
	pandas version: 0.25.3
	numpy version: 1.19.5
	IPython version: 8.3.0
	jupyter version: 1.0.0
	matplotlib version: 3.2.2
	plotnine version: 0.6.0
	natsort version: 8.1.0
	pystan version: 2.19.1.1
	scipy version: 1.5.2
	seaborn version: 0.10.1
	phydmslib version: 2.4.1
	statsmodels version: 0.11.1
	rpy2 cannot be imported
	regex version: 2.5.114
	umi_tools version: 1.1.2

2022-06-29 12:06:30,250 - INFO - Parsed the following arguments:
	outdir = results/tile_7/prefs
	ncpus = 6
	use_existing = yes
	method = ratio
	indir = results/tile_7/renumbered_codoncounts
	chartype = codon_to_aa
	excludestop = yes
	conc = [1.0, 1.0, 1.0]
	pseudocount = 1
	pre = lib1-plasmid-210702
	post = lib1-C6-36-multi
	name = lib1-C6-36-multi
	err = ['wt-plasmid-210702', 'wt-C6-36-multi']

2022-06-29 12:06:30,252 - INFO - Reading pre-selection counts from results/tile_7/renumbered_codoncounts/lib1-plasmid-210702_codoncounts.csv
2022-06-29 12:06:30,260 - INFO - Reading post-selection counts from results/tile_7/renumbered_codoncounts/lib1-C6-36-multi_codoncounts.csv
2022-06-29 12:06:30,266 - INFO - Reading pre-selection error-control counts from pre
2022-06-29 12:06:30,271 - INFO - Reading post-selection error-control counts from post
2022-06-29 12:06:30,283 - INFO - Read counts for 113 sites.
2022-06-29 12:06:30,283 - INFO - Here are sites and wildtype identities:
	677	GCA
	678	CAT
	679	GCC
	680	CTC
	681	AGG
	682	TTC
	683	TTG
	684	AAT
	685	GAC
	686	ATG
	687	GGA
	688	AAA
	689	GTT
	690	AGG
	691	AAA
	692	GAC
	693	ACA
	694	CAG
	695	GAG
	696	TGG
	697	AAA
	698	CCC
	699	TCG
	700	ACT
	701	GGA
	702	TGG
	703	AGC
	704	AAT
	705	TGG
	706	GAA
	707	GAA
	708	GTC
	709	CCG
	710	TTC
	711	TGC
	712	TCC
	713	CAC
	714	CAC
	715	TTC
	716	AAC
	717	AAG
	718	CTG
	719	TAC
	720	CTC
	721	AAG
	722	GAT
	723	GGG
	724	AGA
	725	TCC
	726	ATT
	727	GTG
	728	GTC
	729	CCT
	730	TGC
	731	CGC
	732	CAC
	733	CAA
	734	GAT
	735	GAA
	736	CTG
	737	ATT
	738	GGC
	739	CGA
	740	GCT
	741	CGC
	742	GTC
	743	TCA
	744	CCA
	745	GGG
	746	GCA
	747	GGA
	748	TGG
	749	AGC
	750	ATC
	751	CGG
	752	GAG
	753	ACT
	754	GCC
	755	TGT
	756	CTT
	757	GCA
	758	AAA
	759	TCA
	760	TAT
	761	GCG
	762	CAG
	763	ATG
	764	TGG
	765	CAG
	766	CTC
	767	CTT
	768	TAT
	769	TTC
	770	CAC
	771	AGA
	772	AGA
	773	GAC
	774	CTT
	775	CGA
	776	CTG
	777	ATG
	778	GCT
	779	AAT
	780	GCC
	781	ATT
	782	TGC
	783	TCG
	784	GCT
	785	GTG
	786	CCA
	787	GTT
	788	GAC
	789	TGG

2022-06-29 12:06:30,283 - INFO - Computing preferences as normalized enrichment ratios...
2022-06-29 12:06:30,546 - INFO - Writing preferences to results/tile_7/prefs/lib1-C6-36-multi_prefs.csv
2022-06-29 12:06:30,555 - INFO - Successful completion of dms2_prefs
