2024-03-11 16:31:16,722 - INFO - Beginning execution of dms2_batch_diffsel in directory /fh/fast/bloom_j/computational_notebooks/ckikawa/2022/ZIKV_DMS_NS5_EvansLab

2024-03-11 16:31:16,722 - INFO - Progress is being logged to results/tile_2/diffsel/Huh7.5-vs-C636.log
2024-03-11 16:31:16,762 - INFO - Version information:
	Time and date: Mon Mar 11 16:31:16 2024
	Platform: Linux-4.15.0-213-generic-x86_64-with-glibc2.10
	Python version: 3.8.18 | packaged by conda-forge | (default, Dec 23 2023, 17:21:28)  [GCC 12.3.0]
	dms_tools2 version: 2.6.10
	Bio version: 1.79
	pandas version: 0.25.3
	numpy version: 1.19.5
	IPython version: 8.3.0
	jupyter version unknown
	matplotlib version: 3.2.2
	plotnine version: 0.6.0
	natsort version: 8.2.0
	pystan version: 2.19.1.1
	scipy version: 1.10.1
	seaborn version: 0.12.2
	phydmslib version: 2.4.1
	statsmodels version: 0.13.2
	rpy2 cannot be imported
	regex version: 2.5.114
	umi_tools version: 1.1.2

2024-03-11 16:31:16,762 - INFO - Parsed the following arguments:
	outdir = results/tile_2/diffsel
	ncpus = 72
	use_existing = yes
	indir = None
	chartype = codon_to_aa
	excludestop = yes
	pseudocount = 5
	mincount = 0
	batchfile = results/tile_2/diffsel/batch.csv
	summaryprefix = Huh7.5-vs-C636

2024-03-11 16:31:16,762 - INFO - Parsing info from results/tile_2/diffsel/batch.csv
2024-03-11 16:31:16,769 - INFO - Read the following sample information:
name,mock,sel,err
lib1,results/tile_2/renumbered_codoncounts/lib1-C6-36-multi_codoncounts.csv,results/tile_2/renumbered_codoncounts/lib1-Huh-7.5-210528_codoncounts.csv,results/tile_2/renumbered_codoncounts/wt-plasmid-210528_codoncounts.csv
lib2,results/tile_2/renumbered_codoncounts/lib2-C6-36-multi_codoncounts.csv,results/tile_2/renumbered_codoncounts/lib2-Huh-7.5-210528_codoncounts.csv,results/tile_2/renumbered_codoncounts/wt-plasmid-210528_codoncounts.csv
lib3,results/tile_2/renumbered_codoncounts/lib3-C6-36-multi_codoncounts.csv,results/tile_2/renumbered_codoncounts/lib3-Huh-7.5-210528_codoncounts.csv,results/tile_2/renumbered_codoncounts/wt-plasmid-210528_codoncounts.csv


2024-03-11 16:31:16,779 - INFO - Running dms2_diffsel on all samples...
2024-03-11 16:31:22,042 - INFO - Completed runs of dms2_diffsel.

2024-03-11 16:31:22,055 - INFO - Analyzing the diffsel values for the 3 samples.
2024-03-11 16:31:22,055 - INFO - Plotting mutdiffsel correlations to results/tile_2/diffsel/Huh7.5-vs-C636_mutdiffselcorr.pdf
2024-03-11 16:31:23,728 - INFO - Plotting absolutesitediffsel correlations to results/tile_2/diffsel/Huh7.5-vs-C636_absolutesitediffselcorr.pdf
2024-03-11 16:31:25,134 - INFO - Plotting positivesitediffsel correlations to results/tile_2/diffsel/Huh7.5-vs-C636_positivesitediffselcorr.pdf
2024-03-11 16:31:26,618 - INFO - Plotting maxmutdiffsel correlations to results/tile_2/diffsel/Huh7.5-vs-C636_maxmutdiffselcorr.pdf
2024-03-11 16:31:28,033 - INFO - Writing mean mutdiffsel to results/tile_2/diffsel/Huh7.5-vs-C636_meanmutdiffsel.csv
2024-03-11 16:31:28,075 - INFO - Writing mean sitediffsel to results/tile_2/diffsel/Huh7.5-vs-C636_meansitediffsel.csv
2024-03-11 16:31:28,099 - INFO - Writing median mutdiffsel to results/tile_2/diffsel/Huh7.5-vs-C636_medianmutdiffsel.csv
2024-03-11 16:31:28,133 - INFO - Writing median sitediffsel to results/tile_2/diffsel/Huh7.5-vs-C636_mediansitediffsel.csv
2024-03-11 16:31:28,161 - INFO - Plotting mean positive diffsel to results/tile_2/diffsel/Huh7.5-vs-C636_meanpositivediffsel.pdf
2024-03-11 16:31:28,544 - INFO - Plotting mean total diffsel to results/tile_2/diffsel/Huh7.5-vs-C636_meantotaldiffsel.pdf
2024-03-11 16:31:28,952 - INFO - Plotting mean max diffsel to results/tile_2/diffsel/Huh7.5-vs-C636_meanmaxdiffsel.pdf
2024-03-11 16:31:29,327 - INFO - Plotting mean minmax diffsel to results/tile_2/diffsel/Huh7.5-vs-C636_meanminmaxdiffsel.pdf
2024-03-11 16:31:29,746 - INFO - Plotting median positive diffsel to results/tile_2/diffsel/Huh7.5-vs-C636_medianpositivediffsel.pdf
2024-03-11 16:31:30,118 - INFO - Plotting median total diffsel to results/tile_2/diffsel/Huh7.5-vs-C636_mediantotaldiffsel.pdf
2024-03-11 16:31:30,636 - INFO - Plotting median max diffsel to results/tile_2/diffsel/Huh7.5-vs-C636_medianmaxdiffsel.pdf
2024-03-11 16:31:31,012 - INFO - Plotting median minmax diffsel to results/tile_2/diffsel/Huh7.5-vs-C636_medianminmaxdiffsel.pdf
2024-03-11 16:31:31,428 - INFO - Successful completion of dms2_batch_diffsel
