2022-07-19 17:45:01,189 - INFO - Beginning execution of dms2_diffsel in directory /fh/fast/bloom_j/computational_notebooks/ckikawa/2022/ZIKV_DMS_NS5_EvansLab

2022-07-19 17:45:01,189 - INFO - Progress is being logged to results/tile_2/diffsel/lib3.log
2022-07-19 17:45:01,222 - INFO - Version information:
	Time and date: Tue Jul 19 17:45:01 2022
	Platform: Linux-4.15.0-118-generic-x86_64-with-glibc2.10
	Python version: 3.8.13 | packaged by conda-forge | (default, Mar 25 2022, 06:04:10)  [GCC 10.3.0]
	dms_tools2 version: 2.6.10
	Bio version: 1.79
	pandas version: 0.25.3
	numpy version: 1.19.5
	IPython version: 8.3.0
	jupyter version: 1.0.0
	matplotlib version: 3.2.2
	plotnine version: 0.6.0
	natsort version: 8.1.0
	pystan version: 2.19.1.1
	scipy version: 1.5.2
	seaborn version: 0.10.1
	phydmslib version: 2.4.1
	statsmodels version: 0.11.1
	rpy2 cannot be imported
	regex version: 2.5.114
	umi_tools version: 1.1.2

2022-07-19 17:45:01,222 - INFO - Parsed the following arguments:
	outdir = results/tile_2/diffsel
	ncpus = 12
	use_existing = yes
	indir = None
	chartype = codon_to_aa
	excludestop = yes
	pseudocount = 5.0
	mincount = 0
	name = lib3
	sel = results/tile_2/renumbered_codoncounts/lib3-Huh-7.5-210528_codoncounts.csv
	mock = results/tile_2/renumbered_codoncounts/lib3-C6-36-multi_codoncounts.csv
	err = results/tile_2/renumbered_codoncounts/wt-plasmid-210528_codoncounts.csv

2022-07-19 17:45:01,230 - INFO - Reading selected sample counts from results/tile_2/renumbered_codoncounts/lib3-Huh-7.5-210528_codoncounts.csv
2022-07-19 17:45:01,239 - INFO - Reading mock-selected sample counts from results/tile_2/renumbered_codoncounts/lib3-C6-36-multi_codoncounts.csv
2022-07-19 17:45:01,244 - INFO - Reading error-control sample counts from results/tile_2/renumbered_codoncounts/wt-plasmid-210528_codoncounts.csv
2022-07-19 17:45:01,249 - INFO - Computing mutdiffsel...
2022-07-19 17:45:02,210 - INFO - Mutations with largest mutdiffsel:
 site wildtype mutation  mutdiffsel
  145        C        R        3.59
  126        L        P        3.36
  166        S        R        2.93
  183        V        A        2.83
  205        G        T        2.75
  184        L        P        2.74
  205        G        E        2.64
  195        M        T        2.56
  112        E        T        2.54
  112        E        A        2.49

2022-07-19 17:45:02,210 - INFO - Writing to results/tile_2/diffsel/lib3_mutdiffsel.csv
2022-07-19 17:45:02,225 - INFO - Computing sitediffsel...
2022-07-19 17:45:02,247 - INFO - Sites with largest absolute sitediffsel:
 site  abs_diffsel  positive_diffsel  negative_diffsel  max_diffsel  min_diffsel
  112        24.71             24.21             -0.50         2.54        -0.50
  134        17.58             17.52             -0.06         2.21        -0.06
  170        16.46             16.24             -0.22         2.18        -0.22
  155        16.06             14.62             -1.44         2.21        -0.78
  129        14.93              7.21             -7.72         1.65        -3.14
  166        14.11             12.21             -1.89         2.93        -0.89
  114        13.15             13.15              0.00         1.63         0.00
  190        12.49              9.46             -3.03         1.84        -1.10
  115        12.36             10.14             -2.22         1.71        -0.96
  135        12.28              4.31             -7.97         1.74        -2.18

2022-07-19 17:45:02,247 - INFO - Writing to results/tile_2/diffsel/lib3_sitediffsel.csv
2022-07-19 17:45:02,255 - INFO - Successful completion of dms2_diffsel
