2024-03-11 16:09:41,675 - INFO - Beginning execution of dms2_logoplot in directory /fh/fast/bloom_j/computational_notebooks/ckikawa/2022/ZIKV_DMS_NS5_EvansLab

2024-03-11 16:09:41,676 - INFO - Progress is being logged to results/tile_8/logoplots/C6-36.log
2024-03-11 16:09:41,714 - INFO - Version information:
	Time and date: Mon Mar 11 16:09:41 2024
	Platform: Linux-4.15.0-213-generic-x86_64-with-glibc2.10
	Python version: 3.8.18 | packaged by conda-forge | (default, Dec 23 2023, 17:21:28)  [GCC 12.3.0]
	dms_tools2 version: 2.6.10
	Bio version: 1.79
	pandas version: 0.25.3
	numpy version: 1.19.5
	IPython version: 8.3.0
	jupyter version unknown
	matplotlib version: 3.2.2
	plotnine version: 0.6.0
	natsort version: 8.2.0
	pystan version: 2.19.1.1
	scipy version: 1.10.1
	seaborn version: 0.12.2
	phydmslib version: 2.4.1
	statsmodels version: 0.13.2
	rpy2 cannot be imported
	regex version: 2.5.114
	umi_tools version: 1.1.2

2024-03-11 16:09:41,714 - INFO - Parsed the following arguments:
	outdir = results/tile_8/logoplots
	ncpus = -1
	use_existing = no
	prefs = None
	diffsel = None
	fracsurvive = None
	diffprefs = None
	muteffects = results/tile_8/muteffects/C6-36_muteffects.csv
	name = C6-36
	nperline = 56
	numberevery = 10
	excludestop = no
	stringency = 1
	restrictdiffsel = all
	diffselrange = None
	muteffectrange = None
	fracsurvivemax = None
	sortsites = yes
	mapmetric = functionalgroup
	colormap = jet
	overlay1 = ['results/tile_8/logoplots/wt_overlay.csv', 'wildtype', 'wildtype']
	overlay2 = None
	overlay3 = None
	underlay = no
	scalebar = ['6.64', '100-fold change (log scale)']
	overlaycolormap = jet
	letterheight = 1
	ignore_extracols = no
	sepline = yes

2024-03-11 16:09:41,716 - INFO - Reading muteffects from file results/tile_8/muteffects/C6-36_muteffects.csv...
2024-03-11 16:09:41,723 - INFO - Read data for 114 sites.

2024-03-11 16:09:41,744 - INFO - Reading overlay for wildtype from results/tile_8/logoplots/wt_overlay.csv...
2024-03-11 16:09:41,748 - INFO - Read overlay for 114 sites.

2024-03-11 16:09:41,748 - INFO - Making logo plot results/tile_8/logoplots/C6-36_muteffects.pdf...
2024-03-11 16:09:43,607 - INFO - Successfully created logo plot.

2024-03-11 16:09:43,607 - INFO - Successful completion of dms2_logoplot
