2022-07-19 18:05:52,901 - INFO - Beginning execution of dms2_bcsubamp in directory /fh/fast/bloom_j/computational_notebooks/ckikawa/2022/ZIKV_DMS_NS5_EvansLab

2022-07-19 18:05:52,901 - INFO - Progress is being logged to results/tile_3/codoncounts/lib1-Huh-7.5-210921.log
2022-07-19 18:05:52,934 - INFO - Version information:
	Time and date: Tue Jul 19 18:05:52 2022
	Platform: Linux-4.15.0-118-generic-x86_64-with-glibc2.10
	Python version: 3.8.13 | packaged by conda-forge | (default, Mar 25 2022, 06:04:10)  [GCC 10.3.0]
	dms_tools2 version: 2.6.10
	Bio version: 1.79
	pandas version: 0.25.3
	numpy version: 1.19.5
	IPython version: 8.3.0
	jupyter version: 1.0.0
	matplotlib version: 3.2.2
	plotnine version: 0.6.0
	natsort version: 8.1.0
	pystan version: 2.19.1.1
	scipy version: 1.5.2
	seaborn version: 0.10.1
	phydmslib version: 2.4.1
	statsmodels version: 0.11.1
	rpy2 cannot be imported
	regex version: 2.5.114
	umi_tools version: 1.1.2

2022-07-19 18:05:52,935 - INFO - Parsed the following arguments:
	outdir = results/tile_3/codoncounts
	ncpus = -1
	use_existing = yes
	refseq = data/tile_3_amplicon.fasta
	alignspecs = ['1,339,30,30']
	bclen = 8
	fastqdir = None
	R2 = None
	R1trim = [210]
	R2trim = [210]
	bclen2 = None
	chartype = codon
	maxmuts = 4
	minq = 15
	minreads = 2
	minfraccall = 0.95
	minconcur = 0.75
	sitemask = None
	purgeread = 0.0
	purgebc = 0.0
	bcinfo = True
	bcinfo_csv = True
	name = lib1-Huh-7.5-210921
	R1 = ['/shared/ngs/illumina/bloom_lab/210921_D00300_1326_BHMTYKBCX3/Unaligned/Project_bloom_lab/Tile_3-1_Sample_S3_R1_001.fastq.gz']

2022-07-19 18:05:52,950 - INFO - Read refseq of 339 codons from data/tile_3_amplicon.fasta
2022-07-19 18:05:52,952 - INFO - Reads are in these FASTQ pairs:
	/shared/ngs/illumina/bloom_lab/210921_D00300_1326_BHMTYKBCX3/Unaligned/Project_bloom_lab/Tile_3-1_Sample_S3_R1_001.fastq.gz and /shared/ngs/illumina/bloom_lab/210921_D00300_1326_BHMTYKBCX3/Unaligned/Project_bloom_lab/Tile_3-1_Sample_S3_R2_001.fastq.gz

2022-07-19 18:05:52,952 - INFO - Now parsing read pairs...
2022-07-19 18:05:58,845 - INFO - Reads parsed so far: 500000
2022-07-19 18:06:04,068 - INFO - Reads parsed so far: 1000000
2022-07-19 18:06:09,057 - INFO - Parsed 1464598 reads, found 310263 unique barcodes.
2022-07-19 18:06:09,060 - INFO - Summary stats on reads:
   total  fail filter  low Q barcode
 1464598        32184         169608
2022-07-19 18:06:09,060 - INFO - Writing these stats to results/tile_3/codoncounts/lib1-Huh-7.5-210921_readstats.csv

2022-07-19 18:06:09,145 - INFO - Number of reads per barcode:
                 number of barcodes
number of reads                    
1                             74254
2                             38345
3                             41852
4                             39368
5                             33244
6                             25728
7                             18776
8                             13154
9                              9058
10                             6097
11                             4093
12                             2502
13                             1639
14                              946
15                              576
16                              314
17                              157
18                               92
19                               37
20                               18
21                                5
22                                4
23                                1
25                                1
26                                1
173                               1
2022-07-19 18:06:09,145 - INFO - Writing these stats to results/tile_3/codoncounts/lib1-Huh-7.5-210921_readsperbc.csv

2022-07-19 18:06:09,148 - INFO - Examining the 310263 barcodes to build and align subamplicons...
2022-07-19 18:06:21,307 - INFO - Barcodes examined so far: 200000
2022-07-19 18:06:25,489 - INFO - Examined all barcodes. Summary stats:
  total  too few reads  not alignable  aligned
 310263          74254          27570   208439
2022-07-19 18:06:25,489 - INFO - Writing these stats to results/tile_3/codoncounts/lib1-Huh-7.5-210921_bcstats.csv

2022-07-19 18:06:25,501 - INFO - Writing the counts of each codon identity at each site to results/tile_3/codoncounts/lib1-Huh-7.5-210921_codoncounts.csv

2022-07-19 18:06:25,511 - INFO - Successful completion of dms2_bcsubamp
