2024-03-11 16:52:25,509 - INFO - Beginning execution of dms2_bcsubamp in directory /fh/fast/bloom_j/computational_notebooks/ckikawa/2022/ZIKV_DMS_NS5_EvansLab

2024-03-11 16:52:25,509 - INFO - Progress is being logged to results/tile_3/codoncounts/lib1-C6-36-multi.log
2024-03-11 16:52:25,548 - INFO - Version information:
	Time and date: Mon Mar 11 16:52:25 2024
	Platform: Linux-4.15.0-213-generic-x86_64-with-glibc2.10
	Python version: 3.8.18 | packaged by conda-forge | (default, Dec 23 2023, 17:21:28)  [GCC 12.3.0]
	dms_tools2 version: 2.6.10
	Bio version: 1.79
	pandas version: 0.25.3
	numpy version: 1.19.5
	IPython version: 8.3.0
	jupyter version unknown
	matplotlib version: 3.2.2
	plotnine version: 0.6.0
	natsort version: 8.2.0
	pystan version: 2.19.1.1
	scipy version: 1.10.1
	seaborn version: 0.12.2
	phydmslib version: 2.4.1
	statsmodels version: 0.13.2
	rpy2 cannot be imported
	regex version: 2.5.114
	umi_tools version: 1.1.2

2024-03-11 16:52:25,548 - INFO - Parsed the following arguments:
	outdir = results/tile_3/codoncounts
	ncpus = -1
	use_existing = no
	refseq = data/tile_3_amplicon.fasta
	alignspecs = ['1,339,30,30']
	bclen = 8
	fastqdir = None
	R2 = None
	R1trim = [210]
	R2trim = [210]
	bclen2 = None
	chartype = codon
	maxmuts = 4
	minq = 15
	minreads = 2
	minfraccall = 0.95
	minconcur = 0.75
	sitemask = None
	purgeread = 0.0
	purgebc = 0.0
	bcinfo = True
	bcinfo_csv = True
	name = lib1-C6-36-multi
	R1 = ['/fh/fast/bloom_j/computational_notebooks/dbacsik/2022/ZIKV_DMS_NS5_EvansLab/data/concat_fastqs/concat_fastq_out/lib1_C636_R1.fastq.gz']

2024-03-11 16:52:25,561 - INFO - Read refseq of 339 codons from data/tile_3_amplicon.fasta
2024-03-11 16:52:25,563 - INFO - Reads are in these FASTQ pairs:
	/fh/fast/bloom_j/computational_notebooks/dbacsik/2022/ZIKV_DMS_NS5_EvansLab/data/concat_fastqs/concat_fastq_out/lib1_C636_R1.fastq.gz and /fh/fast/bloom_j/computational_notebooks/dbacsik/2022/ZIKV_DMS_NS5_EvansLab/data/concat_fastqs/concat_fastq_out/lib1_C636_R2.fastq.gz

2024-03-11 16:52:25,563 - INFO - Now parsing read pairs...
2024-03-11 16:52:32,263 - INFO - Reads parsed so far: 500000
2024-03-11 16:52:38,259 - INFO - Reads parsed so far: 1000000
2024-03-11 16:52:44,973 - INFO - Reads parsed so far: 1500000
2024-03-11 16:52:51,292 - INFO - Reads parsed so far: 2000000
2024-03-11 16:52:56,613 - INFO - Reads parsed so far: 2500000
2024-03-11 16:53:03,057 - INFO - Reads parsed so far: 3000000
2024-03-11 16:53:08,230 - INFO - Reads parsed so far: 3500000
2024-03-11 16:53:15,050 - INFO - Reads parsed so far: 4000000
2024-03-11 16:53:20,224 - INFO - Reads parsed so far: 4500000
2024-03-11 16:53:25,416 - INFO - Reads parsed so far: 5000000
2024-03-11 16:53:32,714 - INFO - Reads parsed so far: 5500000
2024-03-11 16:53:37,878 - INFO - Reads parsed so far: 6000000
2024-03-11 16:53:43,229 - INFO - Reads parsed so far: 6500000
2024-03-11 16:53:48,406 - INFO - Reads parsed so far: 7000000
2024-03-11 16:53:53,581 - INFO - Reads parsed so far: 7500000
2024-03-11 16:53:58,766 - INFO - Reads parsed so far: 8000000
2024-03-11 16:54:06,801 - INFO - Reads parsed so far: 8500000
2024-03-11 16:54:12,008 - INFO - Reads parsed so far: 9000000
2024-03-11 16:54:17,206 - INFO - Reads parsed so far: 9500000
2024-03-11 16:54:22,418 - INFO - Reads parsed so far: 10000000
2024-03-11 16:54:27,678 - INFO - Reads parsed so far: 10500000
2024-03-11 16:54:32,820 - INFO - Reads parsed so far: 11000000
2024-03-11 16:54:38,069 - INFO - Reads parsed so far: 11500000
2024-03-11 16:54:43,311 - INFO - Reads parsed so far: 12000000
2024-03-11 16:54:48,580 - INFO - Reads parsed so far: 12500000
2024-03-11 16:54:53,884 - INFO - Reads parsed so far: 13000000
2024-03-11 16:54:57,793 - INFO - Parsed 13370034 reads, found 3879702 unique barcodes.
2024-03-11 16:54:57,796 - INFO - Summary stats on reads:
    total  fail filter  low Q barcode
 13370034      1527515        1567087
2024-03-11 16:54:57,796 - INFO - Writing these stats to results/tile_3/codoncounts/lib1-C6-36-multi_readstats.csv

2024-03-11 16:54:58,682 - INFO - Number of reads per barcode:
                 number of barcodes
number of reads                    
1                           1397387
2                            788361
3                            647710
4                            458208
5                            282245
6                            157118
7                             79075
8                             37884
9                             17239
10                             7817
11                             3408
12                             1626
13                              722
14                              364
15                              215
16                               96
17                               58
18                               34
19                               30
20                                7
21                               18
22                               11
23                               12
24                                3
25                                7
26                                7
27                                2
28                                4
29                                5
30                                3
31                                2
32                                4
33                                1
34                                1
35                                1
36                                1
37                                1
38                                2
39                                2
40                                2
41                                1
45                                1
60                                1
61                                1
64                                2
73                                1
75                                1
151                               1
2024-03-11 16:54:58,682 - INFO - Writing these stats to results/tile_3/codoncounts/lib1-C6-36-multi_readsperbc.csv

2024-03-11 16:54:58,685 - INFO - Examining the 3879702 barcodes to build and align subamplicons...
2024-03-11 16:55:04,963 - INFO - Barcodes examined so far: 200000
2024-03-11 16:55:11,178 - INFO - Barcodes examined so far: 400000
2024-03-11 16:55:17,235 - INFO - Barcodes examined so far: 600000
2024-03-11 16:55:23,155 - INFO - Barcodes examined so far: 800000
2024-03-11 16:55:29,024 - INFO - Barcodes examined so far: 1000000
2024-03-11 16:55:34,758 - INFO - Barcodes examined so far: 1200000
2024-03-11 16:55:40,401 - INFO - Barcodes examined so far: 1400000
2024-03-11 16:55:45,929 - INFO - Barcodes examined so far: 1600000
2024-03-11 16:55:51,357 - INFO - Barcodes examined so far: 1800000
2024-03-11 16:55:56,585 - INFO - Barcodes examined so far: 2000000
2024-03-11 16:56:01,718 - INFO - Barcodes examined so far: 2200000
2024-03-11 16:56:06,688 - INFO - Barcodes examined so far: 2400000
2024-03-11 16:56:11,436 - INFO - Barcodes examined so far: 2600000
2024-03-11 16:56:15,898 - INFO - Barcodes examined so far: 2800000
2024-03-11 16:56:20,023 - INFO - Barcodes examined so far: 3000000
2024-03-11 16:56:23,797 - INFO - Barcodes examined so far: 3200000
2024-03-11 16:56:27,153 - INFO - Barcodes examined so far: 3400000
2024-03-11 16:56:29,928 - INFO - Barcodes examined so far: 3600000
2024-03-11 16:56:32,196 - INFO - Barcodes examined so far: 3800000
2024-03-11 16:56:32,944 - INFO - Examined all barcodes. Summary stats:
   total  too few reads  not alignable  aligned
 3879702        1397387        2189809   292506
2024-03-11 16:56:32,944 - INFO - Writing these stats to results/tile_3/codoncounts/lib1-C6-36-multi_bcstats.csv

2024-03-11 16:56:32,955 - INFO - Writing the counts of each codon identity at each site to results/tile_3/codoncounts/lib1-C6-36-multi_codoncounts.csv

2024-03-11 16:56:32,966 - INFO - Successful completion of dms2_bcsubamp
