2022-06-29 12:31:24,947 - INFO - Beginning execution of dms2_bcsubamp in directory /fh/fast/bloom_j/computational_notebooks/ckikawa/2022/ZIKV_DMS_NS5_EvansLab

2022-06-29 12:31:24,947 - INFO - Progress is being logged to results/tile_3/codoncounts/lib2-Huh-7.5-210921.log
2022-06-29 12:31:24,986 - INFO - Version information:
	Time and date: Wed Jun 29 12:31:24 2022
	Platform: Linux-4.15.0-118-generic-x86_64-with-glibc2.10
	Python version: 3.8.13 | packaged by conda-forge | (default, Mar 25 2022, 06:04:10)  [GCC 10.3.0]
	dms_tools2 version: 2.6.10
	Bio version: 1.79
	pandas version: 0.25.3
	numpy version: 1.19.5
	IPython version: 8.3.0
	jupyter version: 1.0.0
	matplotlib version: 3.2.2
	plotnine version: 0.6.0
	natsort version: 8.1.0
	pystan version: 2.19.1.1
	scipy version: 1.5.2
	seaborn version: 0.10.1
	phydmslib version: 2.4.1
	statsmodels version: 0.11.1
	rpy2 cannot be imported
	regex version: 2.5.114
	umi_tools version: 1.1.2

2022-06-29 12:31:24,986 - INFO - Parsed the following arguments:
	outdir = results/tile_3/codoncounts
	ncpus = -1
	use_existing = yes
	refseq = data/tile_3_amplicon.fasta
	alignspecs = ['1,339,30,30']
	bclen = 8
	fastqdir = None
	R2 = None
	R1trim = [210]
	R2trim = [210]
	bclen2 = None
	chartype = codon
	maxmuts = 4
	minq = 15
	minreads = 2
	minfraccall = 0.95
	minconcur = 0.75
	sitemask = None
	purgeread = 0.0
	purgebc = 0.0
	bcinfo = True
	bcinfo_csv = True
	name = lib2-Huh-7.5-210921
	R1 = ['/shared/ngs/illumina/bloom_lab/210921_D00300_1326_BHMTYKBCX3/Unaligned/Project_bloom_lab/Tile_3-2_Sample_S4_R1_001.fastq.gz']

2022-06-29 12:31:24,999 - INFO - Read refseq of 339 codons from data/tile_3_amplicon.fasta
2022-06-29 12:31:25,005 - INFO - Reads are in these FASTQ pairs:
	/shared/ngs/illumina/bloom_lab/210921_D00300_1326_BHMTYKBCX3/Unaligned/Project_bloom_lab/Tile_3-2_Sample_S4_R1_001.fastq.gz and /shared/ngs/illumina/bloom_lab/210921_D00300_1326_BHMTYKBCX3/Unaligned/Project_bloom_lab/Tile_3-2_Sample_S4_R2_001.fastq.gz

2022-06-29 12:31:25,005 - INFO - Now parsing read pairs...
2022-06-29 12:31:31,023 - INFO - Reads parsed so far: 500000
2022-06-29 12:31:35,522 - INFO - Parsed 933261 reads, found 267040 unique barcodes.
2022-06-29 12:31:35,526 - INFO - Summary stats on reads:
  total  fail filter  low Q barcode
 933261        20246         126380
2022-06-29 12:31:35,526 - INFO - Writing these stats to results/tile_3/codoncounts/lib2-Huh-7.5-210921_readstats.csv

2022-06-29 12:31:35,595 - INFO - Number of reads per barcode:
                 number of barcodes
number of reads                    
1                             80267
2                             54825
3                             46058
4                             33389
5                             22226
6                             13732
7                              8187
8                              4284
9                              2228
10                             1022
11                              486
12                              206
13                               78
14                               26
15                               17
16                                4
17                                3
18                                1
29                                1
2022-06-29 12:31:35,595 - INFO - Writing these stats to results/tile_3/codoncounts/lib2-Huh-7.5-210921_readsperbc.csv

2022-06-29 12:31:35,599 - INFO - Examining the 267040 barcodes to build and align subamplicons...
2022-06-29 12:31:46,382 - INFO - Barcodes examined so far: 200000
2022-06-29 12:31:48,406 - INFO - Examined all barcodes. Summary stats:
  total  too few reads  not alignable  aligned
 267040          80267          26271   160502
2022-06-29 12:31:48,406 - INFO - Writing these stats to results/tile_3/codoncounts/lib2-Huh-7.5-210921_bcstats.csv

2022-06-29 12:31:48,419 - INFO - Writing the counts of each codon identity at each site to results/tile_3/codoncounts/lib2-Huh-7.5-210921_codoncounts.csv

2022-06-29 12:31:48,430 - INFO - Successful completion of dms2_bcsubamp
