2022-06-29 12:31:25,081 - INFO - Beginning execution of dms2_bcsubamp in directory /fh/fast/bloom_j/computational_notebooks/ckikawa/2022/ZIKV_DMS_NS5_EvansLab

2022-06-29 12:31:25,081 - INFO - Progress is being logged to results/tile_3/codoncounts/lib2-plasmid-210921.log
2022-06-29 12:31:25,115 - INFO - Version information:
	Time and date: Wed Jun 29 12:31:25 2022
	Platform: Linux-4.15.0-118-generic-x86_64-with-glibc2.10
	Python version: 3.8.13 | packaged by conda-forge | (default, Mar 25 2022, 06:04:10)  [GCC 10.3.0]
	dms_tools2 version: 2.6.10
	Bio version: 1.79
	pandas version: 0.25.3
	numpy version: 1.19.5
	IPython version: 8.3.0
	jupyter version: 1.0.0
	matplotlib version: 3.2.2
	plotnine version: 0.6.0
	natsort version: 8.1.0
	pystan version: 2.19.1.1
	scipy version: 1.5.2
	seaborn version: 0.10.1
	phydmslib version: 2.4.1
	statsmodels version: 0.11.1
	rpy2 cannot be imported
	regex version: 2.5.114
	umi_tools version: 1.1.2

2022-06-29 12:31:25,115 - INFO - Parsed the following arguments:
	outdir = results/tile_3/codoncounts
	ncpus = -1
	use_existing = yes
	refseq = data/tile_3_amplicon.fasta
	alignspecs = ['1,339,30,30']
	bclen = 8
	fastqdir = None
	R2 = None
	R1trim = [210]
	R2trim = [210]
	bclen2 = None
	chartype = codon
	maxmuts = 4
	minq = 15
	minreads = 2
	minfraccall = 0.95
	minconcur = 0.75
	sitemask = None
	purgeread = 0.0
	purgebc = 0.0
	bcinfo = True
	bcinfo_csv = True
	name = lib2-plasmid-210921
	R1 = ['/shared/ngs/illumina/bloom_lab/210921_D00300_1326_BHMTYKBCX3/Unaligned/Project_bloom_lab/Tile_3-2_Plasmid_S8_R1_001.fastq.gz']

2022-06-29 12:31:25,128 - INFO - Read refseq of 339 codons from data/tile_3_amplicon.fasta
2022-06-29 12:31:25,131 - INFO - Reads are in these FASTQ pairs:
	/shared/ngs/illumina/bloom_lab/210921_D00300_1326_BHMTYKBCX3/Unaligned/Project_bloom_lab/Tile_3-2_Plasmid_S8_R1_001.fastq.gz and /shared/ngs/illumina/bloom_lab/210921_D00300_1326_BHMTYKBCX3/Unaligned/Project_bloom_lab/Tile_3-2_Plasmid_S8_R2_001.fastq.gz

2022-06-29 12:31:25,131 - INFO - Now parsing read pairs...
2022-06-29 12:31:31,215 - INFO - Reads parsed so far: 500000
2022-06-29 12:31:35,038 - INFO - Parsed 853231 reads, found 300183 unique barcodes.
2022-06-29 12:31:35,042 - INFO - Summary stats on reads:
  total  fail filter  low Q barcode
 853231        18351         100891
2022-06-29 12:31:35,042 - INFO - Writing these stats to results/tile_3/codoncounts/lib2-plasmid-210921_readstats.csv

2022-06-29 12:31:35,121 - INFO - Number of reads per barcode:
                 number of barcodes
number of reads                    
1                            107223
2                             74880
3                             54585
4                             32761
5                             17076
6                              7984
7                              3342
8                              1374
9                               579
10                              221
11                               81
12                               30
13                               16
14                                6
15                                3
16                                4
17                                2
19                                1
20                                1
21                                1
24                                1
26                                2
27                                1
29                                1
31                                1
34                                1
69                                1
771                               1
784                               1
817                               1
1244                              1
1488                              1
2022-06-29 12:31:35,121 - INFO - Writing these stats to results/tile_3/codoncounts/lib2-plasmid-210921_readsperbc.csv

2022-06-29 12:31:35,126 - INFO - Examining the 300183 barcodes to build and align subamplicons...
2022-06-29 12:31:45,921 - INFO - Barcodes examined so far: 200000
2022-06-29 12:31:49,133 - INFO - Examined all barcodes. Summary stats:
  total  too few reads  not alignable  aligned
 300183         107223          32011   160949
2022-06-29 12:31:49,133 - INFO - Writing these stats to results/tile_3/codoncounts/lib2-plasmid-210921_bcstats.csv

2022-06-29 12:31:49,146 - INFO - Writing the counts of each codon identity at each site to results/tile_3/codoncounts/lib2-plasmid-210921_codoncounts.csv

2022-06-29 12:31:49,159 - INFO - Successful completion of dms2_bcsubamp
