2024-03-11 16:52:25,528 - INFO - Beginning execution of dms2_bcsubamp in directory /fh/fast/bloom_j/computational_notebooks/ckikawa/2022/ZIKV_DMS_NS5_EvansLab

2024-03-11 16:52:25,528 - INFO - Progress is being logged to results/tile_3/codoncounts/lib2-C6-36-multi.log
2024-03-11 16:52:25,564 - INFO - Version information:
	Time and date: Mon Mar 11 16:52:25 2024
	Platform: Linux-4.15.0-213-generic-x86_64-with-glibc2.10
	Python version: 3.8.18 | packaged by conda-forge | (default, Dec 23 2023, 17:21:28)  [GCC 12.3.0]
	dms_tools2 version: 2.6.10
	Bio version: 1.79
	pandas version: 0.25.3
	numpy version: 1.19.5
	IPython version: 8.3.0
	jupyter version unknown
	matplotlib version: 3.2.2
	plotnine version: 0.6.0
	natsort version: 8.2.0
	pystan version: 2.19.1.1
	scipy version: 1.10.1
	seaborn version: 0.12.2
	phydmslib version: 2.4.1
	statsmodels version: 0.13.2
	rpy2 cannot be imported
	regex version: 2.5.114
	umi_tools version: 1.1.2

2024-03-11 16:52:25,564 - INFO - Parsed the following arguments:
	outdir = results/tile_3/codoncounts
	ncpus = -1
	use_existing = no
	refseq = data/tile_3_amplicon.fasta
	alignspecs = ['1,339,30,30']
	bclen = 8
	fastqdir = None
	R2 = None
	R1trim = [210]
	R2trim = [210]
	bclen2 = None
	chartype = codon
	maxmuts = 4
	minq = 15
	minreads = 2
	minfraccall = 0.95
	minconcur = 0.75
	sitemask = None
	purgeread = 0.0
	purgebc = 0.0
	bcinfo = True
	bcinfo_csv = True
	name = lib2-C6-36-multi
	R1 = ['/fh/fast/bloom_j/computational_notebooks/dbacsik/2022/ZIKV_DMS_NS5_EvansLab/data/concat_fastqs/concat_fastq_out/lib2_C636_R1.fastq.gz']

2024-03-11 16:52:25,576 - INFO - Read refseq of 339 codons from data/tile_3_amplicon.fasta
2024-03-11 16:52:25,576 - INFO - Reads are in these FASTQ pairs:
	/fh/fast/bloom_j/computational_notebooks/dbacsik/2022/ZIKV_DMS_NS5_EvansLab/data/concat_fastqs/concat_fastq_out/lib2_C636_R1.fastq.gz and /fh/fast/bloom_j/computational_notebooks/dbacsik/2022/ZIKV_DMS_NS5_EvansLab/data/concat_fastqs/concat_fastq_out/lib2_C636_R2.fastq.gz

2024-03-11 16:52:25,576 - INFO - Now parsing read pairs...
2024-03-11 16:52:32,113 - INFO - Reads parsed so far: 500000
2024-03-11 16:52:38,058 - INFO - Reads parsed so far: 1000000
2024-03-11 16:52:43,776 - INFO - Reads parsed so far: 1500000
2024-03-11 16:52:49,659 - INFO - Reads parsed so far: 2000000
2024-03-11 16:52:55,826 - INFO - Reads parsed so far: 2500000
2024-03-11 16:53:02,202 - INFO - Reads parsed so far: 3000000
2024-03-11 16:53:07,406 - INFO - Reads parsed so far: 3500000
2024-03-11 16:53:14,104 - INFO - Reads parsed so far: 4000000
2024-03-11 16:53:19,276 - INFO - Reads parsed so far: 4500000
2024-03-11 16:53:24,491 - INFO - Reads parsed so far: 5000000
2024-03-11 16:53:29,699 - INFO - Reads parsed so far: 5500000
2024-03-11 16:53:36,933 - INFO - Reads parsed so far: 6000000
2024-03-11 16:53:42,154 - INFO - Reads parsed so far: 6500000
2024-03-11 16:53:47,503 - INFO - Reads parsed so far: 7000000
2024-03-11 16:53:52,678 - INFO - Reads parsed so far: 7500000
2024-03-11 16:53:57,860 - INFO - Reads parsed so far: 8000000
2024-03-11 16:54:03,058 - INFO - Reads parsed so far: 8500000
2024-03-11 16:54:10,927 - INFO - Reads parsed so far: 9000000
2024-03-11 16:54:16,130 - INFO - Reads parsed so far: 9500000
2024-03-11 16:54:21,368 - INFO - Reads parsed so far: 10000000
2024-03-11 16:54:26,593 - INFO - Reads parsed so far: 10500000
2024-03-11 16:54:31,846 - INFO - Reads parsed so far: 11000000
2024-03-11 16:54:37,106 - INFO - Reads parsed so far: 11500000
2024-03-11 16:54:42,367 - INFO - Reads parsed so far: 12000000
2024-03-11 16:54:47,630 - INFO - Reads parsed so far: 12500000
2024-03-11 16:54:52,718 - INFO - Parsed 12983470 reads, found 3743287 unique barcodes.
2024-03-11 16:54:52,722 - INFO - Summary stats on reads:
    total  fail filter  low Q barcode
 12983470      1480994        1615510
2024-03-11 16:54:52,722 - INFO - Writing these stats to results/tile_3/codoncounts/lib2-C6-36-multi_readstats.csv

2024-03-11 16:54:53,569 - INFO - Number of reads per barcode:
                 number of barcodes
number of reads                    
1                           1383277
2                            745057
3                            608560
4                            432982
5                            271058
6                            151462
7                             79060
8                             38393
9                             18000
10                             8270
11                             3781
12                             1722
13                              791
14                              395
15                              181
16                               92
17                               63
18                               32
19                               24
20                               14
21                               11
22                               10
23                                6
24                                7
25                                7
26                                4
27                                5
28                                3
29                                2
30                                3
31                                2
32                                2
33                                1
34                                1
35                                3
36                                1
42                                1
48                                1
51                                1
62                                1
63                                1
2024-03-11 16:54:53,569 - INFO - Writing these stats to results/tile_3/codoncounts/lib2-C6-36-multi_readsperbc.csv

2024-03-11 16:54:53,572 - INFO - Examining the 3743287 barcodes to build and align subamplicons...
2024-03-11 16:54:59,771 - INFO - Barcodes examined so far: 200000
2024-03-11 16:55:05,906 - INFO - Barcodes examined so far: 400000
2024-03-11 16:55:11,971 - INFO - Barcodes examined so far: 600000
2024-03-11 16:55:17,927 - INFO - Barcodes examined so far: 800000
2024-03-11 16:55:23,799 - INFO - Barcodes examined so far: 1000000
2024-03-11 16:55:29,589 - INFO - Barcodes examined so far: 1200000
2024-03-11 16:55:35,281 - INFO - Barcodes examined so far: 1400000
2024-03-11 16:55:40,875 - INFO - Barcodes examined so far: 1600000
2024-03-11 16:55:46,271 - INFO - Barcodes examined so far: 1800000
2024-03-11 16:55:51,458 - INFO - Barcodes examined so far: 2000000
2024-03-11 16:55:56,476 - INFO - Barcodes examined so far: 2200000
2024-03-11 16:56:01,286 - INFO - Barcodes examined so far: 2400000
2024-03-11 16:56:05,894 - INFO - Barcodes examined so far: 2600000
2024-03-11 16:56:10,135 - INFO - Barcodes examined so far: 2800000
2024-03-11 16:56:14,044 - INFO - Barcodes examined so far: 3000000
2024-03-11 16:56:17,592 - INFO - Barcodes examined so far: 3200000
2024-03-11 16:56:20,624 - INFO - Barcodes examined so far: 3400000
2024-03-11 16:56:23,072 - INFO - Barcodes examined so far: 3600000
2024-03-11 16:56:24,493 - INFO - Examined all barcodes. Summary stats:
   total  too few reads  not alignable  aligned
 3743287        1383277        2074499   285511
2024-03-11 16:56:24,493 - INFO - Writing these stats to results/tile_3/codoncounts/lib2-C6-36-multi_bcstats.csv

2024-03-11 16:56:24,505 - INFO - Writing the counts of each codon identity at each site to results/tile_3/codoncounts/lib2-C6-36-multi_codoncounts.csv

2024-03-11 16:56:24,515 - INFO - Successful completion of dms2_bcsubamp
