2022-06-29 12:31:25,134 - INFO - Beginning execution of dms2_bcsubamp in directory /fh/fast/bloom_j/computational_notebooks/ckikawa/2022/ZIKV_DMS_NS5_EvansLab

2022-06-29 12:31:25,134 - INFO - Progress is being logged to results/tile_3/codoncounts/wt-C6-36-multi.log
2022-06-29 12:31:25,166 - INFO - Version information:
	Time and date: Wed Jun 29 12:31:25 2022
	Platform: Linux-4.15.0-118-generic-x86_64-with-glibc2.10
	Python version: 3.8.13 | packaged by conda-forge | (default, Mar 25 2022, 06:04:10)  [GCC 10.3.0]
	dms_tools2 version: 2.6.10
	Bio version: 1.79
	pandas version: 0.25.3
	numpy version: 1.19.5
	IPython version: 8.3.0
	jupyter version: 1.0.0
	matplotlib version: 3.2.2
	plotnine version: 0.6.0
	natsort version: 8.1.0
	pystan version: 2.19.1.1
	scipy version: 1.5.2
	seaborn version: 0.10.1
	phydmslib version: 2.4.1
	statsmodels version: 0.11.1
	rpy2 cannot be imported
	regex version: 2.5.114
	umi_tools version: 1.1.2

2022-06-29 12:31:25,166 - INFO - Parsed the following arguments:
	outdir = results/tile_3/codoncounts
	ncpus = -1
	use_existing = yes
	refseq = data/tile_3_amplicon.fasta
	alignspecs = ['1,339,30,30']
	bclen = 8
	fastqdir = None
	R2 = None
	R1trim = [210]
	R2trim = [210]
	bclen2 = None
	chartype = codon
	maxmuts = 4
	minq = 15
	minreads = 2
	minfraccall = 0.95
	minconcur = 0.75
	sitemask = None
	purgeread = 0.0
	purgebc = 0.0
	bcinfo = True
	bcinfo_csv = True
	name = wt-C6-36-multi
	R1 = ['/fh/fast/bloom_j/computational_notebooks/dbacsik/2022/ZIKV_DMS_NS5_EvansLab/data/concat_fastqs/concat_fastq_out/wt_C636_R1.fastq.gz']

2022-06-29 12:31:25,180 - INFO - Read refseq of 339 codons from data/tile_3_amplicon.fasta
2022-06-29 12:31:25,181 - INFO - Reads are in these FASTQ pairs:
	/fh/fast/bloom_j/computational_notebooks/dbacsik/2022/ZIKV_DMS_NS5_EvansLab/data/concat_fastqs/concat_fastq_out/wt_C636_R1.fastq.gz and /fh/fast/bloom_j/computational_notebooks/dbacsik/2022/ZIKV_DMS_NS5_EvansLab/data/concat_fastqs/concat_fastq_out/wt_C636_R2.fastq.gz

2022-06-29 12:31:25,181 - INFO - Now parsing read pairs...
2022-06-29 12:31:31,325 - INFO - Reads parsed so far: 500000
2022-06-29 12:31:37,360 - INFO - Reads parsed so far: 1000000
2022-06-29 12:31:42,912 - INFO - Reads parsed so far: 1500000
2022-06-29 12:31:48,580 - INFO - Reads parsed so far: 2000000
2022-06-29 12:31:54,557 - INFO - Reads parsed so far: 2500000
2022-06-29 12:32:00,767 - INFO - Reads parsed so far: 3000000
2022-06-29 12:32:05,712 - INFO - Reads parsed so far: 3500000
2022-06-29 12:32:10,643 - INFO - Reads parsed so far: 4000000
2022-06-29 12:32:17,043 - INFO - Reads parsed so far: 4500000
2022-06-29 12:32:21,870 - INFO - Reads parsed so far: 5000000
2022-06-29 12:32:26,760 - INFO - Reads parsed so far: 5500000
2022-06-29 12:32:31,638 - INFO - Reads parsed so far: 6000000
2022-06-29 12:32:38,562 - INFO - Reads parsed so far: 6500000
2022-06-29 12:32:43,591 - INFO - Reads parsed so far: 7000000
2022-06-29 12:32:48,452 - INFO - Reads parsed so far: 7500000
2022-06-29 12:32:53,325 - INFO - Reads parsed so far: 8000000
2022-06-29 12:32:58,197 - INFO - Reads parsed so far: 8500000
2022-06-29 12:33:03,111 - INFO - Reads parsed so far: 9000000
2022-06-29 12:33:07,950 - INFO - Reads parsed so far: 9500000
2022-06-29 12:33:12,866 - INFO - Reads parsed so far: 10000000
2022-06-29 12:33:20,806 - INFO - Reads parsed so far: 10500000
2022-06-29 12:33:25,787 - INFO - Reads parsed so far: 11000000
2022-06-29 12:33:30,732 - INFO - Reads parsed so far: 11500000
2022-06-29 12:33:32,586 - INFO - Parsed 11687181 reads, found 3489168 unique barcodes.
2022-06-29 12:33:32,589 - INFO - Summary stats on reads:
    total  fail filter  low Q barcode
 11687181      1353614        1405875
2022-06-29 12:33:32,589 - INFO - Writing these stats to results/tile_3/codoncounts/wt-C6-36-multi_readstats.csv

2022-06-29 12:33:33,333 - INFO - Number of reads per barcode:
                 number of barcodes
number of reads                    
1                           1276180
2                            743156
3                            594312
4                            405570
5                            239574
6                            126116
7                             59984
8                             26193
9                             10841
10                             4257
11                             1733
12                              662
13                              289
14                              124
15                               65
16                               36
17                               20
18                                8
19                                7
20                                6
21                                5
22                                2
23                                6
24                                2
25                                3
27                                3
28                                2
33                                1
34                                1
35                                3
36                                1
39                                1
40                                1
46                                1
54                                1
55                                1
70                                1
2022-06-29 12:33:33,333 - INFO - Writing these stats to results/tile_3/codoncounts/wt-C6-36-multi_readsperbc.csv

2022-06-29 12:33:33,337 - INFO - Examining the 3489168 barcodes to build and align subamplicons...
2022-06-29 12:33:39,417 - INFO - Barcodes examined so far: 200000
2022-06-29 12:33:45,395 - INFO - Barcodes examined so far: 400000
2022-06-29 12:33:51,263 - INFO - Barcodes examined so far: 600000
2022-06-29 12:33:57,066 - INFO - Barcodes examined so far: 800000
2022-06-29 12:34:02,791 - INFO - Barcodes examined so far: 1000000
2022-06-29 12:34:08,389 - INFO - Barcodes examined so far: 1200000
2022-06-29 12:34:13,866 - INFO - Barcodes examined so far: 1400000
2022-06-29 12:34:19,228 - INFO - Barcodes examined so far: 1600000
2022-06-29 12:34:24,406 - INFO - Barcodes examined so far: 1800000
2022-06-29 12:34:29,409 - INFO - Barcodes examined so far: 2000000
2022-06-29 12:34:34,161 - INFO - Barcodes examined so far: 2200000
2022-06-29 12:34:38,640 - INFO - Barcodes examined so far: 2400000
2022-06-29 12:34:42,753 - INFO - Barcodes examined so far: 2600000
2022-06-29 12:34:46,506 - INFO - Barcodes examined so far: 2800000
2022-06-29 12:34:49,863 - INFO - Barcodes examined so far: 3000000
2022-06-29 12:34:52,717 - INFO - Barcodes examined so far: 3200000
2022-06-29 12:34:55,041 - INFO - Barcodes examined so far: 3400000
2022-06-29 12:34:55,897 - INFO - Examined all barcodes. Summary stats:
   total  too few reads  not alignable  aligned
 3489168        1276180        1939932   273056
2022-06-29 12:34:55,897 - INFO - Writing these stats to results/tile_3/codoncounts/wt-C6-36-multi_bcstats.csv

2022-06-29 12:34:55,921 - INFO - Writing the counts of each codon identity at each site to results/tile_3/codoncounts/wt-C6-36-multi_codoncounts.csv

2022-06-29 12:34:55,933 - INFO - Successful completion of dms2_bcsubamp
