2024-11-14 13:54:52,571 - INFO - Beginning execution of dms2_bcsubamp in directory /fh/fast/bloom_j/computational_notebooks/ckikawa/2022/ZIKV_DMS_NS5_EvansLab

2024-11-14 13:54:52,572 - INFO - Progress is being logged to results/tile_8/codoncounts/lib1-Huh-7.5-210702.log
2024-11-14 13:54:52,607 - INFO - Version information:
	Time and date: Thu Nov 14 13:54:52 2024
	Platform: Linux-4.15.0-213-generic-x86_64-with-glibc2.10
	Python version: 3.8.18 | packaged by conda-forge | (default, Dec 23 2023, 17:21:28)  [GCC 12.3.0]
	dms_tools2 version: 2.6.10
	Bio version: 1.79
	pandas version: 0.25.3
	numpy version: 1.19.5
	IPython version: 8.3.0
	jupyter version unknown
	matplotlib version: 3.2.2
	plotnine version: 0.6.0
	natsort version: 8.2.0
	pystan version: 2.19.1.1
	scipy version: 1.10.1
	seaborn version: 0.12.2
	phydmslib version: 2.4.1
	statsmodels version: 0.13.2
	rpy2 cannot be imported
	regex version: 2.5.114
	umi_tools version: 1.1.2

2024-11-14 13:54:52,607 - INFO - Parsed the following arguments:
	outdir = results/tile_8/codoncounts
	ncpus = -1
	use_existing = no
	refseq = data/tile_8_amplicon.fasta
	alignspecs = ['1,345,30,30']
	bclen = 8
	fastqdir = None
	R2 = None
	R1trim = [210]
	R2trim = [210]
	bclen2 = None
	chartype = codon
	maxmuts = 4
	minq = 15
	minreads = 2
	minfraccall = 0.95
	minconcur = 0.75
	sitemask = None
	purgeread = 0.0
	purgebc = 0.0
	bcinfo = True
	bcinfo_csv = True
	name = lib1-Huh-7.5-210702
	R1 = ['/shared/ngs/illumina/bloom_lab/210702_M03100_0691_000000000-JP3WB/Data/Intensities/BaseCalls/Tile-8-Lib-1-Sample_S5_L001_R1_001.fastq.gz']

2024-11-14 13:54:52,617 - INFO - Read refseq of 345 codons from data/tile_8_amplicon.fasta
2024-11-14 13:54:52,619 - INFO - Reads are in these FASTQ pairs:
	/shared/ngs/illumina/bloom_lab/210702_M03100_0691_000000000-JP3WB/Data/Intensities/BaseCalls/Tile-8-Lib-1-Sample_S5_L001_R1_001.fastq.gz and /shared/ngs/illumina/bloom_lab/210702_M03100_0691_000000000-JP3WB/Data/Intensities/BaseCalls/Tile-8-Lib-1-Sample_S5_L001_R2_001.fastq.gz

2024-11-14 13:54:52,619 - INFO - Now parsing read pairs...
2024-11-14 13:54:58,883 - INFO - Reads parsed so far: 500000
2024-11-14 13:55:04,413 - INFO - Reads parsed so far: 1000000
2024-11-14 13:55:10,105 - INFO - Reads parsed so far: 1500000
2024-11-14 13:55:10,106 - INFO - Parsed 1500078 reads, found 386299 unique barcodes.
2024-11-14 13:55:10,108 - INFO - Summary stats on reads:
   total  fail filter  low Q barcode
 1500078            0         162747
2024-11-14 13:55:10,108 - INFO - Writing these stats to results/tile_8/codoncounts/lib1-Huh-7.5-210702_readstats.csv

2024-11-14 13:55:10,201 - INFO - Number of reads per barcode:
                 number of barcodes
number of reads                    
1                            119048
2                             46073
3                             51887
4                             50333
5                             42132
6                             30775
7                             20226
8                             12503
9                              6850
10                             3538
11                             1615
12                              723
13                              317
14                              147
15                               67
16                               34
17                               15
18                                5
19                                4
20                                2
21                                2
23                                1
38                                1
465                               1
2024-11-14 13:55:10,201 - INFO - Writing these stats to results/tile_8/codoncounts/lib1-Huh-7.5-210702_readsperbc.csv

2024-11-14 13:55:10,204 - INFO - Examining the 386299 barcodes to build and align subamplicons...
2024-11-14 13:55:23,374 - INFO - Barcodes examined so far: 200000
2024-11-14 13:55:31,327 - INFO - Examined all barcodes. Summary stats:
  total  too few reads  not alignable  aligned
 386299         119048          21701   245550
2024-11-14 13:55:31,327 - INFO - Writing these stats to results/tile_8/codoncounts/lib1-Huh-7.5-210702_bcstats.csv

2024-11-14 13:55:31,338 - INFO - Writing the counts of each codon identity at each site to results/tile_8/codoncounts/lib1-Huh-7.5-210702_codoncounts.csv

2024-11-14 13:55:31,349 - INFO - Successful completion of dms2_bcsubamp
