2024-03-11 16:03:38,409 - INFO - Beginning execution of dms2_bcsubamp in directory /fh/fast/bloom_j/computational_notebooks/ckikawa/2022/ZIKV_DMS_NS5_EvansLab

2024-03-11 16:03:38,409 - INFO - Progress is being logged to results/tile_8/codoncounts/lib2-C6-36-multi.log
2024-03-11 16:03:38,455 - INFO - Version information:
	Time and date: Mon Mar 11 16:03:38 2024
	Platform: Linux-4.15.0-213-generic-x86_64-with-glibc2.10
	Python version: 3.8.18 | packaged by conda-forge | (default, Dec 23 2023, 17:21:28)  [GCC 12.3.0]
	dms_tools2 version: 2.6.10
	Bio version: 1.79
	pandas version: 0.25.3
	numpy version: 1.19.5
	IPython version: 8.3.0
	jupyter version unknown
	matplotlib version: 3.2.2
	plotnine version: 0.6.0
	natsort version: 8.2.0
	pystan version: 2.19.1.1
	scipy version: 1.10.1
	seaborn version: 0.12.2
	phydmslib version: 2.4.1
	statsmodels version: 0.13.2
	rpy2 cannot be imported
	regex version: 2.5.114
	umi_tools version: 1.1.2

2024-03-11 16:03:38,455 - INFO - Parsed the following arguments:
	outdir = results/tile_8/codoncounts
	ncpus = -1
	use_existing = no
	refseq = data/tile_8_amplicon.fasta
	alignspecs = ['1,345,30,30']
	bclen = 8
	fastqdir = None
	R2 = None
	R1trim = [210]
	R2trim = [210]
	bclen2 = None
	chartype = codon
	maxmuts = 4
	minq = 15
	minreads = 2
	minfraccall = 0.95
	minconcur = 0.75
	sitemask = None
	purgeread = 0.0
	purgebc = 0.0
	bcinfo = True
	bcinfo_csv = True
	name = lib2-C6-36-multi
	R1 = ['/fh/fast/bloom_j/computational_notebooks/dbacsik/2022/ZIKV_DMS_NS5_EvansLab/data/concat_fastqs/concat_fastq_out/lib2_C636_R1.fastq.gz']

2024-03-11 16:03:38,476 - INFO - Read refseq of 345 codons from data/tile_8_amplicon.fasta
2024-03-11 16:03:38,521 - INFO - Reads are in these FASTQ pairs:
	/fh/fast/bloom_j/computational_notebooks/dbacsik/2022/ZIKV_DMS_NS5_EvansLab/data/concat_fastqs/concat_fastq_out/lib2_C636_R1.fastq.gz and /fh/fast/bloom_j/computational_notebooks/dbacsik/2022/ZIKV_DMS_NS5_EvansLab/data/concat_fastqs/concat_fastq_out/lib2_C636_R2.fastq.gz

2024-03-11 16:03:38,521 - INFO - Now parsing read pairs...
2024-03-11 16:03:45,745 - INFO - Reads parsed so far: 500000
2024-03-11 16:03:51,694 - INFO - Reads parsed so far: 1000000
2024-03-11 16:03:57,505 - INFO - Reads parsed so far: 1500000
2024-03-11 16:04:03,404 - INFO - Reads parsed so far: 2000000
2024-03-11 16:04:09,572 - INFO - Reads parsed so far: 2500000
2024-03-11 16:04:15,928 - INFO - Reads parsed so far: 3000000
2024-03-11 16:04:21,430 - INFO - Reads parsed so far: 3500000
2024-03-11 16:04:28,508 - INFO - Reads parsed so far: 4000000
2024-03-11 16:04:33,927 - INFO - Reads parsed so far: 4500000
2024-03-11 16:04:39,376 - INFO - Reads parsed so far: 5000000
2024-03-11 16:04:44,707 - INFO - Reads parsed so far: 5500000
2024-03-11 16:04:53,738 - INFO - Reads parsed so far: 6000000
2024-03-11 16:04:59,775 - INFO - Reads parsed so far: 6500000
2024-03-11 16:05:06,644 - INFO - Reads parsed so far: 7000000
2024-03-11 16:05:12,590 - INFO - Reads parsed so far: 7500000
2024-03-11 16:05:18,298 - INFO - Reads parsed so far: 8000000
2024-03-11 16:05:23,970 - INFO - Reads parsed so far: 8500000
2024-03-11 16:05:35,138 - INFO - Reads parsed so far: 9000000
2024-03-11 16:05:41,476 - INFO - Reads parsed so far: 9500000
2024-03-11 16:05:47,366 - INFO - Reads parsed so far: 10000000
2024-03-11 16:05:53,058 - INFO - Reads parsed so far: 10500000
2024-03-11 16:05:59,053 - INFO - Reads parsed so far: 11000000
2024-03-11 16:06:05,082 - INFO - Reads parsed so far: 11500000
2024-03-11 16:06:11,411 - INFO - Reads parsed so far: 12000000
2024-03-11 16:06:17,826 - INFO - Reads parsed so far: 12500000
2024-03-11 16:06:24,404 - INFO - Parsed 12983470 reads, found 3743287 unique barcodes.
2024-03-11 16:06:24,408 - INFO - Summary stats on reads:
    total  fail filter  low Q barcode
 12983470      1480994        1615510
2024-03-11 16:06:24,408 - INFO - Writing these stats to results/tile_8/codoncounts/lib2-C6-36-multi_readstats.csv

2024-03-11 16:06:25,645 - INFO - Number of reads per barcode:
                 number of barcodes
number of reads                    
1                           1383277
2                            745057
3                            608560
4                            432982
5                            271058
6                            151462
7                             79060
8                             38393
9                             18000
10                             8270
11                             3781
12                             1722
13                              791
14                              395
15                              181
16                               92
17                               63
18                               32
19                               24
20                               14
21                               11
22                               10
23                                6
24                                7
25                                7
26                                4
27                                5
28                                3
29                                2
30                                3
31                                2
32                                2
33                                1
34                                1
35                                3
36                                1
42                                1
48                                1
51                                1
62                                1
63                                1
2024-03-11 16:06:25,645 - INFO - Writing these stats to results/tile_8/codoncounts/lib2-C6-36-multi_readsperbc.csv

2024-03-11 16:06:25,648 - INFO - Examining the 3743287 barcodes to build and align subamplicons...
2024-03-11 16:06:33,238 - INFO - Barcodes examined so far: 200000
2024-03-11 16:06:40,594 - INFO - Barcodes examined so far: 400000
2024-03-11 16:06:47,692 - INFO - Barcodes examined so far: 600000
2024-03-11 16:06:54,420 - INFO - Barcodes examined so far: 800000
2024-03-11 16:07:00,923 - INFO - Barcodes examined so far: 1000000
2024-03-11 16:07:07,186 - INFO - Barcodes examined so far: 1200000
2024-03-11 16:07:13,262 - INFO - Barcodes examined so far: 1400000
2024-03-11 16:07:19,182 - INFO - Barcodes examined so far: 1600000
2024-03-11 16:07:24,858 - INFO - Barcodes examined so far: 1800000
2024-03-11 16:07:30,247 - INFO - Barcodes examined so far: 2000000
2024-03-11 16:07:35,412 - INFO - Barcodes examined so far: 2200000
2024-03-11 16:07:40,356 - INFO - Barcodes examined so far: 2400000
2024-03-11 16:07:45,114 - INFO - Barcodes examined so far: 2600000
2024-03-11 16:07:49,539 - INFO - Barcodes examined so far: 2800000
2024-03-11 16:07:53,610 - INFO - Barcodes examined so far: 3000000
2024-03-11 16:07:57,302 - INFO - Barcodes examined so far: 3200000
2024-03-11 16:08:00,453 - INFO - Barcodes examined so far: 3400000
2024-03-11 16:08:03,011 - INFO - Barcodes examined so far: 3600000
2024-03-11 16:08:04,457 - INFO - Examined all barcodes. Summary stats:
   total  too few reads  not alignable  aligned
 3743287        1383277        2098667   261343
2024-03-11 16:08:04,458 - INFO - Writing these stats to results/tile_8/codoncounts/lib2-C6-36-multi_bcstats.csv

2024-03-11 16:08:04,471 - INFO - Writing the counts of each codon identity at each site to results/tile_8/codoncounts/lib2-C6-36-multi_codoncounts.csv

2024-03-11 16:08:04,482 - INFO - Successful completion of dms2_bcsubamp
