2022-07-19 17:26:26,502 - INFO - Beginning execution of dms2_bcsubamp in directory /fh/fast/bloom_j/computational_notebooks/ckikawa/2022/ZIKV_DMS_NS5_EvansLab

2022-07-19 17:26:26,502 - INFO - Progress is being logged to results/tile_8/codoncounts/lib2-plasmid-210702.log
2022-07-19 17:26:26,537 - INFO - Version information:
	Time and date: Tue Jul 19 17:26:26 2022
	Platform: Linux-4.15.0-118-generic-x86_64-with-glibc2.10
	Python version: 3.8.13 | packaged by conda-forge | (default, Mar 25 2022, 06:04:10)  [GCC 10.3.0]
	dms_tools2 version: 2.6.10
	Bio version: 1.79
	pandas version: 0.25.3
	numpy version: 1.19.5
	IPython version: 8.3.0
	jupyter version: 1.0.0
	matplotlib version: 3.2.2
	plotnine version: 0.6.0
	natsort version: 8.1.0
	pystan version: 2.19.1.1
	scipy version: 1.5.2
	seaborn version: 0.10.1
	phydmslib version: 2.4.1
	statsmodels version: 0.11.1
	rpy2 cannot be imported
	regex version: 2.5.114
	umi_tools version: 1.1.2

2022-07-19 17:26:26,537 - INFO - Parsed the following arguments:
	outdir = results/tile_8/codoncounts
	ncpus = -1
	use_existing = yes
	refseq = data/tile_8_amplicon.fasta
	alignspecs = ['1,345,30,30']
	bclen = 8
	fastqdir = None
	R2 = None
	R1trim = [210]
	R2trim = [210]
	bclen2 = None
	chartype = codon
	maxmuts = 4
	minq = 15
	minreads = 2
	minfraccall = 0.95
	minconcur = 0.75
	sitemask = None
	purgeread = 0.0
	purgebc = 0.0
	bcinfo = True
	bcinfo_csv = True
	name = lib2-plasmid-210702
	R1 = ['/shared/ngs/illumina/bloom_lab/210702_M03100_0691_000000000-JP3WB/Data/Intensities/BaseCalls/Tile-8-Lib-2-Plasmid_S15_L001_R1_001.fastq.gz']

2022-07-19 17:26:26,663 - INFO - Read refseq of 345 codons from data/tile_8_amplicon.fasta
2022-07-19 17:26:26,713 - INFO - Reads are in these FASTQ pairs:
	/shared/ngs/illumina/bloom_lab/210702_M03100_0691_000000000-JP3WB/Data/Intensities/BaseCalls/Tile-8-Lib-2-Plasmid_S15_L001_R1_001.fastq.gz and /shared/ngs/illumina/bloom_lab/210702_M03100_0691_000000000-JP3WB/Data/Intensities/BaseCalls/Tile-8-Lib-2-Plasmid_S15_L001_R2_001.fastq.gz

2022-07-19 17:26:26,714 - INFO - Now parsing read pairs...
2022-07-19 17:26:33,106 - INFO - Reads parsed so far: 500000
2022-07-19 17:26:38,766 - INFO - Reads parsed so far: 1000000
2022-07-19 17:26:42,354 - INFO - Parsed 1356160 reads, found 458940 unique barcodes.
2022-07-19 17:26:42,356 - INFO - Summary stats on reads:
   total  fail filter  low Q barcode
 1356160            0         136514
2022-07-19 17:26:42,356 - INFO - Writing these stats to results/tile_8/codoncounts/lib2-plasmid-210702_readstats.csv

2022-07-19 17:26:42,469 - INFO - Number of reads per barcode:
                 number of barcodes
number of reads                    
1                            155166
2                             96075
3                             82136
4                             58220
5                             34763
6                             18336
7                              8499
8                              3616
9                              1353
10                              483
11                              172
12                               76
13                               20
14                               12
15                                7
33                                1
45                                1
58                                1
70                                1
100                               1
140                               1
2022-07-19 17:26:42,469 - INFO - Writing these stats to results/tile_8/codoncounts/lib2-plasmid-210702_readsperbc.csv

2022-07-19 17:26:42,472 - INFO - Examining the 458940 barcodes to build and align subamplicons...
2022-07-19 17:26:55,007 - INFO - Barcodes examined so far: 200000
2022-07-19 17:27:04,947 - INFO - Barcodes examined so far: 400000
2022-07-19 17:27:06,312 - INFO - Examined all barcodes. Summary stats:
  total  too few reads  not alignable  aligned
 458940         155166          30698   273076
2022-07-19 17:27:06,312 - INFO - Writing these stats to results/tile_8/codoncounts/lib2-plasmid-210702_bcstats.csv

2022-07-19 17:27:06,321 - INFO - Writing the counts of each codon identity at each site to results/tile_8/codoncounts/lib2-plasmid-210702_codoncounts.csv

2022-07-19 17:27:06,333 - INFO - Successful completion of dms2_bcsubamp
