2024-11-14 13:54:52,552 - INFO - Beginning execution of dms2_bcsubamp in directory /fh/fast/bloom_j/computational_notebooks/ckikawa/2022/ZIKV_DMS_NS5_EvansLab

2024-11-14 13:54:52,553 - INFO - Progress is being logged to results/tile_8/codoncounts/lib2-Huh-7.5-210702.log
2024-11-14 13:54:52,589 - INFO - Version information:
	Time and date: Thu Nov 14 13:54:52 2024
	Platform: Linux-4.15.0-213-generic-x86_64-with-glibc2.10
	Python version: 3.8.18 | packaged by conda-forge | (default, Dec 23 2023, 17:21:28)  [GCC 12.3.0]
	dms_tools2 version: 2.6.10
	Bio version: 1.79
	pandas version: 0.25.3
	numpy version: 1.19.5
	IPython version: 8.3.0
	jupyter version unknown
	matplotlib version: 3.2.2
	plotnine version: 0.6.0
	natsort version: 8.2.0
	pystan version: 2.19.1.1
	scipy version: 1.10.1
	seaborn version: 0.12.2
	phydmslib version: 2.4.1
	statsmodels version: 0.13.2
	rpy2 cannot be imported
	regex version: 2.5.114
	umi_tools version: 1.1.2

2024-11-14 13:54:52,589 - INFO - Parsed the following arguments:
	outdir = results/tile_8/codoncounts
	ncpus = -1
	use_existing = no
	refseq = data/tile_8_amplicon.fasta
	alignspecs = ['1,345,30,30']
	bclen = 8
	fastqdir = None
	R2 = None
	R1trim = [210]
	R2trim = [210]
	bclen2 = None
	chartype = codon
	maxmuts = 4
	minq = 15
	minreads = 2
	minfraccall = 0.95
	minconcur = 0.75
	sitemask = None
	purgeread = 0.0
	purgebc = 0.0
	bcinfo = True
	bcinfo_csv = True
	name = lib2-Huh-7.5-210702
	R1 = ['/shared/ngs/illumina/bloom_lab/210702_M03100_0691_000000000-JP3WB/Data/Intensities/BaseCalls/Tile-8-Lib-2-Sample_S6_L001_R1_001.fastq.gz']

2024-11-14 13:54:52,599 - INFO - Read refseq of 345 codons from data/tile_8_amplicon.fasta
2024-11-14 13:54:52,602 - INFO - Reads are in these FASTQ pairs:
	/shared/ngs/illumina/bloom_lab/210702_M03100_0691_000000000-JP3WB/Data/Intensities/BaseCalls/Tile-8-Lib-2-Sample_S6_L001_R1_001.fastq.gz and /shared/ngs/illumina/bloom_lab/210702_M03100_0691_000000000-JP3WB/Data/Intensities/BaseCalls/Tile-8-Lib-2-Sample_S6_L001_R2_001.fastq.gz

2024-11-14 13:54:52,602 - INFO - Now parsing read pairs...
2024-11-14 13:54:58,858 - INFO - Reads parsed so far: 500000
2024-11-14 13:55:04,450 - INFO - Reads parsed so far: 1000000
2024-11-14 13:55:09,083 - INFO - Parsed 1398585 reads, found 366326 unique barcodes.
2024-11-14 13:55:09,086 - INFO - Summary stats on reads:
   total  fail filter  low Q barcode
 1398585            0         140461
2024-11-14 13:55:09,086 - INFO - Writing these stats to results/tile_8/codoncounts/lib2-Huh-7.5-210702_readstats.csv

2024-11-14 13:55:09,172 - INFO - Number of reads per barcode:
                 number of barcodes
number of reads                    
1                            115428
2                             44461
3                             49566
4                             47400
5                             39404
6                             28514
7                             18816
8                             10997
9                              6065
10                             2995
11                             1475
12                              668
13                              289
14                              118
15                               48
16                               28
17                               15
18                                4
19                                8
20                                1
25                                1
29                                2
32                                1
39                                1
42                                1
43                                1
44                                1
47                                1
53                                1
59                                1
61                                1
63                                1
68                                2
72                                1
123                               1
171                               1
378                               1
501                               1
662                               1
1480                              1
1499                              1
1548                              1
2325                              1
2371                              1
2024-11-14 13:55:09,172 - INFO - Writing these stats to results/tile_8/codoncounts/lib2-Huh-7.5-210702_readsperbc.csv

2024-11-14 13:55:09,175 - INFO - Examining the 366326 barcodes to build and align subamplicons...
2024-11-14 13:55:22,122 - INFO - Barcodes examined so far: 200000
2024-11-14 13:55:28,770 - INFO - Examined all barcodes. Summary stats:
  total  too few reads  not alignable  aligned
 366326         115428          19660   231238
2024-11-14 13:55:28,770 - INFO - Writing these stats to results/tile_8/codoncounts/lib2-Huh-7.5-210702_bcstats.csv

2024-11-14 13:55:28,784 - INFO - Writing the counts of each codon identity at each site to results/tile_8/codoncounts/lib2-Huh-7.5-210702_codoncounts.csv

2024-11-14 13:55:28,795 - INFO - Successful completion of dms2_bcsubamp
