2022-07-19 17:26:26,514 - INFO - Beginning execution of dms2_bcsubamp in directory /fh/fast/bloom_j/computational_notebooks/ckikawa/2022/ZIKV_DMS_NS5_EvansLab

2022-07-19 17:26:26,514 - INFO - Progress is being logged to results/tile_8/codoncounts/lib3-plasmid-210702.log
2022-07-19 17:26:26,547 - INFO - Version information:
	Time and date: Tue Jul 19 17:26:26 2022
	Platform: Linux-4.15.0-118-generic-x86_64-with-glibc2.10
	Python version: 3.8.13 | packaged by conda-forge | (default, Mar 25 2022, 06:04:10)  [GCC 10.3.0]
	dms_tools2 version: 2.6.10
	Bio version: 1.79
	pandas version: 0.25.3
	numpy version: 1.19.5
	IPython version: 8.3.0
	jupyter version: 1.0.0
	matplotlib version: 3.2.2
	plotnine version: 0.6.0
	natsort version: 8.1.0
	pystan version: 2.19.1.1
	scipy version: 1.5.2
	seaborn version: 0.10.1
	phydmslib version: 2.4.1
	statsmodels version: 0.11.1
	rpy2 cannot be imported
	regex version: 2.5.114
	umi_tools version: 1.1.2

2022-07-19 17:26:26,547 - INFO - Parsed the following arguments:
	outdir = results/tile_8/codoncounts
	ncpus = -1
	use_existing = yes
	refseq = data/tile_8_amplicon.fasta
	alignspecs = ['1,345,30,30']
	bclen = 8
	fastqdir = None
	R2 = None
	R1trim = [210]
	R2trim = [210]
	bclen2 = None
	chartype = codon
	maxmuts = 4
	minq = 15
	minreads = 2
	minfraccall = 0.95
	minconcur = 0.75
	sitemask = None
	purgeread = 0.0
	purgebc = 0.0
	bcinfo = True
	bcinfo_csv = True
	name = lib3-plasmid-210702
	R1 = ['/shared/ngs/illumina/bloom_lab/210702_M03100_0691_000000000-JP3WB/Data/Intensities/BaseCalls/Tile-8-Lib-3-Plasmid_S16_L001_R1_001.fastq.gz']

2022-07-19 17:26:26,661 - INFO - Read refseq of 345 codons from data/tile_8_amplicon.fasta
2022-07-19 17:26:26,713 - INFO - Reads are in these FASTQ pairs:
	/shared/ngs/illumina/bloom_lab/210702_M03100_0691_000000000-JP3WB/Data/Intensities/BaseCalls/Tile-8-Lib-3-Plasmid_S16_L001_R1_001.fastq.gz and /shared/ngs/illumina/bloom_lab/210702_M03100_0691_000000000-JP3WB/Data/Intensities/BaseCalls/Tile-8-Lib-3-Plasmid_S16_L001_R2_001.fastq.gz

2022-07-19 17:26:26,714 - INFO - Now parsing read pairs...
2022-07-19 17:26:33,230 - INFO - Reads parsed so far: 500000
2022-07-19 17:26:38,676 - INFO - Reads parsed so far: 1000000
2022-07-19 17:26:43,455 - INFO - Parsed 1425814 reads, found 518981 unique barcodes.
2022-07-19 17:26:43,458 - INFO - Summary stats on reads:
   total  fail filter  low Q barcode
 1425814            0         144388
2022-07-19 17:26:43,458 - INFO - Writing these stats to results/tile_8/codoncounts/lib3-plasmid-210702_readstats.csv

2022-07-19 17:26:43,578 - INFO - Number of reads per barcode:
                 number of barcodes
number of reads                    
1                            186669
2                            119571
3                             94725
4                             60018
5                             32559
6                             15218
7                              6498
8                              2404
9                               881
10                              280
11                              105
12                               34
13                               13
14                                4
15                                2
2022-07-19 17:26:43,578 - INFO - Writing these stats to results/tile_8/codoncounts/lib3-plasmid-210702_readsperbc.csv

2022-07-19 17:26:43,581 - INFO - Examining the 518981 barcodes to build and align subamplicons...
2022-07-19 17:26:56,267 - INFO - Barcodes examined so far: 200000
2022-07-19 17:27:06,969 - INFO - Barcodes examined so far: 400000
2022-07-19 17:27:10,498 - INFO - Examined all barcodes. Summary stats:
  total  too few reads  not alignable  aligned
 518981         186669          32607   299705
2022-07-19 17:27:10,498 - INFO - Writing these stats to results/tile_8/codoncounts/lib3-plasmid-210702_bcstats.csv

2022-07-19 17:27:10,510 - INFO - Writing the counts of each codon identity at each site to results/tile_8/codoncounts/lib3-plasmid-210702_codoncounts.csv

2022-07-19 17:27:10,523 - INFO - Successful completion of dms2_bcsubamp
