2024-03-11 16:03:38,387 - INFO - Beginning execution of dms2_bcsubamp in directory /fh/fast/bloom_j/computational_notebooks/ckikawa/2022/ZIKV_DMS_NS5_EvansLab

2024-03-11 16:03:38,387 - INFO - Progress is being logged to results/tile_8/codoncounts/lib3-Huh-7.5-210702.log
2024-03-11 16:03:38,433 - INFO - Version information:
	Time and date: Mon Mar 11 16:03:38 2024
	Platform: Linux-4.15.0-213-generic-x86_64-with-glibc2.10
	Python version: 3.8.18 | packaged by conda-forge | (default, Dec 23 2023, 17:21:28)  [GCC 12.3.0]
	dms_tools2 version: 2.6.10
	Bio version: 1.79
	pandas version: 0.25.3
	numpy version: 1.19.5
	IPython version: 8.3.0
	jupyter version unknown
	matplotlib version: 3.2.2
	plotnine version: 0.6.0
	natsort version: 8.2.0
	pystan version: 2.19.1.1
	scipy version: 1.10.1
	seaborn version: 0.12.2
	phydmslib version: 2.4.1
	statsmodels version: 0.13.2
	rpy2 cannot be imported
	regex version: 2.5.114
	umi_tools version: 1.1.2

2024-03-11 16:03:38,433 - INFO - Parsed the following arguments:
	outdir = results/tile_8/codoncounts
	ncpus = -1
	use_existing = no
	refseq = data/tile_8_amplicon.fasta
	alignspecs = ['1,345,30,30']
	bclen = 8
	fastqdir = None
	R2 = None
	R1trim = [210]
	R2trim = [210]
	bclen2 = None
	chartype = codon
	maxmuts = 4
	minq = 15
	minreads = 2
	minfraccall = 0.95
	minconcur = 0.75
	sitemask = None
	purgeread = 0.0
	purgebc = 0.0
	bcinfo = True
	bcinfo_csv = True
	name = lib3-Huh-7.5-210702
	R1 = ['/shared/ngs/illumina/bloom_lab/210702_M03100_0691_000000000-JP3WB/Data/Intensities/BaseCalls/Tile-8-Lib-3-Sample_S7_L001_R1_001.fastq.gz']

2024-03-11 16:03:38,450 - INFO - Read refseq of 345 codons from data/tile_8_amplicon.fasta
2024-03-11 16:03:38,534 - INFO - Reads are in these FASTQ pairs:
	/shared/ngs/illumina/bloom_lab/210702_M03100_0691_000000000-JP3WB/Data/Intensities/BaseCalls/Tile-8-Lib-3-Sample_S7_L001_R1_001.fastq.gz and /shared/ngs/illumina/bloom_lab/210702_M03100_0691_000000000-JP3WB/Data/Intensities/BaseCalls/Tile-8-Lib-3-Sample_S7_L001_R2_001.fastq.gz

2024-03-11 16:03:38,534 - INFO - Now parsing read pairs...
2024-03-11 16:03:45,526 - INFO - Reads parsed so far: 500000
2024-03-11 16:03:51,082 - INFO - Reads parsed so far: 1000000
2024-03-11 16:03:56,620 - INFO - Parsed 1489644 reads, found 397219 unique barcodes.
2024-03-11 16:03:56,625 - INFO - Summary stats on reads:
   total  fail filter  low Q barcode
 1489644            0         159708
2024-03-11 16:03:56,625 - INFO - Writing these stats to results/tile_8/codoncounts/lib3-Huh-7.5-210702_readstats.csv

2024-03-11 16:03:56,725 - INFO - Number of reads per barcode:
                 number of barcodes
number of reads                    
1                            113855
2                             56133
3                             60569
4                             55072
5                             43390
6                             29832
7                             18433
8                             10295
9                              5281
10                             2446
11                             1089
12                              493
13                              189
14                               83
15                               32
16                               14
17                                3
18                                6
19                                1
20                                2
62                                1
2024-03-11 16:03:56,725 - INFO - Writing these stats to results/tile_8/codoncounts/lib3-Huh-7.5-210702_readsperbc.csv

2024-03-11 16:03:56,736 - INFO - Examining the 397219 barcodes to build and align subamplicons...
2024-03-11 16:04:09,767 - INFO - Barcodes examined so far: 200000
2024-03-11 16:04:18,718 - INFO - Examined all barcodes. Summary stats:
  total  too few reads  not alignable  aligned
 397219         113855          22486   260878
2024-03-11 16:04:18,723 - INFO - Writing these stats to results/tile_8/codoncounts/lib3-Huh-7.5-210702_bcstats.csv

2024-03-11 16:04:18,739 - INFO - Writing the counts of each codon identity at each site to results/tile_8/codoncounts/lib3-Huh-7.5-210702_codoncounts.csv

2024-03-11 16:04:18,761 - INFO - Successful completion of dms2_bcsubamp
