2024-11-14 13:54:48,911 - INFO - Beginning execution of dms2_batch_bcsubamp in directory /fh/fast/bloom_j/computational_notebooks/ckikawa/2022/ZIKV_DMS_NS5_EvansLab

2024-11-14 13:54:48,913 - INFO - Progress is being logged to results/tile_8/codoncounts/summary.log
2024-11-14 13:54:48,951 - INFO - Version information:
	Time and date: Thu Nov 14 13:54:48 2024
	Platform: Linux-4.15.0-213-generic-x86_64-with-glibc2.10
	Python version: 3.8.18 | packaged by conda-forge | (default, Dec 23 2023, 17:21:28)  [GCC 12.3.0]
	dms_tools2 version: 2.6.10
	Bio version: 1.79
	pandas version: 0.25.3
	numpy version: 1.19.5
	IPython version: 8.3.0
	jupyter version unknown
	matplotlib version: 3.2.2
	plotnine version: 0.6.0
	natsort version: 8.2.0
	pystan version: 2.19.1.1
	scipy version: 1.10.1
	seaborn version: 0.12.2
	phydmslib version: 2.4.1
	statsmodels version: 0.13.2
	rpy2 cannot be imported
	regex version: 2.5.114
	umi_tools version: 1.1.2

2024-11-14 13:54:48,952 - INFO - Parsed the following arguments:
	outdir = results/tile_8/codoncounts
	ncpus = 16
	use_existing = no
	refseq = data/tile_8_amplicon.fasta
	alignspecs = ['1,345,30,30']
	bclen = 8
	fastqdir = None
	R2 = None
	R1trim = [210]
	R2trim = [210]
	bclen2 = None
	chartype = codon
	maxmuts = 4
	minq = 15
	minreads = 2
	minfraccall = 0.95
	minconcur = 0.75
	sitemask = None
	purgeread = 0
	purgebc = 0
	bcinfo = False
	bcinfo_csv = False
	batchfile = results/tile_8/codoncounts/batch.csv
	summaryprefix = summary

2024-11-14 13:54:48,952 - INFO - Parsing sample info from results/tile_8/codoncounts/batch.csv
2024-11-14 13:54:48,958 - INFO - Read the following sample information:
name,R1
lib1-Huh-7.5-210702,/shared/ngs/illumina/bloom_lab/210702_M03100_0691_000000000-JP3WB/Data/Intensities/BaseCalls/Tile-8-Lib-1-Sample_S5_L001_R1_001.fastq.gz
lib2-Huh-7.5-210702,/shared/ngs/illumina/bloom_lab/210702_M03100_0691_000000000-JP3WB/Data/Intensities/BaseCalls/Tile-8-Lib-2-Sample_S6_L001_R1_001.fastq.gz
wt-plasmid-210702,/shared/ngs/illumina/bloom_lab/210702_M03100_0691_000000000-JP3WB/Data/Intensities/BaseCalls/Tile-8-WT-Plasmid_S10_L001_R1_001.fastq.gz
lib2-plasmid-210702,/shared/ngs/illumina/bloom_lab/210702_M03100_0691_000000000-JP3WB/Data/Intensities/BaseCalls/Tile-8-Lib-2-Plasmid_S15_L001_R1_001.fastq.gz
lib3-Huh-7.5-210702,/shared/ngs/illumina/bloom_lab/210702_M03100_0691_000000000-JP3WB/Data/Intensities/BaseCalls/Tile-8-Lib-3-Sample_S7_L001_R1_001.fastq.gz
lib1-plasmid-210702,/shared/ngs/illumina/bloom_lab/210702_M03100_0691_000000000-JP3WB/Data/Intensities/BaseCalls/Tile-8-Lib-1-Plasmid_S14_L001_R1_001.fastq.gz
lib3-plasmid-210702,/shared/ngs/illumina/bloom_lab/210702_M03100_0691_000000000-JP3WB/Data/Intensities/BaseCalls/Tile-8-Lib-3-Plasmid_S16_L001_R1_001.fastq.gz
wt-Huh-7.5-210702,/shared/ngs/illumina/bloom_lab/210702_M03100_0691_000000000-JP3WB/Data/Intensities/BaseCalls/Tile-8-WT-Sample_S8_L001_R1_001.fastq.gz


2024-11-14 13:54:48,966 - INFO - Running dms2_bcsubamp on all samples using 16 CPUs...
2024-11-14 13:55:37,864 - INFO - Completed runs of dms2_bcsubamp.

2024-11-14 13:55:37,872 - INFO - Plotting read stats to results/tile_8/codoncounts/summary_readstats.pdf
2024-11-14 13:55:38,330 - INFO - Plotting barcode stats to results/tile_8/codoncounts/summary_bcstats.pdf
2024-11-14 13:55:38,615 - INFO - Plotting reads per barcode to results/tile_8/codoncounts/summary_readsperbc.pdf
2024-11-14 13:55:39,546 - INFO - Plotting count depth to results/tile_8/codoncounts/summary_depth.pdf
2024-11-14 13:55:40,337 - INFO - Plotting mutation frequencies to results/tile_8/codoncounts/summary_mutfreq.pdf
2024-11-14 13:55:41,705 - INFO - Plotting average frequencies of codon mutation types to results/tile_8/codoncounts/summary_codonmuttypes.pdf, writing the data to results/tile_8/codoncounts/summary_codonmuttypes.csv
2024-11-14 13:55:42,665 - INFO - Plotting average frequencies of nucleotide changes per codon mutation to results/tile_8/codoncounts/summary_codonntchanges.pdf
2024-11-14 13:55:43,610 - INFO - Plotting frequencies of nucleotide changes in 1-nucleotide mutations to results/tile_8/codoncounts/summary_singlentchanges.pdf
2024-11-14 13:55:44,641 - INFO - Plotting fraction of mutations seen less than some number of times to results/tile_8/codoncounts/summary_cumulmutcounts.pdf
2024-11-14 13:55:46,310 - INFO - Successful completion of dms2_batch_bcsubamp
