2022-05-06 09:33:45,626 - INFO - Beginning execution of dms2_bcsubamp in directory /fh/fast/bloom_j/computational_notebooks/ckikawa/2022/ZIKV_DMS_NS5_EvansLab

2022-05-06 09:33:45,626 - INFO - Progress is being logged to results/tile_8/codoncounts/wt-C6-36-220225.log
2022-05-06 09:33:45,669 - INFO - Version information:
	Time and date: Fri May  6 09:33:45 2022
	Platform: Linux-4.15.0-118-generic-x86_64-with-glibc2.10
	Python version: 3.8.13 | packaged by conda-forge | (default, Mar 25 2022, 06:04:10)  [GCC 10.3.0]
	dms_tools2 version: 2.6.10
	Bio version: 1.79
	pandas version: 0.25.3
	numpy version: 1.19.5
	IPython version: 8.3.0
	jupyter version: 1.0.0
	matplotlib version: 3.2.2
	plotnine version: 0.6.0
	natsort version: 8.1.0
	pystan version: 2.19.1.1
	scipy version: 1.5.2
	seaborn version: 0.10.1
	phydmslib version: 2.4.1
	statsmodels version: 0.11.1
	rpy2 cannot be imported
	regex version: 2.5.114
	umi_tools version: 1.1.2

2022-05-06 09:33:45,669 - INFO - Parsed the following arguments:
	outdir = results/tile_8/codoncounts
	ncpus = -1
	use_existing = yes
	refseq = data/tile_8_amplicon.fasta
	alignspecs = ['1,345,30,30']
	bclen = 8
	fastqdir = None
	R2 = None
	R1trim = [210]
	R2trim = [210]
	bclen2 = None
	chartype = codon
	maxmuts = 4
	minq = 15
	minreads = 2
	minfraccall = 0.95
	minconcur = 0.75
	sitemask = None
	purgeread = 0.0
	purgebc = 0.0
	bcinfo = True
	bcinfo_csv = True
	name = wt-C6-36-220225
	R1 = ['/shared/ngs/illumina/bloom_lab/220225_M04866_0515_000000000-K5JDB/Unaligned/Project_bloom_lab/WT_S4_R1_001.fastq.gz']

2022-05-06 09:33:45,687 - INFO - Read refseq of 345 codons from data/tile_8_amplicon.fasta
2022-05-06 09:33:45,689 - INFO - Reads are in these FASTQ pairs:
	/shared/ngs/illumina/bloom_lab/220225_M04866_0515_000000000-K5JDB/Unaligned/Project_bloom_lab/WT_S4_R1_001.fastq.gz and /shared/ngs/illumina/bloom_lab/220225_M04866_0515_000000000-K5JDB/Unaligned/Project_bloom_lab/WT_S4_R2_001.fastq.gz

2022-05-06 09:33:45,689 - INFO - Now parsing read pairs...
2022-05-06 09:33:51,914 - INFO - Reads parsed so far: 500000
2022-05-06 09:33:58,228 - INFO - Reads parsed so far: 1000000
2022-05-06 09:34:03,963 - INFO - Reads parsed so far: 1500000
2022-05-06 09:34:09,857 - INFO - Reads parsed so far: 2000000
2022-05-06 09:34:15,987 - INFO - Reads parsed so far: 2500000
2022-05-06 09:34:22,389 - INFO - Reads parsed so far: 3000000
2022-05-06 09:34:27,597 - INFO - Reads parsed so far: 3500000
2022-05-06 09:34:32,785 - INFO - Reads parsed so far: 4000000
2022-05-06 09:34:39,545 - INFO - Reads parsed so far: 4500000
2022-05-06 09:34:44,752 - INFO - Reads parsed so far: 5000000
2022-05-06 09:34:46,868 - INFO - Parsed 5202134 reads, found 2399333 unique barcodes.
2022-05-06 09:34:46,871 - INFO - Summary stats on reads:
   total  fail filter  low Q barcode
 5202134       586694         568734
2022-05-06 09:34:46,871 - INFO - Writing these stats to results/tile_8/codoncounts/wt-C6-36-220225_readstats.csv

2022-05-06 09:34:47,432 - INFO - Number of reads per barcode:
                 number of barcodes
number of reads                    
1                           1350784
2                            639732
3                            273018
4                             96021
5                             29159
6                              7969
7                              1966
8                               470
9                               136
10                               33
11                               13
12                               15
13                                3
14                                2
16                                3
17                                3
18                                1
21                                2
24                                1
27                                1
35                                1
2022-05-06 09:34:47,432 - INFO - Writing these stats to results/tile_8/codoncounts/wt-C6-36-220225_readsperbc.csv

2022-05-06 09:34:47,435 - INFO - Examining the 2399333 barcodes to build and align subamplicons...
2022-05-06 09:34:52,157 - INFO - Barcodes examined so far: 200000
2022-05-06 09:34:56,753 - INFO - Barcodes examined so far: 400000
2022-05-06 09:35:01,245 - INFO - Barcodes examined so far: 600000
2022-05-06 09:35:05,592 - INFO - Barcodes examined so far: 800000
2022-05-06 09:35:09,724 - INFO - Barcodes examined so far: 1000000
2022-05-06 09:35:13,704 - INFO - Barcodes examined so far: 1200000
2022-05-06 09:35:17,462 - INFO - Barcodes examined so far: 1400000
2022-05-06 09:35:20,984 - INFO - Barcodes examined so far: 1600000
2022-05-06 09:35:24,218 - INFO - Barcodes examined so far: 1800000
2022-05-06 09:35:27,139 - INFO - Barcodes examined so far: 2000000
2022-05-06 09:35:29,663 - INFO - Barcodes examined so far: 2200000
2022-05-06 09:35:31,697 - INFO - Examined all barcodes. Summary stats:
   total  too few reads  not alignable  aligned
 2399333        1350784         930247   118302
2022-05-06 09:35:31,697 - INFO - Writing these stats to results/tile_8/codoncounts/wt-C6-36-220225_bcstats.csv

2022-05-06 09:35:31,712 - INFO - Writing the counts of each codon identity at each site to results/tile_8/codoncounts/wt-C6-36-220225_codoncounts.csv

2022-05-06 09:35:31,722 - INFO - Successful completion of dms2_bcsubamp
