2024-11-14 13:54:52,652 - INFO - Beginning execution of dms2_bcsubamp in directory /fh/fast/bloom_j/computational_notebooks/ckikawa/2022/ZIKV_DMS_NS5_EvansLab

2024-11-14 13:54:52,654 - INFO - Progress is being logged to results/tile_8/codoncounts/wt-Huh-7.5-210702.log
2024-11-14 13:54:52,691 - INFO - Version information:
	Time and date: Thu Nov 14 13:54:52 2024
	Platform: Linux-4.15.0-213-generic-x86_64-with-glibc2.10
	Python version: 3.8.18 | packaged by conda-forge | (default, Dec 23 2023, 17:21:28)  [GCC 12.3.0]
	dms_tools2 version: 2.6.10
	Bio version: 1.79
	pandas version: 0.25.3
	numpy version: 1.19.5
	IPython version: 8.3.0
	jupyter version unknown
	matplotlib version: 3.2.2
	plotnine version: 0.6.0
	natsort version: 8.2.0
	pystan version: 2.19.1.1
	scipy version: 1.10.1
	seaborn version: 0.12.2
	phydmslib version: 2.4.1
	statsmodels version: 0.13.2
	rpy2 cannot be imported
	regex version: 2.5.114
	umi_tools version: 1.1.2

2024-11-14 13:54:52,691 - INFO - Parsed the following arguments:
	outdir = results/tile_8/codoncounts
	ncpus = -1
	use_existing = no
	refseq = data/tile_8_amplicon.fasta
	alignspecs = ['1,345,30,30']
	bclen = 8
	fastqdir = None
	R2 = None
	R1trim = [210]
	R2trim = [210]
	bclen2 = None
	chartype = codon
	maxmuts = 4
	minq = 15
	minreads = 2
	minfraccall = 0.95
	minconcur = 0.75
	sitemask = None
	purgeread = 0.0
	purgebc = 0.0
	bcinfo = True
	bcinfo_csv = True
	name = wt-Huh-7.5-210702
	R1 = ['/shared/ngs/illumina/bloom_lab/210702_M03100_0691_000000000-JP3WB/Data/Intensities/BaseCalls/Tile-8-WT-Sample_S8_L001_R1_001.fastq.gz']

2024-11-14 13:54:52,702 - INFO - Read refseq of 345 codons from data/tile_8_amplicon.fasta
2024-11-14 13:54:52,704 - INFO - Reads are in these FASTQ pairs:
	/shared/ngs/illumina/bloom_lab/210702_M03100_0691_000000000-JP3WB/Data/Intensities/BaseCalls/Tile-8-WT-Sample_S8_L001_R1_001.fastq.gz and /shared/ngs/illumina/bloom_lab/210702_M03100_0691_000000000-JP3WB/Data/Intensities/BaseCalls/Tile-8-WT-Sample_S8_L001_R2_001.fastq.gz

2024-11-14 13:54:52,704 - INFO - Now parsing read pairs...
2024-11-14 13:54:59,061 - INFO - Reads parsed so far: 500000
2024-11-14 13:55:04,538 - INFO - Reads parsed so far: 1000000
2024-11-14 13:55:10,148 - INFO - Reads parsed so far: 1500000
2024-11-14 13:55:10,303 - INFO - Parsed 1515536 reads, found 520178 unique barcodes.
2024-11-14 13:55:10,306 - INFO - Summary stats on reads:
   total  fail filter  low Q barcode
 1515536            0         155185
2024-11-14 13:55:10,306 - INFO - Writing these stats to results/tile_8/codoncounts/wt-Huh-7.5-210702_readstats.csv

2024-11-14 13:55:10,430 - INFO - Number of reads per barcode:
                 number of barcodes
number of reads                    
1                            177412
2                            111814
3                             93978
4                             65325
5                             37907
6                             19252
7                              8867
8                              3601
9                              1337
10                              452
11                              136
12                               64
13                               17
14                               10
16                                1
17                                1
23                                1
135                               1
272                               1
512                               1
2024-11-14 13:55:10,430 - INFO - Writing these stats to results/tile_8/codoncounts/wt-Huh-7.5-210702_readsperbc.csv

2024-11-14 13:55:10,433 - INFO - Examining the 520178 barcodes to build and align subamplicons...
2024-11-14 13:55:22,558 - INFO - Barcodes examined so far: 200000
2024-11-14 13:55:33,121 - INFO - Barcodes examined so far: 400000
2024-11-14 13:55:36,596 - INFO - Examined all barcodes. Summary stats:
  total  too few reads  not alignable  aligned
 520178         177412          29593   313173
2024-11-14 13:55:36,597 - INFO - Writing these stats to results/tile_8/codoncounts/wt-Huh-7.5-210702_bcstats.csv

2024-11-14 13:55:36,609 - INFO - Writing the counts of each codon identity at each site to results/tile_8/codoncounts/wt-Huh-7.5-210702_codoncounts.csv

2024-11-14 13:55:36,620 - INFO - Successful completion of dms2_bcsubamp
