2022-07-19 17:32:10,631 - INFO - Beginning execution of dms2_prefs in directory /fh/fast/bloom_j/computational_notebooks/ckikawa/2022/ZIKV_DMS_NS5_EvansLab

2022-07-19 17:32:10,631 - INFO - Progress is being logged to results/tile_8/prefs_with_stop/lib1-C6-36-multi.log
2022-07-19 17:32:10,662 - INFO - Version information:
	Time and date: Tue Jul 19 17:32:10 2022
	Platform: Linux-4.15.0-118-generic-x86_64-with-glibc2.10
	Python version: 3.8.13 | packaged by conda-forge | (default, Mar 25 2022, 06:04:10)  [GCC 10.3.0]
	dms_tools2 version: 2.6.10
	Bio version: 1.79
	pandas version: 0.25.3
	numpy version: 1.19.5
	IPython version: 8.3.0
	jupyter version: 1.0.0
	matplotlib version: 3.2.2
	plotnine version: 0.6.0
	natsort version: 8.1.0
	pystan version: 2.19.1.1
	scipy version: 1.5.2
	seaborn version: 0.10.1
	phydmslib version: 2.4.1
	statsmodels version: 0.11.1
	rpy2 cannot be imported
	regex version: 2.5.114
	umi_tools version: 1.1.2

2022-07-19 17:32:10,662 - INFO - Parsed the following arguments:
	outdir = results/tile_8/prefs_with_stop
	ncpus = 6
	use_existing = no
	method = ratio
	indir = results/tile_8/renumbered_codoncounts
	chartype = codon_to_aa
	excludestop = no
	conc = [1.0, 1.0, 1.0]
	pseudocount = 1
	pre = lib1-plasmid-210702
	post = lib1-C6-36-multi
	name = lib1-C6-36-multi
	err = ['wt-plasmid-210702', 'wt-C6-36-multi']

2022-07-19 17:32:10,670 - INFO - Reading pre-selection counts from results/tile_8/renumbered_codoncounts/lib1-plasmid-210702_codoncounts.csv
2022-07-19 17:32:10,677 - INFO - Reading post-selection counts from results/tile_8/renumbered_codoncounts/lib1-C6-36-multi_codoncounts.csv
2022-07-19 17:32:10,683 - INFO - Reading pre-selection error-control counts from pre
2022-07-19 17:32:10,688 - INFO - Reading post-selection error-control counts from post
2022-07-19 17:32:10,699 - INFO - Read counts for 115 sites.
2022-07-19 17:32:10,699 - INFO - Here are sites and wildtype identities:
	790	GTA
	791	CCA
	792	ACT
	793	GGG
	794	AGA
	795	ACC
	796	ACC
	797	TGG
	798	TCA
	799	ATC
	800	CAT
	801	GGA
	802	AAG
	803	GGA
	804	GAA
	805	TGG
	806	ATG
	807	ACC
	808	ACT
	809	GAG
	810	GAC
	811	ATG
	812	CTC
	813	ATG
	814	GTG
	815	TGG
	816	AAT
	817	AGA
	818	GTG
	819	TGG
	820	ATT
	821	GAG
	822	GAG
	823	AAC
	824	GAC
	825	CAT
	826	ATG
	827	GAG
	828	GAC
	829	AAG
	830	ACT
	831	CCT
	832	GTA
	833	ACA
	834	AAA
	835	TGG
	836	ACA
	837	GAC
	838	ATT
	839	CCC
	840	TAT
	841	CTA
	842	GGA
	843	AAA
	844	AGG
	845	GAG
	846	GAC
	847	TTA
	848	TGG
	849	TGT
	850	GGA
	851	TCC
	852	CTT
	853	ATA
	854	GGG
	855	CAC
	856	AGA
	857	CCC
	858	CGC
	859	ACC
	860	ACT
	861	TGG
	862	GCT
	863	GAA
	864	AAC
	865	ATC
	866	AAA
	867	GAC
	868	ACA
	869	GTC
	870	AAC
	871	ATG
	872	GTG
	873	CGC
	874	AGG
	875	ATC
	876	ATA
	877	GGT
	878	GAT
	879	GAA
	880	GAA
	881	AAG
	882	TAC
	883	ATG
	884	GAC
	885	TAT
	886	CTA
	887	TCC
	888	ACC
	889	CAA
	890	GTC
	891	CGC
	892	TAC
	893	TTG
	894	GGT
	895	GAG
	896	GAA
	897	GGG
	898	TCC
	899	ACA
	900	CCC
	901	GGA
	902	GTG
	903	TTG
	904	TAA

2022-07-19 17:32:10,699 - INFO - Computing preferences as normalized enrichment ratios...
2022-07-19 17:32:11,033 - INFO - Writing preferences to results/tile_8/prefs_with_stop/lib1-C6-36-multi_prefs.csv
2022-07-19 17:32:11,040 - INFO - Successful completion of dms2_prefs
