2022-07-19 17:32:06,909 - INFO - Beginning execution of dms2_batch_prefs in directory /fh/fast/bloom_j/computational_notebooks/ckikawa/2022/ZIKV_DMS_NS5_EvansLab

2022-07-19 17:32:06,909 - INFO - Progress is being logged to results/tile_8/prefs_with_stop/summary.log
2022-07-19 17:32:06,948 - INFO - Version information:
	Time and date: Tue Jul 19 17:32:06 2022
	Platform: Linux-4.15.0-118-generic-x86_64-with-glibc2.10
	Python version: 3.8.13 | packaged by conda-forge | (default, Mar 25 2022, 06:04:10)  [GCC 10.3.0]
	dms_tools2 version: 2.6.10
	Bio version: 1.79
	pandas version: 0.25.3
	numpy version: 1.19.5
	IPython version: 8.3.0
	jupyter version: 1.0.0
	matplotlib version: 3.2.2
	plotnine version: 0.6.0
	natsort version: 8.1.0
	pystan version: 2.19.1.1
	scipy version: 1.5.2
	seaborn version: 0.10.1
	phydmslib version: 2.4.1
	statsmodels version: 0.11.1
	rpy2 cannot be imported
	regex version: 2.5.114
	umi_tools version: 1.1.2

2022-07-19 17:32:06,948 - INFO - Parsed the following arguments:
	outdir = results/tile_8/prefs_with_stop
	ncpus = 72
	use_existing = no
	method = ratio
	indir = results/tile_8/renumbered_codoncounts
	chartype = codon_to_aa
	excludestop = no
	conc = [1, 1, 1]
	pseudocount = 1
	batchfile = results/tile_8/prefs/batch.csv
	summaryprefix = summary
	no_corr = False
	no_avg = False

2022-07-19 17:32:07,026 - INFO - Parsing info from results/tile_8/prefs/batch.csv
2022-07-19 17:32:07,038 - INFO - Read the following sample information:
name,selection,library,pre,post,date,errpre,errpost
lib1-Huh-7.5-210702,Huh-7.5,lib1,lib1-plasmid-210702,lib1-Huh-7.5-210702,210702,wt-plasmid-210702,wt-Huh-7.5-210702
lib2-Huh-7.5-210702,Huh-7.5,lib2,lib2-plasmid-210702,lib2-Huh-7.5-210702,210702,wt-plasmid-210702,wt-Huh-7.5-210702
lib3-Huh-7.5-210702,Huh-7.5,lib3,lib3-plasmid-210702,lib3-Huh-7.5-210702,210702,wt-plasmid-210702,wt-Huh-7.5-210702
lib1-C6-36-multi,C6-36,lib1,lib1-plasmid-210702,lib1-C6-36-multi,multi,wt-plasmid-210702,wt-C6-36-multi
lib2-C6-36-multi,C6-36,lib2,lib2-plasmid-210702,lib2-C6-36-multi,multi,wt-plasmid-210702,wt-C6-36-multi
lib3-C6-36-multi,C6-36,lib3,lib3-plasmid-210702,lib3-C6-36-multi,multi,wt-plasmid-210702,wt-C6-36-multi


2022-07-19 17:32:07,038 - INFO - Running dms2_prefs on all samples...
2022-07-19 17:32:11,435 - INFO - Completed runs of dms2_prefs.

2022-07-19 17:32:11,443 - INFO - Plotting correlations to results/tile_8/prefs_with_stop/summary_prefscorr.pdf

2022-07-19 17:32:13,776 - INFO - Writing average preferences to results/tile_8/prefs_with_stop/summary_avgprefs.csv

2022-07-19 17:32:13,806 - INFO - Successful completion of dms2_batch_prefs
