2024-03-11 16:38:22,234 - INFO - Beginning execution of dms2_prefs in directory /fh/fast/bloom_j/computational_notebooks/ckikawa/2022/ZIKV_DMS_NS5_EvansLab

2024-03-11 16:38:22,234 - INFO - Progress is being logged to results/tile_6/prefs_with_stop/lib3-Huh-7.5-210921.log
2024-03-11 16:38:22,271 - INFO - Version information:
	Time and date: Mon Mar 11 16:38:22 2024
	Platform: Linux-4.15.0-213-generic-x86_64-with-glibc2.10
	Python version: 3.8.18 | packaged by conda-forge | (default, Dec 23 2023, 17:21:28)  [GCC 12.3.0]
	dms_tools2 version: 2.6.10
	Bio version: 1.79
	pandas version: 0.25.3
	numpy version: 1.19.5
	IPython version: 8.3.0
	jupyter version unknown
	matplotlib version: 3.2.2
	plotnine version: 0.6.0
	natsort version: 8.2.0
	pystan version: 2.19.1.1
	scipy version: 1.10.1
	seaborn version: 0.12.2
	phydmslib version: 2.4.1
	statsmodels version: 0.13.2
	rpy2 cannot be imported
	regex version: 2.5.114
	umi_tools version: 1.1.2

2024-03-11 16:38:22,271 - INFO - Parsed the following arguments:
	outdir = results/tile_6/prefs_with_stop
	ncpus = 6
	use_existing = no
	method = ratio
	indir = results/tile_6/renumbered_codoncounts
	chartype = codon_to_aa
	excludestop = no
	conc = [1.0, 1.0, 1.0]
	pseudocount = 1
	pre = lib3-plasmid-210921
	post = lib3-Huh-7.5-210921
	name = lib3-Huh-7.5-210921
	err = ['wt-plasmid-210921', 'wt-Huh-7.5-210921']

2024-03-11 16:38:22,274 - INFO - Reading pre-selection counts from results/tile_6/renumbered_codoncounts/lib3-plasmid-210921_codoncounts.csv
2024-03-11 16:38:22,280 - INFO - Reading post-selection counts from results/tile_6/renumbered_codoncounts/lib3-Huh-7.5-210921_codoncounts.csv
2024-03-11 16:38:22,286 - INFO - Reading pre-selection error-control counts from pre
2024-03-11 16:38:22,291 - INFO - Reading post-selection error-control counts from post
2024-03-11 16:38:22,303 - INFO - Read counts for 113 sites.
2024-03-11 16:38:22,303 - INFO - Here are sites and wildtype identities:
	564	ACT
	565	CTG
	566	GCG
	567	TTG
	568	GCC
	569	GTG
	570	ATT
	571	AAA
	572	TAC
	573	ACA
	574	TAC
	575	CAA
	576	AAC
	577	AAA
	578	GTG
	579	GTG
	580	AAG
	581	GTT
	582	CTC
	583	AGA
	584	CCA
	585	GCT
	586	GAA
	587	GGA
	588	GGA
	589	AAA
	590	ACA
	591	GTT
	592	ATG
	593	GAC
	594	ATC
	595	ATT
	596	TCA
	597	AGA
	598	CAA
	599	GAC
	600	CAG
	601	AGA
	602	GGG
	603	AGT
	604	GGA
	605	CAA
	606	GTT
	607	GTC
	608	ACT
	609	TAT
	610	GCT
	611	CTC
	612	AAC
	613	ACA
	614	TTC
	615	ACC
	616	AAC
	617	TTG
	618	GTG
	619	GTG
	620	CAG
	621	CTT
	622	ATC
	623	CGG
	624	AAC
	625	ATG
	626	GAA
	627	GCT
	628	GAG
	629	GAA
	630	GTG
	631	TTA
	632	GAG
	633	ATG
	634	CAA
	635	GAC
	636	TTA
	637	TGG
	638	TTG
	639	TTG
	640	AGG
	641	AAG
	642	CCA
	643	GAG
	644	AAA
	645	GTG
	646	ACC
	647	AGA
	648	TGG
	649	TTG
	650	CAG
	651	AGC
	652	AAT
	653	GGA
	654	TGG
	655	GAT
	656	AGA
	657	CTC
	658	AAA
	659	CGA
	660	ATG
	661	GCG
	662	GTC
	663	AGT
	664	GGA
	665	GAT
	666	GAC
	667	TGC
	668	GTT
	669	GTG
	670	AAG
	671	CCA
	672	ATC
	673	GAT
	674	GAT
	675	AGG
	676	TTT

2024-03-11 16:38:22,303 - INFO - Computing preferences as normalized enrichment ratios...
2024-03-11 16:38:22,637 - INFO - Writing preferences to results/tile_6/prefs_with_stop/lib3-Huh-7.5-210921_prefs.csv
2024-03-11 16:38:22,644 - INFO - Successful completion of dms2_prefs
