2024-03-11 16:58:18,464 - INFO - Beginning execution of dms2_prefs in directory /fh/fast/bloom_j/computational_notebooks/ckikawa/2022/ZIKV_DMS_NS5_EvansLab

2024-03-11 16:58:18,464 - INFO - Progress is being logged to results/tile_3/prefs_with_stop/lib1-C6-36-multi.log
2024-03-11 16:58:18,501 - INFO - Version information:
	Time and date: Mon Mar 11 16:58:18 2024
	Platform: Linux-4.15.0-213-generic-x86_64-with-glibc2.10
	Python version: 3.8.18 | packaged by conda-forge | (default, Dec 23 2023, 17:21:28)  [GCC 12.3.0]
	dms_tools2 version: 2.6.10
	Bio version: 1.79
	pandas version: 0.25.3
	numpy version: 1.19.5
	IPython version: 8.3.0
	jupyter version unknown
	matplotlib version: 3.2.2
	plotnine version: 0.6.0
	natsort version: 8.2.0
	pystan version: 2.19.1.1
	scipy version: 1.10.1
	seaborn version: 0.12.2
	phydmslib version: 2.4.1
	statsmodels version: 0.13.2
	rpy2 cannot be imported
	regex version: 2.5.114
	umi_tools version: 1.1.2

2024-03-11 16:58:18,501 - INFO - Parsed the following arguments:
	outdir = results/tile_3/prefs_with_stop
	ncpus = 6
	use_existing = no
	method = ratio
	indir = results/tile_3/renumbered_codoncounts
	chartype = codon_to_aa
	excludestop = no
	conc = [1.0, 1.0, 1.0]
	pseudocount = 1
	pre = lib1-plasmid-210921
	post = lib1-C6-36-multi
	name = lib1-C6-36-multi
	err = ['wt-plasmid-210921', 'wt-C6-36-multi']

2024-03-11 16:58:18,503 - INFO - Reading pre-selection counts from results/tile_3/renumbered_codoncounts/lib1-plasmid-210921_codoncounts.csv
2024-03-11 16:58:18,509 - INFO - Reading post-selection counts from results/tile_3/renumbered_codoncounts/lib1-C6-36-multi_codoncounts.csv
2024-03-11 16:58:18,515 - INFO - Reading pre-selection error-control counts from pre
2024-03-11 16:58:18,520 - INFO - Reading post-selection error-control counts from post
2024-03-11 16:58:18,531 - INFO - Read counts for 113 sites.
2024-03-11 16:58:18,531 - INFO - Here are sites and wildtype identities:
	225	GCA
	226	AAG
	227	AGC
	228	AAC
	229	ATC
	230	ATA
	231	AAA
	232	AGT
	233	GTG
	234	TCC
	235	ACC
	236	ACA
	237	AGT
	238	CAG
	239	CTC
	240	CTC
	241	CTG
	242	GGA
	243	CGC
	244	ATG
	245	GAT
	246	GGC
	247	CCC
	248	AGG
	249	AGG
	250	CCA
	251	GTG
	252	AAA
	253	TAT
	254	GAG
	255	GAG
	256	GAT
	257	GTG
	258	AAC
	259	CTC
	260	GGC
	261	TCG
	262	GGT
	263	ACA
	264	CGA
	265	GCT
	266	GTG
	267	GCA
	268	AGC
	269	TGT
	270	GCT
	271	GAG
	272	GCT
	273	CCT
	274	AAC
	275	ATG
	276	AAA
	277	ATC
	278	ATC
	279	GGC
	280	AGG
	281	CGC
	282	ATT
	283	GAG
	284	AGA
	285	ATC
	286	CGC
	287	AAT
	288	GAA
	289	CAT
	290	GCA
	291	GAA
	292	ACA
	293	TGG
	294	TTT
	295	CTT
	296	GAT
	297	GAA
	298	AAC
	299	CAC
	300	CCA
	301	TAC
	302	AGG
	303	ACA
	304	TGG
	305	GCC
	306	TAC
	307	CAT
	308	GGG
	309	AGC
	310	TAC
	311	GAA
	312	GCC
	313	CCC
	314	ACG
	315	CAA
	316	GGA
	317	TCA
	318	GCG
	319	TCT
	320	TCC
	321	CTC
	322	GTG
	323	AAC
	324	GGG
	325	GTT
	326	GTT
	327	AGA
	328	CTC
	329	CTG
	330	TCA
	331	AAG
	332	CCT
	333	TGG
	334	GAC
	335	GTG
	336	GTG
	337	ACT

2024-03-11 16:58:18,531 - INFO - Computing preferences as normalized enrichment ratios...
2024-03-11 16:58:18,867 - INFO - Writing preferences to results/tile_3/prefs_with_stop/lib1-C6-36-multi_prefs.csv
2024-03-11 16:58:18,874 - INFO - Successful completion of dms2_prefs
